<?xml version="1.0" encoding="UTF-8"?>
<testsuites>
	<testsuite tests="14" errors="0" failures="14" time="0.023" timestamp="2016-05-13T00:51:48">
		<testcase classname="Tic Tac Toe Functionality" name="#attachListeners should attach event listeners which call your turn function when someone clicks on a square" time="0.005">
			<failure type="" message="ReferenceError: Strict mode forbids implicit creation of global property &amp;apos;turn&amp;apos; in file:///Users/rachelk/Dropbox/Development/Rails-JS/js-tictactoe-rails-api-v-000/spec/tictactoe.spec.js (line 5)">
	at file:///Users/rachelk/Dropbox/Development/Rails-JS/js-tictactoe-rails-api-v-000/spec/tictactoe.spec.js:5:11
	at attemptSync (file:///Users/rachelk/.rvm/gems/ruby-2.2.1/gems/learn-test-1.2.25/lib/learn_test/jasmine/jasmine.js:1510:16)
	at run (file:///Users/rachelk/.rvm/gems/ruby-2.2.1/gems/learn-test-1.2.25/lib/learn_test/jasmine/jasmine.js:1498:20)
	at execute (file:///Users/rachelk/.rvm/gems/ruby-2.2.1/gems/learn-test-1.2.25/lib/learn_test/jasmine/jasmine.js:1485:13)
	at queueRunnerFactory (file:///Users/rachelk/.rvm/gems/ruby-2.2.1/gems/learn-test-1.2.25/lib/learn_test/jasmine/jasmine.js:518:42)
	at execute (file:///Users/rachelk/.rvm/gems/ruby-2.2.1/gems/learn-test-1.2.25/lib/learn_test/jasmine/jasmine.js:306:28)
	at file:///Users/rachelk/.rvm/gems/ruby-2.2.1/gems/learn-test-1.2.25/lib/learn_test/jasmine/jasmine.js:1708:44
	at attemptAsync (file:///Users/rachelk/.rvm/gems/ruby-2.2.1/gems/learn-test-1.2.25/lib/learn_test/jasmine/jasmine.js:1520:16)
	at run (file:///Users/rachelk/.rvm/gems/ruby-2.2.1/gems/learn-test-1.2.25/lib/learn_test/jasmine/jasmine.js:1496:28)
	at execute (file:///Users/rachelk/.rvm/gems/ruby-2.2.1/gems/learn-test-1.2.25/lib/learn_test/jasmine/jasmine.js:1485:13)
	at queueRunnerFactory (file:///Users/rachelk/.rvm/gems/ruby-2.2.1/gems/learn-test-1.2.25/lib/learn_test/jasmine/jasmine.js:518:42)
	at execute (file:///Users/rachelk/.rvm/gems/ruby-2.2.1/gems/learn-test-1.2.25/lib/learn_test/jasmine/jasmine.js:1694:21)
	at file:///Users/rachelk/.rvm/gems/ruby-2.2.1/gems/learn-test-1.2.25/lib/learn_test/jasmine/jasmine.js:1708:44
	at attemptAsync (file:///Users/rachelk/.rvm/gems/ruby-2.2.1/gems/learn-test-1.2.25/lib/learn_test/jasmine/jasmine.js:1520:16)
	at run (file:///Users/rachelk/.rvm/gems/ruby-2.2.1/gems/learn-test-1.2.25/lib/learn_test/jasmine/jasmine.js:1496:28)
	at execute (file:///Users/rachelk/.rvm/gems/ruby-2.2.1/gems/learn-test-1.2.25/lib/learn_test/jasmine/jasmine.js:1485:13)
	at queueRunnerFactory (file:///Users/rachelk/.rvm/gems/ruby-2.2.1/gems/learn-test-1.2.25/lib/learn_test/jasmine/jasmine.js:518:42)
	at execute (file:///Users/rachelk/.rvm/gems/ruby-2.2.1/gems/learn-test-1.2.25/lib/learn_test/jasmine/jasmine.js:1694:21)
	at file:///Users/rachelk/.rvm/gems/ruby-2.2.1/gems/learn-test-1.2.25/lib/learn_test/jasmine/jasmine.js:1708:44
	at attemptAsync (file:///Users/rachelk/.rvm/gems/ruby-2.2.1/gems/learn-test-1.2.25/lib/learn_test/jasmine/jasmine.js:1520:16)
	at run (file:///Users/rachelk/.rvm/gems/ruby-2.2.1/gems/learn-test-1.2.25/lib/learn_test/jasmine/jasmine.js:1496:28)
	at execute (file:///Users/rachelk/.rvm/gems/ruby-2.2.1/gems/learn-test-1.2.25/lib/learn_test/jasmine/jasmine.js:1485:13)
	at queueRunnerFactory (file:///Users/rachelk/.rvm/gems/ruby-2.2.1/gems/learn-test-1.2.25/lib/learn_test/jasmine/jasmine.js:518:42)
	at execute (file:///Users/rachelk/.rvm/gems/ruby-2.2.1/gems/learn-test-1.2.25/lib/learn_test/jasmine/jasmine.js:1694:21)
	at file:///Users/rachelk/.rvm/gems/ruby-2.2.1/gems/learn-test-1.2.25/lib/learn_test/jasmine/jasmine.js:541:83
	at attemptAsync (file:///Users/rachelk/.rvm/gems/ruby-2.2.1/gems/learn-test-1.2.25/lib/learn_test/jasmine/jasmine.js:1520:16)
	at run (file:///Users/rachelk/.rvm/gems/ruby-2.2.1/gems/learn-test-1.2.25/lib/learn_test/jasmine/jasmine.js:1496:28)
	at execute (file:///Users/rachelk/.rvm/gems/ruby-2.2.1/gems/learn-test-1.2.25/lib/learn_test/jasmine/jasmine.js:1485:13)
	at queueRunnerFactory (file:///Users/rachelk/.rvm/gems/ruby-2.2.1/gems/learn-test-1.2.25/lib/learn_test/jasmine/jasmine.js:518:42)
	at execute (file:///Users/rachelk/.rvm/gems/ruby-2.2.1/gems/learn-test-1.2.25/lib/learn_test/jasmine/jasmine.js:548:25)
	at onload (file:///Users/rachelk/.rvm/gems/ruby-2.2.1/gems/learn-test-1.2.25/lib/learn_test/jasmine/boot.js:172:16)			</failure>
			<failure type="" message="ReferenceError: Can&amp;apos;t find variable: attachListeners in file:///Users/rachelk/Dropbox/Development/Rails-JS/js-tictactoe-rails-api-v-000/spec/tictactoe.spec.js (line 11)">
	at file:///Users/rachelk/Dropbox/Development/Rails-JS/js-tictactoe-rails-api-v-000/spec/tictactoe.spec.js:11:22
	at attemptSync (file:///Users/rachelk/.rvm/gems/ruby-2.2.1/gems/learn-test-1.2.25/lib/learn_test/jasmine/jasmine.js:1510:16)
	at run (file:///Users/rachelk/.rvm/gems/ruby-2.2.1/gems/learn-test-1.2.25/lib/learn_test/jasmine/jasmine.js:1498:20)
	at execute (file:///Users/rachelk/.rvm/gems/ruby-2.2.1/gems/learn-test-1.2.25/lib/learn_test/jasmine/jasmine.js:1485:13)
	at queueRunnerFactory (file:///Users/rachelk/.rvm/gems/ruby-2.2.1/gems/learn-test-1.2.25/lib/learn_test/jasmine/jasmine.js:518:42)
	at execute (file:///Users/rachelk/.rvm/gems/ruby-2.2.1/gems/learn-test-1.2.25/lib/learn_test/jasmine/jasmine.js:306:28)
	at file:///Users/rachelk/.rvm/gems/ruby-2.2.1/gems/learn-test-1.2.25/lib/learn_test/jasmine/jasmine.js:1708:44
	at attemptAsync (file:///Users/rachelk/.rvm/gems/ruby-2.2.1/gems/learn-test-1.2.25/lib/learn_test/jasmine/jasmine.js:1520:16)
	at run (file:///Users/rachelk/.rvm/gems/ruby-2.2.1/gems/learn-test-1.2.25/lib/learn_test/jasmine/jasmine.js:1496:28)
	at execute (file:///Users/rachelk/.rvm/gems/ruby-2.2.1/gems/learn-test-1.2.25/lib/learn_test/jasmine/jasmine.js:1485:13)
	at queueRunnerFactory (file:///Users/rachelk/.rvm/gems/ruby-2.2.1/gems/learn-test-1.2.25/lib/learn_test/jasmine/jasmine.js:518:42)
	at execute (file:///Users/rachelk/.rvm/gems/ruby-2.2.1/gems/learn-test-1.2.25/lib/learn_test/jasmine/jasmine.js:1694:21)
	at file:///Users/rachelk/.rvm/gems/ruby-2.2.1/gems/learn-test-1.2.25/lib/learn_test/jasmine/jasmine.js:1708:44
	at attemptAsync (file:///Users/rachelk/.rvm/gems/ruby-2.2.1/gems/learn-test-1.2.25/lib/learn_test/jasmine/jasmine.js:1520:16)
	at run (file:///Users/rachelk/.rvm/gems/ruby-2.2.1/gems/learn-test-1.2.25/lib/learn_test/jasmine/jasmine.js:1496:28)
	at execute (file:///Users/rachelk/.rvm/gems/ruby-2.2.1/gems/learn-test-1.2.25/lib/learn_test/jasmine/jasmine.js:1485:13)
	at queueRunnerFactory (file:///Users/rachelk/.rvm/gems/ruby-2.2.1/gems/learn-test-1.2.25/lib/learn_test/jasmine/jasmine.js:518:42)
	at execute (file:///Users/rachelk/.rvm/gems/ruby-2.2.1/gems/learn-test-1.2.25/lib/learn_test/jasmine/jasmine.js:1694:21)
	at file:///Users/rachelk/.rvm/gems/ruby-2.2.1/gems/learn-test-1.2.25/lib/learn_test/jasmine/jasmine.js:1708:44
	at attemptAsync (file:///Users/rachelk/.rvm/gems/ruby-2.2.1/gems/learn-test-1.2.25/lib/learn_test/jasmine/jasmine.js:1520:16)
	at run (file:///Users/rachelk/.rvm/gems/ruby-2.2.1/gems/learn-test-1.2.25/lib/learn_test/jasmine/jasmine.js:1496:28)
	at execute (file:///Users/rachelk/.rvm/gems/ruby-2.2.1/gems/learn-test-1.2.25/lib/learn_test/jasmine/jasmine.js:1485:13)
	at queueRunnerFactory (file:///Users/rachelk/.rvm/gems/ruby-2.2.1/gems/learn-test-1.2.25/lib/learn_test/jasmine/jasmine.js:518:42)
	at execute (file:///Users/rachelk/.rvm/gems/ruby-2.2.1/gems/learn-test-1.2.25/lib/learn_test/jasmine/jasmine.js:1694:21)
	at file:///Users/rachelk/.rvm/gems/ruby-2.2.1/gems/learn-test-1.2.25/lib/learn_test/jasmine/jasmine.js:541:83
	at attemptAsync (file:///Users/rachelk/.rvm/gems/ruby-2.2.1/gems/learn-test-1.2.25/lib/learn_test/jasmine/jasmine.js:1520:16)
	at run (file:///Users/rachelk/.rvm/gems/ruby-2.2.1/gems/learn-test-1.2.25/lib/learn_test/jasmine/jasmine.js:1496:28)
	at execute (file:///Users/rachelk/.rvm/gems/ruby-2.2.1/gems/learn-test-1.2.25/lib/learn_test/jasmine/jasmine.js:1485:13)
	at queueRunnerFactory (file:///Users/rachelk/.rvm/gems/ruby-2.2.1/gems/learn-test-1.2.25/lib/learn_test/jasmine/jasmine.js:518:42)
	at execute (file:///Users/rachelk/.rvm/gems/ruby-2.2.1/gems/learn-test-1.2.25/lib/learn_test/jasmine/jasmine.js:548:25)
	at onload (file:///Users/rachelk/.rvm/gems/ruby-2.2.1/gems/learn-test-1.2.25/lib/learn_test/jasmine/boot.js:172:16)			</failure>
		</testcase>
		<testcase classname="Tic Tac Toe Functionality" name="#doTurn should increment turn and call on `checkWinner()`, `updateState()`" time="0.002">
			<failure type="" message="ReferenceError: Can&amp;apos;t find variable: attachListeners in file:///Users/rachelk/Dropbox/Development/Rails-JS/js-tictactoe-rails-api-v-000/spec/tictactoe.spec.js (line 27)">
	at file:///Users/rachelk/Dropbox/Development/Rails-JS/js-tictactoe-rails-api-v-000/spec/tictactoe.spec.js:27:22
	at attemptSync (file:///Users/rachelk/.rvm/gems/ruby-2.2.1/gems/learn-test-1.2.25/lib/learn_test/jasmine/jasmine.js:1510:16)
	at run (file:///Users/rachelk/.rvm/gems/ruby-2.2.1/gems/learn-test-1.2.25/lib/learn_test/jasmine/jasmine.js:1498:20)
	at execute (file:///Users/rachelk/.rvm/gems/ruby-2.2.1/gems/learn-test-1.2.25/lib/learn_test/jasmine/jasmine.js:1485:13)
	at queueRunnerFactory (file:///Users/rachelk/.rvm/gems/ruby-2.2.1/gems/learn-test-1.2.25/lib/learn_test/jasmine/jasmine.js:518:42)
	at execute (file:///Users/rachelk/.rvm/gems/ruby-2.2.1/gems/learn-test-1.2.25/lib/learn_test/jasmine/jasmine.js:306:28)
	at file:///Users/rachelk/.rvm/gems/ruby-2.2.1/gems/learn-test-1.2.25/lib/learn_test/jasmine/jasmine.js:1708:44
	at attemptAsync (file:///Users/rachelk/.rvm/gems/ruby-2.2.1/gems/learn-test-1.2.25/lib/learn_test/jasmine/jasmine.js:1520:16)
	at run (file:///Users/rachelk/.rvm/gems/ruby-2.2.1/gems/learn-test-1.2.25/lib/learn_test/jasmine/jasmine.js:1496:28)
	at execute (file:///Users/rachelk/.rvm/gems/ruby-2.2.1/gems/learn-test-1.2.25/lib/learn_test/jasmine/jasmine.js:1485:13)
	at queueRunnerFactory (file:///Users/rachelk/.rvm/gems/ruby-2.2.1/gems/learn-test-1.2.25/lib/learn_test/jasmine/jasmine.js:518:42)
	at execute (file:///Users/rachelk/.rvm/gems/ruby-2.2.1/gems/learn-test-1.2.25/lib/learn_test/jasmine/jasmine.js:1694:21)
	at file:///Users/rachelk/.rvm/gems/ruby-2.2.1/gems/learn-test-1.2.25/lib/learn_test/jasmine/jasmine.js:1708:44
	at attemptAsync (file:///Users/rachelk/.rvm/gems/ruby-2.2.1/gems/learn-test-1.2.25/lib/learn_test/jasmine/jasmine.js:1520:16)
	at run (file:///Users/rachelk/.rvm/gems/ruby-2.2.1/gems/learn-test-1.2.25/lib/learn_test/jasmine/jasmine.js:1496:28)
	at next (file:///Users/rachelk/.rvm/gems/ruby-2.2.1/gems/learn-test-1.2.25/lib/learn_test/jasmine/jasmine.js:1517:40)
	at complete (file:///Users/rachelk/.rvm/gems/ruby-2.2.1/gems/learn-test-1.2.25/lib/learn_test/jasmine/jasmine.js:1703:19)
	at clearStack (file:///Users/rachelk/.rvm/gems/ruby-2.2.1/gems/learn-test-1.2.25/lib/learn_test/jasmine/jasmine.js:506:11)
	at run (file:///Users/rachelk/.rvm/gems/ruby-2.2.1/gems/learn-test-1.2.25/lib/learn_test/jasmine/jasmine.js:1505:22)
	at next (file:///Users/rachelk/.rvm/gems/ruby-2.2.1/gems/learn-test-1.2.25/lib/learn_test/jasmine/jasmine.js:1517:40)
	at complete (file:///Users/rachelk/.rvm/gems/ruby-2.2.1/gems/learn-test-1.2.25/lib/learn_test/jasmine/jasmine.js:333:19)
	at clearStack (file:///Users/rachelk/.rvm/gems/ruby-2.2.1/gems/learn-test-1.2.25/lib/learn_test/jasmine/jasmine.js:506:11)
	at run (file:///Users/rachelk/.rvm/gems/ruby-2.2.1/gems/learn-test-1.2.25/lib/learn_test/jasmine/jasmine.js:1505:22)
	at execute (file:///Users/rachelk/.rvm/gems/ruby-2.2.1/gems/learn-test-1.2.25/lib/learn_test/jasmine/jasmine.js:1485:13)
	at queueRunnerFactory (file:///Users/rachelk/.rvm/gems/ruby-2.2.1/gems/learn-test-1.2.25/lib/learn_test/jasmine/jasmine.js:518:42)
	at execute (file:///Users/rachelk/.rvm/gems/ruby-2.2.1/gems/learn-test-1.2.25/lib/learn_test/jasmine/jasmine.js:306:28)
	at file:///Users/rachelk/.rvm/gems/ruby-2.2.1/gems/learn-test-1.2.25/lib/learn_test/jasmine/jasmine.js:1708:44
	at attemptAsync (file:///Users/rachelk/.rvm/gems/ruby-2.2.1/gems/learn-test-1.2.25/lib/learn_test/jasmine/jasmine.js:1520:16)
	at run (file:///Users/rachelk/.rvm/gems/ruby-2.2.1/gems/learn-test-1.2.25/lib/learn_test/jasmine/jasmine.js:1496:28)
	at execute (file:///Users/rachelk/.rvm/gems/ruby-2.2.1/gems/learn-test-1.2.25/lib/learn_test/jasmine/jasmine.js:1485:13)
	at queueRunnerFactory (file:///Users/rachelk/.rvm/gems/ruby-2.2.1/gems/learn-test-1.2.25/lib/learn_test/jasmine/jasmine.js:518:42)
	at execute (file:///Users/rachelk/.rvm/gems/ruby-2.2.1/gems/learn-test-1.2.25/lib/learn_test/jasmine/jasmine.js:1694:21)
	at file:///Users/rachelk/.rvm/gems/ruby-2.2.1/gems/learn-test-1.2.25/lib/learn_test/jasmine/jasmine.js:1708:44
	at attemptAsync (file:///Users/rachelk/.rvm/gems/ruby-2.2.1/gems/learn-test-1.2.25/lib/learn_test/jasmine/jasmine.js:1520:16)
	at run (file:///Users/rachelk/.rvm/gems/ruby-2.2.1/gems/learn-test-1.2.25/lib/learn_test/jasmine/jasmine.js:1496:28)
	at execute (file:///Users/rachelk/.rvm/gems/ruby-2.2.1/gems/learn-test-1.2.25/lib/learn_test/jasmine/jasmine.js:1485:13)
	at queueRunnerFactory (file:///Users/rachelk/.rvm/gems/ruby-2.2.1/gems/learn-test-1.2.25/lib/learn_test/jasmine/jasmine.js:518:42)
	at execute (file:///Users/rachelk/.rvm/gems/ruby-2.2.1/gems/learn-test-1.2.25/lib/learn_test/jasmine/jasmine.js:1694:21)
	at file:///Users/rachelk/.rvm/gems/ruby-2.2.1/gems/learn-test-1.2.25/lib/learn_test/jasmine/jasmine.js:1708:44
	at attemptAsync (file:///Users/rachelk/.rvm/gems/ruby-2.2.1/gems/learn-test-1.2.25/lib/learn_test/jasmine/jasmine.js:1520:16)
	at run (file:///Users/rachelk/.rvm/gems/ruby-2.2.1/gems/learn-test-1.2.25/lib/learn_test/jasmine/jasmine.js:1496:28)
	at execute (file:///Users/rachelk/.rvm/gems/ruby-2.2.1/gems/learn-test-1.2.25/lib/learn_test/jasmine/jasmine.js:1485:13)
	at queueRunnerFactory (file:///Users/rachelk/.rvm/gems/ruby-2.2.1/gems/learn-test-1.2.25/lib/learn_test/jasmine/jasmine.js:518:42)
	at execute (file:///Users/rachelk/.rvm/gems/ruby-2.2.1/gems/learn-test-1.2.25/lib/learn_test/jasmine/jasmine.js:1694:21)
	at file:///Users/rachelk/.rvm/gems/ruby-2.2.1/gems/learn-test-1.2.25/lib/learn_test/jasmine/jasmine.js:541:83
	at attemptAsync (file:///Users/rachelk/.rvm/gems/ruby-2.2.1/gems/learn-test-1.2.25/lib/learn_test/jasmine/jasmine.js:1520:16)
	at run (file:///Users/rachelk/.rvm/gems/ruby-2.2.1/gems/learn-test-1.2.25/lib/learn_test/jasmine/jasmine.js:1496:28)
	at execute (file:///Users/rachelk/.rvm/gems/ruby-2.2.1/gems/learn-test-1.2.25/lib/learn_test/jasmine/jasmine.js:1485:13)
	at queueRunnerFactory (file:///Users/rachelk/.rvm/gems/ruby-2.2.1/gems/learn-test-1.2.25/lib/learn_test/jasmine/jasmine.js:518:42)
	at execute (file:///Users/rachelk/.rvm/gems/ruby-2.2.1/gems/learn-test-1.2.25/lib/learn_test/jasmine/jasmine.js:548:25)
	at onload (file:///Users/rachelk/.rvm/gems/ruby-2.2.1/gems/learn-test-1.2.25/lib/learn_test/jasmine/boot.js:172:16)			</failure>
		</testcase>
		<testcase classname="Tic Tac Toe Functionality" name="#player should return the mark of the current player when player is X" time="0">
			<failure type="" message="ReferenceError: Can&amp;apos;t find variable: player in file:///Users/rachelk/Dropbox/Development/Rails-JS/js-tictactoe-rails-api-v-000/spec/tictactoe.spec.js (line 39)">
	at file:///Users/rachelk/Dropbox/Development/Rails-JS/js-tictactoe-rails-api-v-000/spec/tictactoe.spec.js:39:20
	at attemptSync (file:///Users/rachelk/.rvm/gems/ruby-2.2.1/gems/learn-test-1.2.25/lib/learn_test/jasmine/jasmine.js:1510:16)
	at run (file:///Users/rachelk/.rvm/gems/ruby-2.2.1/gems/learn-test-1.2.25/lib/learn_test/jasmine/jasmine.js:1498:20)
	at execute (file:///Users/rachelk/.rvm/gems/ruby-2.2.1/gems/learn-test-1.2.25/lib/learn_test/jasmine/jasmine.js:1485:13)
	at queueRunnerFactory (file:///Users/rachelk/.rvm/gems/ruby-2.2.1/gems/learn-test-1.2.25/lib/learn_test/jasmine/jasmine.js:518:42)
	at execute (file:///Users/rachelk/.rvm/gems/ruby-2.2.1/gems/learn-test-1.2.25/lib/learn_test/jasmine/jasmine.js:306:28)
	at file:///Users/rachelk/.rvm/gems/ruby-2.2.1/gems/learn-test-1.2.25/lib/learn_test/jasmine/jasmine.js:1708:44
	at attemptAsync (file:///Users/rachelk/.rvm/gems/ruby-2.2.1/gems/learn-test-1.2.25/lib/learn_test/jasmine/jasmine.js:1520:16)
	at run (file:///Users/rachelk/.rvm/gems/ruby-2.2.1/gems/learn-test-1.2.25/lib/learn_test/jasmine/jasmine.js:1496:28)
	at execute (file:///Users/rachelk/.rvm/gems/ruby-2.2.1/gems/learn-test-1.2.25/lib/learn_test/jasmine/jasmine.js:1485:13)
	at queueRunnerFactory (file:///Users/rachelk/.rvm/gems/ruby-2.2.1/gems/learn-test-1.2.25/lib/learn_test/jasmine/jasmine.js:518:42)
	at execute (file:///Users/rachelk/.rvm/gems/ruby-2.2.1/gems/learn-test-1.2.25/lib/learn_test/jasmine/jasmine.js:1694:21)
	at file:///Users/rachelk/.rvm/gems/ruby-2.2.1/gems/learn-test-1.2.25/lib/learn_test/jasmine/jasmine.js:1708:44
	at attemptAsync (file:///Users/rachelk/.rvm/gems/ruby-2.2.1/gems/learn-test-1.2.25/lib/learn_test/jasmine/jasmine.js:1520:16)
	at run (file:///Users/rachelk/.rvm/gems/ruby-2.2.1/gems/learn-test-1.2.25/lib/learn_test/jasmine/jasmine.js:1496:28)
	at next (file:///Users/rachelk/.rvm/gems/ruby-2.2.1/gems/learn-test-1.2.25/lib/learn_test/jasmine/jasmine.js:1517:40)
	at complete (file:///Users/rachelk/.rvm/gems/ruby-2.2.1/gems/learn-test-1.2.25/lib/learn_test/jasmine/jasmine.js:1703:19)
	at clearStack (file:///Users/rachelk/.rvm/gems/ruby-2.2.1/gems/learn-test-1.2.25/lib/learn_test/jasmine/jasmine.js:506:11)
	at run (file:///Users/rachelk/.rvm/gems/ruby-2.2.1/gems/learn-test-1.2.25/lib/learn_test/jasmine/jasmine.js:1505:22)
	at next (file:///Users/rachelk/.rvm/gems/ruby-2.2.1/gems/learn-test-1.2.25/lib/learn_test/jasmine/jasmine.js:1517:40)
	at complete (file:///Users/rachelk/.rvm/gems/ruby-2.2.1/gems/learn-test-1.2.25/lib/learn_test/jasmine/jasmine.js:333:19)
	at clearStack (file:///Users/rachelk/.rvm/gems/ruby-2.2.1/gems/learn-test-1.2.25/lib/learn_test/jasmine/jasmine.js:506:11)
	at run (file:///Users/rachelk/.rvm/gems/ruby-2.2.1/gems/learn-test-1.2.25/lib/learn_test/jasmine/jasmine.js:1505:22)
	at execute (file:///Users/rachelk/.rvm/gems/ruby-2.2.1/gems/learn-test-1.2.25/lib/learn_test/jasmine/jasmine.js:1485:13)
	at queueRunnerFactory (file:///Users/rachelk/.rvm/gems/ruby-2.2.1/gems/learn-test-1.2.25/lib/learn_test/jasmine/jasmine.js:518:42)
	at execute (file:///Users/rachelk/.rvm/gems/ruby-2.2.1/gems/learn-test-1.2.25/lib/learn_test/jasmine/jasmine.js:306:28)
	at file:///Users/rachelk/.rvm/gems/ruby-2.2.1/gems/learn-test-1.2.25/lib/learn_test/jasmine/jasmine.js:1708:44
	at attemptAsync (file:///Users/rachelk/.rvm/gems/ruby-2.2.1/gems/learn-test-1.2.25/lib/learn_test/jasmine/jasmine.js:1520:16)
	at run (file:///Users/rachelk/.rvm/gems/ruby-2.2.1/gems/learn-test-1.2.25/lib/learn_test/jasmine/jasmine.js:1496:28)
	at execute (file:///Users/rachelk/.rvm/gems/ruby-2.2.1/gems/learn-test-1.2.25/lib/learn_test/jasmine/jasmine.js:1485:13)
	at queueRunnerFactory (file:///Users/rachelk/.rvm/gems/ruby-2.2.1/gems/learn-test-1.2.25/lib/learn_test/jasmine/jasmine.js:518:42)
	at execute (file:///Users/rachelk/.rvm/gems/ruby-2.2.1/gems/learn-test-1.2.25/lib/learn_test/jasmine/jasmine.js:1694:21)
	at file:///Users/rachelk/.rvm/gems/ruby-2.2.1/gems/learn-test-1.2.25/lib/learn_test/jasmine/jasmine.js:1708:44
	at attemptAsync (file:///Users/rachelk/.rvm/gems/ruby-2.2.1/gems/learn-test-1.2.25/lib/learn_test/jasmine/jasmine.js:1520:16)
	at run (file:///Users/rachelk/.rvm/gems/ruby-2.2.1/gems/learn-test-1.2.25/lib/learn_test/jasmine/jasmine.js:1496:28)
	at next (file:///Users/rachelk/.rvm/gems/ruby-2.2.1/gems/learn-test-1.2.25/lib/learn_test/jasmine/jasmine.js:1517:40)
	at complete (file:///Users/rachelk/.rvm/gems/ruby-2.2.1/gems/learn-test-1.2.25/lib/learn_test/jasmine/jasmine.js:1703:19)
	at clearStack (file:///Users/rachelk/.rvm/gems/ruby-2.2.1/gems/learn-test-1.2.25/lib/learn_test/jasmine/jasmine.js:506:11)
	at run (file:///Users/rachelk/.rvm/gems/ruby-2.2.1/gems/learn-test-1.2.25/lib/learn_test/jasmine/jasmine.js:1505:22)
	at next (file:///Users/rachelk/.rvm/gems/ruby-2.2.1/gems/learn-test-1.2.25/lib/learn_test/jasmine/jasmine.js:1517:40)
	at complete (file:///Users/rachelk/.rvm/gems/ruby-2.2.1/gems/learn-test-1.2.25/lib/learn_test/jasmine/jasmine.js:333:19)
	at clearStack (file:///Users/rachelk/.rvm/gems/ruby-2.2.1/gems/learn-test-1.2.25/lib/learn_test/jasmine/jasmine.js:506:11)
	at run (file:///Users/rachelk/.rvm/gems/ruby-2.2.1/gems/learn-test-1.2.25/lib/learn_test/jasmine/jasmine.js:1505:22)
	at execute (file:///Users/rachelk/.rvm/gems/ruby-2.2.1/gems/learn-test-1.2.25/lib/learn_test/jasmine/jasmine.js:1485:13)
	at queueRunnerFactory (file:///Users/rachelk/.rvm/gems/ruby-2.2.1/gems/learn-test-1.2.25/lib/learn_test/jasmine/jasmine.js:518:42)
	at execute (file:///Users/rachelk/.rvm/gems/ruby-2.2.1/gems/learn-test-1.2.25/lib/learn_test/jasmine/jasmine.js:306:28)
	at file:///Users/rachelk/.rvm/gems/ruby-2.2.1/gems/learn-test-1.2.25/lib/learn_test/jasmine/jasmine.js:1708:44
	at attemptAsync (file:///Users/rachelk/.rvm/gems/ruby-2.2.1/gems/learn-test-1.2.25/lib/learn_test/jasmine/jasmine.js:1520:16)
	at run (file:///Users/rachelk/.rvm/gems/ruby-2.2.1/gems/learn-test-1.2.25/lib/learn_test/jasmine/jasmine.js:1496:28)
	at execute (file:///Users/rachelk/.rvm/gems/ruby-2.2.1/gems/learn-test-1.2.25/lib/learn_test/jasmine/jasmine.js:1485:13)
	at queueRunnerFactory (file:///Users/rachelk/.rvm/gems/ruby-2.2.1/gems/learn-test-1.2.25/lib/learn_test/jasmine/jasmine.js:518:42)
	at execute (file:///Users/rachelk/.rvm/gems/ruby-2.2.1/gems/learn-test-1.2.25/lib/learn_test/jasmine/jasmine.js:1694:21)
	at file:///Users/rachelk/.rvm/gems/ruby-2.2.1/gems/learn-test-1.2.25/lib/learn_test/jasmine/jasmine.js:1708:44
	at attemptAsync (file:///Users/rachelk/.rvm/gems/ruby-2.2.1/gems/learn-test-1.2.25/lib/learn_test/jasmine/jasmine.js:1520:16)
	at run (file:///Users/rachelk/.rvm/gems/ruby-2.2.1/gems/learn-test-1.2.25/lib/learn_test/jasmine/jasmine.js:1496:28)
	at execute (file:///Users/rachelk/.rvm/gems/ruby-2.2.1/gems/learn-test-1.2.25/lib/learn_test/jasmine/jasmine.js:1485:13)
	at queueRunnerFactory (file:///Users/rachelk/.rvm/gems/ruby-2.2.1/gems/learn-test-1.2.25/lib/learn_test/jasmine/jasmine.js:518:42)
	at execute (file:///Users/rachelk/.rvm/gems/ruby-2.2.1/gems/learn-test-1.2.25/lib/learn_test/jasmine/jasmine.js:1694:21)
	at file:///Users/rachelk/.rvm/gems/ruby-2.2.1/gems/learn-test-1.2.25/lib/learn_test/jasmine/jasmine.js:1708:44
	at attemptAsync (file:///Users/rachelk/.rvm/gems/ruby-2.2.1/gems/learn-test-1.2.25/lib/learn_test/jasmine/jasmine.js:1520:16)
	at run (file:///Users/rachelk/.rvm/gems/ruby-2.2.1/gems/learn-test-1.2.25/lib/learn_test/jasmine/jasmine.js:1496:28)
	at execute (file:///Users/rachelk/.rvm/gems/ruby-2.2.1/gems/learn-test-1.2.25/lib/learn_test/jasmine/jasmine.js:1485:13)
	at queueRunnerFactory (file:///Users/rachelk/.rvm/gems/ruby-2.2.1/gems/learn-test-1.2.25/lib/learn_test/jasmine/jasmine.js:518:42)
	at execute (file:///Users/rachelk/.rvm/gems/ruby-2.2.1/gems/learn-test-1.2.25/lib/learn_test/jasmine/jasmine.js:1694:21)
	at file:///Users/rachelk/.rvm/gems/ruby-2.2.1/gems/learn-test-1.2.25/lib/learn_test/jasmine/jasmine.js:541:83
	at attemptAsync (file:///Users/rachelk/.rvm/gems/ruby-2.2.1/gems/learn-test-1.2.25/lib/learn_test/jasmine/jasmine.js:1520:16)
	at run (file:///Users/rachelk/.rvm/gems/ruby-2.2.1/gems/learn-test-1.2.25/lib/learn_test/jasmine/jasmine.js:1496:28)
	at execute (file:///Users/rachelk/.rvm/gems/ruby-2.2.1/gems/learn-test-1.2.25/lib/learn_test/jasmine/jasmine.js:1485:13)
	at queueRunnerFactory (file:///Users/rachelk/.rvm/gems/ruby-2.2.1/gems/learn-test-1.2.25/lib/learn_test/jasmine/jasmine.js:518:42)
	at execute (file:///Users/rachelk/.rvm/gems/ruby-2.2.1/gems/learn-test-1.2.25/lib/learn_test/jasmine/jasmine.js:548:25)
	at onload (file:///Users/rachelk/.rvm/gems/ruby-2.2.1/gems/learn-test-1.2.25/lib/learn_test/jasmine/boot.js:172:16)			</failure>
		</testcase>
		<testcase classname="Tic Tac Toe Functionality" name="#player should return the mark of the current player when player is O" time="0">
			<failure type="" message="ReferenceError: Can&amp;apos;t find variable: player in file:///Users/rachelk/Dropbox/Development/Rails-JS/js-tictactoe-rails-api-v-000/spec/tictactoe.spec.js (line 43)">
	at file:///Users/rachelk/Dropbox/Development/Rails-JS/js-tictactoe-rails-api-v-000/spec/tictactoe.spec.js:43:20
	at attemptSync (file:///Users/rachelk/.rvm/gems/ruby-2.2.1/gems/learn-test-1.2.25/lib/learn_test/jasmine/jasmine.js:1510:16)
	at run (file:///Users/rachelk/.rvm/gems/ruby-2.2.1/gems/learn-test-1.2.25/lib/learn_test/jasmine/jasmine.js:1498:20)
	at execute (file:///Users/rachelk/.rvm/gems/ruby-2.2.1/gems/learn-test-1.2.25/lib/learn_test/jasmine/jasmine.js:1485:13)
	at queueRunnerFactory (file:///Users/rachelk/.rvm/gems/ruby-2.2.1/gems/learn-test-1.2.25/lib/learn_test/jasmine/jasmine.js:518:42)
	at execute (file:///Users/rachelk/.rvm/gems/ruby-2.2.1/gems/learn-test-1.2.25/lib/learn_test/jasmine/jasmine.js:306:28)
	at file:///Users/rachelk/.rvm/gems/ruby-2.2.1/gems/learn-test-1.2.25/lib/learn_test/jasmine/jasmine.js:1708:44
	at attemptAsync (file:///Users/rachelk/.rvm/gems/ruby-2.2.1/gems/learn-test-1.2.25/lib/learn_test/jasmine/jasmine.js:1520:16)
	at run (file:///Users/rachelk/.rvm/gems/ruby-2.2.1/gems/learn-test-1.2.25/lib/learn_test/jasmine/jasmine.js:1496:28)
	at next (file:///Users/rachelk/.rvm/gems/ruby-2.2.1/gems/learn-test-1.2.25/lib/learn_test/jasmine/jasmine.js:1517:40)
	at complete (file:///Users/rachelk/.rvm/gems/ruby-2.2.1/gems/learn-test-1.2.25/lib/learn_test/jasmine/jasmine.js:333:19)
	at clearStack (file:///Users/rachelk/.rvm/gems/ruby-2.2.1/gems/learn-test-1.2.25/lib/learn_test/jasmine/jasmine.js:506:11)
	at run (file:///Users/rachelk/.rvm/gems/ruby-2.2.1/gems/learn-test-1.2.25/lib/learn_test/jasmine/jasmine.js:1505:22)
	at execute (file:///Users/rachelk/.rvm/gems/ruby-2.2.1/gems/learn-test-1.2.25/lib/learn_test/jasmine/jasmine.js:1485:13)
	at queueRunnerFactory (file:///Users/rachelk/.rvm/gems/ruby-2.2.1/gems/learn-test-1.2.25/lib/learn_test/jasmine/jasmine.js:518:42)
	at execute (file:///Users/rachelk/.rvm/gems/ruby-2.2.1/gems/learn-test-1.2.25/lib/learn_test/jasmine/jasmine.js:306:28)
	at file:///Users/rachelk/.rvm/gems/ruby-2.2.1/gems/learn-test-1.2.25/lib/learn_test/jasmine/jasmine.js:1708:44
	at attemptAsync (file:///Users/rachelk/.rvm/gems/ruby-2.2.1/gems/learn-test-1.2.25/lib/learn_test/jasmine/jasmine.js:1520:16)
	at run (file:///Users/rachelk/.rvm/gems/ruby-2.2.1/gems/learn-test-1.2.25/lib/learn_test/jasmine/jasmine.js:1496:28)
	at execute (file:///Users/rachelk/.rvm/gems/ruby-2.2.1/gems/learn-test-1.2.25/lib/learn_test/jasmine/jasmine.js:1485:13)
	at queueRunnerFactory (file:///Users/rachelk/.rvm/gems/ruby-2.2.1/gems/learn-test-1.2.25/lib/learn_test/jasmine/jasmine.js:518:42)
	at execute (file:///Users/rachelk/.rvm/gems/ruby-2.2.1/gems/learn-test-1.2.25/lib/learn_test/jasmine/jasmine.js:1694:21)
	at file:///Users/rachelk/.rvm/gems/ruby-2.2.1/gems/learn-test-1.2.25/lib/learn_test/jasmine/jasmine.js:1708:44
	at attemptAsync (file:///Users/rachelk/.rvm/gems/ruby-2.2.1/gems/learn-test-1.2.25/lib/learn_test/jasmine/jasmine.js:1520:16)
	at run (file:///Users/rachelk/.rvm/gems/ruby-2.2.1/gems/learn-test-1.2.25/lib/learn_test/jasmine/jasmine.js:1496:28)
	at next (file:///Users/rachelk/.rvm/gems/ruby-2.2.1/gems/learn-test-1.2.25/lib/learn_test/jasmine/jasmine.js:1517:40)
	at complete (file:///Users/rachelk/.rvm/gems/ruby-2.2.1/gems/learn-test-1.2.25/lib/learn_test/jasmine/jasmine.js:1703:19)
	at clearStack (file:///Users/rachelk/.rvm/gems/ruby-2.2.1/gems/learn-test-1.2.25/lib/learn_test/jasmine/jasmine.js:506:11)
	at run (file:///Users/rachelk/.rvm/gems/ruby-2.2.1/gems/learn-test-1.2.25/lib/learn_test/jasmine/jasmine.js:1505:22)
	at next (file:///Users/rachelk/.rvm/gems/ruby-2.2.1/gems/learn-test-1.2.25/lib/learn_test/jasmine/jasmine.js:1517:40)
	at complete (file:///Users/rachelk/.rvm/gems/ruby-2.2.1/gems/learn-test-1.2.25/lib/learn_test/jasmine/jasmine.js:333:19)
	at clearStack (file:///Users/rachelk/.rvm/gems/ruby-2.2.1/gems/learn-test-1.2.25/lib/learn_test/jasmine/jasmine.js:506:11)
	at run (file:///Users/rachelk/.rvm/gems/ruby-2.2.1/gems/learn-test-1.2.25/lib/learn_test/jasmine/jasmine.js:1505:22)
	at execute (file:///Users/rachelk/.rvm/gems/ruby-2.2.1/gems/learn-test-1.2.25/lib/learn_test/jasmine/jasmine.js:1485:13)
	at queueRunnerFactory (file:///Users/rachelk/.rvm/gems/ruby-2.2.1/gems/learn-test-1.2.25/lib/learn_test/jasmine/jasmine.js:518:42)
	at execute (file:///Users/rachelk/.rvm/gems/ruby-2.2.1/gems/learn-test-1.2.25/lib/learn_test/jasmine/jasmine.js:306:28)
	at file:///Users/rachelk/.rvm/gems/ruby-2.2.1/gems/learn-test-1.2.25/lib/learn_test/jasmine/jasmine.js:1708:44
	at attemptAsync (file:///Users/rachelk/.rvm/gems/ruby-2.2.1/gems/learn-test-1.2.25/lib/learn_test/jasmine/jasmine.js:1520:16)
	at run (file:///Users/rachelk/.rvm/gems/ruby-2.2.1/gems/learn-test-1.2.25/lib/learn_test/jasmine/jasmine.js:1496:28)
	at execute (file:///Users/rachelk/.rvm/gems/ruby-2.2.1/gems/learn-test-1.2.25/lib/learn_test/jasmine/jasmine.js:1485:13)
	at queueRunnerFactory (file:///Users/rachelk/.rvm/gems/ruby-2.2.1/gems/learn-test-1.2.25/lib/learn_test/jasmine/jasmine.js:518:42)
	at execute (file:///Users/rachelk/.rvm/gems/ruby-2.2.1/gems/learn-test-1.2.25/lib/learn_test/jasmine/jasmine.js:1694:21)
	at file:///Users/rachelk/.rvm/gems/ruby-2.2.1/gems/learn-test-1.2.25/lib/learn_test/jasmine/jasmine.js:1708:44
	at attemptAsync (file:///Users/rachelk/.rvm/gems/ruby-2.2.1/gems/learn-test-1.2.25/lib/learn_test/jasmine/jasmine.js:1520:16)
	at run (file:///Users/rachelk/.rvm/gems/ruby-2.2.1/gems/learn-test-1.2.25/lib/learn_test/jasmine/jasmine.js:1496:28)
	at next (file:///Users/rachelk/.rvm/gems/ruby-2.2.1/gems/learn-test-1.2.25/lib/learn_test/jasmine/jasmine.js:1517:40)
	at complete (file:///Users/rachelk/.rvm/gems/ruby-2.2.1/gems/learn-test-1.2.25/lib/learn_test/jasmine/jasmine.js:1703:19)
	at clearStack (file:///Users/rachelk/.rvm/gems/ruby-2.2.1/gems/learn-test-1.2.25/lib/learn_test/jasmine/jasmine.js:506:11)
	at run (file:///Users/rachelk/.rvm/gems/ruby-2.2.1/gems/learn-test-1.2.25/lib/learn_test/jasmine/jasmine.js:1505:22)
	at next (file:///Users/rachelk/.rvm/gems/ruby-2.2.1/gems/learn-test-1.2.25/lib/learn_test/jasmine/jasmine.js:1517:40)
	at complete (file:///Users/rachelk/.rvm/gems/ruby-2.2.1/gems/learn-test-1.2.25/lib/learn_test/jasmine/jasmine.js:333:19)
	at clearStack (file:///Users/rachelk/.rvm/gems/ruby-2.2.1/gems/learn-test-1.2.25/lib/learn_test/jasmine/jasmine.js:506:11)
	at run (file:///Users/rachelk/.rvm/gems/ruby-2.2.1/gems/learn-test-1.2.25/lib/learn_test/jasmine/jasmine.js:1505:22)
	at execute (file:///Users/rachelk/.rvm/gems/ruby-2.2.1/gems/learn-test-1.2.25/lib/learn_test/jasmine/jasmine.js:1485:13)
	at queueRunnerFactory (file:///Users/rachelk/.rvm/gems/ruby-2.2.1/gems/learn-test-1.2.25/lib/learn_test/jasmine/jasmine.js:518:42)
	at execute (file:///Users/rachelk/.rvm/gems/ruby-2.2.1/gems/learn-test-1.2.25/lib/learn_test/jasmine/jasmine.js:306:28)
	at file:///Users/rachelk/.rvm/gems/ruby-2.2.1/gems/learn-test-1.2.25/lib/learn_test/jasmine/jasmine.js:1708:44
	at attemptAsync (file:///Users/rachelk/.rvm/gems/ruby-2.2.1/gems/learn-test-1.2.25/lib/learn_test/jasmine/jasmine.js:1520:16)
	at run (file:///Users/rachelk/.rvm/gems/ruby-2.2.1/gems/learn-test-1.2.25/lib/learn_test/jasmine/jasmine.js:1496:28)
	at execute (file:///Users/rachelk/.rvm/gems/ruby-2.2.1/gems/learn-test-1.2.25/lib/learn_test/jasmine/jasmine.js:1485:13)
	at queueRunnerFactory (file:///Users/rachelk/.rvm/gems/ruby-2.2.1/gems/learn-test-1.2.25/lib/learn_test/jasmine/jasmine.js:518:42)
	at execute (file:///Users/rachelk/.rvm/gems/ruby-2.2.1/gems/learn-test-1.2.25/lib/learn_test/jasmine/jasmine.js:1694:21)
	at file:///Users/rachelk/.rvm/gems/ruby-2.2.1/gems/learn-test-1.2.25/lib/learn_test/jasmine/jasmine.js:1708:44
	at attemptAsync (file:///Users/rachelk/.rvm/gems/ruby-2.2.1/gems/learn-test-1.2.25/lib/learn_test/jasmine/jasmine.js:1520:16)
	at run (file:///Users/rachelk/.rvm/gems/ruby-2.2.1/gems/learn-test-1.2.25/lib/learn_test/jasmine/jasmine.js:1496:28)
	at execute (file:///Users/rachelk/.rvm/gems/ruby-2.2.1/gems/learn-test-1.2.25/lib/learn_test/jasmine/jasmine.js:1485:13)
	at queueRunnerFactory (file:///Users/rachelk/.rvm/gems/ruby-2.2.1/gems/learn-test-1.2.25/lib/learn_test/jasmine/jasmine.js:518:42)
	at execute (file:///Users/rachelk/.rvm/gems/ruby-2.2.1/gems/learn-test-1.2.25/lib/learn_test/jasmine/jasmine.js:1694:21)
	at file:///Users/rachelk/.rvm/gems/ruby-2.2.1/gems/learn-test-1.2.25/lib/learn_test/jasmine/jasmine.js:1708:44
	at attemptAsync (file:///Users/rachelk/.rvm/gems/ruby-2.2.1/gems/learn-test-1.2.25/lib/learn_test/jasmine/jasmine.js:1520:16)
	at run (file:///Users/rachelk/.rvm/gems/ruby-2.2.1/gems/learn-test-1.2.25/lib/learn_test/jasmine/jasmine.js:1496:28)
	at execute (file:///Users/rachelk/.rvm/gems/ruby-2.2.1/gems/learn-test-1.2.25/lib/learn_test/jasmine/jasmine.js:1485:13)
	at queueRunnerFactory (file:///Users/rachelk/.rvm/gems/ruby-2.2.1/gems/learn-test-1.2.25/lib/learn_test/jasmine/jasmine.js:518:42)
	at execute (file:///Users/rachelk/.rvm/gems/ruby-2.2.1/gems/learn-test-1.2.25/lib/learn_test/jasmine/jasmine.js:1694:21)
	at file:///Users/rachelk/.rvm/gems/ruby-2.2.1/gems/learn-test-1.2.25/lib/learn_test/jasmine/jasmine.js:541:83
	at attemptAsync (file:///Users/rachelk/.rvm/gems/ruby-2.2.1/gems/learn-test-1.2.25/lib/learn_test/jasmine/jasmine.js:1520:16)
	at run (file:///Users/rachelk/.rvm/gems/ruby-2.2.1/gems/learn-test-1.2.25/lib/learn_test/jasmine/jasmine.js:1496:28)
	at execute (file:///Users/rachelk/.rvm/gems/ruby-2.2.1/gems/learn-test-1.2.25/lib/learn_test/jasmine/jasmine.js:1485:13)
	at queueRunnerFactory (file:///Users/rachelk/.rvm/gems/ruby-2.2.1/gems/learn-test-1.2.25/lib/learn_test/jasmine/jasmine.js:518:42)
	at execute (file:///Users/rachelk/.rvm/gems/ruby-2.2.1/gems/learn-test-1.2.25/lib/learn_test/jasmine/jasmine.js:548:25)
	at onload (file:///Users/rachelk/.rvm/gems/ruby-2.2.1/gems/learn-test-1.2.25/lib/learn_test/jasmine/boot.js:172:16)			</failure>
		</testcase>
		<testcase classname="Tic Tac Toe Functionality" name="#updateState adds the return value of `player()` to the clicked `td` on the board" time="0.001">
			<failure type="" message="ReferenceError: Can&amp;apos;t find variable: attachListeners in file:///Users/rachelk/Dropbox/Development/Rails-JS/js-tictactoe-rails-api-v-000/spec/tictactoe.spec.js (line 50)">
	at file:///Users/rachelk/Dropbox/Development/Rails-JS/js-tictactoe-rails-api-v-000/spec/tictactoe.spec.js:50:22
	at attemptSync (file:///Users/rachelk/.rvm/gems/ruby-2.2.1/gems/learn-test-1.2.25/lib/learn_test/jasmine/jasmine.js:1510:16)
	at run (file:///Users/rachelk/.rvm/gems/ruby-2.2.1/gems/learn-test-1.2.25/lib/learn_test/jasmine/jasmine.js:1498:20)
	at execute (file:///Users/rachelk/.rvm/gems/ruby-2.2.1/gems/learn-test-1.2.25/lib/learn_test/jasmine/jasmine.js:1485:13)
	at queueRunnerFactory (file:///Users/rachelk/.rvm/gems/ruby-2.2.1/gems/learn-test-1.2.25/lib/learn_test/jasmine/jasmine.js:518:42)
	at execute (file:///Users/rachelk/.rvm/gems/ruby-2.2.1/gems/learn-test-1.2.25/lib/learn_test/jasmine/jasmine.js:306:28)
	at file:///Users/rachelk/.rvm/gems/ruby-2.2.1/gems/learn-test-1.2.25/lib/learn_test/jasmine/jasmine.js:1708:44
	at attemptAsync (file:///Users/rachelk/.rvm/gems/ruby-2.2.1/gems/learn-test-1.2.25/lib/learn_test/jasmine/jasmine.js:1520:16)
	at run (file:///Users/rachelk/.rvm/gems/ruby-2.2.1/gems/learn-test-1.2.25/lib/learn_test/jasmine/jasmine.js:1496:28)
	at execute (file:///Users/rachelk/.rvm/gems/ruby-2.2.1/gems/learn-test-1.2.25/lib/learn_test/jasmine/jasmine.js:1485:13)
	at queueRunnerFactory (file:///Users/rachelk/.rvm/gems/ruby-2.2.1/gems/learn-test-1.2.25/lib/learn_test/jasmine/jasmine.js:518:42)
	at execute (file:///Users/rachelk/.rvm/gems/ruby-2.2.1/gems/learn-test-1.2.25/lib/learn_test/jasmine/jasmine.js:1694:21)
	at file:///Users/rachelk/.rvm/gems/ruby-2.2.1/gems/learn-test-1.2.25/lib/learn_test/jasmine/jasmine.js:1708:44
	at attemptAsync (file:///Users/rachelk/.rvm/gems/ruby-2.2.1/gems/learn-test-1.2.25/lib/learn_test/jasmine/jasmine.js:1520:16)
	at run (file:///Users/rachelk/.rvm/gems/ruby-2.2.1/gems/learn-test-1.2.25/lib/learn_test/jasmine/jasmine.js:1496:28)
	at next (file:///Users/rachelk/.rvm/gems/ruby-2.2.1/gems/learn-test-1.2.25/lib/learn_test/jasmine/jasmine.js:1517:40)
	at complete (file:///Users/rachelk/.rvm/gems/ruby-2.2.1/gems/learn-test-1.2.25/lib/learn_test/jasmine/jasmine.js:1703:19)
	at clearStack (file:///Users/rachelk/.rvm/gems/ruby-2.2.1/gems/learn-test-1.2.25/lib/learn_test/jasmine/jasmine.js:506:11)
	at run (file:///Users/rachelk/.rvm/gems/ruby-2.2.1/gems/learn-test-1.2.25/lib/learn_test/jasmine/jasmine.js:1505:22)
	at next (file:///Users/rachelk/.rvm/gems/ruby-2.2.1/gems/learn-test-1.2.25/lib/learn_test/jasmine/jasmine.js:1517:40)
	at complete (file:///Users/rachelk/.rvm/gems/ruby-2.2.1/gems/learn-test-1.2.25/lib/learn_test/jasmine/jasmine.js:333:19)
	at clearStack (file:///Users/rachelk/.rvm/gems/ruby-2.2.1/gems/learn-test-1.2.25/lib/learn_test/jasmine/jasmine.js:506:11)
	at run (file:///Users/rachelk/.rvm/gems/ruby-2.2.1/gems/learn-test-1.2.25/lib/learn_test/jasmine/jasmine.js:1505:22)
	at execute (file:///Users/rachelk/.rvm/gems/ruby-2.2.1/gems/learn-test-1.2.25/lib/learn_test/jasmine/jasmine.js:1485:13)
	at queueRunnerFactory (file:///Users/rachelk/.rvm/gems/ruby-2.2.1/gems/learn-test-1.2.25/lib/learn_test/jasmine/jasmine.js:518:42)
	at execute (file:///Users/rachelk/.rvm/gems/ruby-2.2.1/gems/learn-test-1.2.25/lib/learn_test/jasmine/jasmine.js:306:28)
	at file:///Users/rachelk/.rvm/gems/ruby-2.2.1/gems/learn-test-1.2.25/lib/learn_test/jasmine/jasmine.js:1708:44
	at attemptAsync (file:///Users/rachelk/.rvm/gems/ruby-2.2.1/gems/learn-test-1.2.25/lib/learn_test/jasmine/jasmine.js:1520:16)
	at run (file:///Users/rachelk/.rvm/gems/ruby-2.2.1/gems/learn-test-1.2.25/lib/learn_test/jasmine/jasmine.js:1496:28)
	at next (file:///Users/rachelk/.rvm/gems/ruby-2.2.1/gems/learn-test-1.2.25/lib/learn_test/jasmine/jasmine.js:1517:40)
	at complete (file:///Users/rachelk/.rvm/gems/ruby-2.2.1/gems/learn-test-1.2.25/lib/learn_test/jasmine/jasmine.js:333:19)
	at clearStack (file:///Users/rachelk/.rvm/gems/ruby-2.2.1/gems/learn-test-1.2.25/lib/learn_test/jasmine/jasmine.js:506:11)
	at run (file:///Users/rachelk/.rvm/gems/ruby-2.2.1/gems/learn-test-1.2.25/lib/learn_test/jasmine/jasmine.js:1505:22)
	at execute (file:///Users/rachelk/.rvm/gems/ruby-2.2.1/gems/learn-test-1.2.25/lib/learn_test/jasmine/jasmine.js:1485:13)
	at queueRunnerFactory (file:///Users/rachelk/.rvm/gems/ruby-2.2.1/gems/learn-test-1.2.25/lib/learn_test/jasmine/jasmine.js:518:42)
	at execute (file:///Users/rachelk/.rvm/gems/ruby-2.2.1/gems/learn-test-1.2.25/lib/learn_test/jasmine/jasmine.js:306:28)
	at file:///Users/rachelk/.rvm/gems/ruby-2.2.1/gems/learn-test-1.2.25/lib/learn_test/jasmine/jasmine.js:1708:44
	at attemptAsync (file:///Users/rachelk/.rvm/gems/ruby-2.2.1/gems/learn-test-1.2.25/lib/learn_test/jasmine/jasmine.js:1520:16)
	at run (file:///Users/rachelk/.rvm/gems/ruby-2.2.1/gems/learn-test-1.2.25/lib/learn_test/jasmine/jasmine.js:1496:28)
	at execute (file:///Users/rachelk/.rvm/gems/ruby-2.2.1/gems/learn-test-1.2.25/lib/learn_test/jasmine/jasmine.js:1485:13)
	at queueRunnerFactory (file:///Users/rachelk/.rvm/gems/ruby-2.2.1/gems/learn-test-1.2.25/lib/learn_test/jasmine/jasmine.js:518:42)
	at execute (file:///Users/rachelk/.rvm/gems/ruby-2.2.1/gems/learn-test-1.2.25/lib/learn_test/jasmine/jasmine.js:1694:21)
	at file:///Users/rachelk/.rvm/gems/ruby-2.2.1/gems/learn-test-1.2.25/lib/learn_test/jasmine/jasmine.js:1708:44
	at attemptAsync (file:///Users/rachelk/.rvm/gems/ruby-2.2.1/gems/learn-test-1.2.25/lib/learn_test/jasmine/jasmine.js:1520:16)
	at run (file:///Users/rachelk/.rvm/gems/ruby-2.2.1/gems/learn-test-1.2.25/lib/learn_test/jasmine/jasmine.js:1496:28)
	at next (file:///Users/rachelk/.rvm/gems/ruby-2.2.1/gems/learn-test-1.2.25/lib/learn_test/jasmine/jasmine.js:1517:40)
	at complete (file:///Users/rachelk/.rvm/gems/ruby-2.2.1/gems/learn-test-1.2.25/lib/learn_test/jasmine/jasmine.js:1703:19)
	at clearStack (file:///Users/rachelk/.rvm/gems/ruby-2.2.1/gems/learn-test-1.2.25/lib/learn_test/jasmine/jasmine.js:506:11)
	at run (file:///Users/rachelk/.rvm/gems/ruby-2.2.1/gems/learn-test-1.2.25/lib/learn_test/jasmine/jasmine.js:1505:22)
	at next (file:///Users/rachelk/.rvm/gems/ruby-2.2.1/gems/learn-test-1.2.25/lib/learn_test/jasmine/jasmine.js:1517:40)
	at complete (file:///Users/rachelk/.rvm/gems/ruby-2.2.1/gems/learn-test-1.2.25/lib/learn_test/jasmine/jasmine.js:333:19)
	at clearStack (file:///Users/rachelk/.rvm/gems/ruby-2.2.1/gems/learn-test-1.2.25/lib/learn_test/jasmine/jasmine.js:506:11)
	at run (file:///Users/rachelk/.rvm/gems/ruby-2.2.1/gems/learn-test-1.2.25/lib/learn_test/jasmine/jasmine.js:1505:22)
	at execute (file:///Users/rachelk/.rvm/gems/ruby-2.2.1/gems/learn-test-1.2.25/lib/learn_test/jasmine/jasmine.js:1485:13)
	at queueRunnerFactory (file:///Users/rachelk/.rvm/gems/ruby-2.2.1/gems/learn-test-1.2.25/lib/learn_test/jasmine/jasmine.js:518:42)
	at execute (file:///Users/rachelk/.rvm/gems/ruby-2.2.1/gems/learn-test-1.2.25/lib/learn_test/jasmine/jasmine.js:306:28)
	at file:///Users/rachelk/.rvm/gems/ruby-2.2.1/gems/learn-test-1.2.25/lib/learn_test/jasmine/jasmine.js:1708:44
	at attemptAsync (file:///Users/rachelk/.rvm/gems/ruby-2.2.1/gems/learn-test-1.2.25/lib/learn_test/jasmine/jasmine.js:1520:16)
	at run (file:///Users/rachelk/.rvm/gems/ruby-2.2.1/gems/learn-test-1.2.25/lib/learn_test/jasmine/jasmine.js:1496:28)
	at execute (file:///Users/rachelk/.rvm/gems/ruby-2.2.1/gems/learn-test-1.2.25/lib/learn_test/jasmine/jasmine.js:1485:13)
	at queueRunnerFactory (file:///Users/rachelk/.rvm/gems/ruby-2.2.1/gems/learn-test-1.2.25/lib/learn_test/jasmine/jasmine.js:518:42)
	at execute (file:///Users/rachelk/.rvm/gems/ruby-2.2.1/gems/learn-test-1.2.25/lib/learn_test/jasmine/jasmine.js:1694:21)
	at file:///Users/rachelk/.rvm/gems/ruby-2.2.1/gems/learn-test-1.2.25/lib/learn_test/jasmine/jasmine.js:1708:44
	at attemptAsync (file:///Users/rachelk/.rvm/gems/ruby-2.2.1/gems/learn-test-1.2.25/lib/learn_test/jasmine/jasmine.js:1520:16)
	at run (file:///Users/rachelk/.rvm/gems/ruby-2.2.1/gems/learn-test-1.2.25/lib/learn_test/jasmine/jasmine.js:1496:28)
	at next (file:///Users/rachelk/.rvm/gems/ruby-2.2.1/gems/learn-test-1.2.25/lib/learn_test/jasmine/jasmine.js:1517:40)
	at complete (file:///Users/rachelk/.rvm/gems/ruby-2.2.1/gems/learn-test-1.2.25/lib/learn_test/jasmine/jasmine.js:1703:19)
	at clearStack (file:///Users/rachelk/.rvm/gems/ruby-2.2.1/gems/learn-test-1.2.25/lib/learn_test/jasmine/jasmine.js:506:11)
	at run (file:///Users/rachelk/.rvm/gems/ruby-2.2.1/gems/learn-test-1.2.25/lib/learn_test/jasmine/jasmine.js:1505:22)
	at next (file:///Users/rachelk/.rvm/gems/ruby-2.2.1/gems/learn-test-1.2.25/lib/learn_test/jasmine/jasmine.js:1517:40)
	at complete (file:///Users/rachelk/.rvm/gems/ruby-2.2.1/gems/learn-test-1.2.25/lib/learn_test/jasmine/jasmine.js:333:19)
	at clearStack (file:///Users/rachelk/.rvm/gems/ruby-2.2.1/gems/learn-test-1.2.25/lib/learn_test/jasmine/jasmine.js:506:11)
	at run (file:///Users/rachelk/.rvm/gems/ruby-2.2.1/gems/learn-test-1.2.25/lib/learn_test/jasmine/jasmine.js:1505:22)
	at execute (file:///Users/rachelk/.rvm/gems/ruby-2.2.1/gems/learn-test-1.2.25/lib/learn_test/jasmine/jasmine.js:1485:13)
	at queueRunnerFactory (file:///Users/rachelk/.rvm/gems/ruby-2.2.1/gems/learn-test-1.2.25/lib/learn_test/jasmine/jasmine.js:518:42)
	at execute (file:///Users/rachelk/.rvm/gems/ruby-2.2.1/gems/learn-test-1.2.25/lib/learn_test/jasmine/jasmine.js:306:28)
	at file:///Users/rachelk/.rvm/gems/ruby-2.2.1/gems/learn-test-1.2.25/lib/learn_test/jasmine/jasmine.js:1708:44
	at attemptAsync (file:///Users/rachelk/.rvm/gems/ruby-2.2.1/gems/learn-test-1.2.25/lib/learn_test/jasmine/jasmine.js:1520:16)
	at run (file:///Users/rachelk/.rvm/gems/ruby-2.2.1/gems/learn-test-1.2.25/lib/learn_test/jasmine/jasmine.js:1496:28)
	at execute (file:///Users/rachelk/.rvm/gems/ruby-2.2.1/gems/learn-test-1.2.25/lib/learn_test/jasmine/jasmine.js:1485:13)
	at queueRunnerFactory (file:///Users/rachelk/.rvm/gems/ruby-2.2.1/gems/learn-test-1.2.25/lib/learn_test/jasmine/jasmine.js:518:42)
	at execute (file:///Users/rachelk/.rvm/gems/ruby-2.2.1/gems/learn-test-1.2.25/lib/learn_test/jasmine/jasmine.js:1694:21)
	at file:///Users/rachelk/.rvm/gems/ruby-2.2.1/gems/learn-test-1.2.25/lib/learn_test/jasmine/jasmine.js:1708:44
	at attemptAsync (file:///Users/rachelk/.rvm/gems/ruby-2.2.1/gems/learn-test-1.2.25/lib/learn_test/jasmine/jasmine.js:1520:16)
	at run (file:///Users/rachelk/.rvm/gems/ruby-2.2.1/gems/learn-test-1.2.25/lib/learn_test/jasmine/jasmine.js:1496:28)
	at execute (file:///Users/rachelk/.rvm/gems/ruby-2.2.1/gems/learn-test-1.2.25/lib/learn_test/jasmine/jasmine.js:1485:13)
	at queueRunnerFactory (file:///Users/rachelk/.rvm/gems/ruby-2.2.1/gems/learn-test-1.2.25/lib/learn_test/jasmine/jasmine.js:518:42)
	at execute (file:///Users/rachelk/.rvm/gems/ruby-2.2.1/gems/learn-test-1.2.25/lib/learn_test/jasmine/jasmine.js:1694:21)
	at file:///Users/rachelk/.rvm/gems/ruby-2.2.1/gems/learn-test-1.2.25/lib/learn_test/jasmine/jasmine.js:1708:44
	at attemptAsync (file:///Users/rachelk/.rvm/gems/ruby-2.2.1/gems/learn-test-1.2.25/lib/learn_test/jasmine/jasmine.js:1520:16)
	at run (file:///Users/rachelk/.rvm/gems/ruby-2.2.1/gems/learn-test-1.2.25/lib/learn_test/jasmine/jasmine.js:1496:28)
	at execute (file:///Users/rachelk/.rvm/gems/ruby-2.2.1/gems/learn-test-1.2.25/lib/learn_test/jasmine/jasmine.js:1485:13)
	at queueRunnerFactory (file:///Users/rachelk/.rvm/gems/ruby-2.2.1/gems/learn-test-1.2.25/lib/learn_test/jasmine/jasmine.js:518:42)
	at execute (file:///Users/rachelk/.rvm/gems/ruby-2.2.1/gems/learn-test-1.2.25/lib/learn_test/jasmine/jasmine.js:1694:21)
	at file:///Users/rachelk/.rvm/gems/ruby-2.2.1/gems/learn-test-1.2.25/lib/learn_test/jasmine/jasmine.js:541:83
	at attemptAsync (file:///Users/rachelk/.rvm/gems/ruby-2.2.1/gems/learn-test-1.2.25/lib/learn_test/jasmine/jasmine.js:1520:16)
	at run (file:///Users/rachelk/.rvm/gems/ruby-2.2.1/gems/learn-test-1.2.25/lib/learn_test/jasmine/jasmine.js:1496:28)
	at execute (file:///Users/rachelk/.rvm/gems/ruby-2.2.1/gems/learn-test-1.2.25/lib/learn_test/jasmine/jasmine.js:1485:13)
	at queueRunnerFactory (file:///Users/rachelk/.rvm/gems/ruby-2.2.1/gems/learn-test-1.2.25/lib/learn_test/jasmine/jasmine.js:518:42)
	at execute (file:///Users/rachelk/.rvm/gems/ruby-2.2.1/gems/learn-test-1.2.25/lib/learn_test/jasmine/jasmine.js:548:25)
	at onload (file:///Users/rachelk/.rvm/gems/ruby-2.2.1/gems/learn-test-1.2.25/lib/learn_test/jasmine/boot.js:172:16)			</failure>
		</testcase>
		<testcase classname="Tic Tac Toe Functionality" name="#updateState calls on `player()`" time="0.001">
			<failure type="" message="ReferenceError: Can&amp;apos;t find variable: attachListeners in file:///Users/rachelk/Dropbox/Development/Rails-JS/js-tictactoe-rails-api-v-000/spec/tictactoe.spec.js (line 58)">
	at file:///Users/rachelk/Dropbox/Development/Rails-JS/js-tictactoe-rails-api-v-000/spec/tictactoe.spec.js:58:22
	at attemptSync (file:///Users/rachelk/.rvm/gems/ruby-2.2.1/gems/learn-test-1.2.25/lib/learn_test/jasmine/jasmine.js:1510:16)
	at run (file:///Users/rachelk/.rvm/gems/ruby-2.2.1/gems/learn-test-1.2.25/lib/learn_test/jasmine/jasmine.js:1498:20)
	at execute (file:///Users/rachelk/.rvm/gems/ruby-2.2.1/gems/learn-test-1.2.25/lib/learn_test/jasmine/jasmine.js:1485:13)
	at queueRunnerFactory (file:///Users/rachelk/.rvm/gems/ruby-2.2.1/gems/learn-test-1.2.25/lib/learn_test/jasmine/jasmine.js:518:42)
	at execute (file:///Users/rachelk/.rvm/gems/ruby-2.2.1/gems/learn-test-1.2.25/lib/learn_test/jasmine/jasmine.js:306:28)
	at file:///Users/rachelk/.rvm/gems/ruby-2.2.1/gems/learn-test-1.2.25/lib/learn_test/jasmine/jasmine.js:1708:44
	at attemptAsync (file:///Users/rachelk/.rvm/gems/ruby-2.2.1/gems/learn-test-1.2.25/lib/learn_test/jasmine/jasmine.js:1520:16)
	at run (file:///Users/rachelk/.rvm/gems/ruby-2.2.1/gems/learn-test-1.2.25/lib/learn_test/jasmine/jasmine.js:1496:28)
	at next (file:///Users/rachelk/.rvm/gems/ruby-2.2.1/gems/learn-test-1.2.25/lib/learn_test/jasmine/jasmine.js:1517:40)
	at complete (file:///Users/rachelk/.rvm/gems/ruby-2.2.1/gems/learn-test-1.2.25/lib/learn_test/jasmine/jasmine.js:333:19)
	at clearStack (file:///Users/rachelk/.rvm/gems/ruby-2.2.1/gems/learn-test-1.2.25/lib/learn_test/jasmine/jasmine.js:506:11)
	at run (file:///Users/rachelk/.rvm/gems/ruby-2.2.1/gems/learn-test-1.2.25/lib/learn_test/jasmine/jasmine.js:1505:22)
	at execute (file:///Users/rachelk/.rvm/gems/ruby-2.2.1/gems/learn-test-1.2.25/lib/learn_test/jasmine/jasmine.js:1485:13)
	at queueRunnerFactory (file:///Users/rachelk/.rvm/gems/ruby-2.2.1/gems/learn-test-1.2.25/lib/learn_test/jasmine/jasmine.js:518:42)
	at execute (file:///Users/rachelk/.rvm/gems/ruby-2.2.1/gems/learn-test-1.2.25/lib/learn_test/jasmine/jasmine.js:306:28)
	at file:///Users/rachelk/.rvm/gems/ruby-2.2.1/gems/learn-test-1.2.25/lib/learn_test/jasmine/jasmine.js:1708:44
	at attemptAsync (file:///Users/rachelk/.rvm/gems/ruby-2.2.1/gems/learn-test-1.2.25/lib/learn_test/jasmine/jasmine.js:1520:16)
	at run (file:///Users/rachelk/.rvm/gems/ruby-2.2.1/gems/learn-test-1.2.25/lib/learn_test/jasmine/jasmine.js:1496:28)
	at execute (file:///Users/rachelk/.rvm/gems/ruby-2.2.1/gems/learn-test-1.2.25/lib/learn_test/jasmine/jasmine.js:1485:13)
	at queueRunnerFactory (file:///Users/rachelk/.rvm/gems/ruby-2.2.1/gems/learn-test-1.2.25/lib/learn_test/jasmine/jasmine.js:518:42)
	at execute (file:///Users/rachelk/.rvm/gems/ruby-2.2.1/gems/learn-test-1.2.25/lib/learn_test/jasmine/jasmine.js:1694:21)
	at file:///Users/rachelk/.rvm/gems/ruby-2.2.1/gems/learn-test-1.2.25/lib/learn_test/jasmine/jasmine.js:1708:44
	at attemptAsync (file:///Users/rachelk/.rvm/gems/ruby-2.2.1/gems/learn-test-1.2.25/lib/learn_test/jasmine/jasmine.js:1520:16)
	at run (file:///Users/rachelk/.rvm/gems/ruby-2.2.1/gems/learn-test-1.2.25/lib/learn_test/jasmine/jasmine.js:1496:28)
	at next (file:///Users/rachelk/.rvm/gems/ruby-2.2.1/gems/learn-test-1.2.25/lib/learn_test/jasmine/jasmine.js:1517:40)
	at complete (file:///Users/rachelk/.rvm/gems/ruby-2.2.1/gems/learn-test-1.2.25/lib/learn_test/jasmine/jasmine.js:1703:19)
	at clearStack (file:///Users/rachelk/.rvm/gems/ruby-2.2.1/gems/learn-test-1.2.25/lib/learn_test/jasmine/jasmine.js:506:11)
	at run (file:///Users/rachelk/.rvm/gems/ruby-2.2.1/gems/learn-test-1.2.25/lib/learn_test/jasmine/jasmine.js:1505:22)
	at next (file:///Users/rachelk/.rvm/gems/ruby-2.2.1/gems/learn-test-1.2.25/lib/learn_test/jasmine/jasmine.js:1517:40)
	at complete (file:///Users/rachelk/.rvm/gems/ruby-2.2.1/gems/learn-test-1.2.25/lib/learn_test/jasmine/jasmine.js:333:19)
	at clearStack (file:///Users/rachelk/.rvm/gems/ruby-2.2.1/gems/learn-test-1.2.25/lib/learn_test/jasmine/jasmine.js:506:11)
	at run (file:///Users/rachelk/.rvm/gems/ruby-2.2.1/gems/learn-test-1.2.25/lib/learn_test/jasmine/jasmine.js:1505:22)
	at execute (file:///Users/rachelk/.rvm/gems/ruby-2.2.1/gems/learn-test-1.2.25/lib/learn_test/jasmine/jasmine.js:1485:13)
	at queueRunnerFactory (file:///Users/rachelk/.rvm/gems/ruby-2.2.1/gems/learn-test-1.2.25/lib/learn_test/jasmine/jasmine.js:518:42)
	at execute (file:///Users/rachelk/.rvm/gems/ruby-2.2.1/gems/learn-test-1.2.25/lib/learn_test/jasmine/jasmine.js:306:28)
	at file:///Users/rachelk/.rvm/gems/ruby-2.2.1/gems/learn-test-1.2.25/lib/learn_test/jasmine/jasmine.js:1708:44
	at attemptAsync (file:///Users/rachelk/.rvm/gems/ruby-2.2.1/gems/learn-test-1.2.25/lib/learn_test/jasmine/jasmine.js:1520:16)
	at run (file:///Users/rachelk/.rvm/gems/ruby-2.2.1/gems/learn-test-1.2.25/lib/learn_test/jasmine/jasmine.js:1496:28)
	at next (file:///Users/rachelk/.rvm/gems/ruby-2.2.1/gems/learn-test-1.2.25/lib/learn_test/jasmine/jasmine.js:1517:40)
	at complete (file:///Users/rachelk/.rvm/gems/ruby-2.2.1/gems/learn-test-1.2.25/lib/learn_test/jasmine/jasmine.js:333:19)
	at clearStack (file:///Users/rachelk/.rvm/gems/ruby-2.2.1/gems/learn-test-1.2.25/lib/learn_test/jasmine/jasmine.js:506:11)
	at run (file:///Users/rachelk/.rvm/gems/ruby-2.2.1/gems/learn-test-1.2.25/lib/learn_test/jasmine/jasmine.js:1505:22)
	at execute (file:///Users/rachelk/.rvm/gems/ruby-2.2.1/gems/learn-test-1.2.25/lib/learn_test/jasmine/jasmine.js:1485:13)
	at queueRunnerFactory (file:///Users/rachelk/.rvm/gems/ruby-2.2.1/gems/learn-test-1.2.25/lib/learn_test/jasmine/jasmine.js:518:42)
	at execute (file:///Users/rachelk/.rvm/gems/ruby-2.2.1/gems/learn-test-1.2.25/lib/learn_test/jasmine/jasmine.js:306:28)
	at file:///Users/rachelk/.rvm/gems/ruby-2.2.1/gems/learn-test-1.2.25/lib/learn_test/jasmine/jasmine.js:1708:44
	at attemptAsync (file:///Users/rachelk/.rvm/gems/ruby-2.2.1/gems/learn-test-1.2.25/lib/learn_test/jasmine/jasmine.js:1520:16)
	at run (file:///Users/rachelk/.rvm/gems/ruby-2.2.1/gems/learn-test-1.2.25/lib/learn_test/jasmine/jasmine.js:1496:28)
	at execute (file:///Users/rachelk/.rvm/gems/ruby-2.2.1/gems/learn-test-1.2.25/lib/learn_test/jasmine/jasmine.js:1485:13)
	at queueRunnerFactory (file:///Users/rachelk/.rvm/gems/ruby-2.2.1/gems/learn-test-1.2.25/lib/learn_test/jasmine/jasmine.js:518:42)
	at execute (file:///Users/rachelk/.rvm/gems/ruby-2.2.1/gems/learn-test-1.2.25/lib/learn_test/jasmine/jasmine.js:1694:21)
	at file:///Users/rachelk/.rvm/gems/ruby-2.2.1/gems/learn-test-1.2.25/lib/learn_test/jasmine/jasmine.js:1708:44
	at attemptAsync (file:///Users/rachelk/.rvm/gems/ruby-2.2.1/gems/learn-test-1.2.25/lib/learn_test/jasmine/jasmine.js:1520:16)
	at run (file:///Users/rachelk/.rvm/gems/ruby-2.2.1/gems/learn-test-1.2.25/lib/learn_test/jasmine/jasmine.js:1496:28)
	at next (file:///Users/rachelk/.rvm/gems/ruby-2.2.1/gems/learn-test-1.2.25/lib/learn_test/jasmine/jasmine.js:1517:40)
	at complete (file:///Users/rachelk/.rvm/gems/ruby-2.2.1/gems/learn-test-1.2.25/lib/learn_test/jasmine/jasmine.js:1703:19)
	at clearStack (file:///Users/rachelk/.rvm/gems/ruby-2.2.1/gems/learn-test-1.2.25/lib/learn_test/jasmine/jasmine.js:506:11)
	at run (file:///Users/rachelk/.rvm/gems/ruby-2.2.1/gems/learn-test-1.2.25/lib/learn_test/jasmine/jasmine.js:1505:22)
	at next (file:///Users/rachelk/.rvm/gems/ruby-2.2.1/gems/learn-test-1.2.25/lib/learn_test/jasmine/jasmine.js:1517:40)
	at complete (file:///Users/rachelk/.rvm/gems/ruby-2.2.1/gems/learn-test-1.2.25/lib/learn_test/jasmine/jasmine.js:333:19)
	at clearStack (file:///Users/rachelk/.rvm/gems/ruby-2.2.1/gems/learn-test-1.2.25/lib/learn_test/jasmine/jasmine.js:506:11)
	at run (file:///Users/rachelk/.rvm/gems/ruby-2.2.1/gems/learn-test-1.2.25/lib/learn_test/jasmine/jasmine.js:1505:22)
	at execute (file:///Users/rachelk/.rvm/gems/ruby-2.2.1/gems/learn-test-1.2.25/lib/learn_test/jasmine/jasmine.js:1485:13)
	at queueRunnerFactory (file:///Users/rachelk/.rvm/gems/ruby-2.2.1/gems/learn-test-1.2.25/lib/learn_test/jasmine/jasmine.js:518:42)
	at execute (file:///Users/rachelk/.rvm/gems/ruby-2.2.1/gems/learn-test-1.2.25/lib/learn_test/jasmine/jasmine.js:306:28)
	at file:///Users/rachelk/.rvm/gems/ruby-2.2.1/gems/learn-test-1.2.25/lib/learn_test/jasmine/jasmine.js:1708:44
	at attemptAsync (file:///Users/rachelk/.rvm/gems/ruby-2.2.1/gems/learn-test-1.2.25/lib/learn_test/jasmine/jasmine.js:1520:16)
	at run (file:///Users/rachelk/.rvm/gems/ruby-2.2.1/gems/learn-test-1.2.25/lib/learn_test/jasmine/jasmine.js:1496:28)
	at execute (file:///Users/rachelk/.rvm/gems/ruby-2.2.1/gems/learn-test-1.2.25/lib/learn_test/jasmine/jasmine.js:1485:13)
	at queueRunnerFactory (file:///Users/rachelk/.rvm/gems/ruby-2.2.1/gems/learn-test-1.2.25/lib/learn_test/jasmine/jasmine.js:518:42)
	at execute (file:///Users/rachelk/.rvm/gems/ruby-2.2.1/gems/learn-test-1.2.25/lib/learn_test/jasmine/jasmine.js:1694:21)
	at file:///Users/rachelk/.rvm/gems/ruby-2.2.1/gems/learn-test-1.2.25/lib/learn_test/jasmine/jasmine.js:1708:44
	at attemptAsync (file:///Users/rachelk/.rvm/gems/ruby-2.2.1/gems/learn-test-1.2.25/lib/learn_test/jasmine/jasmine.js:1520:16)
	at run (file:///Users/rachelk/.rvm/gems/ruby-2.2.1/gems/learn-test-1.2.25/lib/learn_test/jasmine/jasmine.js:1496:28)
	at next (file:///Users/rachelk/.rvm/gems/ruby-2.2.1/gems/learn-test-1.2.25/lib/learn_test/jasmine/jasmine.js:1517:40)
	at complete (file:///Users/rachelk/.rvm/gems/ruby-2.2.1/gems/learn-test-1.2.25/lib/learn_test/jasmine/jasmine.js:1703:19)
	at clearStack (file:///Users/rachelk/.rvm/gems/ruby-2.2.1/gems/learn-test-1.2.25/lib/learn_test/jasmine/jasmine.js:506:11)
	at run (file:///Users/rachelk/.rvm/gems/ruby-2.2.1/gems/learn-test-1.2.25/lib/learn_test/jasmine/jasmine.js:1505:22)
	at next (file:///Users/rachelk/.rvm/gems/ruby-2.2.1/gems/learn-test-1.2.25/lib/learn_test/jasmine/jasmine.js:1517:40)
	at complete (file:///Users/rachelk/.rvm/gems/ruby-2.2.1/gems/learn-test-1.2.25/lib/learn_test/jasmine/jasmine.js:333:19)
	at clearStack (file:///Users/rachelk/.rvm/gems/ruby-2.2.1/gems/learn-test-1.2.25/lib/learn_test/jasmine/jasmine.js:506:11)
	at run (file:///Users/rachelk/.rvm/gems/ruby-2.2.1/gems/learn-test-1.2.25/lib/learn_test/jasmine/jasmine.js:1505:22)
	at execute (file:///Users/rachelk/.rvm/gems/ruby-2.2.1/gems/learn-test-1.2.25/lib/learn_test/jasmine/jasmine.js:1485:13)
	at queueRunnerFactory (file:///Users/rachelk/.rvm/gems/ruby-2.2.1/gems/learn-test-1.2.25/lib/learn_test/jasmine/jasmine.js:518:42)
	at execute (file:///Users/rachelk/.rvm/gems/ruby-2.2.1/gems/learn-test-1.2.25/lib/learn_test/jasmine/jasmine.js:306:28)
	at file:///Users/rachelk/.rvm/gems/ruby-2.2.1/gems/learn-test-1.2.25/lib/learn_test/jasmine/jasmine.js:1708:44
	at attemptAsync (file:///Users/rachelk/.rvm/gems/ruby-2.2.1/gems/learn-test-1.2.25/lib/learn_test/jasmine/jasmine.js:1520:16)
	at run (file:///Users/rachelk/.rvm/gems/ruby-2.2.1/gems/learn-test-1.2.25/lib/learn_test/jasmine/jasmine.js:1496:28)
	at execute (file:///Users/rachelk/.rvm/gems/ruby-2.2.1/gems/learn-test-1.2.25/lib/learn_test/jasmine/jasmine.js:1485:13)
	at queueRunnerFactory (file:///Users/rachelk/.rvm/gems/ruby-2.2.1/gems/learn-test-1.2.25/lib/learn_test/jasmine/jasmine.js:518:42)
	at execute (file:///Users/rachelk/.rvm/gems/ruby-2.2.1/gems/learn-test-1.2.25/lib/learn_test/jasmine/jasmine.js:1694:21)
	at file:///Users/rachelk/.rvm/gems/ruby-2.2.1/gems/learn-test-1.2.25/lib/learn_test/jasmine/jasmine.js:1708:44
	at attemptAsync (file:///Users/rachelk/.rvm/gems/ruby-2.2.1/gems/learn-test-1.2.25/lib/learn_test/jasmine/jasmine.js:1520:16)
	at run (file:///Users/rachelk/.rvm/gems/ruby-2.2.1/gems/learn-test-1.2.25/lib/learn_test/jasmine/jasmine.js:1496:28)
	at execute (file:///Users/rachelk/.rvm/gems/ruby-2.2.1/gems/learn-test-1.2.25/lib/learn_test/jasmine/jasmine.js:1485:13)
	at queueRunnerFactory (file:///Users/rachelk/.rvm/gems/ruby-2.2.1/gems/learn-test-1.2.25/lib/learn_test/jasmine/jasmine.js:518:42)
	at execute (file:///Users/rachelk/.rvm/gems/ruby-2.2.1/gems/learn-test-1.2.25/lib/learn_test/jasmine/jasmine.js:1694:21)
	at file:///Users/rachelk/.rvm/gems/ruby-2.2.1/gems/learn-test-1.2.25/lib/learn_test/jasmine/jasmine.js:1708:44
	at attemptAsync (file:///Users/rachelk/.rvm/gems/ruby-2.2.1/gems/learn-test-1.2.25/lib/learn_test/jasmine/jasmine.js:1520:16)
	at run (file:///Users/rachelk/.rvm/gems/ruby-2.2.1/gems/learn-test-1.2.25/lib/learn_test/jasmine/jasmine.js:1496:28)
	at execute (file:///Users/rachelk/.rvm/gems/ruby-2.2.1/gems/learn-test-1.2.25/lib/learn_test/jasmine/jasmine.js:1485:13)
	at queueRunnerFactory (file:///Users/rachelk/.rvm/gems/ruby-2.2.1/gems/learn-test-1.2.25/lib/learn_test/jasmine/jasmine.js:518:42)
	at execute (file:///Users/rachelk/.rvm/gems/ruby-2.2.1/gems/learn-test-1.2.25/lib/learn_test/jasmine/jasmine.js:1694:21)
	at file:///Users/rachelk/.rvm/gems/ruby-2.2.1/gems/learn-test-1.2.25/lib/learn_test/jasmine/jasmine.js:541:83
	at attemptAsync (file:///Users/rachelk/.rvm/gems/ruby-2.2.1/gems/learn-test-1.2.25/lib/learn_test/jasmine/jasmine.js:1520:16)
	at run (file:///Users/rachelk/.rvm/gems/ruby-2.2.1/gems/learn-test-1.2.25/lib/learn_test/jasmine/jasmine.js:1496:28)
	at execute (file:///Users/rachelk/.rvm/gems/ruby-2.2.1/gems/learn-test-1.2.25/lib/learn_test/jasmine/jasmine.js:1485:13)
	at queueRunnerFactory (file:///Users/rachelk/.rvm/gems/ruby-2.2.1/gems/learn-test-1.2.25/lib/learn_test/jasmine/jasmine.js:518:42)
	at execute (file:///Users/rachelk/.rvm/gems/ruby-2.2.1/gems/learn-test-1.2.25/lib/learn_test/jasmine/jasmine.js:548:25)
	at onload (file:///Users/rachelk/.rvm/gems/ruby-2.2.1/gems/learn-test-1.2.25/lib/learn_test/jasmine/boot.js:172:16)			</failure>
		</testcase>
		<testcase classname="Tic Tac Toe Functionality" name="#message adds the string it&amp;apos;s passed to the div with an id of message" time="0.001">
			<failure type="" message="ReferenceError: Can&amp;apos;t find variable: attachListeners in file:///Users/rachelk/Dropbox/Development/Rails-JS/js-tictactoe-rails-api-v-000/spec/tictactoe.spec.js (line 69)">
	at file:///Users/rachelk/Dropbox/Development/Rails-JS/js-tictactoe-rails-api-v-000/spec/tictactoe.spec.js:69:22
	at attemptSync (file:///Users/rachelk/.rvm/gems/ruby-2.2.1/gems/learn-test-1.2.25/lib/learn_test/jasmine/jasmine.js:1510:16)
	at run (file:///Users/rachelk/.rvm/gems/ruby-2.2.1/gems/learn-test-1.2.25/lib/learn_test/jasmine/jasmine.js:1498:20)
	at execute (file:///Users/rachelk/.rvm/gems/ruby-2.2.1/gems/learn-test-1.2.25/lib/learn_test/jasmine/jasmine.js:1485:13)
	at queueRunnerFactory (file:///Users/rachelk/.rvm/gems/ruby-2.2.1/gems/learn-test-1.2.25/lib/learn_test/jasmine/jasmine.js:518:42)
	at execute (file:///Users/rachelk/.rvm/gems/ruby-2.2.1/gems/learn-test-1.2.25/lib/learn_test/jasmine/jasmine.js:306:28)
	at file:///Users/rachelk/.rvm/gems/ruby-2.2.1/gems/learn-test-1.2.25/lib/learn_test/jasmine/jasmine.js:1708:44
	at attemptAsync (file:///Users/rachelk/.rvm/gems/ruby-2.2.1/gems/learn-test-1.2.25/lib/learn_test/jasmine/jasmine.js:1520:16)
	at run (file:///Users/rachelk/.rvm/gems/ruby-2.2.1/gems/learn-test-1.2.25/lib/learn_test/jasmine/jasmine.js:1496:28)
	at execute (file:///Users/rachelk/.rvm/gems/ruby-2.2.1/gems/learn-test-1.2.25/lib/learn_test/jasmine/jasmine.js:1485:13)
	at queueRunnerFactory (file:///Users/rachelk/.rvm/gems/ruby-2.2.1/gems/learn-test-1.2.25/lib/learn_test/jasmine/jasmine.js:518:42)
	at execute (file:///Users/rachelk/.rvm/gems/ruby-2.2.1/gems/learn-test-1.2.25/lib/learn_test/jasmine/jasmine.js:1694:21)
	at file:///Users/rachelk/.rvm/gems/ruby-2.2.1/gems/learn-test-1.2.25/lib/learn_test/jasmine/jasmine.js:1708:44
	at attemptAsync (file:///Users/rachelk/.rvm/gems/ruby-2.2.1/gems/learn-test-1.2.25/lib/learn_test/jasmine/jasmine.js:1520:16)
	at run (file:///Users/rachelk/.rvm/gems/ruby-2.2.1/gems/learn-test-1.2.25/lib/learn_test/jasmine/jasmine.js:1496:28)
	at next (file:///Users/rachelk/.rvm/gems/ruby-2.2.1/gems/learn-test-1.2.25/lib/learn_test/jasmine/jasmine.js:1517:40)
	at complete (file:///Users/rachelk/.rvm/gems/ruby-2.2.1/gems/learn-test-1.2.25/lib/learn_test/jasmine/jasmine.js:1703:19)
	at clearStack (file:///Users/rachelk/.rvm/gems/ruby-2.2.1/gems/learn-test-1.2.25/lib/learn_test/jasmine/jasmine.js:506:11)
	at run (file:///Users/rachelk/.rvm/gems/ruby-2.2.1/gems/learn-test-1.2.25/lib/learn_test/jasmine/jasmine.js:1505:22)
	at next (file:///Users/rachelk/.rvm/gems/ruby-2.2.1/gems/learn-test-1.2.25/lib/learn_test/jasmine/jasmine.js:1517:40)
	at complete (file:///Users/rachelk/.rvm/gems/ruby-2.2.1/gems/learn-test-1.2.25/lib/learn_test/jasmine/jasmine.js:333:19)
	at clearStack (file:///Users/rachelk/.rvm/gems/ruby-2.2.1/gems/learn-test-1.2.25/lib/learn_test/jasmine/jasmine.js:506:11)
	at run (file:///Users/rachelk/.rvm/gems/ruby-2.2.1/gems/learn-test-1.2.25/lib/learn_test/jasmine/jasmine.js:1505:22)
	at execute (file:///Users/rachelk/.rvm/gems/ruby-2.2.1/gems/learn-test-1.2.25/lib/learn_test/jasmine/jasmine.js:1485:13)
	at queueRunnerFactory (file:///Users/rachelk/.rvm/gems/ruby-2.2.1/gems/learn-test-1.2.25/lib/learn_test/jasmine/jasmine.js:518:42)
	at execute (file:///Users/rachelk/.rvm/gems/ruby-2.2.1/gems/learn-test-1.2.25/lib/learn_test/jasmine/jasmine.js:306:28)
	at file:///Users/rachelk/.rvm/gems/ruby-2.2.1/gems/learn-test-1.2.25/lib/learn_test/jasmine/jasmine.js:1708:44
	at attemptAsync (file:///Users/rachelk/.rvm/gems/ruby-2.2.1/gems/learn-test-1.2.25/lib/learn_test/jasmine/jasmine.js:1520:16)
	at run (file:///Users/rachelk/.rvm/gems/ruby-2.2.1/gems/learn-test-1.2.25/lib/learn_test/jasmine/jasmine.js:1496:28)
	at next (file:///Users/rachelk/.rvm/gems/ruby-2.2.1/gems/learn-test-1.2.25/lib/learn_test/jasmine/jasmine.js:1517:40)
	at complete (file:///Users/rachelk/.rvm/gems/ruby-2.2.1/gems/learn-test-1.2.25/lib/learn_test/jasmine/jasmine.js:333:19)
	at clearStack (file:///Users/rachelk/.rvm/gems/ruby-2.2.1/gems/learn-test-1.2.25/lib/learn_test/jasmine/jasmine.js:506:11)
	at run (file:///Users/rachelk/.rvm/gems/ruby-2.2.1/gems/learn-test-1.2.25/lib/learn_test/jasmine/jasmine.js:1505:22)
	at execute (file:///Users/rachelk/.rvm/gems/ruby-2.2.1/gems/learn-test-1.2.25/lib/learn_test/jasmine/jasmine.js:1485:13)
	at queueRunnerFactory (file:///Users/rachelk/.rvm/gems/ruby-2.2.1/gems/learn-test-1.2.25/lib/learn_test/jasmine/jasmine.js:518:42)
	at execute (file:///Users/rachelk/.rvm/gems/ruby-2.2.1/gems/learn-test-1.2.25/lib/learn_test/jasmine/jasmine.js:306:28)
	at file:///Users/rachelk/.rvm/gems/ruby-2.2.1/gems/learn-test-1.2.25/lib/learn_test/jasmine/jasmine.js:1708:44
	at attemptAsync (file:///Users/rachelk/.rvm/gems/ruby-2.2.1/gems/learn-test-1.2.25/lib/learn_test/jasmine/jasmine.js:1520:16)
	at run (file:///Users/rachelk/.rvm/gems/ruby-2.2.1/gems/learn-test-1.2.25/lib/learn_test/jasmine/jasmine.js:1496:28)
	at execute (file:///Users/rachelk/.rvm/gems/ruby-2.2.1/gems/learn-test-1.2.25/lib/learn_test/jasmine/jasmine.js:1485:13)
	at queueRunnerFactory (file:///Users/rachelk/.rvm/gems/ruby-2.2.1/gems/learn-test-1.2.25/lib/learn_test/jasmine/jasmine.js:518:42)
	at execute (file:///Users/rachelk/.rvm/gems/ruby-2.2.1/gems/learn-test-1.2.25/lib/learn_test/jasmine/jasmine.js:1694:21)
	at file:///Users/rachelk/.rvm/gems/ruby-2.2.1/gems/learn-test-1.2.25/lib/learn_test/jasmine/jasmine.js:1708:44
	at attemptAsync (file:///Users/rachelk/.rvm/gems/ruby-2.2.1/gems/learn-test-1.2.25/lib/learn_test/jasmine/jasmine.js:1520:16)
	at run (file:///Users/rachelk/.rvm/gems/ruby-2.2.1/gems/learn-test-1.2.25/lib/learn_test/jasmine/jasmine.js:1496:28)
	at next (file:///Users/rachelk/.rvm/gems/ruby-2.2.1/gems/learn-test-1.2.25/lib/learn_test/jasmine/jasmine.js:1517:40)
	at complete (file:///Users/rachelk/.rvm/gems/ruby-2.2.1/gems/learn-test-1.2.25/lib/learn_test/jasmine/jasmine.js:1703:19)
	at clearStack (file:///Users/rachelk/.rvm/gems/ruby-2.2.1/gems/learn-test-1.2.25/lib/learn_test/jasmine/jasmine.js:506:11)
	at run (file:///Users/rachelk/.rvm/gems/ruby-2.2.1/gems/learn-test-1.2.25/lib/learn_test/jasmine/jasmine.js:1505:22)
	at next (file:///Users/rachelk/.rvm/gems/ruby-2.2.1/gems/learn-test-1.2.25/lib/learn_test/jasmine/jasmine.js:1517:40)
	at complete (file:///Users/rachelk/.rvm/gems/ruby-2.2.1/gems/learn-test-1.2.25/lib/learn_test/jasmine/jasmine.js:333:19)
	at clearStack (file:///Users/rachelk/.rvm/gems/ruby-2.2.1/gems/learn-test-1.2.25/lib/learn_test/jasmine/jasmine.js:506:11)
	at run (file:///Users/rachelk/.rvm/gems/ruby-2.2.1/gems/learn-test-1.2.25/lib/learn_test/jasmine/jasmine.js:1505:22)
	at execute (file:///Users/rachelk/.rvm/gems/ruby-2.2.1/gems/learn-test-1.2.25/lib/learn_test/jasmine/jasmine.js:1485:13)
	at queueRunnerFactory (file:///Users/rachelk/.rvm/gems/ruby-2.2.1/gems/learn-test-1.2.25/lib/learn_test/jasmine/jasmine.js:518:42)
	at execute (file:///Users/rachelk/.rvm/gems/ruby-2.2.1/gems/learn-test-1.2.25/lib/learn_test/jasmine/jasmine.js:306:28)
	at file:///Users/rachelk/.rvm/gems/ruby-2.2.1/gems/learn-test-1.2.25/lib/learn_test/jasmine/jasmine.js:1708:44
	at attemptAsync (file:///Users/rachelk/.rvm/gems/ruby-2.2.1/gems/learn-test-1.2.25/lib/learn_test/jasmine/jasmine.js:1520:16)
	at run (file:///Users/rachelk/.rvm/gems/ruby-2.2.1/gems/learn-test-1.2.25/lib/learn_test/jasmine/jasmine.js:1496:28)
	at next (file:///Users/rachelk/.rvm/gems/ruby-2.2.1/gems/learn-test-1.2.25/lib/learn_test/jasmine/jasmine.js:1517:40)
	at complete (file:///Users/rachelk/.rvm/gems/ruby-2.2.1/gems/learn-test-1.2.25/lib/learn_test/jasmine/jasmine.js:333:19)
	at clearStack (file:///Users/rachelk/.rvm/gems/ruby-2.2.1/gems/learn-test-1.2.25/lib/learn_test/jasmine/jasmine.js:506:11)
	at run (file:///Users/rachelk/.rvm/gems/ruby-2.2.1/gems/learn-test-1.2.25/lib/learn_test/jasmine/jasmine.js:1505:22)
	at execute (file:///Users/rachelk/.rvm/gems/ruby-2.2.1/gems/learn-test-1.2.25/lib/learn_test/jasmine/jasmine.js:1485:13)
	at queueRunnerFactory (file:///Users/rachelk/.rvm/gems/ruby-2.2.1/gems/learn-test-1.2.25/lib/learn_test/jasmine/jasmine.js:518:42)
	at execute (file:///Users/rachelk/.rvm/gems/ruby-2.2.1/gems/learn-test-1.2.25/lib/learn_test/jasmine/jasmine.js:306:28)
	at file:///Users/rachelk/.rvm/gems/ruby-2.2.1/gems/learn-test-1.2.25/lib/learn_test/jasmine/jasmine.js:1708:44
	at attemptAsync (file:///Users/rachelk/.rvm/gems/ruby-2.2.1/gems/learn-test-1.2.25/lib/learn_test/jasmine/jasmine.js:1520:16)
	at run (file:///Users/rachelk/.rvm/gems/ruby-2.2.1/gems/learn-test-1.2.25/lib/learn_test/jasmine/jasmine.js:1496:28)
	at execute (file:///Users/rachelk/.rvm/gems/ruby-2.2.1/gems/learn-test-1.2.25/lib/learn_test/jasmine/jasmine.js:1485:13)
	at queueRunnerFactory (file:///Users/rachelk/.rvm/gems/ruby-2.2.1/gems/learn-test-1.2.25/lib/learn_test/jasmine/jasmine.js:518:42)
	at execute (file:///Users/rachelk/.rvm/gems/ruby-2.2.1/gems/learn-test-1.2.25/lib/learn_test/jasmine/jasmine.js:1694:21)
	at file:///Users/rachelk/.rvm/gems/ruby-2.2.1/gems/learn-test-1.2.25/lib/learn_test/jasmine/jasmine.js:1708:44
	at attemptAsync (file:///Users/rachelk/.rvm/gems/ruby-2.2.1/gems/learn-test-1.2.25/lib/learn_test/jasmine/jasmine.js:1520:16)
	at run (file:///Users/rachelk/.rvm/gems/ruby-2.2.1/gems/learn-test-1.2.25/lib/learn_test/jasmine/jasmine.js:1496:28)
	at next (file:///Users/rachelk/.rvm/gems/ruby-2.2.1/gems/learn-test-1.2.25/lib/learn_test/jasmine/jasmine.js:1517:40)
	at complete (file:///Users/rachelk/.rvm/gems/ruby-2.2.1/gems/learn-test-1.2.25/lib/learn_test/jasmine/jasmine.js:1703:19)
	at clearStack (file:///Users/rachelk/.rvm/gems/ruby-2.2.1/gems/learn-test-1.2.25/lib/learn_test/jasmine/jasmine.js:506:11)
	at run (file:///Users/rachelk/.rvm/gems/ruby-2.2.1/gems/learn-test-1.2.25/lib/learn_test/jasmine/jasmine.js:1505:22)
	at next (file:///Users/rachelk/.rvm/gems/ruby-2.2.1/gems/learn-test-1.2.25/lib/learn_test/jasmine/jasmine.js:1517:40)
	at complete (file:///Users/rachelk/.rvm/gems/ruby-2.2.1/gems/learn-test-1.2.25/lib/learn_test/jasmine/jasmine.js:333:19)
	at clearStack (file:///Users/rachelk/.rvm/gems/ruby-2.2.1/gems/learn-test-1.2.25/lib/learn_test/jasmine/jasmine.js:506:11)
	at run (file:///Users/rachelk/.rvm/gems/ruby-2.2.1/gems/learn-test-1.2.25/lib/learn_test/jasmine/jasmine.js:1505:22)
	at execute (file:///Users/rachelk/.rvm/gems/ruby-2.2.1/gems/learn-test-1.2.25/lib/learn_test/jasmine/jasmine.js:1485:13)
	at queueRunnerFactory (file:///Users/rachelk/.rvm/gems/ruby-2.2.1/gems/learn-test-1.2.25/lib/learn_test/jasmine/jasmine.js:518:42)
	at execute (file:///Users/rachelk/.rvm/gems/ruby-2.2.1/gems/learn-test-1.2.25/lib/learn_test/jasmine/jasmine.js:306:28)
	at file:///Users/rachelk/.rvm/gems/ruby-2.2.1/gems/learn-test-1.2.25/lib/learn_test/jasmine/jasmine.js:1708:44
	at attemptAsync (file:///Users/rachelk/.rvm/gems/ruby-2.2.1/gems/learn-test-1.2.25/lib/learn_test/jasmine/jasmine.js:1520:16)
	at run (file:///Users/rachelk/.rvm/gems/ruby-2.2.1/gems/learn-test-1.2.25/lib/learn_test/jasmine/jasmine.js:1496:28)
	at execute (file:///Users/rachelk/.rvm/gems/ruby-2.2.1/gems/learn-test-1.2.25/lib/learn_test/jasmine/jasmine.js:1485:13)
	at queueRunnerFactory (file:///Users/rachelk/.rvm/gems/ruby-2.2.1/gems/learn-test-1.2.25/lib/learn_test/jasmine/jasmine.js:518:42)
	at execute (file:///Users/rachelk/.rvm/gems/ruby-2.2.1/gems/learn-test-1.2.25/lib/learn_test/jasmine/jasmine.js:1694:21)
	at file:///Users/rachelk/.rvm/gems/ruby-2.2.1/gems/learn-test-1.2.25/lib/learn_test/jasmine/jasmine.js:1708:44
	at attemptAsync (file:///Users/rachelk/.rvm/gems/ruby-2.2.1/gems/learn-test-1.2.25/lib/learn_test/jasmine/jasmine.js:1520:16)
	at run (file:///Users/rachelk/.rvm/gems/ruby-2.2.1/gems/learn-test-1.2.25/lib/learn_test/jasmine/jasmine.js:1496:28)
	at next (file:///Users/rachelk/.rvm/gems/ruby-2.2.1/gems/learn-test-1.2.25/lib/learn_test/jasmine/jasmine.js:1517:40)
	at complete (file:///Users/rachelk/.rvm/gems/ruby-2.2.1/gems/learn-test-1.2.25/lib/learn_test/jasmine/jasmine.js:1703:19)
	at clearStack (file:///Users/rachelk/.rvm/gems/ruby-2.2.1/gems/learn-test-1.2.25/lib/learn_test/jasmine/jasmine.js:506:11)
	at run (file:///Users/rachelk/.rvm/gems/ruby-2.2.1/gems/learn-test-1.2.25/lib/learn_test/jasmine/jasmine.js:1505:22)
	at next (file:///Users/rachelk/.rvm/gems/ruby-2.2.1/gems/learn-test-1.2.25/lib/learn_test/jasmine/jasmine.js:1517:40)
	at complete (file:///Users/rachelk/.rvm/gems/ruby-2.2.1/gems/learn-test-1.2.25/lib/learn_test/jasmine/jasmine.js:333:19)
	at clearStack (file:///Users/rachelk/.rvm/gems/ruby-2.2.1/gems/learn-test-1.2.25/lib/learn_test/jasmine/jasmine.js:506:11)
	at run (file:///Users/rachelk/.rvm/gems/ruby-2.2.1/gems/learn-test-1.2.25/lib/learn_test/jasmine/jasmine.js:1505:22)
	at execute (file:///Users/rachelk/.rvm/gems/ruby-2.2.1/gems/learn-test-1.2.25/lib/learn_test/jasmine/jasmine.js:1485:13)
	at queueRunnerFactory (file:///Users/rachelk/.rvm/gems/ruby-2.2.1/gems/learn-test-1.2.25/lib/learn_test/jasmine/jasmine.js:518:42)
	at execute (file:///Users/rachelk/.rvm/gems/ruby-2.2.1/gems/learn-test-1.2.25/lib/learn_test/jasmine/jasmine.js:306:28)
	at file:///Users/rachelk/.rvm/gems/ruby-2.2.1/gems/learn-test-1.2.25/lib/learn_test/jasmine/jasmine.js:1708:44
	at attemptAsync (file:///Users/rachelk/.rvm/gems/ruby-2.2.1/gems/learn-test-1.2.25/lib/learn_test/jasmine/jasmine.js:1520:16)
	at run (file:///Users/rachelk/.rvm/gems/ruby-2.2.1/gems/learn-test-1.2.25/lib/learn_test/jasmine/jasmine.js:1496:28)
	at execute (file:///Users/rachelk/.rvm/gems/ruby-2.2.1/gems/learn-test-1.2.25/lib/learn_test/jasmine/jasmine.js:1485:13)
	at queueRunnerFactory (file:///Users/rachelk/.rvm/gems/ruby-2.2.1/gems/learn-test-1.2.25/lib/learn_test/jasmine/jasmine.js:518:42)
	at execute (file:///Users/rachelk/.rvm/gems/ruby-2.2.1/gems/learn-test-1.2.25/lib/learn_test/jasmine/jasmine.js:1694:21)
	at file:///Users/rachelk/.rvm/gems/ruby-2.2.1/gems/learn-test-1.2.25/lib/learn_test/jasmine/jasmine.js:1708:44
	at attemptAsync (file:///Users/rachelk/.rvm/gems/ruby-2.2.1/gems/learn-test-1.2.25/lib/learn_test/jasmine/jasmine.js:1520:16)
	at run (file:///Users/rachelk/.rvm/gems/ruby-2.2.1/gems/learn-test-1.2.25/lib/learn_test/jasmine/jasmine.js:1496:28)
	at execute (file:///Users/rachelk/.rvm/gems/ruby-2.2.1/gems/learn-test-1.2.25/lib/learn_test/jasmine/jasmine.js:1485:13)
	at queueRunnerFactory (file:///Users/rachelk/.rvm/gems/ruby-2.2.1/gems/learn-test-1.2.25/lib/learn_test/jasmine/jasmine.js:518:42)
	at execute (file:///Users/rachelk/.rvm/gems/ruby-2.2.1/gems/learn-test-1.2.25/lib/learn_test/jasmine/jasmine.js:1694:21)
	at file:///Users/rachelk/.rvm/gems/ruby-2.2.1/gems/learn-test-1.2.25/lib/learn_test/jasmine/jasmine.js:1708:44
	at attemptAsync (file:///Users/rachelk/.rvm/gems/ruby-2.2.1/gems/learn-test-1.2.25/lib/learn_test/jasmine/jasmine.js:1520:16)
	at run (file:///Users/rachelk/.rvm/gems/ruby-2.2.1/gems/learn-test-1.2.25/lib/learn_test/jasmine/jasmine.js:1496:28)
	at execute (file:///Users/rachelk/.rvm/gems/ruby-2.2.1/gems/learn-test-1.2.25/lib/learn_test/jasmine/jasmine.js:1485:13)
	at queueRunnerFactory (file:///Users/rachelk/.rvm/gems/ruby-2.2.1/gems/learn-test-1.2.25/lib/learn_test/jasmine/jasmine.js:518:42)
	at execute (file:///Users/rachelk/.rvm/gems/ruby-2.2.1/gems/learn-test-1.2.25/lib/learn_test/jasmine/jasmine.js:1694:21)
	at file:///Users/rachelk/.rvm/gems/ruby-2.2.1/gems/learn-test-1.2.25/lib/learn_test/jasmine/jasmine.js:541:83
	at attemptAsync (file:///Users/rachelk/.rvm/gems/ruby-2.2.1/gems/learn-test-1.2.25/lib/learn_test/jasmine/jasmine.js:1520:16)
	at run (file:///Users/rachelk/.rvm/gems/ruby-2.2.1/gems/learn-test-1.2.25/lib/learn_test/jasmine/jasmine.js:1496:28)
	at execute (file:///Users/rachelk/.rvm/gems/ruby-2.2.1/gems/learn-test-1.2.25/lib/learn_test/jasmine/jasmine.js:1485:13)
	at queueRunnerFactory (file:///Users/rachelk/.rvm/gems/ruby-2.2.1/gems/learn-test-1.2.25/lib/learn_test/jasmine/jasmine.js:518:42)
	at execute (file:///Users/rachelk/.rvm/gems/ruby-2.2.1/gems/learn-test-1.2.25/lib/learn_test/jasmine/jasmine.js:548:25)
	at onload (file:///Users/rachelk/.rvm/gems/ruby-2.2.1/gems/learn-test-1.2.25/lib/learn_test/jasmine/boot.js:172:16)			</failure>
		</testcase>
		<testcase classname="Tic Tac Toe Functionality" name="#checkWinner returns false if there is no winning combo on the board" time="0.001">
			<failure type="" message="ReferenceError: Can&amp;apos;t find variable: attachListeners in file:///Users/rachelk/Dropbox/Development/Rails-JS/js-tictactoe-rails-api-v-000/spec/tictactoe.spec.js (line 79)">
	at file:///Users/rachelk/Dropbox/Development/Rails-JS/js-tictactoe-rails-api-v-000/spec/tictactoe.spec.js:79:22
	at attemptSync (file:///Users/rachelk/.rvm/gems/ruby-2.2.1/gems/learn-test-1.2.25/lib/learn_test/jasmine/jasmine.js:1510:16)
	at run (file:///Users/rachelk/.rvm/gems/ruby-2.2.1/gems/learn-test-1.2.25/lib/learn_test/jasmine/jasmine.js:1498:20)
	at execute (file:///Users/rachelk/.rvm/gems/ruby-2.2.1/gems/learn-test-1.2.25/lib/learn_test/jasmine/jasmine.js:1485:13)
	at queueRunnerFactory (file:///Users/rachelk/.rvm/gems/ruby-2.2.1/gems/learn-test-1.2.25/lib/learn_test/jasmine/jasmine.js:518:42)
	at execute (file:///Users/rachelk/.rvm/gems/ruby-2.2.1/gems/learn-test-1.2.25/lib/learn_test/jasmine/jasmine.js:306:28)
	at file:///Users/rachelk/.rvm/gems/ruby-2.2.1/gems/learn-test-1.2.25/lib/learn_test/jasmine/jasmine.js:1708:44
	at attemptAsync (file:///Users/rachelk/.rvm/gems/ruby-2.2.1/gems/learn-test-1.2.25/lib/learn_test/jasmine/jasmine.js:1520:16)
	at run (file:///Users/rachelk/.rvm/gems/ruby-2.2.1/gems/learn-test-1.2.25/lib/learn_test/jasmine/jasmine.js:1496:28)
	at execute (file:///Users/rachelk/.rvm/gems/ruby-2.2.1/gems/learn-test-1.2.25/lib/learn_test/jasmine/jasmine.js:1485:13)
	at queueRunnerFactory (file:///Users/rachelk/.rvm/gems/ruby-2.2.1/gems/learn-test-1.2.25/lib/learn_test/jasmine/jasmine.js:518:42)
	at execute (file:///Users/rachelk/.rvm/gems/ruby-2.2.1/gems/learn-test-1.2.25/lib/learn_test/jasmine/jasmine.js:1694:21)
	at file:///Users/rachelk/.rvm/gems/ruby-2.2.1/gems/learn-test-1.2.25/lib/learn_test/jasmine/jasmine.js:1708:44
	at attemptAsync (file:///Users/rachelk/.rvm/gems/ruby-2.2.1/gems/learn-test-1.2.25/lib/learn_test/jasmine/jasmine.js:1520:16)
	at run (file:///Users/rachelk/.rvm/gems/ruby-2.2.1/gems/learn-test-1.2.25/lib/learn_test/jasmine/jasmine.js:1496:28)
	at next (file:///Users/rachelk/.rvm/gems/ruby-2.2.1/gems/learn-test-1.2.25/lib/learn_test/jasmine/jasmine.js:1517:40)
	at complete (file:///Users/rachelk/.rvm/gems/ruby-2.2.1/gems/learn-test-1.2.25/lib/learn_test/jasmine/jasmine.js:1703:19)
	at clearStack (file:///Users/rachelk/.rvm/gems/ruby-2.2.1/gems/learn-test-1.2.25/lib/learn_test/jasmine/jasmine.js:506:11)
	at run (file:///Users/rachelk/.rvm/gems/ruby-2.2.1/gems/learn-test-1.2.25/lib/learn_test/jasmine/jasmine.js:1505:22)
	at next (file:///Users/rachelk/.rvm/gems/ruby-2.2.1/gems/learn-test-1.2.25/lib/learn_test/jasmine/jasmine.js:1517:40)
	at complete (file:///Users/rachelk/.rvm/gems/ruby-2.2.1/gems/learn-test-1.2.25/lib/learn_test/jasmine/jasmine.js:333:19)
	at clearStack (file:///Users/rachelk/.rvm/gems/ruby-2.2.1/gems/learn-test-1.2.25/lib/learn_test/jasmine/jasmine.js:506:11)
	at run (file:///Users/rachelk/.rvm/gems/ruby-2.2.1/gems/learn-test-1.2.25/lib/learn_test/jasmine/jasmine.js:1505:22)
	at execute (file:///Users/rachelk/.rvm/gems/ruby-2.2.1/gems/learn-test-1.2.25/lib/learn_test/jasmine/jasmine.js:1485:13)
	at queueRunnerFactory (file:///Users/rachelk/.rvm/gems/ruby-2.2.1/gems/learn-test-1.2.25/lib/learn_test/jasmine/jasmine.js:518:42)
	at execute (file:///Users/rachelk/.rvm/gems/ruby-2.2.1/gems/learn-test-1.2.25/lib/learn_test/jasmine/jasmine.js:306:28)
	at file:///Users/rachelk/.rvm/gems/ruby-2.2.1/gems/learn-test-1.2.25/lib/learn_test/jasmine/jasmine.js:1708:44
	at attemptAsync (file:///Users/rachelk/.rvm/gems/ruby-2.2.1/gems/learn-test-1.2.25/lib/learn_test/jasmine/jasmine.js:1520:16)
	at run (file:///Users/rachelk/.rvm/gems/ruby-2.2.1/gems/learn-test-1.2.25/lib/learn_test/jasmine/jasmine.js:1496:28)
	at execute (file:///Users/rachelk/.rvm/gems/ruby-2.2.1/gems/learn-test-1.2.25/lib/learn_test/jasmine/jasmine.js:1485:13)
	at queueRunnerFactory (file:///Users/rachelk/.rvm/gems/ruby-2.2.1/gems/learn-test-1.2.25/lib/learn_test/jasmine/jasmine.js:518:42)
	at execute (file:///Users/rachelk/.rvm/gems/ruby-2.2.1/gems/learn-test-1.2.25/lib/learn_test/jasmine/jasmine.js:1694:21)
	at file:///Users/rachelk/.rvm/gems/ruby-2.2.1/gems/learn-test-1.2.25/lib/learn_test/jasmine/jasmine.js:1708:44
	at attemptAsync (file:///Users/rachelk/.rvm/gems/ruby-2.2.1/gems/learn-test-1.2.25/lib/learn_test/jasmine/jasmine.js:1520:16)
	at run (file:///Users/rachelk/.rvm/gems/ruby-2.2.1/gems/learn-test-1.2.25/lib/learn_test/jasmine/jasmine.js:1496:28)
	at next (file:///Users/rachelk/.rvm/gems/ruby-2.2.1/gems/learn-test-1.2.25/lib/learn_test/jasmine/jasmine.js:1517:40)
	at complete (file:///Users/rachelk/.rvm/gems/ruby-2.2.1/gems/learn-test-1.2.25/lib/learn_test/jasmine/jasmine.js:1703:19)
	at clearStack (file:///Users/rachelk/.rvm/gems/ruby-2.2.1/gems/learn-test-1.2.25/lib/learn_test/jasmine/jasmine.js:506:11)
	at run (file:///Users/rachelk/.rvm/gems/ruby-2.2.1/gems/learn-test-1.2.25/lib/learn_test/jasmine/jasmine.js:1505:22)
	at next (file:///Users/rachelk/.rvm/gems/ruby-2.2.1/gems/learn-test-1.2.25/lib/learn_test/jasmine/jasmine.js:1517:40)
	at complete (file:///Users/rachelk/.rvm/gems/ruby-2.2.1/gems/learn-test-1.2.25/lib/learn_test/jasmine/jasmine.js:333:19)
	at clearStack (file:///Users/rachelk/.rvm/gems/ruby-2.2.1/gems/learn-test-1.2.25/lib/learn_test/jasmine/jasmine.js:506:11)
	at run (file:///Users/rachelk/.rvm/gems/ruby-2.2.1/gems/learn-test-1.2.25/lib/learn_test/jasmine/jasmine.js:1505:22)
	at execute (file:///Users/rachelk/.rvm/gems/ruby-2.2.1/gems/learn-test-1.2.25/lib/learn_test/jasmine/jasmine.js:1485:13)
	at queueRunnerFactory (file:///Users/rachelk/.rvm/gems/ruby-2.2.1/gems/learn-test-1.2.25/lib/learn_test/jasmine/jasmine.js:518:42)
	at execute (file:///Users/rachelk/.rvm/gems/ruby-2.2.1/gems/learn-test-1.2.25/lib/learn_test/jasmine/jasmine.js:306:28)
	at file:///Users/rachelk/.rvm/gems/ruby-2.2.1/gems/learn-test-1.2.25/lib/learn_test/jasmine/jasmine.js:1708:44
	at attemptAsync (file:///Users/rachelk/.rvm/gems/ruby-2.2.1/gems/learn-test-1.2.25/lib/learn_test/jasmine/jasmine.js:1520:16)
	at run (file:///Users/rachelk/.rvm/gems/ruby-2.2.1/gems/learn-test-1.2.25/lib/learn_test/jasmine/jasmine.js:1496:28)
	at next (file:///Users/rachelk/.rvm/gems/ruby-2.2.1/gems/learn-test-1.2.25/lib/learn_test/jasmine/jasmine.js:1517:40)
	at complete (file:///Users/rachelk/.rvm/gems/ruby-2.2.1/gems/learn-test-1.2.25/lib/learn_test/jasmine/jasmine.js:333:19)
	at clearStack (file:///Users/rachelk/.rvm/gems/ruby-2.2.1/gems/learn-test-1.2.25/lib/learn_test/jasmine/jasmine.js:506:11)
	at run (file:///Users/rachelk/.rvm/gems/ruby-2.2.1/gems/learn-test-1.2.25/lib/learn_test/jasmine/jasmine.js:1505:22)
	at execute (file:///Users/rachelk/.rvm/gems/ruby-2.2.1/gems/learn-test-1.2.25/lib/learn_test/jasmine/jasmine.js:1485:13)
	at queueRunnerFactory (file:///Users/rachelk/.rvm/gems/ruby-2.2.1/gems/learn-test-1.2.25/lib/learn_test/jasmine/jasmine.js:518:42)
	at execute (file:///Users/rachelk/.rvm/gems/ruby-2.2.1/gems/learn-test-1.2.25/lib/learn_test/jasmine/jasmine.js:306:28)
	at file:///Users/rachelk/.rvm/gems/ruby-2.2.1/gems/learn-test-1.2.25/lib/learn_test/jasmine/jasmine.js:1708:44
	at attemptAsync (file:///Users/rachelk/.rvm/gems/ruby-2.2.1/gems/learn-test-1.2.25/lib/learn_test/jasmine/jasmine.js:1520:16)
	at run (file:///Users/rachelk/.rvm/gems/ruby-2.2.1/gems/learn-test-1.2.25/lib/learn_test/jasmine/jasmine.js:1496:28)
	at execute (file:///Users/rachelk/.rvm/gems/ruby-2.2.1/gems/learn-test-1.2.25/lib/learn_test/jasmine/jasmine.js:1485:13)
	at queueRunnerFactory (file:///Users/rachelk/.rvm/gems/ruby-2.2.1/gems/learn-test-1.2.25/lib/learn_test/jasmine/jasmine.js:518:42)
	at execute (file:///Users/rachelk/.rvm/gems/ruby-2.2.1/gems/learn-test-1.2.25/lib/learn_test/jasmine/jasmine.js:1694:21)
	at file:///Users/rachelk/.rvm/gems/ruby-2.2.1/gems/learn-test-1.2.25/lib/learn_test/jasmine/jasmine.js:1708:44
	at attemptAsync (file:///Users/rachelk/.rvm/gems/ruby-2.2.1/gems/learn-test-1.2.25/lib/learn_test/jasmine/jasmine.js:1520:16)
	at run (file:///Users/rachelk/.rvm/gems/ruby-2.2.1/gems/learn-test-1.2.25/lib/learn_test/jasmine/jasmine.js:1496:28)
	at next (file:///Users/rachelk/.rvm/gems/ruby-2.2.1/gems/learn-test-1.2.25/lib/learn_test/jasmine/jasmine.js:1517:40)
	at complete (file:///Users/rachelk/.rvm/gems/ruby-2.2.1/gems/learn-test-1.2.25/lib/learn_test/jasmine/jasmine.js:1703:19)
	at clearStack (file:///Users/rachelk/.rvm/gems/ruby-2.2.1/gems/learn-test-1.2.25/lib/learn_test/jasmine/jasmine.js:506:11)
	at run (file:///Users/rachelk/.rvm/gems/ruby-2.2.1/gems/learn-test-1.2.25/lib/learn_test/jasmine/jasmine.js:1505:22)
	at next (file:///Users/rachelk/.rvm/gems/ruby-2.2.1/gems/learn-test-1.2.25/lib/learn_test/jasmine/jasmine.js:1517:40)
	at complete (file:///Users/rachelk/.rvm/gems/ruby-2.2.1/gems/learn-test-1.2.25/lib/learn_test/jasmine/jasmine.js:333:19)
	at clearStack (file:///Users/rachelk/.rvm/gems/ruby-2.2.1/gems/learn-test-1.2.25/lib/learn_test/jasmine/jasmine.js:506:11)
	at run (file:///Users/rachelk/.rvm/gems/ruby-2.2.1/gems/learn-test-1.2.25/lib/learn_test/jasmine/jasmine.js:1505:22)
	at execute (file:///Users/rachelk/.rvm/gems/ruby-2.2.1/gems/learn-test-1.2.25/lib/learn_test/jasmine/jasmine.js:1485:13)
	at queueRunnerFactory (file:///Users/rachelk/.rvm/gems/ruby-2.2.1/gems/learn-test-1.2.25/lib/learn_test/jasmine/jasmine.js:518:42)
	at execute (file:///Users/rachelk/.rvm/gems/ruby-2.2.1/gems/learn-test-1.2.25/lib/learn_test/jasmine/jasmine.js:306:28)
	at file:///Users/rachelk/.rvm/gems/ruby-2.2.1/gems/learn-test-1.2.25/lib/learn_test/jasmine/jasmine.js:1708:44
	at attemptAsync (file:///Users/rachelk/.rvm/gems/ruby-2.2.1/gems/learn-test-1.2.25/lib/learn_test/jasmine/jasmine.js:1520:16)
	at run (file:///Users/rachelk/.rvm/gems/ruby-2.2.1/gems/learn-test-1.2.25/lib/learn_test/jasmine/jasmine.js:1496:28)
	at next (file:///Users/rachelk/.rvm/gems/ruby-2.2.1/gems/learn-test-1.2.25/lib/learn_test/jasmine/jasmine.js:1517:40)
	at complete (file:///Users/rachelk/.rvm/gems/ruby-2.2.1/gems/learn-test-1.2.25/lib/learn_test/jasmine/jasmine.js:333:19)
	at clearStack (file:///Users/rachelk/.rvm/gems/ruby-2.2.1/gems/learn-test-1.2.25/lib/learn_test/jasmine/jasmine.js:506:11)
	at run (file:///Users/rachelk/.rvm/gems/ruby-2.2.1/gems/learn-test-1.2.25/lib/learn_test/jasmine/jasmine.js:1505:22)
	at execute (file:///Users/rachelk/.rvm/gems/ruby-2.2.1/gems/learn-test-1.2.25/lib/learn_test/jasmine/jasmine.js:1485:13)
	at queueRunnerFactory (file:///Users/rachelk/.rvm/gems/ruby-2.2.1/gems/learn-test-1.2.25/lib/learn_test/jasmine/jasmine.js:518:42)
	at execute (file:///Users/rachelk/.rvm/gems/ruby-2.2.1/gems/learn-test-1.2.25/lib/learn_test/jasmine/jasmine.js:306:28)
	at file:///Users/rachelk/.rvm/gems/ruby-2.2.1/gems/learn-test-1.2.25/lib/learn_test/jasmine/jasmine.js:1708:44
	at attemptAsync (file:///Users/rachelk/.rvm/gems/ruby-2.2.1/gems/learn-test-1.2.25/lib/learn_test/jasmine/jasmine.js:1520:16)
	at run (file:///Users/rachelk/.rvm/gems/ruby-2.2.1/gems/learn-test-1.2.25/lib/learn_test/jasmine/jasmine.js:1496:28)
	at execute (file:///Users/rachelk/.rvm/gems/ruby-2.2.1/gems/learn-test-1.2.25/lib/learn_test/jasmine/jasmine.js:1485:13)
	at queueRunnerFactory (file:///Users/rachelk/.rvm/gems/ruby-2.2.1/gems/learn-test-1.2.25/lib/learn_test/jasmine/jasmine.js:518:42)
	at execute (file:///Users/rachelk/.rvm/gems/ruby-2.2.1/gems/learn-test-1.2.25/lib/learn_test/jasmine/jasmine.js:1694:21)
	at file:///Users/rachelk/.rvm/gems/ruby-2.2.1/gems/learn-test-1.2.25/lib/learn_test/jasmine/jasmine.js:1708:44
	at attemptAsync (file:///Users/rachelk/.rvm/gems/ruby-2.2.1/gems/learn-test-1.2.25/lib/learn_test/jasmine/jasmine.js:1520:16)
	at run (file:///Users/rachelk/.rvm/gems/ruby-2.2.1/gems/learn-test-1.2.25/lib/learn_test/jasmine/jasmine.js:1496:28)
	at next (file:///Users/rachelk/.rvm/gems/ruby-2.2.1/gems/learn-test-1.2.25/lib/learn_test/jasmine/jasmine.js:1517:40)
	at complete (file:///Users/rachelk/.rvm/gems/ruby-2.2.1/gems/learn-test-1.2.25/lib/learn_test/jasmine/jasmine.js:1703:19)
	at clearStack (file:///Users/rachelk/.rvm/gems/ruby-2.2.1/gems/learn-test-1.2.25/lib/learn_test/jasmine/jasmine.js:506:11)
	at run (file:///Users/rachelk/.rvm/gems/ruby-2.2.1/gems/learn-test-1.2.25/lib/learn_test/jasmine/jasmine.js:1505:22)
	at next (file:///Users/rachelk/.rvm/gems/ruby-2.2.1/gems/learn-test-1.2.25/lib/learn_test/jasmine/jasmine.js:1517:40)
	at complete (file:///Users/rachelk/.rvm/gems/ruby-2.2.1/gems/learn-test-1.2.25/lib/learn_test/jasmine/jasmine.js:333:19)
	at clearStack (file:///Users/rachelk/.rvm/gems/ruby-2.2.1/gems/learn-test-1.2.25/lib/learn_test/jasmine/jasmine.js:506:11)
	at run (file:///Users/rachelk/.rvm/gems/ruby-2.2.1/gems/learn-test-1.2.25/lib/learn_test/jasmine/jasmine.js:1505:22)
	at execute (file:///Users/rachelk/.rvm/gems/ruby-2.2.1/gems/learn-test-1.2.25/lib/learn_test/jasmine/jasmine.js:1485:13)
	at queueRunnerFactory (file:///Users/rachelk/.rvm/gems/ruby-2.2.1/gems/learn-test-1.2.25/lib/learn_test/jasmine/jasmine.js:518:42)
	at execute (file:///Users/rachelk/.rvm/gems/ruby-2.2.1/gems/learn-test-1.2.25/lib/learn_test/jasmine/jasmine.js:306:28)
	at file:///Users/rachelk/.rvm/gems/ruby-2.2.1/gems/learn-test-1.2.25/lib/learn_test/jasmine/jasmine.js:1708:44
	at attemptAsync (file:///Users/rachelk/.rvm/gems/ruby-2.2.1/gems/learn-test-1.2.25/lib/learn_test/jasmine/jasmine.js:1520:16)
	at run (file:///Users/rachelk/.rvm/gems/ruby-2.2.1/gems/learn-test-1.2.25/lib/learn_test/jasmine/jasmine.js:1496:28)
	at execute (file:///Users/rachelk/.rvm/gems/ruby-2.2.1/gems/learn-test-1.2.25/lib/learn_test/jasmine/jasmine.js:1485:13)
	at queueRunnerFactory (file:///Users/rachelk/.rvm/gems/ruby-2.2.1/gems/learn-test-1.2.25/lib/learn_test/jasmine/jasmine.js:518:42)
	at execute (file:///Users/rachelk/.rvm/gems/ruby-2.2.1/gems/learn-test-1.2.25/lib/learn_test/jasmine/jasmine.js:1694:21)
	at file:///Users/rachelk/.rvm/gems/ruby-2.2.1/gems/learn-test-1.2.25/lib/learn_test/jasmine/jasmine.js:1708:44
	at attemptAsync (file:///Users/rachelk/.rvm/gems/ruby-2.2.1/gems/learn-test-1.2.25/lib/learn_test/jasmine/jasmine.js:1520:16)
	at run (file:///Users/rachelk/.rvm/gems/ruby-2.2.1/gems/learn-test-1.2.25/lib/learn_test/jasmine/jasmine.js:1496:28)
	at next (file:///Users/rachelk/.rvm/gems/ruby-2.2.1/gems/learn-test-1.2.25/lib/learn_test/jasmine/jasmine.js:1517:40)
	at complete (file:///Users/rachelk/.rvm/gems/ruby-2.2.1/gems/learn-test-1.2.25/lib/learn_test/jasmine/jasmine.js:1703:19)
	at clearStack (file:///Users/rachelk/.rvm/gems/ruby-2.2.1/gems/learn-test-1.2.25/lib/learn_test/jasmine/jasmine.js:506:11)
	at run (file:///Users/rachelk/.rvm/gems/ruby-2.2.1/gems/learn-test-1.2.25/lib/learn_test/jasmine/jasmine.js:1505:22)
	at next (file:///Users/rachelk/.rvm/gems/ruby-2.2.1/gems/learn-test-1.2.25/lib/learn_test/jasmine/jasmine.js:1517:40)
	at complete (file:///Users/rachelk/.rvm/gems/ruby-2.2.1/gems/learn-test-1.2.25/lib/learn_test/jasmine/jasmine.js:333:19)
	at clearStack (file:///Users/rachelk/.rvm/gems/ruby-2.2.1/gems/learn-test-1.2.25/lib/learn_test/jasmine/jasmine.js:506:11)
	at run (file:///Users/rachelk/.rvm/gems/ruby-2.2.1/gems/learn-test-1.2.25/lib/learn_test/jasmine/jasmine.js:1505:22)
	at execute (file:///Users/rachelk/.rvm/gems/ruby-2.2.1/gems/learn-test-1.2.25/lib/learn_test/jasmine/jasmine.js:1485:13)
	at queueRunnerFactory (file:///Users/rachelk/.rvm/gems/ruby-2.2.1/gems/learn-test-1.2.25/lib/learn_test/jasmine/jasmine.js:518:42)
	at execute (file:///Users/rachelk/.rvm/gems/ruby-2.2.1/gems/learn-test-1.2.25/lib/learn_test/jasmine/jasmine.js:306:28)
	at file:///Users/rachelk/.rvm/gems/ruby-2.2.1/gems/learn-test-1.2.25/lib/learn_test/jasmine/jasmine.js:1708:44
	at attemptAsync (file:///Users/rachelk/.rvm/gems/ruby-2.2.1/gems/learn-test-1.2.25/lib/learn_test/jasmine/jasmine.js:1520:16)
	at run (file:///Users/rachelk/.rvm/gems/ruby-2.2.1/gems/learn-test-1.2.25/lib/learn_test/jasmine/jasmine.js:1496:28)
	at execute (file:///Users/rachelk/.rvm/gems/ruby-2.2.1/gems/learn-test-1.2.25/lib/learn_test/jasmine/jasmine.js:1485:13)
	at queueRunnerFactory (file:///Users/rachelk/.rvm/gems/ruby-2.2.1/gems/learn-test-1.2.25/lib/learn_test/jasmine/jasmine.js:518:42)
	at execute (file:///Users/rachelk/.rvm/gems/ruby-2.2.1/gems/learn-test-1.2.25/lib/learn_test/jasmine/jasmine.js:1694:21)
	at file:///Users/rachelk/.rvm/gems/ruby-2.2.1/gems/learn-test-1.2.25/lib/learn_test/jasmine/jasmine.js:1708:44
	at attemptAsync (file:///Users/rachelk/.rvm/gems/ruby-2.2.1/gems/learn-test-1.2.25/lib/learn_test/jasmine/jasmine.js:1520:16)
	at run (file:///Users/rachelk/.rvm/gems/ruby-2.2.1/gems/learn-test-1.2.25/lib/learn_test/jasmine/jasmine.js:1496:28)
	at execute (file:///Users/rachelk/.rvm/gems/ruby-2.2.1/gems/learn-test-1.2.25/lib/learn_test/jasmine/jasmine.js:1485:13)
	at queueRunnerFactory (file:///Users/rachelk/.rvm/gems/ruby-2.2.1/gems/learn-test-1.2.25/lib/learn_test/jasmine/jasmine.js:518:42)
	at execute (file:///Users/rachelk/.rvm/gems/ruby-2.2.1/gems/learn-test-1.2.25/lib/learn_test/jasmine/jasmine.js:1694:21)
	at file:///Users/rachelk/.rvm/gems/ruby-2.2.1/gems/learn-test-1.2.25/lib/learn_test/jasmine/jasmine.js:1708:44
	at attemptAsync (file:///Users/rachelk/.rvm/gems/ruby-2.2.1/gems/learn-test-1.2.25/lib/learn_test/jasmine/jasmine.js:1520:16)
	at run (file:///Users/rachelk/.rvm/gems/ruby-2.2.1/gems/learn-test-1.2.25/lib/learn_test/jasmine/jasmine.js:1496:28)
	at execute (file:///Users/rachelk/.rvm/gems/ruby-2.2.1/gems/learn-test-1.2.25/lib/learn_test/jasmine/jasmine.js:1485:13)
	at queueRunnerFactory (file:///Users/rachelk/.rvm/gems/ruby-2.2.1/gems/learn-test-1.2.25/lib/learn_test/jasmine/jasmine.js:518:42)
	at execute (file:///Users/rachelk/.rvm/gems/ruby-2.2.1/gems/learn-test-1.2.25/lib/learn_test/jasmine/jasmine.js:1694:21)
	at file:///Users/rachelk/.rvm/gems/ruby-2.2.1/gems/learn-test-1.2.25/lib/learn_test/jasmine/jasmine.js:541:83
	at attemptAsync (file:///Users/rachelk/.rvm/gems/ruby-2.2.1/gems/learn-test-1.2.25/lib/learn_test/jasmine/jasmine.js:1520:16)
	at run (file:///Users/rachelk/.rvm/gems/ruby-2.2.1/gems/learn-test-1.2.25/lib/learn_test/jasmine/jasmine.js:1496:28)
	at execute (file:///Users/rachelk/.rvm/gems/ruby-2.2.1/gems/learn-test-1.2.25/lib/learn_test/jasmine/jasmine.js:1485:13)
	at queueRunnerFactory (file:///Users/rachelk/.rvm/gems/ruby-2.2.1/gems/learn-test-1.2.25/lib/learn_test/jasmine/jasmine.js:518:42)
	at execute (file:///Users/rachelk/.rvm/gems/ruby-2.2.1/gems/learn-test-1.2.25/lib/learn_test/jasmine/jasmine.js:548:25)
	at onload (file:///Users/rachelk/.rvm/gems/ruby-2.2.1/gems/learn-test-1.2.25/lib/learn_test/jasmine/boot.js:172:16)			</failure>
		</testcase>
		<testcase classname="Tic Tac Toe Functionality" name="#checkWinner calls on &amp;apos;message&amp;apos; and passes it the string &amp;apos;Player X Won!&amp;apos; when player X wins vertically" time="0">
			<failure type="" message="ReferenceError: Can&amp;apos;t find variable: attachListeners in file:///Users/rachelk/Dropbox/Development/Rails-JS/js-tictactoe-rails-api-v-000/spec/tictactoe.spec.js (line 90)">
	at file:///Users/rachelk/Dropbox/Development/Rails-JS/js-tictactoe-rails-api-v-000/spec/tictactoe.spec.js:90:22
	at attemptSync (file:///Users/rachelk/.rvm/gems/ruby-2.2.1/gems/learn-test-1.2.25/lib/learn_test/jasmine/jasmine.js:1510:16)
	at run (file:///Users/rachelk/.rvm/gems/ruby-2.2.1/gems/learn-test-1.2.25/lib/learn_test/jasmine/jasmine.js:1498:20)
	at execute (file:///Users/rachelk/.rvm/gems/ruby-2.2.1/gems/learn-test-1.2.25/lib/learn_test/jasmine/jasmine.js:1485:13)
	at queueRunnerFactory (file:///Users/rachelk/.rvm/gems/ruby-2.2.1/gems/learn-test-1.2.25/lib/learn_test/jasmine/jasmine.js:518:42)
	at execute (file:///Users/rachelk/.rvm/gems/ruby-2.2.1/gems/learn-test-1.2.25/lib/learn_test/jasmine/jasmine.js:306:28)
	at file:///Users/rachelk/.rvm/gems/ruby-2.2.1/gems/learn-test-1.2.25/lib/learn_test/jasmine/jasmine.js:1708:44
	at attemptAsync (file:///Users/rachelk/.rvm/gems/ruby-2.2.1/gems/learn-test-1.2.25/lib/learn_test/jasmine/jasmine.js:1520:16)
	at run (file:///Users/rachelk/.rvm/gems/ruby-2.2.1/gems/learn-test-1.2.25/lib/learn_test/jasmine/jasmine.js:1496:28)
	at next (file:///Users/rachelk/.rvm/gems/ruby-2.2.1/gems/learn-test-1.2.25/lib/learn_test/jasmine/jasmine.js:1517:40)
	at complete (file:///Users/rachelk/.rvm/gems/ruby-2.2.1/gems/learn-test-1.2.25/lib/learn_test/jasmine/jasmine.js:333:19)
	at clearStack (file:///Users/rachelk/.rvm/gems/ruby-2.2.1/gems/learn-test-1.2.25/lib/learn_test/jasmine/jasmine.js:506:11)
	at run (file:///Users/rachelk/.rvm/gems/ruby-2.2.1/gems/learn-test-1.2.25/lib/learn_test/jasmine/jasmine.js:1505:22)
	at execute (file:///Users/rachelk/.rvm/gems/ruby-2.2.1/gems/learn-test-1.2.25/lib/learn_test/jasmine/jasmine.js:1485:13)
	at queueRunnerFactory (file:///Users/rachelk/.rvm/gems/ruby-2.2.1/gems/learn-test-1.2.25/lib/learn_test/jasmine/jasmine.js:518:42)
	at execute (file:///Users/rachelk/.rvm/gems/ruby-2.2.1/gems/learn-test-1.2.25/lib/learn_test/jasmine/jasmine.js:306:28)
	at file:///Users/rachelk/.rvm/gems/ruby-2.2.1/gems/learn-test-1.2.25/lib/learn_test/jasmine/jasmine.js:1708:44
	at attemptAsync (file:///Users/rachelk/.rvm/gems/ruby-2.2.1/gems/learn-test-1.2.25/lib/learn_test/jasmine/jasmine.js:1520:16)
	at run (file:///Users/rachelk/.rvm/gems/ruby-2.2.1/gems/learn-test-1.2.25/lib/learn_test/jasmine/jasmine.js:1496:28)
	at execute (file:///Users/rachelk/.rvm/gems/ruby-2.2.1/gems/learn-test-1.2.25/lib/learn_test/jasmine/jasmine.js:1485:13)
	at queueRunnerFactory (file:///Users/rachelk/.rvm/gems/ruby-2.2.1/gems/learn-test-1.2.25/lib/learn_test/jasmine/jasmine.js:518:42)
	at execute (file:///Users/rachelk/.rvm/gems/ruby-2.2.1/gems/learn-test-1.2.25/lib/learn_test/jasmine/jasmine.js:1694:21)
	at file:///Users/rachelk/.rvm/gems/ruby-2.2.1/gems/learn-test-1.2.25/lib/learn_test/jasmine/jasmine.js:1708:44
	at attemptAsync (file:///Users/rachelk/.rvm/gems/ruby-2.2.1/gems/learn-test-1.2.25/lib/learn_test/jasmine/jasmine.js:1520:16)
	at run (file:///Users/rachelk/.rvm/gems/ruby-2.2.1/gems/learn-test-1.2.25/lib/learn_test/jasmine/jasmine.js:1496:28)
	at next (file:///Users/rachelk/.rvm/gems/ruby-2.2.1/gems/learn-test-1.2.25/lib/learn_test/jasmine/jasmine.js:1517:40)
	at complete (file:///Users/rachelk/.rvm/gems/ruby-2.2.1/gems/learn-test-1.2.25/lib/learn_test/jasmine/jasmine.js:1703:19)
	at clearStack (file:///Users/rachelk/.rvm/gems/ruby-2.2.1/gems/learn-test-1.2.25/lib/learn_test/jasmine/jasmine.js:506:11)
	at run (file:///Users/rachelk/.rvm/gems/ruby-2.2.1/gems/learn-test-1.2.25/lib/learn_test/jasmine/jasmine.js:1505:22)
	at next (file:///Users/rachelk/.rvm/gems/ruby-2.2.1/gems/learn-test-1.2.25/lib/learn_test/jasmine/jasmine.js:1517:40)
	at complete (file:///Users/rachelk/.rvm/gems/ruby-2.2.1/gems/learn-test-1.2.25/lib/learn_test/jasmine/jasmine.js:333:19)
	at clearStack (file:///Users/rachelk/.rvm/gems/ruby-2.2.1/gems/learn-test-1.2.25/lib/learn_test/jasmine/jasmine.js:506:11)
	at run (file:///Users/rachelk/.rvm/gems/ruby-2.2.1/gems/learn-test-1.2.25/lib/learn_test/jasmine/jasmine.js:1505:22)
	at execute (file:///Users/rachelk/.rvm/gems/ruby-2.2.1/gems/learn-test-1.2.25/lib/learn_test/jasmine/jasmine.js:1485:13)
	at queueRunnerFactory (file:///Users/rachelk/.rvm/gems/ruby-2.2.1/gems/learn-test-1.2.25/lib/learn_test/jasmine/jasmine.js:518:42)
	at execute (file:///Users/rachelk/.rvm/gems/ruby-2.2.1/gems/learn-test-1.2.25/lib/learn_test/jasmine/jasmine.js:306:28)
	at file:///Users/rachelk/.rvm/gems/ruby-2.2.1/gems/learn-test-1.2.25/lib/learn_test/jasmine/jasmine.js:1708:44
	at attemptAsync (file:///Users/rachelk/.rvm/gems/ruby-2.2.1/gems/learn-test-1.2.25/lib/learn_test/jasmine/jasmine.js:1520:16)
	at run (file:///Users/rachelk/.rvm/gems/ruby-2.2.1/gems/learn-test-1.2.25/lib/learn_test/jasmine/jasmine.js:1496:28)
	at execute (file:///Users/rachelk/.rvm/gems/ruby-2.2.1/gems/learn-test-1.2.25/lib/learn_test/jasmine/jasmine.js:1485:13)
	at queueRunnerFactory (file:///Users/rachelk/.rvm/gems/ruby-2.2.1/gems/learn-test-1.2.25/lib/learn_test/jasmine/jasmine.js:518:42)
	at execute (file:///Users/rachelk/.rvm/gems/ruby-2.2.1/gems/learn-test-1.2.25/lib/learn_test/jasmine/jasmine.js:1694:21)
	at file:///Users/rachelk/.rvm/gems/ruby-2.2.1/gems/learn-test-1.2.25/lib/learn_test/jasmine/jasmine.js:1708:44
	at attemptAsync (file:///Users/rachelk/.rvm/gems/ruby-2.2.1/gems/learn-test-1.2.25/lib/learn_test/jasmine/jasmine.js:1520:16)
	at run (file:///Users/rachelk/.rvm/gems/ruby-2.2.1/gems/learn-test-1.2.25/lib/learn_test/jasmine/jasmine.js:1496:28)
	at next (file:///Users/rachelk/.rvm/gems/ruby-2.2.1/gems/learn-test-1.2.25/lib/learn_test/jasmine/jasmine.js:1517:40)
	at complete (file:///Users/rachelk/.rvm/gems/ruby-2.2.1/gems/learn-test-1.2.25/lib/learn_test/jasmine/jasmine.js:1703:19)
	at clearStack (file:///Users/rachelk/.rvm/gems/ruby-2.2.1/gems/learn-test-1.2.25/lib/learn_test/jasmine/jasmine.js:506:11)
	at run (file:///Users/rachelk/.rvm/gems/ruby-2.2.1/gems/learn-test-1.2.25/lib/learn_test/jasmine/jasmine.js:1505:22)
	at next (file:///Users/rachelk/.rvm/gems/ruby-2.2.1/gems/learn-test-1.2.25/lib/learn_test/jasmine/jasmine.js:1517:40)
	at complete (file:///Users/rachelk/.rvm/gems/ruby-2.2.1/gems/learn-test-1.2.25/lib/learn_test/jasmine/jasmine.js:333:19)
	at clearStack (file:///Users/rachelk/.rvm/gems/ruby-2.2.1/gems/learn-test-1.2.25/lib/learn_test/jasmine/jasmine.js:506:11)
	at run (file:///Users/rachelk/.rvm/gems/ruby-2.2.1/gems/learn-test-1.2.25/lib/learn_test/jasmine/jasmine.js:1505:22)
	at execute (file:///Users/rachelk/.rvm/gems/ruby-2.2.1/gems/learn-test-1.2.25/lib/learn_test/jasmine/jasmine.js:1485:13)
	at queueRunnerFactory (file:///Users/rachelk/.rvm/gems/ruby-2.2.1/gems/learn-test-1.2.25/lib/learn_test/jasmine/jasmine.js:518:42)
	at execute (file:///Users/rachelk/.rvm/gems/ruby-2.2.1/gems/learn-test-1.2.25/lib/learn_test/jasmine/jasmine.js:306:28)
	at file:///Users/rachelk/.rvm/gems/ruby-2.2.1/gems/learn-test-1.2.25/lib/learn_test/jasmine/jasmine.js:1708:44
	at attemptAsync (file:///Users/rachelk/.rvm/gems/ruby-2.2.1/gems/learn-test-1.2.25/lib/learn_test/jasmine/jasmine.js:1520:16)
	at run (file:///Users/rachelk/.rvm/gems/ruby-2.2.1/gems/learn-test-1.2.25/lib/learn_test/jasmine/jasmine.js:1496:28)
	at next (file:///Users/rachelk/.rvm/gems/ruby-2.2.1/gems/learn-test-1.2.25/lib/learn_test/jasmine/jasmine.js:1517:40)
	at complete (file:///Users/rachelk/.rvm/gems/ruby-2.2.1/gems/learn-test-1.2.25/lib/learn_test/jasmine/jasmine.js:333:19)
	at clearStack (file:///Users/rachelk/.rvm/gems/ruby-2.2.1/gems/learn-test-1.2.25/lib/learn_test/jasmine/jasmine.js:506:11)
	at run (file:///Users/rachelk/.rvm/gems/ruby-2.2.1/gems/learn-test-1.2.25/lib/learn_test/jasmine/jasmine.js:1505:22)
	at execute (file:///Users/rachelk/.rvm/gems/ruby-2.2.1/gems/learn-test-1.2.25/lib/learn_test/jasmine/jasmine.js:1485:13)
	at queueRunnerFactory (file:///Users/rachelk/.rvm/gems/ruby-2.2.1/gems/learn-test-1.2.25/lib/learn_test/jasmine/jasmine.js:518:42)
	at execute (file:///Users/rachelk/.rvm/gems/ruby-2.2.1/gems/learn-test-1.2.25/lib/learn_test/jasmine/jasmine.js:306:28)
	at file:///Users/rachelk/.rvm/gems/ruby-2.2.1/gems/learn-test-1.2.25/lib/learn_test/jasmine/jasmine.js:1708:44
	at attemptAsync (file:///Users/rachelk/.rvm/gems/ruby-2.2.1/gems/learn-test-1.2.25/lib/learn_test/jasmine/jasmine.js:1520:16)
	at run (file:///Users/rachelk/.rvm/gems/ruby-2.2.1/gems/learn-test-1.2.25/lib/learn_test/jasmine/jasmine.js:1496:28)
	at execute (file:///Users/rachelk/.rvm/gems/ruby-2.2.1/gems/learn-test-1.2.25/lib/learn_test/jasmine/jasmine.js:1485:13)
	at queueRunnerFactory (file:///Users/rachelk/.rvm/gems/ruby-2.2.1/gems/learn-test-1.2.25/lib/learn_test/jasmine/jasmine.js:518:42)
	at execute (file:///Users/rachelk/.rvm/gems/ruby-2.2.1/gems/learn-test-1.2.25/lib/learn_test/jasmine/jasmine.js:1694:21)
	at file:///Users/rachelk/.rvm/gems/ruby-2.2.1/gems/learn-test-1.2.25/lib/learn_test/jasmine/jasmine.js:1708:44
	at attemptAsync (file:///Users/rachelk/.rvm/gems/ruby-2.2.1/gems/learn-test-1.2.25/lib/learn_test/jasmine/jasmine.js:1520:16)
	at run (file:///Users/rachelk/.rvm/gems/ruby-2.2.1/gems/learn-test-1.2.25/lib/learn_test/jasmine/jasmine.js:1496:28)
	at next (file:///Users/rachelk/.rvm/gems/ruby-2.2.1/gems/learn-test-1.2.25/lib/learn_test/jasmine/jasmine.js:1517:40)
	at complete (file:///Users/rachelk/.rvm/gems/ruby-2.2.1/gems/learn-test-1.2.25/lib/learn_test/jasmine/jasmine.js:1703:19)
	at clearStack (file:///Users/rachelk/.rvm/gems/ruby-2.2.1/gems/learn-test-1.2.25/lib/learn_test/jasmine/jasmine.js:506:11)
	at run (file:///Users/rachelk/.rvm/gems/ruby-2.2.1/gems/learn-test-1.2.25/lib/learn_test/jasmine/jasmine.js:1505:22)
	at next (file:///Users/rachelk/.rvm/gems/ruby-2.2.1/gems/learn-test-1.2.25/lib/learn_test/jasmine/jasmine.js:1517:40)
	at complete (file:///Users/rachelk/.rvm/gems/ruby-2.2.1/gems/learn-test-1.2.25/lib/learn_test/jasmine/jasmine.js:333:19)
	at clearStack (file:///Users/rachelk/.rvm/gems/ruby-2.2.1/gems/learn-test-1.2.25/lib/learn_test/jasmine/jasmine.js:506:11)
	at run (file:///Users/rachelk/.rvm/gems/ruby-2.2.1/gems/learn-test-1.2.25/lib/learn_test/jasmine/jasmine.js:1505:22)
	at execute (file:///Users/rachelk/.rvm/gems/ruby-2.2.1/gems/learn-test-1.2.25/lib/learn_test/jasmine/jasmine.js:1485:13)
	at queueRunnerFactory (file:///Users/rachelk/.rvm/gems/ruby-2.2.1/gems/learn-test-1.2.25/lib/learn_test/jasmine/jasmine.js:518:42)
	at execute (file:///Users/rachelk/.rvm/gems/ruby-2.2.1/gems/learn-test-1.2.25/lib/learn_test/jasmine/jasmine.js:306:28)
	at file:///Users/rachelk/.rvm/gems/ruby-2.2.1/gems/learn-test-1.2.25/lib/learn_test/jasmine/jasmine.js:1708:44
	at attemptAsync (file:///Users/rachelk/.rvm/gems/ruby-2.2.1/gems/learn-test-1.2.25/lib/learn_test/jasmine/jasmine.js:1520:16)
	at run (file:///Users/rachelk/.rvm/gems/ruby-2.2.1/gems/learn-test-1.2.25/lib/learn_test/jasmine/jasmine.js:1496:28)
	at next (file:///Users/rachelk/.rvm/gems/ruby-2.2.1/gems/learn-test-1.2.25/lib/learn_test/jasmine/jasmine.js:1517:40)
	at complete (file:///Users/rachelk/.rvm/gems/ruby-2.2.1/gems/learn-test-1.2.25/lib/learn_test/jasmine/jasmine.js:333:19)
	at clearStack (file:///Users/rachelk/.rvm/gems/ruby-2.2.1/gems/learn-test-1.2.25/lib/learn_test/jasmine/jasmine.js:506:11)
	at run (file:///Users/rachelk/.rvm/gems/ruby-2.2.1/gems/learn-test-1.2.25/lib/learn_test/jasmine/jasmine.js:1505:22)
	at execute (file:///Users/rachelk/.rvm/gems/ruby-2.2.1/gems/learn-test-1.2.25/lib/learn_test/jasmine/jasmine.js:1485:13)
	at queueRunnerFactory (file:///Users/rachelk/.rvm/gems/ruby-2.2.1/gems/learn-test-1.2.25/lib/learn_test/jasmine/jasmine.js:518:42)
	at execute (file:///Users/rachelk/.rvm/gems/ruby-2.2.1/gems/learn-test-1.2.25/lib/learn_test/jasmine/jasmine.js:306:28)
	at file:///Users/rachelk/.rvm/gems/ruby-2.2.1/gems/learn-test-1.2.25/lib/learn_test/jasmine/jasmine.js:1708:44
	at attemptAsync (file:///Users/rachelk/.rvm/gems/ruby-2.2.1/gems/learn-test-1.2.25/lib/learn_test/jasmine/jasmine.js:1520:16)
	at run (file:///Users/rachelk/.rvm/gems/ruby-2.2.1/gems/learn-test-1.2.25/lib/learn_test/jasmine/jasmine.js:1496:28)
	at execute (file:///Users/rachelk/.rvm/gems/ruby-2.2.1/gems/learn-test-1.2.25/lib/learn_test/jasmine/jasmine.js:1485:13)
	at queueRunnerFactory (file:///Users/rachelk/.rvm/gems/ruby-2.2.1/gems/learn-test-1.2.25/lib/learn_test/jasmine/jasmine.js:518:42)
	at execute (file:///Users/rachelk/.rvm/gems/ruby-2.2.1/gems/learn-test-1.2.25/lib/learn_test/jasmine/jasmine.js:1694:21)
	at file:///Users/rachelk/.rvm/gems/ruby-2.2.1/gems/learn-test-1.2.25/lib/learn_test/jasmine/jasmine.js:1708:44
	at attemptAsync (file:///Users/rachelk/.rvm/gems/ruby-2.2.1/gems/learn-test-1.2.25/lib/learn_test/jasmine/jasmine.js:1520:16)
	at run (file:///Users/rachelk/.rvm/gems/ruby-2.2.1/gems/learn-test-1.2.25/lib/learn_test/jasmine/jasmine.js:1496:28)
	at next (file:///Users/rachelk/.rvm/gems/ruby-2.2.1/gems/learn-test-1.2.25/lib/learn_test/jasmine/jasmine.js:1517:40)
	at complete (file:///Users/rachelk/.rvm/gems/ruby-2.2.1/gems/learn-test-1.2.25/lib/learn_test/jasmine/jasmine.js:1703:19)
	at clearStack (file:///Users/rachelk/.rvm/gems/ruby-2.2.1/gems/learn-test-1.2.25/lib/learn_test/jasmine/jasmine.js:506:11)
	at run (file:///Users/rachelk/.rvm/gems/ruby-2.2.1/gems/learn-test-1.2.25/lib/learn_test/jasmine/jasmine.js:1505:22)
	at next (file:///Users/rachelk/.rvm/gems/ruby-2.2.1/gems/learn-test-1.2.25/lib/learn_test/jasmine/jasmine.js:1517:40)
	at complete (file:///Users/rachelk/.rvm/gems/ruby-2.2.1/gems/learn-test-1.2.25/lib/learn_test/jasmine/jasmine.js:333:19)
	at clearStack (file:///Users/rachelk/.rvm/gems/ruby-2.2.1/gems/learn-test-1.2.25/lib/learn_test/jasmine/jasmine.js:506:11)
	at run (file:///Users/rachelk/.rvm/gems/ruby-2.2.1/gems/learn-test-1.2.25/lib/learn_test/jasmine/jasmine.js:1505:22)
	at execute (file:///Users/rachelk/.rvm/gems/ruby-2.2.1/gems/learn-test-1.2.25/lib/learn_test/jasmine/jasmine.js:1485:13)
	at queueRunnerFactory (file:///Users/rachelk/.rvm/gems/ruby-2.2.1/gems/learn-test-1.2.25/lib/learn_test/jasmine/jasmine.js:518:42)
	at execute (file:///Users/rachelk/.rvm/gems/ruby-2.2.1/gems/learn-test-1.2.25/lib/learn_test/jasmine/jasmine.js:306:28)
	at file:///Users/rachelk/.rvm/gems/ruby-2.2.1/gems/learn-test-1.2.25/lib/learn_test/jasmine/jasmine.js:1708:44
	at attemptAsync (file:///Users/rachelk/.rvm/gems/ruby-2.2.1/gems/learn-test-1.2.25/lib/learn_test/jasmine/jasmine.js:1520:16)
	at run (file:///Users/rachelk/.rvm/gems/ruby-2.2.1/gems/learn-test-1.2.25/lib/learn_test/jasmine/jasmine.js:1496:28)
	at execute (file:///Users/rachelk/.rvm/gems/ruby-2.2.1/gems/learn-test-1.2.25/lib/learn_test/jasmine/jasmine.js:1485:13)
	at queueRunnerFactory (file:///Users/rachelk/.rvm/gems/ruby-2.2.1/gems/learn-test-1.2.25/lib/learn_test/jasmine/jasmine.js:518:42)
	at execute (file:///Users/rachelk/.rvm/gems/ruby-2.2.1/gems/learn-test-1.2.25/lib/learn_test/jasmine/jasmine.js:1694:21)
	at file:///Users/rachelk/.rvm/gems/ruby-2.2.1/gems/learn-test-1.2.25/lib/learn_test/jasmine/jasmine.js:1708:44
	at attemptAsync (file:///Users/rachelk/.rvm/gems/ruby-2.2.1/gems/learn-test-1.2.25/lib/learn_test/jasmine/jasmine.js:1520:16)
	at run (file:///Users/rachelk/.rvm/gems/ruby-2.2.1/gems/learn-test-1.2.25/lib/learn_test/jasmine/jasmine.js:1496:28)
	at next (file:///Users/rachelk/.rvm/gems/ruby-2.2.1/gems/learn-test-1.2.25/lib/learn_test/jasmine/jasmine.js:1517:40)
	at complete (file:///Users/rachelk/.rvm/gems/ruby-2.2.1/gems/learn-test-1.2.25/lib/learn_test/jasmine/jasmine.js:1703:19)
	at clearStack (file:///Users/rachelk/.rvm/gems/ruby-2.2.1/gems/learn-test-1.2.25/lib/learn_test/jasmine/jasmine.js:506:11)
	at run (file:///Users/rachelk/.rvm/gems/ruby-2.2.1/gems/learn-test-1.2.25/lib/learn_test/jasmine/jasmine.js:1505:22)
	at next (file:///Users/rachelk/.rvm/gems/ruby-2.2.1/gems/learn-test-1.2.25/lib/learn_test/jasmine/jasmine.js:1517:40)
	at complete (file:///Users/rachelk/.rvm/gems/ruby-2.2.1/gems/learn-test-1.2.25/lib/learn_test/jasmine/jasmine.js:333:19)
	at clearStack (file:///Users/rachelk/.rvm/gems/ruby-2.2.1/gems/learn-test-1.2.25/lib/learn_test/jasmine/jasmine.js:506:11)
	at run (file:///Users/rachelk/.rvm/gems/ruby-2.2.1/gems/learn-test-1.2.25/lib/learn_test/jasmine/jasmine.js:1505:22)
	at execute (file:///Users/rachelk/.rvm/gems/ruby-2.2.1/gems/learn-test-1.2.25/lib/learn_test/jasmine/jasmine.js:1485:13)
	at queueRunnerFactory (file:///Users/rachelk/.rvm/gems/ruby-2.2.1/gems/learn-test-1.2.25/lib/learn_test/jasmine/jasmine.js:518:42)
	at execute (file:///Users/rachelk/.rvm/gems/ruby-2.2.1/gems/learn-test-1.2.25/lib/learn_test/jasmine/jasmine.js:306:28)
	at file:///Users/rachelk/.rvm/gems/ruby-2.2.1/gems/learn-test-1.2.25/lib/learn_test/jasmine/jasmine.js:1708:44
	at attemptAsync (file:///Users/rachelk/.rvm/gems/ruby-2.2.1/gems/learn-test-1.2.25/lib/learn_test/jasmine/jasmine.js:1520:16)
	at run (file:///Users/rachelk/.rvm/gems/ruby-2.2.1/gems/learn-test-1.2.25/lib/learn_test/jasmine/jasmine.js:1496:28)
	at execute (file:///Users/rachelk/.rvm/gems/ruby-2.2.1/gems/learn-test-1.2.25/lib/learn_test/jasmine/jasmine.js:1485:13)
	at queueRunnerFactory (file:///Users/rachelk/.rvm/gems/ruby-2.2.1/gems/learn-test-1.2.25/lib/learn_test/jasmine/jasmine.js:518:42)
	at execute (file:///Users/rachelk/.rvm/gems/ruby-2.2.1/gems/learn-test-1.2.25/lib/learn_test/jasmine/jasmine.js:1694:21)
	at file:///Users/rachelk/.rvm/gems/ruby-2.2.1/gems/learn-test-1.2.25/lib/learn_test/jasmine/jasmine.js:1708:44
	at attemptAsync (file:///Users/rachelk/.rvm/gems/ruby-2.2.1/gems/learn-test-1.2.25/lib/learn_test/jasmine/jasmine.js:1520:16)
	at run (file:///Users/rachelk/.rvm/gems/ruby-2.2.1/gems/learn-test-1.2.25/lib/learn_test/jasmine/jasmine.js:1496:28)
	at execute (file:///Users/rachelk/.rvm/gems/ruby-2.2.1/gems/learn-test-1.2.25/lib/learn_test/jasmine/jasmine.js:1485:13)
	at queueRunnerFactory (file:///Users/rachelk/.rvm/gems/ruby-2.2.1/gems/learn-test-1.2.25/lib/learn_test/jasmine/jasmine.js:518:42)
	at execute (file:///Users/rachelk/.rvm/gems/ruby-2.2.1/gems/learn-test-1.2.25/lib/learn_test/jasmine/jasmine.js:1694:21)
	at file:///Users/rachelk/.rvm/gems/ruby-2.2.1/gems/learn-test-1.2.25/lib/learn_test/jasmine/jasmine.js:1708:44
	at attemptAsync (file:///Users/rachelk/.rvm/gems/ruby-2.2.1/gems/learn-test-1.2.25/lib/learn_test/jasmine/jasmine.js:1520:16)
	at run (file:///Users/rachelk/.rvm/gems/ruby-2.2.1/gems/learn-test-1.2.25/lib/learn_test/jasmine/jasmine.js:1496:28)
	at execute (file:///Users/rachelk/.rvm/gems/ruby-2.2.1/gems/learn-test-1.2.25/lib/learn_test/jasmine/jasmine.js:1485:13)
	at queueRunnerFactory (file:///Users/rachelk/.rvm/gems/ruby-2.2.1/gems/learn-test-1.2.25/lib/learn_test/jasmine/jasmine.js:518:42)
	at execute (file:///Users/rachelk/.rvm/gems/ruby-2.2.1/gems/learn-test-1.2.25/lib/learn_test/jasmine/jasmine.js:1694:21)
	at file:///Users/rachelk/.rvm/gems/ruby-2.2.1/gems/learn-test-1.2.25/lib/learn_test/jasmine/jasmine.js:541:83
	at attemptAsync (file:///Users/rachelk/.rvm/gems/ruby-2.2.1/gems/learn-test-1.2.25/lib/learn_test/jasmine/jasmine.js:1520:16)
	at run (file:///Users/rachelk/.rvm/gems/ruby-2.2.1/gems/learn-test-1.2.25/lib/learn_test/jasmine/jasmine.js:1496:28)
	at execute (file:///Users/rachelk/.rvm/gems/ruby-2.2.1/gems/learn-test-1.2.25/lib/learn_test/jasmine/jasmine.js:1485:13)
	at queueRunnerFactory (file:///Users/rachelk/.rvm/gems/ruby-2.2.1/gems/learn-test-1.2.25/lib/learn_test/jasmine/jasmine.js:518:42)
	at execute (file:///Users/rachelk/.rvm/gems/ruby-2.2.1/gems/learn-test-1.2.25/lib/learn_test/jasmine/jasmine.js:548:25)
	at onload (file:///Users/rachelk/.rvm/gems/ruby-2.2.1/gems/learn-test-1.2.25/lib/learn_test/jasmine/boot.js:172:16)			</failure>
		</testcase>
		<testcase classname="Tic Tac Toe Functionality" name="#checkWinner calls on &amp;apos;message&amp;apos; and passes it the string &amp;apos;Player X Won!&amp;apos; when player X wins diagonally" time="0">
			<failure type="" message="ReferenceError: Can&amp;apos;t find variable: attachListeners in file:///Users/rachelk/Dropbox/Development/Rails-JS/js-tictactoe-rails-api-v-000/spec/tictactoe.spec.js (line 105)">
	at file:///Users/rachelk/Dropbox/Development/Rails-JS/js-tictactoe-rails-api-v-000/spec/tictactoe.spec.js:105:22
	at attemptSync (file:///Users/rachelk/.rvm/gems/ruby-2.2.1/gems/learn-test-1.2.25/lib/learn_test/jasmine/jasmine.js:1510:16)
	at run (file:///Users/rachelk/.rvm/gems/ruby-2.2.1/gems/learn-test-1.2.25/lib/learn_test/jasmine/jasmine.js:1498:20)
	at execute (file:///Users/rachelk/.rvm/gems/ruby-2.2.1/gems/learn-test-1.2.25/lib/learn_test/jasmine/jasmine.js:1485:13)
	at queueRunnerFactory (file:///Users/rachelk/.rvm/gems/ruby-2.2.1/gems/learn-test-1.2.25/lib/learn_test/jasmine/jasmine.js:518:42)
	at execute (file:///Users/rachelk/.rvm/gems/ruby-2.2.1/gems/learn-test-1.2.25/lib/learn_test/jasmine/jasmine.js:306:28)
	at file:///Users/rachelk/.rvm/gems/ruby-2.2.1/gems/learn-test-1.2.25/lib/learn_test/jasmine/jasmine.js:1708:44
	at attemptAsync (file:///Users/rachelk/.rvm/gems/ruby-2.2.1/gems/learn-test-1.2.25/lib/learn_test/jasmine/jasmine.js:1520:16)
	at run (file:///Users/rachelk/.rvm/gems/ruby-2.2.1/gems/learn-test-1.2.25/lib/learn_test/jasmine/jasmine.js:1496:28)
	at next (file:///Users/rachelk/.rvm/gems/ruby-2.2.1/gems/learn-test-1.2.25/lib/learn_test/jasmine/jasmine.js:1517:40)
	at complete (file:///Users/rachelk/.rvm/gems/ruby-2.2.1/gems/learn-test-1.2.25/lib/learn_test/jasmine/jasmine.js:333:19)
	at clearStack (file:///Users/rachelk/.rvm/gems/ruby-2.2.1/gems/learn-test-1.2.25/lib/learn_test/jasmine/jasmine.js:506:11)
	at run (file:///Users/rachelk/.rvm/gems/ruby-2.2.1/gems/learn-test-1.2.25/lib/learn_test/jasmine/jasmine.js:1505:22)
	at execute (file:///Users/rachelk/.rvm/gems/ruby-2.2.1/gems/learn-test-1.2.25/lib/learn_test/jasmine/jasmine.js:1485:13)
	at queueRunnerFactory (file:///Users/rachelk/.rvm/gems/ruby-2.2.1/gems/learn-test-1.2.25/lib/learn_test/jasmine/jasmine.js:518:42)
	at execute (file:///Users/rachelk/.rvm/gems/ruby-2.2.1/gems/learn-test-1.2.25/lib/learn_test/jasmine/jasmine.js:306:28)
	at file:///Users/rachelk/.rvm/gems/ruby-2.2.1/gems/learn-test-1.2.25/lib/learn_test/jasmine/jasmine.js:1708:44
	at attemptAsync (file:///Users/rachelk/.rvm/gems/ruby-2.2.1/gems/learn-test-1.2.25/lib/learn_test/jasmine/jasmine.js:1520:16)
	at run (file:///Users/rachelk/.rvm/gems/ruby-2.2.1/gems/learn-test-1.2.25/lib/learn_test/jasmine/jasmine.js:1496:28)
	at next (file:///Users/rachelk/.rvm/gems/ruby-2.2.1/gems/learn-test-1.2.25/lib/learn_test/jasmine/jasmine.js:1517:40)
	at complete (file:///Users/rachelk/.rvm/gems/ruby-2.2.1/gems/learn-test-1.2.25/lib/learn_test/jasmine/jasmine.js:333:19)
	at clearStack (file:///Users/rachelk/.rvm/gems/ruby-2.2.1/gems/learn-test-1.2.25/lib/learn_test/jasmine/jasmine.js:506:11)
	at run (file:///Users/rachelk/.rvm/gems/ruby-2.2.1/gems/learn-test-1.2.25/lib/learn_test/jasmine/jasmine.js:1505:22)
	at execute (file:///Users/rachelk/.rvm/gems/ruby-2.2.1/gems/learn-test-1.2.25/lib/learn_test/jasmine/jasmine.js:1485:13)
	at queueRunnerFactory (file:///Users/rachelk/.rvm/gems/ruby-2.2.1/gems/learn-test-1.2.25/lib/learn_test/jasmine/jasmine.js:518:42)
	at execute (file:///Users/rachelk/.rvm/gems/ruby-2.2.1/gems/learn-test-1.2.25/lib/learn_test/jasmine/jasmine.js:306:28)
	at file:///Users/rachelk/.rvm/gems/ruby-2.2.1/gems/learn-test-1.2.25/lib/learn_test/jasmine/jasmine.js:1708:44
	at attemptAsync (file:///Users/rachelk/.rvm/gems/ruby-2.2.1/gems/learn-test-1.2.25/lib/learn_test/jasmine/jasmine.js:1520:16)
	at run (file:///Users/rachelk/.rvm/gems/ruby-2.2.1/gems/learn-test-1.2.25/lib/learn_test/jasmine/jasmine.js:1496:28)
	at execute (file:///Users/rachelk/.rvm/gems/ruby-2.2.1/gems/learn-test-1.2.25/lib/learn_test/jasmine/jasmine.js:1485:13)
	at queueRunnerFactory (file:///Users/rachelk/.rvm/gems/ruby-2.2.1/gems/learn-test-1.2.25/lib/learn_test/jasmine/jasmine.js:518:42)
	at execute (file:///Users/rachelk/.rvm/gems/ruby-2.2.1/gems/learn-test-1.2.25/lib/learn_test/jasmine/jasmine.js:1694:21)
	at file:///Users/rachelk/.rvm/gems/ruby-2.2.1/gems/learn-test-1.2.25/lib/learn_test/jasmine/jasmine.js:1708:44
	at attemptAsync (file:///Users/rachelk/.rvm/gems/ruby-2.2.1/gems/learn-test-1.2.25/lib/learn_test/jasmine/jasmine.js:1520:16)
	at run (file:///Users/rachelk/.rvm/gems/ruby-2.2.1/gems/learn-test-1.2.25/lib/learn_test/jasmine/jasmine.js:1496:28)
	at next (file:///Users/rachelk/.rvm/gems/ruby-2.2.1/gems/learn-test-1.2.25/lib/learn_test/jasmine/jasmine.js:1517:40)
	at complete (file:///Users/rachelk/.rvm/gems/ruby-2.2.1/gems/learn-test-1.2.25/lib/learn_test/jasmine/jasmine.js:1703:19)
	at clearStack (file:///Users/rachelk/.rvm/gems/ruby-2.2.1/gems/learn-test-1.2.25/lib/learn_test/jasmine/jasmine.js:506:11)
	at run (file:///Users/rachelk/.rvm/gems/ruby-2.2.1/gems/learn-test-1.2.25/lib/learn_test/jasmine/jasmine.js:1505:22)
	at next (file:///Users/rachelk/.rvm/gems/ruby-2.2.1/gems/learn-test-1.2.25/lib/learn_test/jasmine/jasmine.js:1517:40)
	at complete (file:///Users/rachelk/.rvm/gems/ruby-2.2.1/gems/learn-test-1.2.25/lib/learn_test/jasmine/jasmine.js:333:19)
	at clearStack (file:///Users/rachelk/.rvm/gems/ruby-2.2.1/gems/learn-test-1.2.25/lib/learn_test/jasmine/jasmine.js:506:11)
	at run (file:///Users/rachelk/.rvm/gems/ruby-2.2.1/gems/learn-test-1.2.25/lib/learn_test/jasmine/jasmine.js:1505:22)
	at execute (file:///Users/rachelk/.rvm/gems/ruby-2.2.1/gems/learn-test-1.2.25/lib/learn_test/jasmine/jasmine.js:1485:13)
	at queueRunnerFactory (file:///Users/rachelk/.rvm/gems/ruby-2.2.1/gems/learn-test-1.2.25/lib/learn_test/jasmine/jasmine.js:518:42)
	at execute (file:///Users/rachelk/.rvm/gems/ruby-2.2.1/gems/learn-test-1.2.25/lib/learn_test/jasmine/jasmine.js:306:28)
	at file:///Users/rachelk/.rvm/gems/ruby-2.2.1/gems/learn-test-1.2.25/lib/learn_test/jasmine/jasmine.js:1708:44
	at attemptAsync (file:///Users/rachelk/.rvm/gems/ruby-2.2.1/gems/learn-test-1.2.25/lib/learn_test/jasmine/jasmine.js:1520:16)
	at run (file:///Users/rachelk/.rvm/gems/ruby-2.2.1/gems/learn-test-1.2.25/lib/learn_test/jasmine/jasmine.js:1496:28)
	at execute (file:///Users/rachelk/.rvm/gems/ruby-2.2.1/gems/learn-test-1.2.25/lib/learn_test/jasmine/jasmine.js:1485:13)
	at queueRunnerFactory (file:///Users/rachelk/.rvm/gems/ruby-2.2.1/gems/learn-test-1.2.25/lib/learn_test/jasmine/jasmine.js:518:42)
	at execute (file:///Users/rachelk/.rvm/gems/ruby-2.2.1/gems/learn-test-1.2.25/lib/learn_test/jasmine/jasmine.js:1694:21)
	at file:///Users/rachelk/.rvm/gems/ruby-2.2.1/gems/learn-test-1.2.25/lib/learn_test/jasmine/jasmine.js:1708:44
	at attemptAsync (file:///Users/rachelk/.rvm/gems/ruby-2.2.1/gems/learn-test-1.2.25/lib/learn_test/jasmine/jasmine.js:1520:16)
	at run (file:///Users/rachelk/.rvm/gems/ruby-2.2.1/gems/learn-test-1.2.25/lib/learn_test/jasmine/jasmine.js:1496:28)
	at next (file:///Users/rachelk/.rvm/gems/ruby-2.2.1/gems/learn-test-1.2.25/lib/learn_test/jasmine/jasmine.js:1517:40)
	at complete (file:///Users/rachelk/.rvm/gems/ruby-2.2.1/gems/learn-test-1.2.25/lib/learn_test/jasmine/jasmine.js:1703:19)
	at clearStack (file:///Users/rachelk/.rvm/gems/ruby-2.2.1/gems/learn-test-1.2.25/lib/learn_test/jasmine/jasmine.js:506:11)
	at run (file:///Users/rachelk/.rvm/gems/ruby-2.2.1/gems/learn-test-1.2.25/lib/learn_test/jasmine/jasmine.js:1505:22)
	at next (file:///Users/rachelk/.rvm/gems/ruby-2.2.1/gems/learn-test-1.2.25/lib/learn_test/jasmine/jasmine.js:1517:40)
	at complete (file:///Users/rachelk/.rvm/gems/ruby-2.2.1/gems/learn-test-1.2.25/lib/learn_test/jasmine/jasmine.js:333:19)
	at clearStack (file:///Users/rachelk/.rvm/gems/ruby-2.2.1/gems/learn-test-1.2.25/lib/learn_test/jasmine/jasmine.js:506:11)
	at run (file:///Users/rachelk/.rvm/gems/ruby-2.2.1/gems/learn-test-1.2.25/lib/learn_test/jasmine/jasmine.js:1505:22)
	at execute (file:///Users/rachelk/.rvm/gems/ruby-2.2.1/gems/learn-test-1.2.25/lib/learn_test/jasmine/jasmine.js:1485:13)
	at queueRunnerFactory (file:///Users/rachelk/.rvm/gems/ruby-2.2.1/gems/learn-test-1.2.25/lib/learn_test/jasmine/jasmine.js:518:42)
	at execute (file:///Users/rachelk/.rvm/gems/ruby-2.2.1/gems/learn-test-1.2.25/lib/learn_test/jasmine/jasmine.js:306:28)
	at file:///Users/rachelk/.rvm/gems/ruby-2.2.1/gems/learn-test-1.2.25/lib/learn_test/jasmine/jasmine.js:1708:44
	at attemptAsync (file:///Users/rachelk/.rvm/gems/ruby-2.2.1/gems/learn-test-1.2.25/lib/learn_test/jasmine/jasmine.js:1520:16)
	at run (file:///Users/rachelk/.rvm/gems/ruby-2.2.1/gems/learn-test-1.2.25/lib/learn_test/jasmine/jasmine.js:1496:28)
	at next (file:///Users/rachelk/.rvm/gems/ruby-2.2.1/gems/learn-test-1.2.25/lib/learn_test/jasmine/jasmine.js:1517:40)
	at complete (file:///Users/rachelk/.rvm/gems/ruby-2.2.1/gems/learn-test-1.2.25/lib/learn_test/jasmine/jasmine.js:333:19)
	at clearStack (file:///Users/rachelk/.rvm/gems/ruby-2.2.1/gems/learn-test-1.2.25/lib/learn_test/jasmine/jasmine.js:506:11)
	at run (file:///Users/rachelk/.rvm/gems/ruby-2.2.1/gems/learn-test-1.2.25/lib/learn_test/jasmine/jasmine.js:1505:22)
	at execute (file:///Users/rachelk/.rvm/gems/ruby-2.2.1/gems/learn-test-1.2.25/lib/learn_test/jasmine/jasmine.js:1485:13)
	at queueRunnerFactory (file:///Users/rachelk/.rvm/gems/ruby-2.2.1/gems/learn-test-1.2.25/lib/learn_test/jasmine/jasmine.js:518:42)
	at execute (file:///Users/rachelk/.rvm/gems/ruby-2.2.1/gems/learn-test-1.2.25/lib/learn_test/jasmine/jasmine.js:306:28)
	at file:///Users/rachelk/.rvm/gems/ruby-2.2.1/gems/learn-test-1.2.25/lib/learn_test/jasmine/jasmine.js:1708:44
	at attemptAsync (file:///Users/rachelk/.rvm/gems/ruby-2.2.1/gems/learn-test-1.2.25/lib/learn_test/jasmine/jasmine.js:1520:16)
	at run (file:///Users/rachelk/.rvm/gems/ruby-2.2.1/gems/learn-test-1.2.25/lib/learn_test/jasmine/jasmine.js:1496:28)
	at execute (file:///Users/rachelk/.rvm/gems/ruby-2.2.1/gems/learn-test-1.2.25/lib/learn_test/jasmine/jasmine.js:1485:13)
	at queueRunnerFactory (file:///Users/rachelk/.rvm/gems/ruby-2.2.1/gems/learn-test-1.2.25/lib/learn_test/jasmine/jasmine.js:518:42)
	at execute (file:///Users/rachelk/.rvm/gems/ruby-2.2.1/gems/learn-test-1.2.25/lib/learn_test/jasmine/jasmine.js:1694:21)
	at file:///Users/rachelk/.rvm/gems/ruby-2.2.1/gems/learn-test-1.2.25/lib/learn_test/jasmine/jasmine.js:1708:44
	at attemptAsync (file:///Users/rachelk/.rvm/gems/ruby-2.2.1/gems/learn-test-1.2.25/lib/learn_test/jasmine/jasmine.js:1520:16)
	at run (file:///Users/rachelk/.rvm/gems/ruby-2.2.1/gems/learn-test-1.2.25/lib/learn_test/jasmine/jasmine.js:1496:28)
	at next (file:///Users/rachelk/.rvm/gems/ruby-2.2.1/gems/learn-test-1.2.25/lib/learn_test/jasmine/jasmine.js:1517:40)
	at complete (file:///Users/rachelk/.rvm/gems/ruby-2.2.1/gems/learn-test-1.2.25/lib/learn_test/jasmine/jasmine.js:1703:19)
	at clearStack (file:///Users/rachelk/.rvm/gems/ruby-2.2.1/gems/learn-test-1.2.25/lib/learn_test/jasmine/jasmine.js:506:11)
	at run (file:///Users/rachelk/.rvm/gems/ruby-2.2.1/gems/learn-test-1.2.25/lib/learn_test/jasmine/jasmine.js:1505:22)
	at next (file:///Users/rachelk/.rvm/gems/ruby-2.2.1/gems/learn-test-1.2.25/lib/learn_test/jasmine/jasmine.js:1517:40)
	at complete (file:///Users/rachelk/.rvm/gems/ruby-2.2.1/gems/learn-test-1.2.25/lib/learn_test/jasmine/jasmine.js:333:19)
	at clearStack (file:///Users/rachelk/.rvm/gems/ruby-2.2.1/gems/learn-test-1.2.25/lib/learn_test/jasmine/jasmine.js:506:11)
	at run (file:///Users/rachelk/.rvm/gems/ruby-2.2.1/gems/learn-test-1.2.25/lib/learn_test/jasmine/jasmine.js:1505:22)
	at execute (file:///Users/rachelk/.rvm/gems/ruby-2.2.1/gems/learn-test-1.2.25/lib/learn_test/jasmine/jasmine.js:1485:13)
	at queueRunnerFactory (file:///Users/rachelk/.rvm/gems/ruby-2.2.1/gems/learn-test-1.2.25/lib/learn_test/jasmine/jasmine.js:518:42)
	at execute (file:///Users/rachelk/.rvm/gems/ruby-2.2.1/gems/learn-test-1.2.25/lib/learn_test/jasmine/jasmine.js:306:28)
	at file:///Users/rachelk/.rvm/gems/ruby-2.2.1/gems/learn-test-1.2.25/lib/learn_test/jasmine/jasmine.js:1708:44
	at attemptAsync (file:///Users/rachelk/.rvm/gems/ruby-2.2.1/gems/learn-test-1.2.25/lib/learn_test/jasmine/jasmine.js:1520:16)
	at run (file:///Users/rachelk/.rvm/gems/ruby-2.2.1/gems/learn-test-1.2.25/lib/learn_test/jasmine/jasmine.js:1496:28)
	at next (file:///Users/rachelk/.rvm/gems/ruby-2.2.1/gems/learn-test-1.2.25/lib/learn_test/jasmine/jasmine.js:1517:40)
	at complete (file:///Users/rachelk/.rvm/gems/ruby-2.2.1/gems/learn-test-1.2.25/lib/learn_test/jasmine/jasmine.js:333:19)
	at clearStack (file:///Users/rachelk/.rvm/gems/ruby-2.2.1/gems/learn-test-1.2.25/lib/learn_test/jasmine/jasmine.js:506:11)
	at run (file:///Users/rachelk/.rvm/gems/ruby-2.2.1/gems/learn-test-1.2.25/lib/learn_test/jasmine/jasmine.js:1505:22)
	at execute (file:///Users/rachelk/.rvm/gems/ruby-2.2.1/gems/learn-test-1.2.25/lib/learn_test/jasmine/jasmine.js:1485:13)
	at queueRunnerFactory (file:///Users/rachelk/.rvm/gems/ruby-2.2.1/gems/learn-test-1.2.25/lib/learn_test/jasmine/jasmine.js:518:42)
	at execute (file:///Users/rachelk/.rvm/gems/ruby-2.2.1/gems/learn-test-1.2.25/lib/learn_test/jasmine/jasmine.js:306:28)
	at file:///Users/rachelk/.rvm/gems/ruby-2.2.1/gems/learn-test-1.2.25/lib/learn_test/jasmine/jasmine.js:1708:44
	at attemptAsync (file:///Users/rachelk/.rvm/gems/ruby-2.2.1/gems/learn-test-1.2.25/lib/learn_test/jasmine/jasmine.js:1520:16)
	at run (file:///Users/rachelk/.rvm/gems/ruby-2.2.1/gems/learn-test-1.2.25/lib/learn_test/jasmine/jasmine.js:1496:28)
	at execute (file:///Users/rachelk/.rvm/gems/ruby-2.2.1/gems/learn-test-1.2.25/lib/learn_test/jasmine/jasmine.js:1485:13)
	at queueRunnerFactory (file:///Users/rachelk/.rvm/gems/ruby-2.2.1/gems/learn-test-1.2.25/lib/learn_test/jasmine/jasmine.js:518:42)
	at execute (file:///Users/rachelk/.rvm/gems/ruby-2.2.1/gems/learn-test-1.2.25/lib/learn_test/jasmine/jasmine.js:1694:21)
	at file:///Users/rachelk/.rvm/gems/ruby-2.2.1/gems/learn-test-1.2.25/lib/learn_test/jasmine/jasmine.js:1708:44
	at attemptAsync (file:///Users/rachelk/.rvm/gems/ruby-2.2.1/gems/learn-test-1.2.25/lib/learn_test/jasmine/jasmine.js:1520:16)
	at run (file:///Users/rachelk/.rvm/gems/ruby-2.2.1/gems/learn-test-1.2.25/lib/learn_test/jasmine/jasmine.js:1496:28)
	at next (file:///Users/rachelk/.rvm/gems/ruby-2.2.1/gems/learn-test-1.2.25/lib/learn_test/jasmine/jasmine.js:1517:40)
	at complete (file:///Users/rachelk/.rvm/gems/ruby-2.2.1/gems/learn-test-1.2.25/lib/learn_test/jasmine/jasmine.js:1703:19)
	at clearStack (file:///Users/rachelk/.rvm/gems/ruby-2.2.1/gems/learn-test-1.2.25/lib/learn_test/jasmine/jasmine.js:506:11)
	at run (file:///Users/rachelk/.rvm/gems/ruby-2.2.1/gems/learn-test-1.2.25/lib/learn_test/jasmine/jasmine.js:1505:22)
	at next (file:///Users/rachelk/.rvm/gems/ruby-2.2.1/gems/learn-test-1.2.25/lib/learn_test/jasmine/jasmine.js:1517:40)
	at complete (file:///Users/rachelk/.rvm/gems/ruby-2.2.1/gems/learn-test-1.2.25/lib/learn_test/jasmine/jasmine.js:333:19)
	at clearStack (file:///Users/rachelk/.rvm/gems/ruby-2.2.1/gems/learn-test-1.2.25/lib/learn_test/jasmine/jasmine.js:506:11)
	at run (file:///Users/rachelk/.rvm/gems/ruby-2.2.1/gems/learn-test-1.2.25/lib/learn_test/jasmine/jasmine.js:1505:22)
	at execute (file:///Users/rachelk/.rvm/gems/ruby-2.2.1/gems/learn-test-1.2.25/lib/learn_test/jasmine/jasmine.js:1485:13)
	at queueRunnerFactory (file:///Users/rachelk/.rvm/gems/ruby-2.2.1/gems/learn-test-1.2.25/lib/learn_test/jasmine/jasmine.js:518:42)
	at execute (file:///Users/rachelk/.rvm/gems/ruby-2.2.1/gems/learn-test-1.2.25/lib/learn_test/jasmine/jasmine.js:306:28)
	at file:///Users/rachelk/.rvm/gems/ruby-2.2.1/gems/learn-test-1.2.25/lib/learn_test/jasmine/jasmine.js:1708:44
	at attemptAsync (file:///Users/rachelk/.rvm/gems/ruby-2.2.1/gems/learn-test-1.2.25/lib/learn_test/jasmine/jasmine.js:1520:16)
	at run (file:///Users/rachelk/.rvm/gems/ruby-2.2.1/gems/learn-test-1.2.25/lib/learn_test/jasmine/jasmine.js:1496:28)
	at execute (file:///Users/rachelk/.rvm/gems/ruby-2.2.1/gems/learn-test-1.2.25/lib/learn_test/jasmine/jasmine.js:1485:13)
	at queueRunnerFactory (file:///Users/rachelk/.rvm/gems/ruby-2.2.1/gems/learn-test-1.2.25/lib/learn_test/jasmine/jasmine.js:518:42)
	at execute (file:///Users/rachelk/.rvm/gems/ruby-2.2.1/gems/learn-test-1.2.25/lib/learn_test/jasmine/jasmine.js:1694:21)
	at file:///Users/rachelk/.rvm/gems/ruby-2.2.1/gems/learn-test-1.2.25/lib/learn_test/jasmine/jasmine.js:1708:44
	at attemptAsync (file:///Users/rachelk/.rvm/gems/ruby-2.2.1/gems/learn-test-1.2.25/lib/learn_test/jasmine/jasmine.js:1520:16)
	at run (file:///Users/rachelk/.rvm/gems/ruby-2.2.1/gems/learn-test-1.2.25/lib/learn_test/jasmine/jasmine.js:1496:28)
	at next (file:///Users/rachelk/.rvm/gems/ruby-2.2.1/gems/learn-test-1.2.25/lib/learn_test/jasmine/jasmine.js:1517:40)
	at complete (file:///Users/rachelk/.rvm/gems/ruby-2.2.1/gems/learn-test-1.2.25/lib/learn_test/jasmine/jasmine.js:1703:19)
	at clearStack (file:///Users/rachelk/.rvm/gems/ruby-2.2.1/gems/learn-test-1.2.25/lib/learn_test/jasmine/jasmine.js:506:11)
	at run (file:///Users/rachelk/.rvm/gems/ruby-2.2.1/gems/learn-test-1.2.25/lib/learn_test/jasmine/jasmine.js:1505:22)
	at next (file:///Users/rachelk/.rvm/gems/ruby-2.2.1/gems/learn-test-1.2.25/lib/learn_test/jasmine/jasmine.js:1517:40)
	at complete (file:///Users/rachelk/.rvm/gems/ruby-2.2.1/gems/learn-test-1.2.25/lib/learn_test/jasmine/jasmine.js:333:19)
	at clearStack (file:///Users/rachelk/.rvm/gems/ruby-2.2.1/gems/learn-test-1.2.25/lib/learn_test/jasmine/jasmine.js:506:11)
	at run (file:///Users/rachelk/.rvm/gems/ruby-2.2.1/gems/learn-test-1.2.25/lib/learn_test/jasmine/jasmine.js:1505:22)
	at execute (file:///Users/rachelk/.rvm/gems/ruby-2.2.1/gems/learn-test-1.2.25/lib/learn_test/jasmine/jasmine.js:1485:13)
	at queueRunnerFactory (file:///Users/rachelk/.rvm/gems/ruby-2.2.1/gems/learn-test-1.2.25/lib/learn_test/jasmine/jasmine.js:518:42)
	at execute (file:///Users/rachelk/.rvm/gems/ruby-2.2.1/gems/learn-test-1.2.25/lib/learn_test/jasmine/jasmine.js:306:28)
	at file:///Users/rachelk/.rvm/gems/ruby-2.2.1/gems/learn-test-1.2.25/lib/learn_test/jasmine/jasmine.js:1708:44
	at attemptAsync (file:///Users/rachelk/.rvm/gems/ruby-2.2.1/gems/learn-test-1.2.25/lib/learn_test/jasmine/jasmine.js:1520:16)
	at run (file:///Users/rachelk/.rvm/gems/ruby-2.2.1/gems/learn-test-1.2.25/lib/learn_test/jasmine/jasmine.js:1496:28)
	at execute (file:///Users/rachelk/.rvm/gems/ruby-2.2.1/gems/learn-test-1.2.25/lib/learn_test/jasmine/jasmine.js:1485:13)
	at queueRunnerFactory (file:///Users/rachelk/.rvm/gems/ruby-2.2.1/gems/learn-test-1.2.25/lib/learn_test/jasmine/jasmine.js:518:42)
	at execute (file:///Users/rachelk/.rvm/gems/ruby-2.2.1/gems/learn-test-1.2.25/lib/learn_test/jasmine/jasmine.js:1694:21)
	at file:///Users/rachelk/.rvm/gems/ruby-2.2.1/gems/learn-test-1.2.25/lib/learn_test/jasmine/jasmine.js:1708:44
	at attemptAsync (file:///Users/rachelk/.rvm/gems/ruby-2.2.1/gems/learn-test-1.2.25/lib/learn_test/jasmine/jasmine.js:1520:16)
	at run (file:///Users/rachelk/.rvm/gems/ruby-2.2.1/gems/learn-test-1.2.25/lib/learn_test/jasmine/jasmine.js:1496:28)
	at execute (file:///Users/rachelk/.rvm/gems/ruby-2.2.1/gems/learn-test-1.2.25/lib/learn_test/jasmine/jasmine.js:1485:13)
	at queueRunnerFactory (file:///Users/rachelk/.rvm/gems/ruby-2.2.1/gems/learn-test-1.2.25/lib/learn_test/jasmine/jasmine.js:518:42)
	at execute (file:///Users/rachelk/.rvm/gems/ruby-2.2.1/gems/learn-test-1.2.25/lib/learn_test/jasmine/jasmine.js:1694:21)
	at file:///Users/rachelk/.rvm/gems/ruby-2.2.1/gems/learn-test-1.2.25/lib/learn_test/jasmine/jasmine.js:1708:44
	at attemptAsync (file:///Users/rachelk/.rvm/gems/ruby-2.2.1/gems/learn-test-1.2.25/lib/learn_test/jasmine/jasmine.js:1520:16)
	at run (file:///Users/rachelk/.rvm/gems/ruby-2.2.1/gems/learn-test-1.2.25/lib/learn_test/jasmine/jasmine.js:1496:28)
	at execute (file:///Users/rachelk/.rvm/gems/ruby-2.2.1/gems/learn-test-1.2.25/lib/learn_test/jasmine/jasmine.js:1485:13)
	at queueRunnerFactory (file:///Users/rachelk/.rvm/gems/ruby-2.2.1/gems/learn-test-1.2.25/lib/learn_test/jasmine/jasmine.js:518:42)
	at execute (file:///Users/rachelk/.rvm/gems/ruby-2.2.1/gems/learn-test-1.2.25/lib/learn_test/jasmine/jasmine.js:1694:21)
	at file:///Users/rachelk/.rvm/gems/ruby-2.2.1/gems/learn-test-1.2.25/lib/learn_test/jasmine/jasmine.js:541:83
	at attemptAsync (file:///Users/rachelk/.rvm/gems/ruby-2.2.1/gems/learn-test-1.2.25/lib/learn_test/jasmine/jasmine.js:1520:16)
	at run (file:///Users/rachelk/.rvm/gems/ruby-2.2.1/gems/learn-test-1.2.25/lib/learn_test/jasmine/jasmine.js:1496:28)
	at execute (file:///Users/rachelk/.rvm/gems/ruby-2.2.1/gems/learn-test-1.2.25/lib/learn_test/jasmine/jasmine.js:1485:13)
	at queueRunnerFactory (file:///Users/rachelk/.rvm/gems/ruby-2.2.1/gems/learn-test-1.2.25/lib/learn_test/jasmine/jasmine.js:518:42)
	at execute (file:///Users/rachelk/.rvm/gems/ruby-2.2.1/gems/learn-test-1.2.25/lib/learn_test/jasmine/jasmine.js:548:25)
	at onload (file:///Users/rachelk/.rvm/gems/ruby-2.2.1/gems/learn-test-1.2.25/lib/learn_test/jasmine/boot.js:172:16)			</failure>
		</testcase>
		<testcase classname="Tic Tac Toe Functionality" name="when there is a tie calls on &amp;apos;message&amp;apos; and passes it the string &amp;apos;Tie game&amp;apos; when there is a tie" time="0.001">
			<failure type="" message="ReferenceError: Can&amp;apos;t find variable: attachListeners in file:///Users/rachelk/Dropbox/Development/Rails-JS/js-tictactoe-rails-api-v-000/spec/tictactoe.spec.js (line 122)">
	at file:///Users/rachelk/Dropbox/Development/Rails-JS/js-tictactoe-rails-api-v-000/spec/tictactoe.spec.js:122:22
	at attemptSync (file:///Users/rachelk/.rvm/gems/ruby-2.2.1/gems/learn-test-1.2.25/lib/learn_test/jasmine/jasmine.js:1510:16)
	at run (file:///Users/rachelk/.rvm/gems/ruby-2.2.1/gems/learn-test-1.2.25/lib/learn_test/jasmine/jasmine.js:1498:20)
	at execute (file:///Users/rachelk/.rvm/gems/ruby-2.2.1/gems/learn-test-1.2.25/lib/learn_test/jasmine/jasmine.js:1485:13)
	at queueRunnerFactory (file:///Users/rachelk/.rvm/gems/ruby-2.2.1/gems/learn-test-1.2.25/lib/learn_test/jasmine/jasmine.js:518:42)
	at execute (file:///Users/rachelk/.rvm/gems/ruby-2.2.1/gems/learn-test-1.2.25/lib/learn_test/jasmine/jasmine.js:306:28)
	at file:///Users/rachelk/.rvm/gems/ruby-2.2.1/gems/learn-test-1.2.25/lib/learn_test/jasmine/jasmine.js:1708:44
	at attemptAsync (file:///Users/rachelk/.rvm/gems/ruby-2.2.1/gems/learn-test-1.2.25/lib/learn_test/jasmine/jasmine.js:1520:16)
	at run (file:///Users/rachelk/.rvm/gems/ruby-2.2.1/gems/learn-test-1.2.25/lib/learn_test/jasmine/jasmine.js:1496:28)
	at execute (file:///Users/rachelk/.rvm/gems/ruby-2.2.1/gems/learn-test-1.2.25/lib/learn_test/jasmine/jasmine.js:1485:13)
	at queueRunnerFactory (file:///Users/rachelk/.rvm/gems/ruby-2.2.1/gems/learn-test-1.2.25/lib/learn_test/jasmine/jasmine.js:518:42)
	at execute (file:///Users/rachelk/.rvm/gems/ruby-2.2.1/gems/learn-test-1.2.25/lib/learn_test/jasmine/jasmine.js:1694:21)
	at file:///Users/rachelk/.rvm/gems/ruby-2.2.1/gems/learn-test-1.2.25/lib/learn_test/jasmine/jasmine.js:1708:44
	at attemptAsync (file:///Users/rachelk/.rvm/gems/ruby-2.2.1/gems/learn-test-1.2.25/lib/learn_test/jasmine/jasmine.js:1520:16)
	at run (file:///Users/rachelk/.rvm/gems/ruby-2.2.1/gems/learn-test-1.2.25/lib/learn_test/jasmine/jasmine.js:1496:28)
	at next (file:///Users/rachelk/.rvm/gems/ruby-2.2.1/gems/learn-test-1.2.25/lib/learn_test/jasmine/jasmine.js:1517:40)
	at complete (file:///Users/rachelk/.rvm/gems/ruby-2.2.1/gems/learn-test-1.2.25/lib/learn_test/jasmine/jasmine.js:1703:19)
	at clearStack (file:///Users/rachelk/.rvm/gems/ruby-2.2.1/gems/learn-test-1.2.25/lib/learn_test/jasmine/jasmine.js:506:11)
	at run (file:///Users/rachelk/.rvm/gems/ruby-2.2.1/gems/learn-test-1.2.25/lib/learn_test/jasmine/jasmine.js:1505:22)
	at next (file:///Users/rachelk/.rvm/gems/ruby-2.2.1/gems/learn-test-1.2.25/lib/learn_test/jasmine/jasmine.js:1517:40)
	at complete (file:///Users/rachelk/.rvm/gems/ruby-2.2.1/gems/learn-test-1.2.25/lib/learn_test/jasmine/jasmine.js:333:19)
	at clearStack (file:///Users/rachelk/.rvm/gems/ruby-2.2.1/gems/learn-test-1.2.25/lib/learn_test/jasmine/jasmine.js:506:11)
	at run (file:///Users/rachelk/.rvm/gems/ruby-2.2.1/gems/learn-test-1.2.25/lib/learn_test/jasmine/jasmine.js:1505:22)
	at execute (file:///Users/rachelk/.rvm/gems/ruby-2.2.1/gems/learn-test-1.2.25/lib/learn_test/jasmine/jasmine.js:1485:13)
	at queueRunnerFactory (file:///Users/rachelk/.rvm/gems/ruby-2.2.1/gems/learn-test-1.2.25/lib/learn_test/jasmine/jasmine.js:518:42)
	at execute (file:///Users/rachelk/.rvm/gems/ruby-2.2.1/gems/learn-test-1.2.25/lib/learn_test/jasmine/jasmine.js:306:28)
	at file:///Users/rachelk/.rvm/gems/ruby-2.2.1/gems/learn-test-1.2.25/lib/learn_test/jasmine/jasmine.js:1708:44
	at attemptAsync (file:///Users/rachelk/.rvm/gems/ruby-2.2.1/gems/learn-test-1.2.25/lib/learn_test/jasmine/jasmine.js:1520:16)
	at run (file:///Users/rachelk/.rvm/gems/ruby-2.2.1/gems/learn-test-1.2.25/lib/learn_test/jasmine/jasmine.js:1496:28)
	at next (file:///Users/rachelk/.rvm/gems/ruby-2.2.1/gems/learn-test-1.2.25/lib/learn_test/jasmine/jasmine.js:1517:40)
	at complete (file:///Users/rachelk/.rvm/gems/ruby-2.2.1/gems/learn-test-1.2.25/lib/learn_test/jasmine/jasmine.js:333:19)
	at clearStack (file:///Users/rachelk/.rvm/gems/ruby-2.2.1/gems/learn-test-1.2.25/lib/learn_test/jasmine/jasmine.js:506:11)
	at run (file:///Users/rachelk/.rvm/gems/ruby-2.2.1/gems/learn-test-1.2.25/lib/learn_test/jasmine/jasmine.js:1505:22)
	at execute (file:///Users/rachelk/.rvm/gems/ruby-2.2.1/gems/learn-test-1.2.25/lib/learn_test/jasmine/jasmine.js:1485:13)
	at queueRunnerFactory (file:///Users/rachelk/.rvm/gems/ruby-2.2.1/gems/learn-test-1.2.25/lib/learn_test/jasmine/jasmine.js:518:42)
	at execute (file:///Users/rachelk/.rvm/gems/ruby-2.2.1/gems/learn-test-1.2.25/lib/learn_test/jasmine/jasmine.js:306:28)
	at file:///Users/rachelk/.rvm/gems/ruby-2.2.1/gems/learn-test-1.2.25/lib/learn_test/jasmine/jasmine.js:1708:44
	at attemptAsync (file:///Users/rachelk/.rvm/gems/ruby-2.2.1/gems/learn-test-1.2.25/lib/learn_test/jasmine/jasmine.js:1520:16)
	at run (file:///Users/rachelk/.rvm/gems/ruby-2.2.1/gems/learn-test-1.2.25/lib/learn_test/jasmine/jasmine.js:1496:28)
	at next (file:///Users/rachelk/.rvm/gems/ruby-2.2.1/gems/learn-test-1.2.25/lib/learn_test/jasmine/jasmine.js:1517:40)
	at complete (file:///Users/rachelk/.rvm/gems/ruby-2.2.1/gems/learn-test-1.2.25/lib/learn_test/jasmine/jasmine.js:333:19)
	at clearStack (file:///Users/rachelk/.rvm/gems/ruby-2.2.1/gems/learn-test-1.2.25/lib/learn_test/jasmine/jasmine.js:506:11)
	at run (file:///Users/rachelk/.rvm/gems/ruby-2.2.1/gems/learn-test-1.2.25/lib/learn_test/jasmine/jasmine.js:1505:22)
	at execute (file:///Users/rachelk/.rvm/gems/ruby-2.2.1/gems/learn-test-1.2.25/lib/learn_test/jasmine/jasmine.js:1485:13)
	at queueRunnerFactory (file:///Users/rachelk/.rvm/gems/ruby-2.2.1/gems/learn-test-1.2.25/lib/learn_test/jasmine/jasmine.js:518:42)
	at execute (file:///Users/rachelk/.rvm/gems/ruby-2.2.1/gems/learn-test-1.2.25/lib/learn_test/jasmine/jasmine.js:306:28)
	at file:///Users/rachelk/.rvm/gems/ruby-2.2.1/gems/learn-test-1.2.25/lib/learn_test/jasmine/jasmine.js:1708:44
	at attemptAsync (file:///Users/rachelk/.rvm/gems/ruby-2.2.1/gems/learn-test-1.2.25/lib/learn_test/jasmine/jasmine.js:1520:16)
	at run (file:///Users/rachelk/.rvm/gems/ruby-2.2.1/gems/learn-test-1.2.25/lib/learn_test/jasmine/jasmine.js:1496:28)
	at execute (file:///Users/rachelk/.rvm/gems/ruby-2.2.1/gems/learn-test-1.2.25/lib/learn_test/jasmine/jasmine.js:1485:13)
	at queueRunnerFactory (file:///Users/rachelk/.rvm/gems/ruby-2.2.1/gems/learn-test-1.2.25/lib/learn_test/jasmine/jasmine.js:518:42)
	at execute (file:///Users/rachelk/.rvm/gems/ruby-2.2.1/gems/learn-test-1.2.25/lib/learn_test/jasmine/jasmine.js:1694:21)
	at file:///Users/rachelk/.rvm/gems/ruby-2.2.1/gems/learn-test-1.2.25/lib/learn_test/jasmine/jasmine.js:1708:44
	at attemptAsync (file:///Users/rachelk/.rvm/gems/ruby-2.2.1/gems/learn-test-1.2.25/lib/learn_test/jasmine/jasmine.js:1520:16)
	at run (file:///Users/rachelk/.rvm/gems/ruby-2.2.1/gems/learn-test-1.2.25/lib/learn_test/jasmine/jasmine.js:1496:28)
	at next (file:///Users/rachelk/.rvm/gems/ruby-2.2.1/gems/learn-test-1.2.25/lib/learn_test/jasmine/jasmine.js:1517:40)
	at complete (file:///Users/rachelk/.rvm/gems/ruby-2.2.1/gems/learn-test-1.2.25/lib/learn_test/jasmine/jasmine.js:1703:19)
	at clearStack (file:///Users/rachelk/.rvm/gems/ruby-2.2.1/gems/learn-test-1.2.25/lib/learn_test/jasmine/jasmine.js:506:11)
	at run (file:///Users/rachelk/.rvm/gems/ruby-2.2.1/gems/learn-test-1.2.25/lib/learn_test/jasmine/jasmine.js:1505:22)
	at next (file:///Users/rachelk/.rvm/gems/ruby-2.2.1/gems/learn-test-1.2.25/lib/learn_test/jasmine/jasmine.js:1517:40)
	at complete (file:///Users/rachelk/.rvm/gems/ruby-2.2.1/gems/learn-test-1.2.25/lib/learn_test/jasmine/jasmine.js:333:19)
	at clearStack (file:///Users/rachelk/.rvm/gems/ruby-2.2.1/gems/learn-test-1.2.25/lib/learn_test/jasmine/jasmine.js:506:11)
	at run (file:///Users/rachelk/.rvm/gems/ruby-2.2.1/gems/learn-test-1.2.25/lib/learn_test/jasmine/jasmine.js:1505:22)
	at execute (file:///Users/rachelk/.rvm/gems/ruby-2.2.1/gems/learn-test-1.2.25/lib/learn_test/jasmine/jasmine.js:1485:13)
	at queueRunnerFactory (file:///Users/rachelk/.rvm/gems/ruby-2.2.1/gems/learn-test-1.2.25/lib/learn_test/jasmine/jasmine.js:518:42)
	at execute (file:///Users/rachelk/.rvm/gems/ruby-2.2.1/gems/learn-test-1.2.25/lib/learn_test/jasmine/jasmine.js:306:28)
	at file:///Users/rachelk/.rvm/gems/ruby-2.2.1/gems/learn-test-1.2.25/lib/learn_test/jasmine/jasmine.js:1708:44
	at attemptAsync (file:///Users/rachelk/.rvm/gems/ruby-2.2.1/gems/learn-test-1.2.25/lib/learn_test/jasmine/jasmine.js:1520:16)
	at run (file:///Users/rachelk/.rvm/gems/ruby-2.2.1/gems/learn-test-1.2.25/lib/learn_test/jasmine/jasmine.js:1496:28)
	at execute (file:///Users/rachelk/.rvm/gems/ruby-2.2.1/gems/learn-test-1.2.25/lib/learn_test/jasmine/jasmine.js:1485:13)
	at queueRunnerFactory (file:///Users/rachelk/.rvm/gems/ruby-2.2.1/gems/learn-test-1.2.25/lib/learn_test/jasmine/jasmine.js:518:42)
	at execute (file:///Users/rachelk/.rvm/gems/ruby-2.2.1/gems/learn-test-1.2.25/lib/learn_test/jasmine/jasmine.js:1694:21)
	at file:///Users/rachelk/.rvm/gems/ruby-2.2.1/gems/learn-test-1.2.25/lib/learn_test/jasmine/jasmine.js:1708:44
	at attemptAsync (file:///Users/rachelk/.rvm/gems/ruby-2.2.1/gems/learn-test-1.2.25/lib/learn_test/jasmine/jasmine.js:1520:16)
	at run (file:///Users/rachelk/.rvm/gems/ruby-2.2.1/gems/learn-test-1.2.25/lib/learn_test/jasmine/jasmine.js:1496:28)
	at next (file:///Users/rachelk/.rvm/gems/ruby-2.2.1/gems/learn-test-1.2.25/lib/learn_test/jasmine/jasmine.js:1517:40)
	at complete (file:///Users/rachelk/.rvm/gems/ruby-2.2.1/gems/learn-test-1.2.25/lib/learn_test/jasmine/jasmine.js:1703:19)
	at clearStack (file:///Users/rachelk/.rvm/gems/ruby-2.2.1/gems/learn-test-1.2.25/lib/learn_test/jasmine/jasmine.js:506:11)
	at run (file:///Users/rachelk/.rvm/gems/ruby-2.2.1/gems/learn-test-1.2.25/lib/learn_test/jasmine/jasmine.js:1505:22)
	at next (file:///Users/rachelk/.rvm/gems/ruby-2.2.1/gems/learn-test-1.2.25/lib/learn_test/jasmine/jasmine.js:1517:40)
	at complete (file:///Users/rachelk/.rvm/gems/ruby-2.2.1/gems/learn-test-1.2.25/lib/learn_test/jasmine/jasmine.js:333:19)
	at clearStack (file:///Users/rachelk/.rvm/gems/ruby-2.2.1/gems/learn-test-1.2.25/lib/learn_test/jasmine/jasmine.js:506:11)
	at run (file:///Users/rachelk/.rvm/gems/ruby-2.2.1/gems/learn-test-1.2.25/lib/learn_test/jasmine/jasmine.js:1505:22)
	at execute (file:///Users/rachelk/.rvm/gems/ruby-2.2.1/gems/learn-test-1.2.25/lib/learn_test/jasmine/jasmine.js:1485:13)
	at queueRunnerFactory (file:///Users/rachelk/.rvm/gems/ruby-2.2.1/gems/learn-test-1.2.25/lib/learn_test/jasmine/jasmine.js:518:42)
	at execute (file:///Users/rachelk/.rvm/gems/ruby-2.2.1/gems/learn-test-1.2.25/lib/learn_test/jasmine/jasmine.js:306:28)
	at file:///Users/rachelk/.rvm/gems/ruby-2.2.1/gems/learn-test-1.2.25/lib/learn_test/jasmine/jasmine.js:1708:44
	at attemptAsync (file:///Users/rachelk/.rvm/gems/ruby-2.2.1/gems/learn-test-1.2.25/lib/learn_test/jasmine/jasmine.js:1520:16)
	at run (file:///Users/rachelk/.rvm/gems/ruby-2.2.1/gems/learn-test-1.2.25/lib/learn_test/jasmine/jasmine.js:1496:28)
	at next (file:///Users/rachelk/.rvm/gems/ruby-2.2.1/gems/learn-test-1.2.25/lib/learn_test/jasmine/jasmine.js:1517:40)
	at complete (file:///Users/rachelk/.rvm/gems/ruby-2.2.1/gems/learn-test-1.2.25/lib/learn_test/jasmine/jasmine.js:333:19)
	at clearStack (file:///Users/rachelk/.rvm/gems/ruby-2.2.1/gems/learn-test-1.2.25/lib/learn_test/jasmine/jasmine.js:506:11)
	at run (file:///Users/rachelk/.rvm/gems/ruby-2.2.1/gems/learn-test-1.2.25/lib/learn_test/jasmine/jasmine.js:1505:22)
	at execute (file:///Users/rachelk/.rvm/gems/ruby-2.2.1/gems/learn-test-1.2.25/lib/learn_test/jasmine/jasmine.js:1485:13)
	at queueRunnerFactory (file:///Users/rachelk/.rvm/gems/ruby-2.2.1/gems/learn-test-1.2.25/lib/learn_test/jasmine/jasmine.js:518:42)
	at execute (file:///Users/rachelk/.rvm/gems/ruby-2.2.1/gems/learn-test-1.2.25/lib/learn_test/jasmine/jasmine.js:306:28)
	at file:///Users/rachelk/.rvm/gems/ruby-2.2.1/gems/learn-test-1.2.25/lib/learn_test/jasmine/jasmine.js:1708:44
	at attemptAsync (file:///Users/rachelk/.rvm/gems/ruby-2.2.1/gems/learn-test-1.2.25/lib/learn_test/jasmine/jasmine.js:1520:16)
	at run (file:///Users/rachelk/.rvm/gems/ruby-2.2.1/gems/learn-test-1.2.25/lib/learn_test/jasmine/jasmine.js:1496:28)
	at execute (file:///Users/rachelk/.rvm/gems/ruby-2.2.1/gems/learn-test-1.2.25/lib/learn_test/jasmine/jasmine.js:1485:13)
	at queueRunnerFactory (file:///Users/rachelk/.rvm/gems/ruby-2.2.1/gems/learn-test-1.2.25/lib/learn_test/jasmine/jasmine.js:518:42)
	at execute (file:///Users/rachelk/.rvm/gems/ruby-2.2.1/gems/learn-test-1.2.25/lib/learn_test/jasmine/jasmine.js:1694:21)
	at file:///Users/rachelk/.rvm/gems/ruby-2.2.1/gems/learn-test-1.2.25/lib/learn_test/jasmine/jasmine.js:1708:44
	at attemptAsync (file:///Users/rachelk/.rvm/gems/ruby-2.2.1/gems/learn-test-1.2.25/lib/learn_test/jasmine/jasmine.js:1520:16)
	at run (file:///Users/rachelk/.rvm/gems/ruby-2.2.1/gems/learn-test-1.2.25/lib/learn_test/jasmine/jasmine.js:1496:28)
	at next (file:///Users/rachelk/.rvm/gems/ruby-2.2.1/gems/learn-test-1.2.25/lib/learn_test/jasmine/jasmine.js:1517:40)
	at complete (file:///Users/rachelk/.rvm/gems/ruby-2.2.1/gems/learn-test-1.2.25/lib/learn_test/jasmine/jasmine.js:1703:19)
	at clearStack (file:///Users/rachelk/.rvm/gems/ruby-2.2.1/gems/learn-test-1.2.25/lib/learn_test/jasmine/jasmine.js:506:11)
	at run (file:///Users/rachelk/.rvm/gems/ruby-2.2.1/gems/learn-test-1.2.25/lib/learn_test/jasmine/jasmine.js:1505:22)
	at next (file:///Users/rachelk/.rvm/gems/ruby-2.2.1/gems/learn-test-1.2.25/lib/learn_test/jasmine/jasmine.js:1517:40)
	at complete (file:///Users/rachelk/.rvm/gems/ruby-2.2.1/gems/learn-test-1.2.25/lib/learn_test/jasmine/jasmine.js:333:19)
	at clearStack (file:///Users/rachelk/.rvm/gems/ruby-2.2.1/gems/learn-test-1.2.25/lib/learn_test/jasmine/jasmine.js:506:11)
	at run (file:///Users/rachelk/.rvm/gems/ruby-2.2.1/gems/learn-test-1.2.25/lib/learn_test/jasmine/jasmine.js:1505:22)
	at execute (file:///Users/rachelk/.rvm/gems/ruby-2.2.1/gems/learn-test-1.2.25/lib/learn_test/jasmine/jasmine.js:1485:13)
	at queueRunnerFactory (file:///Users/rachelk/.rvm/gems/ruby-2.2.1/gems/learn-test-1.2.25/lib/learn_test/jasmine/jasmine.js:518:42)
	at execute (file:///Users/rachelk/.rvm/gems/ruby-2.2.1/gems/learn-test-1.2.25/lib/learn_test/jasmine/jasmine.js:306:28)
	at file:///Users/rachelk/.rvm/gems/ruby-2.2.1/gems/learn-test-1.2.25/lib/learn_test/jasmine/jasmine.js:1708:44
	at attemptAsync (file:///Users/rachelk/.rvm/gems/ruby-2.2.1/gems/learn-test-1.2.25/lib/learn_test/jasmine/jasmine.js:1520:16)
	at run (file:///Users/rachelk/.rvm/gems/ruby-2.2.1/gems/learn-test-1.2.25/lib/learn_test/jasmine/jasmine.js:1496:28)
	at next (file:///Users/rachelk/.rvm/gems/ruby-2.2.1/gems/learn-test-1.2.25/lib/learn_test/jasmine/jasmine.js:1517:40)
	at complete (file:///Users/rachelk/.rvm/gems/ruby-2.2.1/gems/learn-test-1.2.25/lib/learn_test/jasmine/jasmine.js:333:19)
	at clearStack (file:///Users/rachelk/.rvm/gems/ruby-2.2.1/gems/learn-test-1.2.25/lib/learn_test/jasmine/jasmine.js:506:11)
	at run (file:///Users/rachelk/.rvm/gems/ruby-2.2.1/gems/learn-test-1.2.25/lib/learn_test/jasmine/jasmine.js:1505:22)
	at execute (file:///Users/rachelk/.rvm/gems/ruby-2.2.1/gems/learn-test-1.2.25/lib/learn_test/jasmine/jasmine.js:1485:13)
	at queueRunnerFactory (file:///Users/rachelk/.rvm/gems/ruby-2.2.1/gems/learn-test-1.2.25/lib/learn_test/jasmine/jasmine.js:518:42)
	at execute (file:///Users/rachelk/.rvm/gems/ruby-2.2.1/gems/learn-test-1.2.25/lib/learn_test/jasmine/jasmine.js:306:28)
	at file:///Users/rachelk/.rvm/gems/ruby-2.2.1/gems/learn-test-1.2.25/lib/learn_test/jasmine/jasmine.js:1708:44
	at attemptAsync (file:///Users/rachelk/.rvm/gems/ruby-2.2.1/gems/learn-test-1.2.25/lib/learn_test/jasmine/jasmine.js:1520:16)
	at run (file:///Users/rachelk/.rvm/gems/ruby-2.2.1/gems/learn-test-1.2.25/lib/learn_test/jasmine/jasmine.js:1496:28)
	at execute (file:///Users/rachelk/.rvm/gems/ruby-2.2.1/gems/learn-test-1.2.25/lib/learn_test/jasmine/jasmine.js:1485:13)
	at queueRunnerFactory (file:///Users/rachelk/.rvm/gems/ruby-2.2.1/gems/learn-test-1.2.25/lib/learn_test/jasmine/jasmine.js:518:42)
	at execute (file:///Users/rachelk/.rvm/gems/ruby-2.2.1/gems/learn-test-1.2.25/lib/learn_test/jasmine/jasmine.js:1694:21)
	at file:///Users/rachelk/.rvm/gems/ruby-2.2.1/gems/learn-test-1.2.25/lib/learn_test/jasmine/jasmine.js:1708:44
	at attemptAsync (file:///Users/rachelk/.rvm/gems/ruby-2.2.1/gems/learn-test-1.2.25/lib/learn_test/jasmine/jasmine.js:1520:16)
	at run (file:///Users/rachelk/.rvm/gems/ruby-2.2.1/gems/learn-test-1.2.25/lib/learn_test/jasmine/jasmine.js:1496:28)
	at next (file:///Users/rachelk/.rvm/gems/ruby-2.2.1/gems/learn-test-1.2.25/lib/learn_test/jasmine/jasmine.js:1517:40)
	at complete (file:///Users/rachelk/.rvm/gems/ruby-2.2.1/gems/learn-test-1.2.25/lib/learn_test/jasmine/jasmine.js:1703:19)
	at clearStack (file:///Users/rachelk/.rvm/gems/ruby-2.2.1/gems/learn-test-1.2.25/lib/learn_test/jasmine/jasmine.js:506:11)
	at run (file:///Users/rachelk/.rvm/gems/ruby-2.2.1/gems/learn-test-1.2.25/lib/learn_test/jasmine/jasmine.js:1505:22)
	at next (file:///Users/rachelk/.rvm/gems/ruby-2.2.1/gems/learn-test-1.2.25/lib/learn_test/jasmine/jasmine.js:1517:40)
	at complete (file:///Users/rachelk/.rvm/gems/ruby-2.2.1/gems/learn-test-1.2.25/lib/learn_test/jasmine/jasmine.js:333:19)
	at clearStack (file:///Users/rachelk/.rvm/gems/ruby-2.2.1/gems/learn-test-1.2.25/lib/learn_test/jasmine/jasmine.js:506:11)
	at run (file:///Users/rachelk/.rvm/gems/ruby-2.2.1/gems/learn-test-1.2.25/lib/learn_test/jasmine/jasmine.js:1505:22)
	at execute (file:///Users/rachelk/.rvm/gems/ruby-2.2.1/gems/learn-test-1.2.25/lib/learn_test/jasmine/jasmine.js:1485:13)
	at queueRunnerFactory (file:///Users/rachelk/.rvm/gems/ruby-2.2.1/gems/learn-test-1.2.25/lib/learn_test/jasmine/jasmine.js:518:42)
	at execute (file:///Users/rachelk/.rvm/gems/ruby-2.2.1/gems/learn-test-1.2.25/lib/learn_test/jasmine/jasmine.js:306:28)
	at file:///Users/rachelk/.rvm/gems/ruby-2.2.1/gems/learn-test-1.2.25/lib/learn_test/jasmine/jasmine.js:1708:44
	at attemptAsync (file:///Users/rachelk/.rvm/gems/ruby-2.2.1/gems/learn-test-1.2.25/lib/learn_test/jasmine/jasmine.js:1520:16)
	at run (file:///Users/rachelk/.rvm/gems/ruby-2.2.1/gems/learn-test-1.2.25/lib/learn_test/jasmine/jasmine.js:1496:28)
	at execute (file:///Users/rachelk/.rvm/gems/ruby-2.2.1/gems/learn-test-1.2.25/lib/learn_test/jasmine/jasmine.js:1485:13)
	at queueRunnerFactory (file:///Users/rachelk/.rvm/gems/ruby-2.2.1/gems/learn-test-1.2.25/lib/learn_test/jasmine/jasmine.js:518:42)
	at execute (file:///Users/rachelk/.rvm/gems/ruby-2.2.1/gems/learn-test-1.2.25/lib/learn_test/jasmine/jasmine.js:1694:21)
	at file:///Users/rachelk/.rvm/gems/ruby-2.2.1/gems/learn-test-1.2.25/lib/learn_test/jasmine/jasmine.js:1708:44
	at attemptAsync (file:///Users/rachelk/.rvm/gems/ruby-2.2.1/gems/learn-test-1.2.25/lib/learn_test/jasmine/jasmine.js:1520:16)
	at run (file:///Users/rachelk/.rvm/gems/ruby-2.2.1/gems/learn-test-1.2.25/lib/learn_test/jasmine/jasmine.js:1496:28)
	at next (file:///Users/rachelk/.rvm/gems/ruby-2.2.1/gems/learn-test-1.2.25/lib/learn_test/jasmine/jasmine.js:1517:40)
	at complete (file:///Users/rachelk/.rvm/gems/ruby-2.2.1/gems/learn-test-1.2.25/lib/learn_test/jasmine/jasmine.js:1703:19)
	at clearStack (file:///Users/rachelk/.rvm/gems/ruby-2.2.1/gems/learn-test-1.2.25/lib/learn_test/jasmine/jasmine.js:506:11)
	at run (file:///Users/rachelk/.rvm/gems/ruby-2.2.1/gems/learn-test-1.2.25/lib/learn_test/jasmine/jasmine.js:1505:22)
	at next (file:///Users/rachelk/.rvm/gems/ruby-2.2.1/gems/learn-test-1.2.25/lib/learn_test/jasmine/jasmine.js:1517:40)
	at complete (file:///Users/rachelk/.rvm/gems/ruby-2.2.1/gems/learn-test-1.2.25/lib/learn_test/jasmine/jasmine.js:333:19)
	at clearStack (file:///Users/rachelk/.rvm/gems/ruby-2.2.1/gems/learn-test-1.2.25/lib/learn_test/jasmine/jasmine.js:506:11)
	at run (file:///Users/rachelk/.rvm/gems/ruby-2.2.1/gems/learn-test-1.2.25/lib/learn_test/jasmine/jasmine.js:1505:22)
	at execute (file:///Users/rachelk/.rvm/gems/ruby-2.2.1/gems/learn-test-1.2.25/lib/learn_test/jasmine/jasmine.js:1485:13)
	at queueRunnerFactory (file:///Users/rachelk/.rvm/gems/ruby-2.2.1/gems/learn-test-1.2.25/lib/learn_test/jasmine/jasmine.js:518:42)
	at execute (file:///Users/rachelk/.rvm/gems/ruby-2.2.1/gems/learn-test-1.2.25/lib/learn_test/jasmine/jasmine.js:306:28)
	at file:///Users/rachelk/.rvm/gems/ruby-2.2.1/gems/learn-test-1.2.25/lib/learn_test/jasmine/jasmine.js:1708:44
	at attemptAsync (file:///Users/rachelk/.rvm/gems/ruby-2.2.1/gems/learn-test-1.2.25/lib/learn_test/jasmine/jasmine.js:1520:16)
	at run (file:///Users/rachelk/.rvm/gems/ruby-2.2.1/gems/learn-test-1.2.25/lib/learn_test/jasmine/jasmine.js:1496:28)
	at execute (file:///Users/rachelk/.rvm/gems/ruby-2.2.1/gems/learn-test-1.2.25/lib/learn_test/jasmine/jasmine.js:1485:13)
	at queueRunnerFactory (file:///Users/rachelk/.rvm/gems/ruby-2.2.1/gems/learn-test-1.2.25/lib/learn_test/jasmine/jasmine.js:518:42)
	at execute (file:///Users/rachelk/.rvm/gems/ruby-2.2.1/gems/learn-test-1.2.25/lib/learn_test/jasmine/jasmine.js:1694:21)
	at file:///Users/rachelk/.rvm/gems/ruby-2.2.1/gems/learn-test-1.2.25/lib/learn_test/jasmine/jasmine.js:1708:44
	at attemptAsync (file:///Users/rachelk/.rvm/gems/ruby-2.2.1/gems/learn-test-1.2.25/lib/learn_test/jasmine/jasmine.js:1520:16)
	at run (file:///Users/rachelk/.rvm/gems/ruby-2.2.1/gems/learn-test-1.2.25/lib/learn_test/jasmine/jasmine.js:1496:28)
	at execute (file:///Users/rachelk/.rvm/gems/ruby-2.2.1/gems/learn-test-1.2.25/lib/learn_test/jasmine/jasmine.js:1485:13)
	at queueRunnerFactory (file:///Users/rachelk/.rvm/gems/ruby-2.2.1/gems/learn-test-1.2.25/lib/learn_test/jasmine/jasmine.js:518:42)
	at execute (file:///Users/rachelk/.rvm/gems/ruby-2.2.1/gems/learn-test-1.2.25/lib/learn_test/jasmine/jasmine.js:1694:21)
	at file:///Users/rachelk/.rvm/gems/ruby-2.2.1/gems/learn-test-1.2.25/lib/learn_test/jasmine/jasmine.js:1708:44
	at attemptAsync (file:///Users/rachelk/.rvm/gems/ruby-2.2.1/gems/learn-test-1.2.25/lib/learn_test/jasmine/jasmine.js:1520:16)
	at run (file:///Users/rachelk/.rvm/gems/ruby-2.2.1/gems/learn-test-1.2.25/lib/learn_test/jasmine/jasmine.js:1496:28)
	at execute (file:///Users/rachelk/.rvm/gems/ruby-2.2.1/gems/learn-test-1.2.25/lib/learn_test/jasmine/jasmine.js:1485:13)
	at queueRunnerFactory (file:///Users/rachelk/.rvm/gems/ruby-2.2.1/gems/learn-test-1.2.25/lib/learn_test/jasmine/jasmine.js:518:42)
	at execute (file:///Users/rachelk/.rvm/gems/ruby-2.2.1/gems/learn-test-1.2.25/lib/learn_test/jasmine/jasmine.js:1694:21)
	at file:///Users/rachelk/.rvm/gems/ruby-2.2.1/gems/learn-test-1.2.25/lib/learn_test/jasmine/jasmine.js:541:83
	at attemptAsync (file:///Users/rachelk/.rvm/gems/ruby-2.2.1/gems/learn-test-1.2.25/lib/learn_test/jasmine/jasmine.js:1520:16)
	at run (file:///Users/rachelk/.rvm/gems/ruby-2.2.1/gems/learn-test-1.2.25/lib/learn_test/jasmine/jasmine.js:1496:28)
	at execute (file:///Users/rachelk/.rvm/gems/ruby-2.2.1/gems/learn-test-1.2.25/lib/learn_test/jasmine/jasmine.js:1485:13)
	at queueRunnerFactory (file:///Users/rachelk/.rvm/gems/ruby-2.2.1/gems/learn-test-1.2.25/lib/learn_test/jasmine/jasmine.js:518:42)
	at execute (file:///Users/rachelk/.rvm/gems/ruby-2.2.1/gems/learn-test-1.2.25/lib/learn_test/jasmine/jasmine.js:548:25)
	at onload (file:///Users/rachelk/.rvm/gems/ruby-2.2.1/gems/learn-test-1.2.25/lib/learn_test/jasmine/boot.js:172:16)			</failure>
		</testcase>
		<testcase classname="Tic Tac Toe Functionality" name="resetting the board resets the board and sets turn to zero when there is a winner" time="0.001">
			<failure type="" message="ReferenceError: Can&amp;apos;t find variable: attachListeners in file:///Users/rachelk/Dropbox/Development/Rails-JS/js-tictactoe-rails-api-v-000/spec/tictactoe.spec.js (line 144)">
	at file:///Users/rachelk/Dropbox/Development/Rails-JS/js-tictactoe-rails-api-v-000/spec/tictactoe.spec.js:144:22
	at attemptSync (file:///Users/rachelk/.rvm/gems/ruby-2.2.1/gems/learn-test-1.2.25/lib/learn_test/jasmine/jasmine.js:1510:16)
	at run (file:///Users/rachelk/.rvm/gems/ruby-2.2.1/gems/learn-test-1.2.25/lib/learn_test/jasmine/jasmine.js:1498:20)
	at execute (file:///Users/rachelk/.rvm/gems/ruby-2.2.1/gems/learn-test-1.2.25/lib/learn_test/jasmine/jasmine.js:1485:13)
	at queueRunnerFactory (file:///Users/rachelk/.rvm/gems/ruby-2.2.1/gems/learn-test-1.2.25/lib/learn_test/jasmine/jasmine.js:518:42)
	at execute (file:///Users/rachelk/.rvm/gems/ruby-2.2.1/gems/learn-test-1.2.25/lib/learn_test/jasmine/jasmine.js:306:28)
	at file:///Users/rachelk/.rvm/gems/ruby-2.2.1/gems/learn-test-1.2.25/lib/learn_test/jasmine/jasmine.js:1708:44
	at attemptAsync (file:///Users/rachelk/.rvm/gems/ruby-2.2.1/gems/learn-test-1.2.25/lib/learn_test/jasmine/jasmine.js:1520:16)
	at run (file:///Users/rachelk/.rvm/gems/ruby-2.2.1/gems/learn-test-1.2.25/lib/learn_test/jasmine/jasmine.js:1496:28)
	at execute (file:///Users/rachelk/.rvm/gems/ruby-2.2.1/gems/learn-test-1.2.25/lib/learn_test/jasmine/jasmine.js:1485:13)
	at queueRunnerFactory (file:///Users/rachelk/.rvm/gems/ruby-2.2.1/gems/learn-test-1.2.25/lib/learn_test/jasmine/jasmine.js:518:42)
	at execute (file:///Users/rachelk/.rvm/gems/ruby-2.2.1/gems/learn-test-1.2.25/lib/learn_test/jasmine/jasmine.js:1694:21)
	at file:///Users/rachelk/.rvm/gems/ruby-2.2.1/gems/learn-test-1.2.25/lib/learn_test/jasmine/jasmine.js:1708:44
	at attemptAsync (file:///Users/rachelk/.rvm/gems/ruby-2.2.1/gems/learn-test-1.2.25/lib/learn_test/jasmine/jasmine.js:1520:16)
	at run (file:///Users/rachelk/.rvm/gems/ruby-2.2.1/gems/learn-test-1.2.25/lib/learn_test/jasmine/jasmine.js:1496:28)
	at next (file:///Users/rachelk/.rvm/gems/ruby-2.2.1/gems/learn-test-1.2.25/lib/learn_test/jasmine/jasmine.js:1517:40)
	at complete (file:///Users/rachelk/.rvm/gems/ruby-2.2.1/gems/learn-test-1.2.25/lib/learn_test/jasmine/jasmine.js:1703:19)
	at clearStack (file:///Users/rachelk/.rvm/gems/ruby-2.2.1/gems/learn-test-1.2.25/lib/learn_test/jasmine/jasmine.js:506:11)
	at run (file:///Users/rachelk/.rvm/gems/ruby-2.2.1/gems/learn-test-1.2.25/lib/learn_test/jasmine/jasmine.js:1505:22)
	at next (file:///Users/rachelk/.rvm/gems/ruby-2.2.1/gems/learn-test-1.2.25/lib/learn_test/jasmine/jasmine.js:1517:40)
	at complete (file:///Users/rachelk/.rvm/gems/ruby-2.2.1/gems/learn-test-1.2.25/lib/learn_test/jasmine/jasmine.js:333:19)
	at clearStack (file:///Users/rachelk/.rvm/gems/ruby-2.2.1/gems/learn-test-1.2.25/lib/learn_test/jasmine/jasmine.js:506:11)
	at run (file:///Users/rachelk/.rvm/gems/ruby-2.2.1/gems/learn-test-1.2.25/lib/learn_test/jasmine/jasmine.js:1505:22)
	at execute (file:///Users/rachelk/.rvm/gems/ruby-2.2.1/gems/learn-test-1.2.25/lib/learn_test/jasmine/jasmine.js:1485:13)
	at queueRunnerFactory (file:///Users/rachelk/.rvm/gems/ruby-2.2.1/gems/learn-test-1.2.25/lib/learn_test/jasmine/jasmine.js:518:42)
	at execute (file:///Users/rachelk/.rvm/gems/ruby-2.2.1/gems/learn-test-1.2.25/lib/learn_test/jasmine/jasmine.js:306:28)
	at file:///Users/rachelk/.rvm/gems/ruby-2.2.1/gems/learn-test-1.2.25/lib/learn_test/jasmine/jasmine.js:1708:44
	at attemptAsync (file:///Users/rachelk/.rvm/gems/ruby-2.2.1/gems/learn-test-1.2.25/lib/learn_test/jasmine/jasmine.js:1520:16)
	at run (file:///Users/rachelk/.rvm/gems/ruby-2.2.1/gems/learn-test-1.2.25/lib/learn_test/jasmine/jasmine.js:1496:28)
	at execute (file:///Users/rachelk/.rvm/gems/ruby-2.2.1/gems/learn-test-1.2.25/lib/learn_test/jasmine/jasmine.js:1485:13)
	at queueRunnerFactory (file:///Users/rachelk/.rvm/gems/ruby-2.2.1/gems/learn-test-1.2.25/lib/learn_test/jasmine/jasmine.js:518:42)
	at execute (file:///Users/rachelk/.rvm/gems/ruby-2.2.1/gems/learn-test-1.2.25/lib/learn_test/jasmine/jasmine.js:1694:21)
	at file:///Users/rachelk/.rvm/gems/ruby-2.2.1/gems/learn-test-1.2.25/lib/learn_test/jasmine/jasmine.js:1708:44
	at attemptAsync (file:///Users/rachelk/.rvm/gems/ruby-2.2.1/gems/learn-test-1.2.25/lib/learn_test/jasmine/jasmine.js:1520:16)
	at run (file:///Users/rachelk/.rvm/gems/ruby-2.2.1/gems/learn-test-1.2.25/lib/learn_test/jasmine/jasmine.js:1496:28)
	at next (file:///Users/rachelk/.rvm/gems/ruby-2.2.1/gems/learn-test-1.2.25/lib/learn_test/jasmine/jasmine.js:1517:40)
	at complete (file:///Users/rachelk/.rvm/gems/ruby-2.2.1/gems/learn-test-1.2.25/lib/learn_test/jasmine/jasmine.js:1703:19)
	at clearStack (file:///Users/rachelk/.rvm/gems/ruby-2.2.1/gems/learn-test-1.2.25/lib/learn_test/jasmine/jasmine.js:506:11)
	at run (file:///Users/rachelk/.rvm/gems/ruby-2.2.1/gems/learn-test-1.2.25/lib/learn_test/jasmine/jasmine.js:1505:22)
	at next (file:///Users/rachelk/.rvm/gems/ruby-2.2.1/gems/learn-test-1.2.25/lib/learn_test/jasmine/jasmine.js:1517:40)
	at complete (file:///Users/rachelk/.rvm/gems/ruby-2.2.1/gems/learn-test-1.2.25/lib/learn_test/jasmine/jasmine.js:333:19)
	at clearStack (file:///Users/rachelk/.rvm/gems/ruby-2.2.1/gems/learn-test-1.2.25/lib/learn_test/jasmine/jasmine.js:506:11)
	at run (file:///Users/rachelk/.rvm/gems/ruby-2.2.1/gems/learn-test-1.2.25/lib/learn_test/jasmine/jasmine.js:1505:22)
	at execute (file:///Users/rachelk/.rvm/gems/ruby-2.2.1/gems/learn-test-1.2.25/lib/learn_test/jasmine/jasmine.js:1485:13)
	at queueRunnerFactory (file:///Users/rachelk/.rvm/gems/ruby-2.2.1/gems/learn-test-1.2.25/lib/learn_test/jasmine/jasmine.js:518:42)
	at execute (file:///Users/rachelk/.rvm/gems/ruby-2.2.1/gems/learn-test-1.2.25/lib/learn_test/jasmine/jasmine.js:306:28)
	at file:///Users/rachelk/.rvm/gems/ruby-2.2.1/gems/learn-test-1.2.25/lib/learn_test/jasmine/jasmine.js:1708:44
	at attemptAsync (file:///Users/rachelk/.rvm/gems/ruby-2.2.1/gems/learn-test-1.2.25/lib/learn_test/jasmine/jasmine.js:1520:16)
	at run (file:///Users/rachelk/.rvm/gems/ruby-2.2.1/gems/learn-test-1.2.25/lib/learn_test/jasmine/jasmine.js:1496:28)
	at next (file:///Users/rachelk/.rvm/gems/ruby-2.2.1/gems/learn-test-1.2.25/lib/learn_test/jasmine/jasmine.js:1517:40)
	at complete (file:///Users/rachelk/.rvm/gems/ruby-2.2.1/gems/learn-test-1.2.25/lib/learn_test/jasmine/jasmine.js:333:19)
	at clearStack (file:///Users/rachelk/.rvm/gems/ruby-2.2.1/gems/learn-test-1.2.25/lib/learn_test/jasmine/jasmine.js:506:11)
	at run (file:///Users/rachelk/.rvm/gems/ruby-2.2.1/gems/learn-test-1.2.25/lib/learn_test/jasmine/jasmine.js:1505:22)
	at execute (file:///Users/rachelk/.rvm/gems/ruby-2.2.1/gems/learn-test-1.2.25/lib/learn_test/jasmine/jasmine.js:1485:13)
	at queueRunnerFactory (file:///Users/rachelk/.rvm/gems/ruby-2.2.1/gems/learn-test-1.2.25/lib/learn_test/jasmine/jasmine.js:518:42)
	at execute (file:///Users/rachelk/.rvm/gems/ruby-2.2.1/gems/learn-test-1.2.25/lib/learn_test/jasmine/jasmine.js:306:28)
	at file:///Users/rachelk/.rvm/gems/ruby-2.2.1/gems/learn-test-1.2.25/lib/learn_test/jasmine/jasmine.js:1708:44
	at attemptAsync (file:///Users/rachelk/.rvm/gems/ruby-2.2.1/gems/learn-test-1.2.25/lib/learn_test/jasmine/jasmine.js:1520:16)
	at run (file:///Users/rachelk/.rvm/gems/ruby-2.2.1/gems/learn-test-1.2.25/lib/learn_test/jasmine/jasmine.js:1496:28)
	at next (file:///Users/rachelk/.rvm/gems/ruby-2.2.1/gems/learn-test-1.2.25/lib/learn_test/jasmine/jasmine.js:1517:40)
	at complete (file:///Users/rachelk/.rvm/gems/ruby-2.2.1/gems/learn-test-1.2.25/lib/learn_test/jasmine/jasmine.js:333:19)
	at clearStack (file:///Users/rachelk/.rvm/gems/ruby-2.2.1/gems/learn-test-1.2.25/lib/learn_test/jasmine/jasmine.js:506:11)
	at run (file:///Users/rachelk/.rvm/gems/ruby-2.2.1/gems/learn-test-1.2.25/lib/learn_test/jasmine/jasmine.js:1505:22)
	at execute (file:///Users/rachelk/.rvm/gems/ruby-2.2.1/gems/learn-test-1.2.25/lib/learn_test/jasmine/jasmine.js:1485:13)
	at queueRunnerFactory (file:///Users/rachelk/.rvm/gems/ruby-2.2.1/gems/learn-test-1.2.25/lib/learn_test/jasmine/jasmine.js:518:42)
	at execute (file:///Users/rachelk/.rvm/gems/ruby-2.2.1/gems/learn-test-1.2.25/lib/learn_test/jasmine/jasmine.js:306:28)
	at file:///Users/rachelk/.rvm/gems/ruby-2.2.1/gems/learn-test-1.2.25/lib/learn_test/jasmine/jasmine.js:1708:44
	at attemptAsync (file:///Users/rachelk/.rvm/gems/ruby-2.2.1/gems/learn-test-1.2.25/lib/learn_test/jasmine/jasmine.js:1520:16)
	at run (file:///Users/rachelk/.rvm/gems/ruby-2.2.1/gems/learn-test-1.2.25/lib/learn_test/jasmine/jasmine.js:1496:28)
	at execute (file:///Users/rachelk/.rvm/gems/ruby-2.2.1/gems/learn-test-1.2.25/lib/learn_test/jasmine/jasmine.js:1485:13)
	at queueRunnerFactory (file:///Users/rachelk/.rvm/gems/ruby-2.2.1/gems/learn-test-1.2.25/lib/learn_test/jasmine/jasmine.js:518:42)
	at execute (file:///Users/rachelk/.rvm/gems/ruby-2.2.1/gems/learn-test-1.2.25/lib/learn_test/jasmine/jasmine.js:1694:21)
	at file:///Users/rachelk/.rvm/gems/ruby-2.2.1/gems/learn-test-1.2.25/lib/learn_test/jasmine/jasmine.js:1708:44
	at attemptAsync (file:///Users/rachelk/.rvm/gems/ruby-2.2.1/gems/learn-test-1.2.25/lib/learn_test/jasmine/jasmine.js:1520:16)
	at run (file:///Users/rachelk/.rvm/gems/ruby-2.2.1/gems/learn-test-1.2.25/lib/learn_test/jasmine/jasmine.js:1496:28)
	at next (file:///Users/rachelk/.rvm/gems/ruby-2.2.1/gems/learn-test-1.2.25/lib/learn_test/jasmine/jasmine.js:1517:40)
	at complete (file:///Users/rachelk/.rvm/gems/ruby-2.2.1/gems/learn-test-1.2.25/lib/learn_test/jasmine/jasmine.js:1703:19)
	at clearStack (file:///Users/rachelk/.rvm/gems/ruby-2.2.1/gems/learn-test-1.2.25/lib/learn_test/jasmine/jasmine.js:506:11)
	at run (file:///Users/rachelk/.rvm/gems/ruby-2.2.1/gems/learn-test-1.2.25/lib/learn_test/jasmine/jasmine.js:1505:22)
	at next (file:///Users/rachelk/.rvm/gems/ruby-2.2.1/gems/learn-test-1.2.25/lib/learn_test/jasmine/jasmine.js:1517:40)
	at complete (file:///Users/rachelk/.rvm/gems/ruby-2.2.1/gems/learn-test-1.2.25/lib/learn_test/jasmine/jasmine.js:333:19)
	at clearStack (file:///Users/rachelk/.rvm/gems/ruby-2.2.1/gems/learn-test-1.2.25/lib/learn_test/jasmine/jasmine.js:506:11)
	at run (file:///Users/rachelk/.rvm/gems/ruby-2.2.1/gems/learn-test-1.2.25/lib/learn_test/jasmine/jasmine.js:1505:22)
	at execute (file:///Users/rachelk/.rvm/gems/ruby-2.2.1/gems/learn-test-1.2.25/lib/learn_test/jasmine/jasmine.js:1485:13)
	at queueRunnerFactory (file:///Users/rachelk/.rvm/gems/ruby-2.2.1/gems/learn-test-1.2.25/lib/learn_test/jasmine/jasmine.js:518:42)
	at execute (file:///Users/rachelk/.rvm/gems/ruby-2.2.1/gems/learn-test-1.2.25/lib/learn_test/jasmine/jasmine.js:306:28)
	at file:///Users/rachelk/.rvm/gems/ruby-2.2.1/gems/learn-test-1.2.25/lib/learn_test/jasmine/jasmine.js:1708:44
	at attemptAsync (file:///Users/rachelk/.rvm/gems/ruby-2.2.1/gems/learn-test-1.2.25/lib/learn_test/jasmine/jasmine.js:1520:16)
	at run (file:///Users/rachelk/.rvm/gems/ruby-2.2.1/gems/learn-test-1.2.25/lib/learn_test/jasmine/jasmine.js:1496:28)
	at execute (file:///Users/rachelk/.rvm/gems/ruby-2.2.1/gems/learn-test-1.2.25/lib/learn_test/jasmine/jasmine.js:1485:13)
	at queueRunnerFactory (file:///Users/rachelk/.rvm/gems/ruby-2.2.1/gems/learn-test-1.2.25/lib/learn_test/jasmine/jasmine.js:518:42)
	at execute (file:///Users/rachelk/.rvm/gems/ruby-2.2.1/gems/learn-test-1.2.25/lib/learn_test/jasmine/jasmine.js:1694:21)
	at file:///Users/rachelk/.rvm/gems/ruby-2.2.1/gems/learn-test-1.2.25/lib/learn_test/jasmine/jasmine.js:1708:44
	at attemptAsync (file:///Users/rachelk/.rvm/gems/ruby-2.2.1/gems/learn-test-1.2.25/lib/learn_test/jasmine/jasmine.js:1520:16)
	at run (file:///Users/rachelk/.rvm/gems/ruby-2.2.1/gems/learn-test-1.2.25/lib/learn_test/jasmine/jasmine.js:1496:28)
	at next (file:///Users/rachelk/.rvm/gems/ruby-2.2.1/gems/learn-test-1.2.25/lib/learn_test/jasmine/jasmine.js:1517:40)
	at complete (file:///Users/rachelk/.rvm/gems/ruby-2.2.1/gems/learn-test-1.2.25/lib/learn_test/jasmine/jasmine.js:1703:19)
	at clearStack (file:///Users/rachelk/.rvm/gems/ruby-2.2.1/gems/learn-test-1.2.25/lib/learn_test/jasmine/jasmine.js:506:11)
	at run (file:///Users/rachelk/.rvm/gems/ruby-2.2.1/gems/learn-test-1.2.25/lib/learn_test/jasmine/jasmine.js:1505:22)
	at next (file:///Users/rachelk/.rvm/gems/ruby-2.2.1/gems/learn-test-1.2.25/lib/learn_test/jasmine/jasmine.js:1517:40)
	at complete (file:///Users/rachelk/.rvm/gems/ruby-2.2.1/gems/learn-test-1.2.25/lib/learn_test/jasmine/jasmine.js:333:19)
	at clearStack (file:///Users/rachelk/.rvm/gems/ruby-2.2.1/gems/learn-test-1.2.25/lib/learn_test/jasmine/jasmine.js:506:11)
	at run (file:///Users/rachelk/.rvm/gems/ruby-2.2.1/gems/learn-test-1.2.25/lib/learn_test/jasmine/jasmine.js:1505:22)
	at execute (file:///Users/rachelk/.rvm/gems/ruby-2.2.1/gems/learn-test-1.2.25/lib/learn_test/jasmine/jasmine.js:1485:13)
	at queueRunnerFactory (file:///Users/rachelk/.rvm/gems/ruby-2.2.1/gems/learn-test-1.2.25/lib/learn_test/jasmine/jasmine.js:518:42)
	at execute (file:///Users/rachelk/.rvm/gems/ruby-2.2.1/gems/learn-test-1.2.25/lib/learn_test/jasmine/jasmine.js:306:28)
	at file:///Users/rachelk/.rvm/gems/ruby-2.2.1/gems/learn-test-1.2.25/lib/learn_test/jasmine/jasmine.js:1708:44
	at attemptAsync (file:///Users/rachelk/.rvm/gems/ruby-2.2.1/gems/learn-test-1.2.25/lib/learn_test/jasmine/jasmine.js:1520:16)
	at run (file:///Users/rachelk/.rvm/gems/ruby-2.2.1/gems/learn-test-1.2.25/lib/learn_test/jasmine/jasmine.js:1496:28)
	at next (file:///Users/rachelk/.rvm/gems/ruby-2.2.1/gems/learn-test-1.2.25/lib/learn_test/jasmine/jasmine.js:1517:40)
	at complete (file:///Users/rachelk/.rvm/gems/ruby-2.2.1/gems/learn-test-1.2.25/lib/learn_test/jasmine/jasmine.js:333:19)
	at clearStack (file:///Users/rachelk/.rvm/gems/ruby-2.2.1/gems/learn-test-1.2.25/lib/learn_test/jasmine/jasmine.js:506:11)
	at run (file:///Users/rachelk/.rvm/gems/ruby-2.2.1/gems/learn-test-1.2.25/lib/learn_test/jasmine/jasmine.js:1505:22)
	at execute (file:///Users/rachelk/.rvm/gems/ruby-2.2.1/gems/learn-test-1.2.25/lib/learn_test/jasmine/jasmine.js:1485:13)
	at queueRunnerFactory (file:///Users/rachelk/.rvm/gems/ruby-2.2.1/gems/learn-test-1.2.25/lib/learn_test/jasmine/jasmine.js:518:42)
	at execute (file:///Users/rachelk/.rvm/gems/ruby-2.2.1/gems/learn-test-1.2.25/lib/learn_test/jasmine/jasmine.js:306:28)
	at file:///Users/rachelk/.rvm/gems/ruby-2.2.1/gems/learn-test-1.2.25/lib/learn_test/jasmine/jasmine.js:1708:44
	at attemptAsync (file:///Users/rachelk/.rvm/gems/ruby-2.2.1/gems/learn-test-1.2.25/lib/learn_test/jasmine/jasmine.js:1520:16)
	at run (file:///Users/rachelk/.rvm/gems/ruby-2.2.1/gems/learn-test-1.2.25/lib/learn_test/jasmine/jasmine.js:1496:28)
	at execute (file:///Users/rachelk/.rvm/gems/ruby-2.2.1/gems/learn-test-1.2.25/lib/learn_test/jasmine/jasmine.js:1485:13)
	at queueRunnerFactory (file:///Users/rachelk/.rvm/gems/ruby-2.2.1/gems/learn-test-1.2.25/lib/learn_test/jasmine/jasmine.js:518:42)
	at execute (file:///Users/rachelk/.rvm/gems/ruby-2.2.1/gems/learn-test-1.2.25/lib/learn_test/jasmine/jasmine.js:1694:21)
	at file:///Users/rachelk/.rvm/gems/ruby-2.2.1/gems/learn-test-1.2.25/lib/learn_test/jasmine/jasmine.js:1708:44
	at attemptAsync (file:///Users/rachelk/.rvm/gems/ruby-2.2.1/gems/learn-test-1.2.25/lib/learn_test/jasmine/jasmine.js:1520:16)
	at run (file:///Users/rachelk/.rvm/gems/ruby-2.2.1/gems/learn-test-1.2.25/lib/learn_test/jasmine/jasmine.js:1496:28)
	at next (file:///Users/rachelk/.rvm/gems/ruby-2.2.1/gems/learn-test-1.2.25/lib/learn_test/jasmine/jasmine.js:1517:40)
	at complete (file:///Users/rachelk/.rvm/gems/ruby-2.2.1/gems/learn-test-1.2.25/lib/learn_test/jasmine/jasmine.js:1703:19)
	at clearStack (file:///Users/rachelk/.rvm/gems/ruby-2.2.1/gems/learn-test-1.2.25/lib/learn_test/jasmine/jasmine.js:506:11)
	at run (file:///Users/rachelk/.rvm/gems/ruby-2.2.1/gems/learn-test-1.2.25/lib/learn_test/jasmine/jasmine.js:1505:22)
	at next (file:///Users/rachelk/.rvm/gems/ruby-2.2.1/gems/learn-test-1.2.25/lib/learn_test/jasmine/jasmine.js:1517:40)
	at complete (file:///Users/rachelk/.rvm/gems/ruby-2.2.1/gems/learn-test-1.2.25/lib/learn_test/jasmine/jasmine.js:333:19)
	at clearStack (file:///Users/rachelk/.rvm/gems/ruby-2.2.1/gems/learn-test-1.2.25/lib/learn_test/jasmine/jasmine.js:506:11)
	at run (file:///Users/rachelk/.rvm/gems/ruby-2.2.1/gems/learn-test-1.2.25/lib/learn_test/jasmine/jasmine.js:1505:22)
	at execute (file:///Users/rachelk/.rvm/gems/ruby-2.2.1/gems/learn-test-1.2.25/lib/learn_test/jasmine/jasmine.js:1485:13)
	at queueRunnerFactory (file:///Users/rachelk/.rvm/gems/ruby-2.2.1/gems/learn-test-1.2.25/lib/learn_test/jasmine/jasmine.js:518:42)
	at execute (file:///Users/rachelk/.rvm/gems/ruby-2.2.1/gems/learn-test-1.2.25/lib/learn_test/jasmine/jasmine.js:306:28)
	at file:///Users/rachelk/.rvm/gems/ruby-2.2.1/gems/learn-test-1.2.25/lib/learn_test/jasmine/jasmine.js:1708:44
	at attemptAsync (file:///Users/rachelk/.rvm/gems/ruby-2.2.1/gems/learn-test-1.2.25/lib/learn_test/jasmine/jasmine.js:1520:16)
	at run (file:///Users/rachelk/.rvm/gems/ruby-2.2.1/gems/learn-test-1.2.25/lib/learn_test/jasmine/jasmine.js:1496:28)
	at next (file:///Users/rachelk/.rvm/gems/ruby-2.2.1/gems/learn-test-1.2.25/lib/learn_test/jasmine/jasmine.js:1517:40)
	at complete (file:///Users/rachelk/.rvm/gems/ruby-2.2.1/gems/learn-test-1.2.25/lib/learn_test/jasmine/jasmine.js:333:19)
	at clearStack (file:///Users/rachelk/.rvm/gems/ruby-2.2.1/gems/learn-test-1.2.25/lib/learn_test/jasmine/jasmine.js:506:11)
	at run (file:///Users/rachelk/.rvm/gems/ruby-2.2.1/gems/learn-test-1.2.25/lib/learn_test/jasmine/jasmine.js:1505:22)
	at execute (file:///Users/rachelk/.rvm/gems/ruby-2.2.1/gems/learn-test-1.2.25/lib/learn_test/jasmine/jasmine.js:1485:13)
	at queueRunnerFactory (file:///Users/rachelk/.rvm/gems/ruby-2.2.1/gems/learn-test-1.2.25/lib/learn_test/jasmine/jasmine.js:518:42)
	at execute (file:///Users/rachelk/.rvm/gems/ruby-2.2.1/gems/learn-test-1.2.25/lib/learn_test/jasmine/jasmine.js:306:28)
	at file:///Users/rachelk/.rvm/gems/ruby-2.2.1/gems/learn-test-1.2.25/lib/learn_test/jasmine/jasmine.js:1708:44
	at attemptAsync (file:///Users/rachelk/.rvm/gems/ruby-2.2.1/gems/learn-test-1.2.25/lib/learn_test/jasmine/jasmine.js:1520:16)
	at run (file:///Users/rachelk/.rvm/gems/ruby-2.2.1/gems/learn-test-1.2.25/lib/learn_test/jasmine/jasmine.js:1496:28)
	at execute (file:///Users/rachelk/.rvm/gems/ruby-2.2.1/gems/learn-test-1.2.25/lib/learn_test/jasmine/jasmine.js:1485:13)
	at queueRunnerFactory (file:///Users/rachelk/.rvm/gems/ruby-2.2.1/gems/learn-test-1.2.25/lib/learn_test/jasmine/jasmine.js:518:42)
	at execute (file:///Users/rachelk/.rvm/gems/ruby-2.2.1/gems/learn-test-1.2.25/lib/learn_test/jasmine/jasmine.js:1694:21)
	at file:///Users/rachelk/.rvm/gems/ruby-2.2.1/gems/learn-test-1.2.25/lib/learn_test/jasmine/jasmine.js:1708:44
	at attemptAsync (file:///Users/rachelk/.rvm/gems/ruby-2.2.1/gems/learn-test-1.2.25/lib/learn_test/jasmine/jasmine.js:1520:16)
	at run (file:///Users/rachelk/.rvm/gems/ruby-2.2.1/gems/learn-test-1.2.25/lib/learn_test/jasmine/jasmine.js:1496:28)
	at next (file:///Users/rachelk/.rvm/gems/ruby-2.2.1/gems/learn-test-1.2.25/lib/learn_test/jasmine/jasmine.js:1517:40)
	at complete (file:///Users/rachelk/.rvm/gems/ruby-2.2.1/gems/learn-test-1.2.25/lib/learn_test/jasmine/jasmine.js:1703:19)
	at clearStack (file:///Users/rachelk/.rvm/gems/ruby-2.2.1/gems/learn-test-1.2.25/lib/learn_test/jasmine/jasmine.js:506:11)
	at run (file:///Users/rachelk/.rvm/gems/ruby-2.2.1/gems/learn-test-1.2.25/lib/learn_test/jasmine/jasmine.js:1505:22)
	at next (file:///Users/rachelk/.rvm/gems/ruby-2.2.1/gems/learn-test-1.2.25/lib/learn_test/jasmine/jasmine.js:1517:40)
	at complete (file:///Users/rachelk/.rvm/gems/ruby-2.2.1/gems/learn-test-1.2.25/lib/learn_test/jasmine/jasmine.js:333:19)
	at clearStack (file:///Users/rachelk/.rvm/gems/ruby-2.2.1/gems/learn-test-1.2.25/lib/learn_test/jasmine/jasmine.js:506:11)
	at run (file:///Users/rachelk/.rvm/gems/ruby-2.2.1/gems/learn-test-1.2.25/lib/learn_test/jasmine/jasmine.js:1505:22)
	at execute (file:///Users/rachelk/.rvm/gems/ruby-2.2.1/gems/learn-test-1.2.25/lib/learn_test/jasmine/jasmine.js:1485:13)
	at queueRunnerFactory (file:///Users/rachelk/.rvm/gems/ruby-2.2.1/gems/learn-test-1.2.25/lib/learn_test/jasmine/jasmine.js:518:42)
	at execute (file:///Users/rachelk/.rvm/gems/ruby-2.2.1/gems/learn-test-1.2.25/lib/learn_test/jasmine/jasmine.js:306:28)
	at file:///Users/rachelk/.rvm/gems/ruby-2.2.1/gems/learn-test-1.2.25/lib/learn_test/jasmine/jasmine.js:1708:44
	at attemptAsync (file:///Users/rachelk/.rvm/gems/ruby-2.2.1/gems/learn-test-1.2.25/lib/learn_test/jasmine/jasmine.js:1520:16)
	at run (file:///Users/rachelk/.rvm/gems/ruby-2.2.1/gems/learn-test-1.2.25/lib/learn_test/jasmine/jasmine.js:1496:28)
	at execute (file:///Users/rachelk/.rvm/gems/ruby-2.2.1/gems/learn-test-1.2.25/lib/learn_test/jasmine/jasmine.js:1485:13)
	at queueRunnerFactory (file:///Users/rachelk/.rvm/gems/ruby-2.2.1/gems/learn-test-1.2.25/lib/learn_test/jasmine/jasmine.js:518:42)
	at execute (file:///Users/rachelk/.rvm/gems/ruby-2.2.1/gems/learn-test-1.2.25/lib/learn_test/jasmine/jasmine.js:1694:21)
	at file:///Users/rachelk/.rvm/gems/ruby-2.2.1/gems/learn-test-1.2.25/lib/learn_test/jasmine/jasmine.js:1708:44
	at attemptAsync (file:///Users/rachelk/.rvm/gems/ruby-2.2.1/gems/learn-test-1.2.25/lib/learn_test/jasmine/jasmine.js:1520:16)
	at run (file:///Users/rachelk/.rvm/gems/ruby-2.2.1/gems/learn-test-1.2.25/lib/learn_test/jasmine/jasmine.js:1496:28)
	at next (file:///Users/rachelk/.rvm/gems/ruby-2.2.1/gems/learn-test-1.2.25/lib/learn_test/jasmine/jasmine.js:1517:40)
	at complete (file:///Users/rachelk/.rvm/gems/ruby-2.2.1/gems/learn-test-1.2.25/lib/learn_test/jasmine/jasmine.js:1703:19)
	at clearStack (file:///Users/rachelk/.rvm/gems/ruby-2.2.1/gems/learn-test-1.2.25/lib/learn_test/jasmine/jasmine.js:506:11)
	at run (file:///Users/rachelk/.rvm/gems/ruby-2.2.1/gems/learn-test-1.2.25/lib/learn_test/jasmine/jasmine.js:1505:22)
	at next (file:///Users/rachelk/.rvm/gems/ruby-2.2.1/gems/learn-test-1.2.25/lib/learn_test/jasmine/jasmine.js:1517:40)
	at complete (file:///Users/rachelk/.rvm/gems/ruby-2.2.1/gems/learn-test-1.2.25/lib/learn_test/jasmine/jasmine.js:333:19)
	at clearStack (file:///Users/rachelk/.rvm/gems/ruby-2.2.1/gems/learn-test-1.2.25/lib/learn_test/jasmine/jasmine.js:506:11)
	at run (file:///Users/rachelk/.rvm/gems/ruby-2.2.1/gems/learn-test-1.2.25/lib/learn_test/jasmine/jasmine.js:1505:22)
	at execute (file:///Users/rachelk/.rvm/gems/ruby-2.2.1/gems/learn-test-1.2.25/lib/learn_test/jasmine/jasmine.js:1485:13)
	at queueRunnerFactory (file:///Users/rachelk/.rvm/gems/ruby-2.2.1/gems/learn-test-1.2.25/lib/learn_test/jasmine/jasmine.js:518:42)
	at execute (file:///Users/rachelk/.rvm/gems/ruby-2.2.1/gems/learn-test-1.2.25/lib/learn_test/jasmine/jasmine.js:306:28)
	at file:///Users/rachelk/.rvm/gems/ruby-2.2.1/gems/learn-test-1.2.25/lib/learn_test/jasmine/jasmine.js:1708:44
	at attemptAsync (file:///Users/rachelk/.rvm/gems/ruby-2.2.1/gems/learn-test-1.2.25/lib/learn_test/jasmine/jasmine.js:1520:16)
	at run (file:///Users/rachelk/.rvm/gems/ruby-2.2.1/gems/learn-test-1.2.25/lib/learn_test/jasmine/jasmine.js:1496:28)
	at execute (file:///Users/rachelk/.rvm/gems/ruby-2.2.1/gems/learn-test-1.2.25/lib/learn_test/jasmine/jasmine.js:1485:13)
	at queueRunnerFactory (file:///Users/rachelk/.rvm/gems/ruby-2.2.1/gems/learn-test-1.2.25/lib/learn_test/jasmine/jasmine.js:518:42)
	at execute (file:///Users/rachelk/.rvm/gems/ruby-2.2.1/gems/learn-test-1.2.25/lib/learn_test/jasmine/jasmine.js:1694:21)
	at file:///Users/rachelk/.rvm/gems/ruby-2.2.1/gems/learn-test-1.2.25/lib/learn_test/jasmine/jasmine.js:1708:44
	at attemptAsync (file:///Users/rachelk/.rvm/gems/ruby-2.2.1/gems/learn-test-1.2.25/lib/learn_test/jasmine/jasmine.js:1520:16)
	at run (file:///Users/rachelk/.rvm/gems/ruby-2.2.1/gems/learn-test-1.2.25/lib/learn_test/jasmine/jasmine.js:1496:28)
	at execute (file:///Users/rachelk/.rvm/gems/ruby-2.2.1/gems/learn-test-1.2.25/lib/learn_test/jasmine/jasmine.js:1485:13)
	at queueRunnerFactory (file:///Users/rachelk/.rvm/gems/ruby-2.2.1/gems/learn-test-1.2.25/lib/learn_test/jasmine/jasmine.js:518:42)
	at execute (file:///Users/rachelk/.rvm/gems/ruby-2.2.1/gems/learn-test-1.2.25/lib/learn_test/jasmine/jasmine.js:1694:21)
	at file:///Users/rachelk/.rvm/gems/ruby-2.2.1/gems/learn-test-1.2.25/lib/learn_test/jasmine/jasmine.js:1708:44
	at attemptAsync (file:///Users/rachelk/.rvm/gems/ruby-2.2.1/gems/learn-test-1.2.25/lib/learn_test/jasmine/jasmine.js:1520:16)
	at run (file:///Users/rachelk/.rvm/gems/ruby-2.2.1/gems/learn-test-1.2.25/lib/learn_test/jasmine/jasmine.js:1496:28)
	at execute (file:///Users/rachelk/.rvm/gems/ruby-2.2.1/gems/learn-test-1.2.25/lib/learn_test/jasmine/jasmine.js:1485:13)
	at queueRunnerFactory (file:///Users/rachelk/.rvm/gems/ruby-2.2.1/gems/learn-test-1.2.25/lib/learn_test/jasmine/jasmine.js:518:42)
	at execute (file:///Users/rachelk/.rvm/gems/ruby-2.2.1/gems/learn-test-1.2.25/lib/learn_test/jasmine/jasmine.js:1694:21)
	at file:///Users/rachelk/.rvm/gems/ruby-2.2.1/gems/learn-test-1.2.25/lib/learn_test/jasmine/jasmine.js:541:83
	at attemptAsync (file:///Users/rachelk/.rvm/gems/ruby-2.2.1/gems/learn-test-1.2.25/lib/learn_test/jasmine/jasmine.js:1520:16)
	at run (file:///Users/rachelk/.rvm/gems/ruby-2.2.1/gems/learn-test-1.2.25/lib/learn_test/jasmine/jasmine.js:1496:28)
	at execute (file:///Users/rachelk/.rvm/gems/ruby-2.2.1/gems/learn-test-1.2.25/lib/learn_test/jasmine/jasmine.js:1485:13)
	at queueRunnerFactory (file:///Users/rachelk/.rvm/gems/ruby-2.2.1/gems/learn-test-1.2.25/lib/learn_test/jasmine/jasmine.js:518:42)
	at execute (file:///Users/rachelk/.rvm/gems/ruby-2.2.1/gems/learn-test-1.2.25/lib/learn_test/jasmine/jasmine.js:548:25)
	at onload (file:///Users/rachelk/.rvm/gems/ruby-2.2.1/gems/learn-test-1.2.25/lib/learn_test/jasmine/boot.js:172:16)			</failure>
		</testcase>
		<testcase classname="Tic Tac Toe Functionality" name="resetting the board resets the board and sets turn to zero when there is a tie" time="0.003">
			<failure type="" message="ReferenceError: Can&amp;apos;t find variable: attachListeners in file:///Users/rachelk/Dropbox/Development/Rails-JS/js-tictactoe-rails-api-v-000/spec/tictactoe.spec.js (line 166)">
	at file:///Users/rachelk/Dropbox/Development/Rails-JS/js-tictactoe-rails-api-v-000/spec/tictactoe.spec.js:166:22
	at attemptSync (file:///Users/rachelk/.rvm/gems/ruby-2.2.1/gems/learn-test-1.2.25/lib/learn_test/jasmine/jasmine.js:1510:16)
	at run (file:///Users/rachelk/.rvm/gems/ruby-2.2.1/gems/learn-test-1.2.25/lib/learn_test/jasmine/jasmine.js:1498:20)
	at execute (file:///Users/rachelk/.rvm/gems/ruby-2.2.1/gems/learn-test-1.2.25/lib/learn_test/jasmine/jasmine.js:1485:13)
	at queueRunnerFactory (file:///Users/rachelk/.rvm/gems/ruby-2.2.1/gems/learn-test-1.2.25/lib/learn_test/jasmine/jasmine.js:518:42)
	at execute (file:///Users/rachelk/.rvm/gems/ruby-2.2.1/gems/learn-test-1.2.25/lib/learn_test/jasmine/jasmine.js:306:28)
	at file:///Users/rachelk/.rvm/gems/ruby-2.2.1/gems/learn-test-1.2.25/lib/learn_test/jasmine/jasmine.js:1708:44
	at attemptAsync (file:///Users/rachelk/.rvm/gems/ruby-2.2.1/gems/learn-test-1.2.25/lib/learn_test/jasmine/jasmine.js:1520:16)
	at run (file:///Users/rachelk/.rvm/gems/ruby-2.2.1/gems/learn-test-1.2.25/lib/learn_test/jasmine/jasmine.js:1496:28)
	at next (file:///Users/rachelk/.rvm/gems/ruby-2.2.1/gems/learn-test-1.2.25/lib/learn_test/jasmine/jasmine.js:1517:40)
	at complete (file:///Users/rachelk/.rvm/gems/ruby-2.2.1/gems/learn-test-1.2.25/lib/learn_test/jasmine/jasmine.js:333:19)
	at clearStack (file:///Users/rachelk/.rvm/gems/ruby-2.2.1/gems/learn-test-1.2.25/lib/learn_test/jasmine/jasmine.js:506:11)
	at run (file:///Users/rachelk/.rvm/gems/ruby-2.2.1/gems/learn-test-1.2.25/lib/learn_test/jasmine/jasmine.js:1505:22)
	at execute (file:///Users/rachelk/.rvm/gems/ruby-2.2.1/gems/learn-test-1.2.25/lib/learn_test/jasmine/jasmine.js:1485:13)
	at queueRunnerFactory (file:///Users/rachelk/.rvm/gems/ruby-2.2.1/gems/learn-test-1.2.25/lib/learn_test/jasmine/jasmine.js:518:42)
	at execute (file:///Users/rachelk/.rvm/gems/ruby-2.2.1/gems/learn-test-1.2.25/lib/learn_test/jasmine/jasmine.js:306:28)
	at file:///Users/rachelk/.rvm/gems/ruby-2.2.1/gems/learn-test-1.2.25/lib/learn_test/jasmine/jasmine.js:1708:44
	at attemptAsync (file:///Users/rachelk/.rvm/gems/ruby-2.2.1/gems/learn-test-1.2.25/lib/learn_test/jasmine/jasmine.js:1520:16)
	at run (file:///Users/rachelk/.rvm/gems/ruby-2.2.1/gems/learn-test-1.2.25/lib/learn_test/jasmine/jasmine.js:1496:28)
	at execute (file:///Users/rachelk/.rvm/gems/ruby-2.2.1/gems/learn-test-1.2.25/lib/learn_test/jasmine/jasmine.js:1485:13)
	at queueRunnerFactory (file:///Users/rachelk/.rvm/gems/ruby-2.2.1/gems/learn-test-1.2.25/lib/learn_test/jasmine/jasmine.js:518:42)
	at execute (file:///Users/rachelk/.rvm/gems/ruby-2.2.1/gems/learn-test-1.2.25/lib/learn_test/jasmine/jasmine.js:1694:21)
	at file:///Users/rachelk/.rvm/gems/ruby-2.2.1/gems/learn-test-1.2.25/lib/learn_test/jasmine/jasmine.js:1708:44
	at attemptAsync (file:///Users/rachelk/.rvm/gems/ruby-2.2.1/gems/learn-test-1.2.25/lib/learn_test/jasmine/jasmine.js:1520:16)
	at run (file:///Users/rachelk/.rvm/gems/ruby-2.2.1/gems/learn-test-1.2.25/lib/learn_test/jasmine/jasmine.js:1496:28)
	at next (file:///Users/rachelk/.rvm/gems/ruby-2.2.1/gems/learn-test-1.2.25/lib/learn_test/jasmine/jasmine.js:1517:40)
	at complete (file:///Users/rachelk/.rvm/gems/ruby-2.2.1/gems/learn-test-1.2.25/lib/learn_test/jasmine/jasmine.js:1703:19)
	at clearStack (file:///Users/rachelk/.rvm/gems/ruby-2.2.1/gems/learn-test-1.2.25/lib/learn_test/jasmine/jasmine.js:506:11)
	at run (file:///Users/rachelk/.rvm/gems/ruby-2.2.1/gems/learn-test-1.2.25/lib/learn_test/jasmine/jasmine.js:1505:22)
	at next (file:///Users/rachelk/.rvm/gems/ruby-2.2.1/gems/learn-test-1.2.25/lib/learn_test/jasmine/jasmine.js:1517:40)
	at complete (file:///Users/rachelk/.rvm/gems/ruby-2.2.1/gems/learn-test-1.2.25/lib/learn_test/jasmine/jasmine.js:333:19)
	at clearStack (file:///Users/rachelk/.rvm/gems/ruby-2.2.1/gems/learn-test-1.2.25/lib/learn_test/jasmine/jasmine.js:506:11)
	at run (file:///Users/rachelk/.rvm/gems/ruby-2.2.1/gems/learn-test-1.2.25/lib/learn_test/jasmine/jasmine.js:1505:22)
	at execute (file:///Users/rachelk/.rvm/gems/ruby-2.2.1/gems/learn-test-1.2.25/lib/learn_test/jasmine/jasmine.js:1485:13)
	at queueRunnerFactory (file:///Users/rachelk/.rvm/gems/ruby-2.2.1/gems/learn-test-1.2.25/lib/learn_test/jasmine/jasmine.js:518:42)
	at execute (file:///Users/rachelk/.rvm/gems/ruby-2.2.1/gems/learn-test-1.2.25/lib/learn_test/jasmine/jasmine.js:306:28)
	at file:///Users/rachelk/.rvm/gems/ruby-2.2.1/gems/learn-test-1.2.25/lib/learn_test/jasmine/jasmine.js:1708:44
	at attemptAsync (file:///Users/rachelk/.rvm/gems/ruby-2.2.1/gems/learn-test-1.2.25/lib/learn_test/jasmine/jasmine.js:1520:16)
	at run (file:///Users/rachelk/.rvm/gems/ruby-2.2.1/gems/learn-test-1.2.25/lib/learn_test/jasmine/jasmine.js:1496:28)
	at execute (file:///Users/rachelk/.rvm/gems/ruby-2.2.1/gems/learn-test-1.2.25/lib/learn_test/jasmine/jasmine.js:1485:13)
	at queueRunnerFactory (file:///Users/rachelk/.rvm/gems/ruby-2.2.1/gems/learn-test-1.2.25/lib/learn_test/jasmine/jasmine.js:518:42)
	at execute (file:///Users/rachelk/.rvm/gems/ruby-2.2.1/gems/learn-test-1.2.25/lib/learn_test/jasmine/jasmine.js:1694:21)
	at file:///Users/rachelk/.rvm/gems/ruby-2.2.1/gems/learn-test-1.2.25/lib/learn_test/jasmine/jasmine.js:1708:44
	at attemptAsync (file:///Users/rachelk/.rvm/gems/ruby-2.2.1/gems/learn-test-1.2.25/lib/learn_test/jasmine/jasmine.js:1520:16)
	at run (file:///Users/rachelk/.rvm/gems/ruby-2.2.1/gems/learn-test-1.2.25/lib/learn_test/jasmine/jasmine.js:1496:28)
	at next (file:///Users/rachelk/.rvm/gems/ruby-2.2.1/gems/learn-test-1.2.25/lib/learn_test/jasmine/jasmine.js:1517:40)
	at complete (file:///Users/rachelk/.rvm/gems/ruby-2.2.1/gems/learn-test-1.2.25/lib/learn_test/jasmine/jasmine.js:1703:19)
	at clearStack (file:///Users/rachelk/.rvm/gems/ruby-2.2.1/gems/learn-test-1.2.25/lib/learn_test/jasmine/jasmine.js:506:11)
	at run (file:///Users/rachelk/.rvm/gems/ruby-2.2.1/gems/learn-test-1.2.25/lib/learn_test/jasmine/jasmine.js:1505:22)
	at next (file:///Users/rachelk/.rvm/gems/ruby-2.2.1/gems/learn-test-1.2.25/lib/learn_test/jasmine/jasmine.js:1517:40)
	at complete (file:///Users/rachelk/.rvm/gems/ruby-2.2.1/gems/learn-test-1.2.25/lib/learn_test/jasmine/jasmine.js:333:19)
	at clearStack (file:///Users/rachelk/.rvm/gems/ruby-2.2.1/gems/learn-test-1.2.25/lib/learn_test/jasmine/jasmine.js:506:11)
	at run (file:///Users/rachelk/.rvm/gems/ruby-2.2.1/gems/learn-test-1.2.25/lib/learn_test/jasmine/jasmine.js:1505:22)
	at execute (file:///Users/rachelk/.rvm/gems/ruby-2.2.1/gems/learn-test-1.2.25/lib/learn_test/jasmine/jasmine.js:1485:13)
	at queueRunnerFactory (file:///Users/rachelk/.rvm/gems/ruby-2.2.1/gems/learn-test-1.2.25/lib/learn_test/jasmine/jasmine.js:518:42)
	at execute (file:///Users/rachelk/.rvm/gems/ruby-2.2.1/gems/learn-test-1.2.25/lib/learn_test/jasmine/jasmine.js:306:28)
	at file:///Users/rachelk/.rvm/gems/ruby-2.2.1/gems/learn-test-1.2.25/lib/learn_test/jasmine/jasmine.js:1708:44
	at attemptAsync (file:///Users/rachelk/.rvm/gems/ruby-2.2.1/gems/learn-test-1.2.25/lib/learn_test/jasmine/jasmine.js:1520:16)
	at run (file:///Users/rachelk/.rvm/gems/ruby-2.2.1/gems/learn-test-1.2.25/lib/learn_test/jasmine/jasmine.js:1496:28)
	at next (file:///Users/rachelk/.rvm/gems/ruby-2.2.1/gems/learn-test-1.2.25/lib/learn_test/jasmine/jasmine.js:1517:40)
	at complete (file:///Users/rachelk/.rvm/gems/ruby-2.2.1/gems/learn-test-1.2.25/lib/learn_test/jasmine/jasmine.js:333:19)
	at clearStack (file:///Users/rachelk/.rvm/gems/ruby-2.2.1/gems/learn-test-1.2.25/lib/learn_test/jasmine/jasmine.js:506:11)
	at run (file:///Users/rachelk/.rvm/gems/ruby-2.2.1/gems/learn-test-1.2.25/lib/learn_test/jasmine/jasmine.js:1505:22)
	at execute (file:///Users/rachelk/.rvm/gems/ruby-2.2.1/gems/learn-test-1.2.25/lib/learn_test/jasmine/jasmine.js:1485:13)
	at queueRunnerFactory (file:///Users/rachelk/.rvm/gems/ruby-2.2.1/gems/learn-test-1.2.25/lib/learn_test/jasmine/jasmine.js:518:42)
	at execute (file:///Users/rachelk/.rvm/gems/ruby-2.2.1/gems/learn-test-1.2.25/lib/learn_test/jasmine/jasmine.js:306:28)
	at file:///Users/rachelk/.rvm/gems/ruby-2.2.1/gems/learn-test-1.2.25/lib/learn_test/jasmine/jasmine.js:1708:44
	at attemptAsync (file:///Users/rachelk/.rvm/gems/ruby-2.2.1/gems/learn-test-1.2.25/lib/learn_test/jasmine/jasmine.js:1520:16)
	at run (file:///Users/rachelk/.rvm/gems/ruby-2.2.1/gems/learn-test-1.2.25/lib/learn_test/jasmine/jasmine.js:1496:28)
	at next (file:///Users/rachelk/.rvm/gems/ruby-2.2.1/gems/learn-test-1.2.25/lib/learn_test/jasmine/jasmine.js:1517:40)
	at complete (file:///Users/rachelk/.rvm/gems/ruby-2.2.1/gems/learn-test-1.2.25/lib/learn_test/jasmine/jasmine.js:333:19)
	at clearStack (file:///Users/rachelk/.rvm/gems/ruby-2.2.1/gems/learn-test-1.2.25/lib/learn_test/jasmine/jasmine.js:506:11)
	at run (file:///Users/rachelk/.rvm/gems/ruby-2.2.1/gems/learn-test-1.2.25/lib/learn_test/jasmine/jasmine.js:1505:22)
	at execute (file:///Users/rachelk/.rvm/gems/ruby-2.2.1/gems/learn-test-1.2.25/lib/learn_test/jasmine/jasmine.js:1485:13)
	at queueRunnerFactory (file:///Users/rachelk/.rvm/gems/ruby-2.2.1/gems/learn-test-1.2.25/lib/learn_test/jasmine/jasmine.js:518:42)
	at execute (file:///Users/rachelk/.rvm/gems/ruby-2.2.1/gems/learn-test-1.2.25/lib/learn_test/jasmine/jasmine.js:306:28)
	at file:///Users/rachelk/.rvm/gems/ruby-2.2.1/gems/learn-test-1.2.25/lib/learn_test/jasmine/jasmine.js:1708:44
	at attemptAsync (file:///Users/rachelk/.rvm/gems/ruby-2.2.1/gems/learn-test-1.2.25/lib/learn_test/jasmine/jasmine.js:1520:16)
	at run (file:///Users/rachelk/.rvm/gems/ruby-2.2.1/gems/learn-test-1.2.25/lib/learn_test/jasmine/jasmine.js:1496:28)
	at execute (file:///Users/rachelk/.rvm/gems/ruby-2.2.1/gems/learn-test-1.2.25/lib/learn_test/jasmine/jasmine.js:1485:13)
	at queueRunnerFactory (file:///Users/rachelk/.rvm/gems/ruby-2.2.1/gems/learn-test-1.2.25/lib/learn_test/jasmine/jasmine.js:518:42)
	at execute (file:///Users/rachelk/.rvm/gems/ruby-2.2.1/gems/learn-test-1.2.25/lib/learn_test/jasmine/jasmine.js:1694:21)
	at file:///Users/rachelk/.rvm/gems/ruby-2.2.1/gems/learn-test-1.2.25/lib/learn_test/jasmine/jasmine.js:1708:44
	at attemptAsync (file:///Users/rachelk/.rvm/gems/ruby-2.2.1/gems/learn-test-1.2.25/lib/learn_test/jasmine/jasmine.js:1520:16)
	at run (file:///Users/rachelk/.rvm/gems/ruby-2.2.1/gems/learn-test-1.2.25/lib/learn_test/jasmine/jasmine.js:1496:28)
	at next (file:///Users/rachelk/.rvm/gems/ruby-2.2.1/gems/learn-test-1.2.25/lib/learn_test/jasmine/jasmine.js:1517:40)
	at complete (file:///Users/rachelk/.rvm/gems/ruby-2.2.1/gems/learn-test-1.2.25/lib/learn_test/jasmine/jasmine.js:1703:19)
	at clearStack (file:///Users/rachelk/.rvm/gems/ruby-2.2.1/gems/learn-test-1.2.25/lib/learn_test/jasmine/jasmine.js:506:11)
	at run (file:///Users/rachelk/.rvm/gems/ruby-2.2.1/gems/learn-test-1.2.25/lib/learn_test/jasmine/jasmine.js:1505:22)
	at next (file:///Users/rachelk/.rvm/gems/ruby-2.2.1/gems/learn-test-1.2.25/lib/learn_test/jasmine/jasmine.js:1517:40)
	at complete (file:///Users/rachelk/.rvm/gems/ruby-2.2.1/gems/learn-test-1.2.25/lib/learn_test/jasmine/jasmine.js:333:19)
	at clearStack (file:///Users/rachelk/.rvm/gems/ruby-2.2.1/gems/learn-test-1.2.25/lib/learn_test/jasmine/jasmine.js:506:11)
	at run (file:///Users/rachelk/.rvm/gems/ruby-2.2.1/gems/learn-test-1.2.25/lib/learn_test/jasmine/jasmine.js:1505:22)
	at execute (file:///Users/rachelk/.rvm/gems/ruby-2.2.1/gems/learn-test-1.2.25/lib/learn_test/jasmine/jasmine.js:1485:13)
	at queueRunnerFactory (file:///Users/rachelk/.rvm/gems/ruby-2.2.1/gems/learn-test-1.2.25/lib/learn_test/jasmine/jasmine.js:518:42)
	at execute (file:///Users/rachelk/.rvm/gems/ruby-2.2.1/gems/learn-test-1.2.25/lib/learn_test/jasmine/jasmine.js:306:28)
	at file:///Users/rachelk/.rvm/gems/ruby-2.2.1/gems/learn-test-1.2.25/lib/learn_test/jasmine/jasmine.js:1708:44
	at attemptAsync (file:///Users/rachelk/.rvm/gems/ruby-2.2.1/gems/learn-test-1.2.25/lib/learn_test/jasmine/jasmine.js:1520:16)
	at run (file:///Users/rachelk/.rvm/gems/ruby-2.2.1/gems/learn-test-1.2.25/lib/learn_test/jasmine/jasmine.js:1496:28)
	at execute (file:///Users/rachelk/.rvm/gems/ruby-2.2.1/gems/learn-test-1.2.25/lib/learn_test/jasmine/jasmine.js:1485:13)
	at queueRunnerFactory (file:///Users/rachelk/.rvm/gems/ruby-2.2.1/gems/learn-test-1.2.25/lib/learn_test/jasmine/jasmine.js:518:42)
	at execute (file:///Users/rachelk/.rvm/gems/ruby-2.2.1/gems/learn-test-1.2.25/lib/learn_test/jasmine/jasmine.js:1694:21)
	at file:///Users/rachelk/.rvm/gems/ruby-2.2.1/gems/learn-test-1.2.25/lib/learn_test/jasmine/jasmine.js:1708:44
	at attemptAsync (file:///Users/rachelk/.rvm/gems/ruby-2.2.1/gems/learn-test-1.2.25/lib/learn_test/jasmine/jasmine.js:1520:16)
	at run (file:///Users/rachelk/.rvm/gems/ruby-2.2.1/gems/learn-test-1.2.25/lib/learn_test/jasmine/jasmine.js:1496:28)
	at next (file:///Users/rachelk/.rvm/gems/ruby-2.2.1/gems/learn-test-1.2.25/lib/learn_test/jasmine/jasmine.js:1517:40)
	at complete (file:///Users/rachelk/.rvm/gems/ruby-2.2.1/gems/learn-test-1.2.25/lib/learn_test/jasmine/jasmine.js:1703:19)
	at clearStack (file:///Users/rachelk/.rvm/gems/ruby-2.2.1/gems/learn-test-1.2.25/lib/learn_test/jasmine/jasmine.js:506:11)
	at run (file:///Users/rachelk/.rvm/gems/ruby-2.2.1/gems/learn-test-1.2.25/lib/learn_test/jasmine/jasmine.js:1505:22)
	at next (file:///Users/rachelk/.rvm/gems/ruby-2.2.1/gems/learn-test-1.2.25/lib/learn_test/jasmine/jasmine.js:1517:40)
	at complete (file:///Users/rachelk/.rvm/gems/ruby-2.2.1/gems/learn-test-1.2.25/lib/learn_test/jasmine/jasmine.js:333:19)
	at clearStack (file:///Users/rachelk/.rvm/gems/ruby-2.2.1/gems/learn-test-1.2.25/lib/learn_test/jasmine/jasmine.js:506:11)
	at run (file:///Users/rachelk/.rvm/gems/ruby-2.2.1/gems/learn-test-1.2.25/lib/learn_test/jasmine/jasmine.js:1505:22)
	at execute (file:///Users/rachelk/.rvm/gems/ruby-2.2.1/gems/learn-test-1.2.25/lib/learn_test/jasmine/jasmine.js:1485:13)
	at queueRunnerFactory (file:///Users/rachelk/.rvm/gems/ruby-2.2.1/gems/learn-test-1.2.25/lib/learn_test/jasmine/jasmine.js:518:42)
	at execute (file:///Users/rachelk/.rvm/gems/ruby-2.2.1/gems/learn-test-1.2.25/lib/learn_test/jasmine/jasmine.js:306:28)
	at file:///Users/rachelk/.rvm/gems/ruby-2.2.1/gems/learn-test-1.2.25/lib/learn_test/jasmine/jasmine.js:1708:44
	at attemptAsync (file:///Users/rachelk/.rvm/gems/ruby-2.2.1/gems/learn-test-1.2.25/lib/learn_test/jasmine/jasmine.js:1520:16)
	at run (file:///Users/rachelk/.rvm/gems/ruby-2.2.1/gems/learn-test-1.2.25/lib/learn_test/jasmine/jasmine.js:1496:28)
	at next (file:///Users/rachelk/.rvm/gems/ruby-2.2.1/gems/learn-test-1.2.25/lib/learn_test/jasmine/jasmine.js:1517:40)
	at complete (file:///Users/rachelk/.rvm/gems/ruby-2.2.1/gems/learn-test-1.2.25/lib/learn_test/jasmine/jasmine.js:333:19)
	at clearStack (file:///Users/rachelk/.rvm/gems/ruby-2.2.1/gems/learn-test-1.2.25/lib/learn_test/jasmine/jasmine.js:506:11)
	at run (file:///Users/rachelk/.rvm/gems/ruby-2.2.1/gems/learn-test-1.2.25/lib/learn_test/jasmine/jasmine.js:1505:22)
	at execute (file:///Users/rachelk/.rvm/gems/ruby-2.2.1/gems/learn-test-1.2.25/lib/learn_test/jasmine/jasmine.js:1485:13)
	at queueRunnerFactory (file:///Users/rachelk/.rvm/gems/ruby-2.2.1/gems/learn-test-1.2.25/lib/learn_test/jasmine/jasmine.js:518:42)
	at execute (file:///Users/rachelk/.rvm/gems/ruby-2.2.1/gems/learn-test-1.2.25/lib/learn_test/jasmine/jasmine.js:306:28)
	at file:///Users/rachelk/.rvm/gems/ruby-2.2.1/gems/learn-test-1.2.25/lib/learn_test/jasmine/jasmine.js:1708:44
	at attemptAsync (file:///Users/rachelk/.rvm/gems/ruby-2.2.1/gems/learn-test-1.2.25/lib/learn_test/jasmine/jasmine.js:1520:16)
	at run (file:///Users/rachelk/.rvm/gems/ruby-2.2.1/gems/learn-test-1.2.25/lib/learn_test/jasmine/jasmine.js:1496:28)
	at execute (file:///Users/rachelk/.rvm/gems/ruby-2.2.1/gems/learn-test-1.2.25/lib/learn_test/jasmine/jasmine.js:1485:13)
	at queueRunnerFactory (file:///Users/rachelk/.rvm/gems/ruby-2.2.1/gems/learn-test-1.2.25/lib/learn_test/jasmine/jasmine.js:518:42)
	at execute (file:///Users/rachelk/.rvm/gems/ruby-2.2.1/gems/learn-test-1.2.25/lib/learn_test/jasmine/jasmine.js:1694:21)
	at file:///Users/rachelk/.rvm/gems/ruby-2.2.1/gems/learn-test-1.2.25/lib/learn_test/jasmine/jasmine.js:1708:44
	at attemptAsync (file:///Users/rachelk/.rvm/gems/ruby-2.2.1/gems/learn-test-1.2.25/lib/learn_test/jasmine/jasmine.js:1520:16)
	at run (file:///Users/rachelk/.rvm/gems/ruby-2.2.1/gems/learn-test-1.2.25/lib/learn_test/jasmine/jasmine.js:1496:28)
	at next (file:///Users/rachelk/.rvm/gems/ruby-2.2.1/gems/learn-test-1.2.25/lib/learn_test/jasmine/jasmine.js:1517:40)
	at complete (file:///Users/rachelk/.rvm/gems/ruby-2.2.1/gems/learn-test-1.2.25/lib/learn_test/jasmine/jasmine.js:1703:19)
	at clearStack (file:///Users/rachelk/.rvm/gems/ruby-2.2.1/gems/learn-test-1.2.25/lib/learn_test/jasmine/jasmine.js:506:11)
	at run (file:///Users/rachelk/.rvm/gems/ruby-2.2.1/gems/learn-test-1.2.25/lib/learn_test/jasmine/jasmine.js:1505:22)
	at next (file:///Users/rachelk/.rvm/gems/ruby-2.2.1/gems/learn-test-1.2.25/lib/learn_test/jasmine/jasmine.js:1517:40)
	at complete (file:///Users/rachelk/.rvm/gems/ruby-2.2.1/gems/learn-test-1.2.25/lib/learn_test/jasmine/jasmine.js:333:19)
	at clearStack (file:///Users/rachelk/.rvm/gems/ruby-2.2.1/gems/learn-test-1.2.25/lib/learn_test/jasmine/jasmine.js:506:11)
	at run (file:///Users/rachelk/.rvm/gems/ruby-2.2.1/gems/learn-test-1.2.25/lib/learn_test/jasmine/jasmine.js:1505:22)
	at execute (file:///Users/rachelk/.rvm/gems/ruby-2.2.1/gems/learn-test-1.2.25/lib/learn_test/jasmine/jasmine.js:1485:13)
	at queueRunnerFactory (file:///Users/rachelk/.rvm/gems/ruby-2.2.1/gems/learn-test-1.2.25/lib/learn_test/jasmine/jasmine.js:518:42)
	at execute (file:///Users/rachelk/.rvm/gems/ruby-2.2.1/gems/learn-test-1.2.25/lib/learn_test/jasmine/jasmine.js:306:28)
	at file:///Users/rachelk/.rvm/gems/ruby-2.2.1/gems/learn-test-1.2.25/lib/learn_test/jasmine/jasmine.js:1708:44
	at attemptAsync (file:///Users/rachelk/.rvm/gems/ruby-2.2.1/gems/learn-test-1.2.25/lib/learn_test/jasmine/jasmine.js:1520:16)
	at run (file:///Users/rachelk/.rvm/gems/ruby-2.2.1/gems/learn-test-1.2.25/lib/learn_test/jasmine/jasmine.js:1496:28)
	at next (file:///Users/rachelk/.rvm/gems/ruby-2.2.1/gems/learn-test-1.2.25/lib/learn_test/jasmine/jasmine.js:1517:40)
	at complete (file:///Users/rachelk/.rvm/gems/ruby-2.2.1/gems/learn-test-1.2.25/lib/learn_test/jasmine/jasmine.js:333:19)
	at clearStack (file:///Users/rachelk/.rvm/gems/ruby-2.2.1/gems/learn-test-1.2.25/lib/learn_test/jasmine/jasmine.js:506:11)
	at run (file:///Users/rachelk/.rvm/gems/ruby-2.2.1/gems/learn-test-1.2.25/lib/learn_test/jasmine/jasmine.js:1505:22)
	at execute (file:///Users/rachelk/.rvm/gems/ruby-2.2.1/gems/learn-test-1.2.25/lib/learn_test/jasmine/jasmine.js:1485:13)
	at queueRunnerFactory (file:///Users/rachelk/.rvm/gems/ruby-2.2.1/gems/learn-test-1.2.25/lib/learn_test/jasmine/jasmine.js:518:42)
	at execute (file:///Users/rachelk/.rvm/gems/ruby-2.2.1/gems/learn-test-1.2.25/lib/learn_test/jasmine/jasmine.js:306:28)
	at file:///Users/rachelk/.rvm/gems/ruby-2.2.1/gems/learn-test-1.2.25/lib/learn_test/jasmine/jasmine.js:1708:44
	at attemptAsync (file:///Users/rachelk/.rvm/gems/ruby-2.2.1/gems/learn-test-1.2.25/lib/learn_test/jasmine/jasmine.js:1520:16)
	at run (file:///Users/rachelk/.rvm/gems/ruby-2.2.1/gems/learn-test-1.2.25/lib/learn_test/jasmine/jasmine.js:1496:28)
	at execute (file:///Users/rachelk/.rvm/gems/ruby-2.2.1/gems/learn-test-1.2.25/lib/learn_test/jasmine/jasmine.js:1485:13)
	at queueRunnerFactory (file:///Users/rachelk/.rvm/gems/ruby-2.2.1/gems/learn-test-1.2.25/lib/learn_test/jasmine/jasmine.js:518:42)
	at execute (file:///Users/rachelk/.rvm/gems/ruby-2.2.1/gems/learn-test-1.2.25/lib/learn_test/jasmine/jasmine.js:1694:21)
	at file:///Users/rachelk/.rvm/gems/ruby-2.2.1/gems/learn-test-1.2.25/lib/learn_test/jasmine/jasmine.js:1708:44
	at attemptAsync (file:///Users/rachelk/.rvm/gems/ruby-2.2.1/gems/learn-test-1.2.25/lib/learn_test/jasmine/jasmine.js:1520:16)
	at run (file:///Users/rachelk/.rvm/gems/ruby-2.2.1/gems/learn-test-1.2.25/lib/learn_test/jasmine/jasmine.js:1496:28)
	at next (file:///Users/rachelk/.rvm/gems/ruby-2.2.1/gems/learn-test-1.2.25/lib/learn_test/jasmine/jasmine.js:1517:40)
	at complete (file:///Users/rachelk/.rvm/gems/ruby-2.2.1/gems/learn-test-1.2.25/lib/learn_test/jasmine/jasmine.js:1703:19)
	at clearStack (file:///Users/rachelk/.rvm/gems/ruby-2.2.1/gems/learn-test-1.2.25/lib/learn_test/jasmine/jasmine.js:506:11)
	at run (file:///Users/rachelk/.rvm/gems/ruby-2.2.1/gems/learn-test-1.2.25/lib/learn_test/jasmine/jasmine.js:1505:22)
	at next (file:///Users/rachelk/.rvm/gems/ruby-2.2.1/gems/learn-test-1.2.25/lib/learn_test/jasmine/jasmine.js:1517:40)
	at complete (file:///Users/rachelk/.rvm/gems/ruby-2.2.1/gems/learn-test-1.2.25/lib/learn_test/jasmine/jasmine.js:333:19)
	at clearStack (file:///Users/rachelk/.rvm/gems/ruby-2.2.1/gems/learn-test-1.2.25/lib/learn_test/jasmine/jasmine.js:506:11)
	at run (file:///Users/rachelk/.rvm/gems/ruby-2.2.1/gems/learn-test-1.2.25/lib/learn_test/jasmine/jasmine.js:1505:22)
	at execute (file:///Users/rachelk/.rvm/gems/ruby-2.2.1/gems/learn-test-1.2.25/lib/learn_test/jasmine/jasmine.js:1485:13)
	at queueRunnerFactory (file:///Users/rachelk/.rvm/gems/ruby-2.2.1/gems/learn-test-1.2.25/lib/learn_test/jasmine/jasmine.js:518:42)
	at execute (file:///Users/rachelk/.rvm/gems/ruby-2.2.1/gems/learn-test-1.2.25/lib/learn_test/jasmine/jasmine.js:306:28)
	at file:///Users/rachelk/.rvm/gems/ruby-2.2.1/gems/learn-test-1.2.25/lib/learn_test/jasmine/jasmine.js:1708:44
	at attemptAsync (file:///Users/rachelk/.rvm/gems/ruby-2.2.1/gems/learn-test-1.2.25/lib/learn_test/jasmine/jasmine.js:1520:16)
	at run (file:///Users/rachelk/.rvm/gems/ruby-2.2.1/gems/learn-test-1.2.25/lib/learn_test/jasmine/jasmine.js:1496:28)
	at execute (file:///Users/rachelk/.rvm/gems/ruby-2.2.1/gems/learn-test-1.2.25/lib/learn_test/jasmine/jasmine.js:1485:13)
	at queueRunnerFactory (file:///Users/rachelk/.rvm/gems/ruby-2.2.1/gems/learn-test-1.2.25/lib/learn_test/jasmine/jasmine.js:518:42)
	at execute (file:///Users/rachelk/.rvm/gems/ruby-2.2.1/gems/learn-test-1.2.25/lib/learn_test/jasmine/jasmine.js:1694:21)
	at file:///Users/rachelk/.rvm/gems/ruby-2.2.1/gems/learn-test-1.2.25/lib/learn_test/jasmine/jasmine.js:1708:44
	at attemptAsync (file:///Users/rachelk/.rvm/gems/ruby-2.2.1/gems/learn-test-1.2.25/lib/learn_test/jasmine/jasmine.js:1520:16)
	at run (file:///Users/rachelk/.rvm/gems/ruby-2.2.1/gems/learn-test-1.2.25/lib/learn_test/jasmine/jasmine.js:1496:28)
	at next (file:///Users/rachelk/.rvm/gems/ruby-2.2.1/gems/learn-test-1.2.25/lib/learn_test/jasmine/jasmine.js:1517:40)
	at complete (file:///Users/rachelk/.rvm/gems/ruby-2.2.1/gems/learn-test-1.2.25/lib/learn_test/jasmine/jasmine.js:1703:19)
	at clearStack (file:///Users/rachelk/.rvm/gems/ruby-2.2.1/gems/learn-test-1.2.25/lib/learn_test/jasmine/jasmine.js:506:11)
	at run (file:///Users/rachelk/.rvm/gems/ruby-2.2.1/gems/learn-test-1.2.25/lib/learn_test/jasmine/jasmine.js:1505:22)
	at next (file:///Users/rachelk/.rvm/gems/ruby-2.2.1/gems/learn-test-1.2.25/lib/learn_test/jasmine/jasmine.js:1517:40)
	at complete (file:///Users/rachelk/.rvm/gems/ruby-2.2.1/gems/learn-test-1.2.25/lib/learn_test/jasmine/jasmine.js:333:19)
	at clearStack (file:///Users/rachelk/.rvm/gems/ruby-2.2.1/gems/learn-test-1.2.25/lib/learn_test/jasmine/jasmine.js:506:11)
	at run (file:///Users/rachelk/.rvm/gems/ruby-2.2.1/gems/learn-test-1.2.25/lib/learn_test/jasmine/jasmine.js:1505:22)
	at execute (file:///Users/rachelk/.rvm/gems/ruby-2.2.1/gems/learn-test-1.2.25/lib/learn_test/jasmine/jasmine.js:1485:13)
	at queueRunnerFactory (file:///Users/rachelk/.rvm/gems/ruby-2.2.1/gems/learn-test-1.2.25/lib/learn_test/jasmine/jasmine.js:518:42)
	at execute (file:///Users/rachelk/.rvm/gems/ruby-2.2.1/gems/learn-test-1.2.25/lib/learn_test/jasmine/jasmine.js:306:28)
	at file:///Users/rachelk/.rvm/gems/ruby-2.2.1/gems/learn-test-1.2.25/lib/learn_test/jasmine/jasmine.js:1708:44
	at attemptAsync (file:///Users/rachelk/.rvm/gems/ruby-2.2.1/gems/learn-test-1.2.25/lib/learn_test/jasmine/jasmine.js:1520:16)
	at run (file:///Users/rachelk/.rvm/gems/ruby-2.2.1/gems/learn-test-1.2.25/lib/learn_test/jasmine/jasmine.js:1496:28)
	at execute (file:///Users/rachelk/.rvm/gems/ruby-2.2.1/gems/learn-test-1.2.25/lib/learn_test/jasmine/jasmine.js:1485:13)
	at queueRunnerFactory (file:///Users/rachelk/.rvm/gems/ruby-2.2.1/gems/learn-test-1.2.25/lib/learn_test/jasmine/jasmine.js:518:42)
	at execute (file:///Users/rachelk/.rvm/gems/ruby-2.2.1/gems/learn-test-1.2.25/lib/learn_test/jasmine/jasmine.js:1694:21)
	at file:///Users/rachelk/.rvm/gems/ruby-2.2.1/gems/learn-test-1.2.25/lib/learn_test/jasmine/jasmine.js:1708:44
	at attemptAsync (file:///Users/rachelk/.rvm/gems/ruby-2.2.1/gems/learn-test-1.2.25/lib/learn_test/jasmine/jasmine.js:1520:16)
	at run (file:///Users/rachelk/.rvm/gems/ruby-2.2.1/gems/learn-test-1.2.25/lib/learn_test/jasmine/jasmine.js:1496:28)
	at execute (file:///Users/rachelk/.rvm/gems/ruby-2.2.1/gems/learn-test-1.2.25/lib/learn_test/jasmine/jasmine.js:1485:13)
	at queueRunnerFactory (file:///Users/rachelk/.rvm/gems/ruby-2.2.1/gems/learn-test-1.2.25/lib/learn_test/jasmine/jasmine.js:518:42)
	at execute (file:///Users/rachelk/.rvm/gems/ruby-2.2.1/gems/learn-test-1.2.25/lib/learn_test/jasmine/jasmine.js:1694:21)
	at file:///Users/rachelk/.rvm/gems/ruby-2.2.1/gems/learn-test-1.2.25/lib/learn_test/jasmine/jasmine.js:1708:44
	at attemptAsync (file:///Users/rachelk/.rvm/gems/ruby-2.2.1/gems/learn-test-1.2.25/lib/learn_test/jasmine/jasmine.js:1520:16)
	at run (file:///Users/rachelk/.rvm/gems/ruby-2.2.1/gems/learn-test-1.2.25/lib/learn_test/jasmine/jasmine.js:1496:28)
	at execute (file:///Users/rachelk/.rvm/gems/ruby-2.2.1/gems/learn-test-1.2.25/lib/learn_test/jasmine/jasmine.js:1485:13)
	at queueRunnerFactory (file:///Users/rachelk/.rvm/gems/ruby-2.2.1/gems/learn-test-1.2.25/lib/learn_test/jasmine/jasmine.js:518:42)
	at execute (file:///Users/rachelk/.rvm/gems/ruby-2.2.1/gems/learn-test-1.2.25/lib/learn_test/jasmine/jasmine.js:1694:21)
	at file:///Users/rachelk/.rvm/gems/ruby-2.2.1/gems/learn-test-1.2.25/lib/learn_test/jasmine/jasmine.js:541:83
	at attemptAsync (file:///Users/rachelk/.rvm/gems/ruby-2.2.1/gems/learn-test-1.2.25/lib/learn_test/jasmine/jasmine.js:1520:16)
	at run (file:///Users/rachelk/.rvm/gems/ruby-2.2.1/gems/learn-test-1.2.25/lib/learn_test/jasmine/jasmine.js:1496:28)
	at execute (file:///Users/rachelk/.rvm/gems/ruby-2.2.1/gems/learn-test-1.2.25/lib/learn_test/jasmine/jasmine.js:1485:13)
	at queueRunnerFactory (file:///Users/rachelk/.rvm/gems/ruby-2.2.1/gems/learn-test-1.2.25/lib/learn_test/jasmine/jasmine.js:518:42)
	at execute (file:///Users/rachelk/.rvm/gems/ruby-2.2.1/gems/learn-test-1.2.25/lib/learn_test/jasmine/jasmine.js:548:25)
	at onload (file:///Users/rachelk/.rvm/gems/ruby-2.2.1/gems/learn-test-1.2.25/lib/learn_test/jasmine/boot.js:172:16)			</failure>
		</testcase>
		<testcase classname="Tic Tac Toe Functionality" name="resetting the board allows client to play multiple game" time="0.001">
			<failure type="" message="ReferenceError: Can&amp;apos;t find variable: attachListeners in file:///Users/rachelk/Dropbox/Development/Rails-JS/js-tictactoe-rails-api-v-000/spec/tictactoe.spec.js (line 191)">
	at file:///Users/rachelk/Dropbox/Development/Rails-JS/js-tictactoe-rails-api-v-000/spec/tictactoe.spec.js:191:22
	at attemptSync (file:///Users/rachelk/.rvm/gems/ruby-2.2.1/gems/learn-test-1.2.25/lib/learn_test/jasmine/jasmine.js:1510:16)
	at run (file:///Users/rachelk/.rvm/gems/ruby-2.2.1/gems/learn-test-1.2.25/lib/learn_test/jasmine/jasmine.js:1498:20)
	at execute (file:///Users/rachelk/.rvm/gems/ruby-2.2.1/gems/learn-test-1.2.25/lib/learn_test/jasmine/jasmine.js:1485:13)
	at queueRunnerFactory (file:///Users/rachelk/.rvm/gems/ruby-2.2.1/gems/learn-test-1.2.25/lib/learn_test/jasmine/jasmine.js:518:42)
	at execute (file:///Users/rachelk/.rvm/gems/ruby-2.2.1/gems/learn-test-1.2.25/lib/learn_test/jasmine/jasmine.js:306:28)
	at file:///Users/rachelk/.rvm/gems/ruby-2.2.1/gems/learn-test-1.2.25/lib/learn_test/jasmine/jasmine.js:1708:44
	at attemptAsync (file:///Users/rachelk/.rvm/gems/ruby-2.2.1/gems/learn-test-1.2.25/lib/learn_test/jasmine/jasmine.js:1520:16)
	at run (file:///Users/rachelk/.rvm/gems/ruby-2.2.1/gems/learn-test-1.2.25/lib/learn_test/jasmine/jasmine.js:1496:28)
	at next (file:///Users/rachelk/.rvm/gems/ruby-2.2.1/gems/learn-test-1.2.25/lib/learn_test/jasmine/jasmine.js:1517:40)
	at complete (file:///Users/rachelk/.rvm/gems/ruby-2.2.1/gems/learn-test-1.2.25/lib/learn_test/jasmine/jasmine.js:333:19)			</failure>
		</testcase>
	</testsuite>
</testsuites>

