<?xml version="1.0" encoding="UTF-8"?>
<testsuites>
	<testsuite tests="9" errors="0" failures="3" time="0.025" timestamp="2016-05-25T08:55:30">
		<testcase classname="#integration tests of persistence" name="if i click the getAllGames button it should send a get request to /games" time="0.004">
		</testcase>
		<testcase classname="#integration tests of persistence" name="if i click the save game button it should post to /games" time="0.002">
		</testcase>
		<testcase classname="#integration tests of persistence" name="if i click the save game button a second time it should send a PATCH to /games/:id" time="0.004">
		</testcase>
		<testcase classname="#integration tests of persistence" name="if i click the previous game button and no games have been saved i should get no games in the DOM" time="0.003">
		</testcase>
		<testcase classname="#integration tests of persistence" name="if i click the previous game button and a game has already been saved it should add the previous game to the DOM" time="0.002">
		</testcase>
		<testcase classname="#integration tests of persistence" name="if i click save it should persist the game so that when i asked for previous games i should get one more in the DOM" time="0.004">
		</testcase>
		<testcase classname="#integration tests of persistence" name="if i play a game it should autosave at the end of the game" time="0.001">
			<failure type="" message="TypeError: undefined is not a constructor (evaluating &amp;apos;winning_combos.find&amp;apos;) in file:///Users/Joe/Documents/dev/js-tictactoe-rails-api-v-000/app/assets/javascripts/tictactoe.js (line 41)">
checkWinner@file:///Users/Joe/Documents/dev/js-tictactoe-rails-api-v-000/app/assets/javascripts/tictactoe.js:41:22
doTurn@file:///Users/Joe/Documents/dev/js-tictactoe-rails-api-v-000/app/assets/javascripts/tictactoe.js:31:14
file:///Users/Joe/Documents/dev/js-tictactoe-rails-api-v-000/app/assets/javascripts/tictactoe.js:141:46
dispatch@file:///Users/Joe/Documents/dev/js-tictactoe-rails-api-v-000/spec/lib/jquery.min.js:3:6471
handle@file:///Users/Joe/Documents/dev/js-tictactoe-rails-api-v-000/spec/lib/jquery.min.js:3:3246
trigger@file:///Users/Joe/Documents/dev/js-tictactoe-rails-api-v-000/spec/lib/jquery.min.js:3:5579
file:///Users/Joe/Documents/dev/js-tictactoe-rails-api-v-000/spec/lib/jquery.min.js:3:11549
each@file:///Users/Joe/Documents/dev/js-tictactoe-rails-api-v-000/spec/lib/jquery.min.js:2:3150
each@file:///Users/Joe/Documents/dev/js-tictactoe-rails-api-v-000/spec/lib/jquery.min.js:2:1115
trigger@file:///Users/Joe/Documents/dev/js-tictactoe-rails-api-v-000/spec/lib/jquery.min.js:3:11522
file:///Users/Joe/Documents/dev/js-tictactoe-rails-api-v-000/spec/lib/jquery.min.js:4:5108
file:///Users/Joe/Documents/dev/js-tictactoe-rails-api-v-000/spec/tictactoe.spec.js:374:42
withMock@file:///Users/Joe/Documents/dev/js-tictactoe-rails-api-v-000/spec/lib/mock-ajax.js:499:24
file:///Users/Joe/Documents/dev/js-tictactoe-rails-api-v-000/spec/tictactoe.spec.js:372:26
attemptSync@file:///Users/Joe/Documents/dev/js-tictactoe-rails-api-v-000/tmpTestSupport/jasmine.js:1510:16
run@file:///Users/Joe/Documents/dev/js-tictactoe-rails-api-v-000/tmpTestSupport/jasmine.js:1498:20
execute@file:///Users/Joe/Documents/dev/js-tictactoe-rails-api-v-000/tmpTestSupport/jasmine.js:1485:13
queueRunnerFactory@file:///Users/Joe/Documents/dev/js-tictactoe-rails-api-v-000/tmpTestSupport/jasmine.js:518:42
execute@file:///Users/Joe/Documents/dev/js-tictactoe-rails-api-v-000/tmpTestSupport/jasmine.js:306:28
file:///Users/Joe/Documents/dev/js-tictactoe-rails-api-v-000/tmpTestSupport/jasmine.js:1708:44
attemptAsync@file:///Users/Joe/Documents/dev/js-tictactoe-rails-api-v-000/tmpTestSupport/jasmine.js:1520:16
run@file:///Users/Joe/Documents/dev/js-tictactoe-rails-api-v-000/tmpTestSupport/jasmine.js:1496:28
next@file:///Users/Joe/Documents/dev/js-tictactoe-rails-api-v-000/tmpTestSupport/jasmine.js:1517:40
complete@file:///Users/Joe/Documents/dev/js-tictactoe-rails-api-v-000/tmpTestSupport/jasmine.js:333:19
clearStack@file:///Users/Joe/Documents/dev/js-tictactoe-rails-api-v-000/tmpTestSupport/jasmine.js:506:11
run@file:///Users/Joe/Documents/dev/js-tictactoe-rails-api-v-000/tmpTestSupport/jasmine.js:1505:22
execute@file:///Users/Joe/Documents/dev/js-tictactoe-rails-api-v-000/tmpTestSupport/jasmine.js:1485:13
queueRunnerFactory@file:///Users/Joe/Documents/dev/js-tictactoe-rails-api-v-000/tmpTestSupport/jasmine.js:518:42
execute@file:///Users/Joe/Documents/dev/js-tictactoe-rails-api-v-000/tmpTestSupport/jasmine.js:306:28
file:///Users/Joe/Documents/dev/js-tictactoe-rails-api-v-000/tmpTestSupport/jasmine.js:1708:44
attemptAsync@file:///Users/Joe/Documents/dev/js-tictactoe-rails-api-v-000/tmpTestSupport/jasmine.js:1520:16
run@file:///Users/Joe/Documents/dev/js-tictactoe-rails-api-v-000/tmpTestSupport/jasmine.js:1496:28
next@file:///Users/Joe/Documents/dev/js-tictactoe-rails-api-v-000/tmpTestSupport/jasmine.js:1517:40
complete@file:///Users/Joe/Documents/dev/js-tictactoe-rails-api-v-000/tmpTestSupport/jasmine.js:333:19
clearStack@file:///Users/Joe/Documents/dev/js-tictactoe-rails-api-v-000/tmpTestSupport/jasmine.js:506:11
run@file:///Users/Joe/Documents/dev/js-tictactoe-rails-api-v-000/tmpTestSupport/jasmine.js:1505:22
execute@file:///Users/Joe/Documents/dev/js-tictactoe-rails-api-v-000/tmpTestSupport/jasmine.js:1485:13
queueRunnerFactory@file:///Users/Joe/Documents/dev/js-tictactoe-rails-api-v-000/tmpTestSupport/jasmine.js:518:42
execute@file:///Users/Joe/Documents/dev/js-tictactoe-rails-api-v-000/tmpTestSupport/jasmine.js:306:28
file:///Users/Joe/Documents/dev/js-tictactoe-rails-api-v-000/tmpTestSupport/jasmine.js:1708:44
attemptAsync@file:///Users/Joe/Documents/dev/js-tictactoe-rails-api-v-000/tmpTestSupport/jasmine.js:1520:16
run@file:///Users/Joe/Documents/dev/js-tictactoe-rails-api-v-000/tmpTestSupport/jasmine.js:1496:28
next@file:///Users/Joe/Documents/dev/js-tictactoe-rails-api-v-000/tmpTestSupport/jasmine.js:1517:40
complete@file:///Users/Joe/Documents/dev/js-tictactoe-rails-api-v-000/tmpTestSupport/jasmine.js:333:19
clearStack@file:///Users/Joe/Documents/dev/js-tictactoe-rails-api-v-000/tmpTestSupport/jasmine.js:506:11
run@file:///Users/Joe/Documents/dev/js-tictactoe-rails-api-v-000/tmpTestSupport/jasmine.js:1505:22
execute@file:///Users/Joe/Documents/dev/js-tictactoe-rails-api-v-000/tmpTestSupport/jasmine.js:1485:13
queueRunnerFactory@file:///Users/Joe/Documents/dev/js-tictactoe-rails-api-v-000/tmpTestSupport/jasmine.js:518:42
execute@file:///Users/Joe/Documents/dev/js-tictactoe-rails-api-v-000/tmpTestSupport/jasmine.js:306:28
file:///Users/Joe/Documents/dev/js-tictactoe-rails-api-v-000/tmpTestSupport/jasmine.js:1708:44
attemptAsync@file:///Users/Joe/Documents/dev/js-tictactoe-rails-api-v-000/tmpTestSupport/jasmine.js:1520:16
run@file:///Users/Joe/Documents/dev/js-tictactoe-rails-api-v-000/tmpTestSupport/jasmine.js:1496:28
next@file:///Users/Joe/Documents/dev/js-tictactoe-rails-api-v-000/tmpTestSupport/jasmine.js:1517:40
complete@file:///Users/Joe/Documents/dev/js-tictactoe-rails-api-v-000/tmpTestSupport/jasmine.js:333:19
clearStack@file:///Users/Joe/Documents/dev/js-tictactoe-rails-api-v-000/tmpTestSupport/jasmine.js:506:11
run@file:///Users/Joe/Documents/dev/js-tictactoe-rails-api-v-000/tmpTestSupport/jasmine.js:1505:22
execute@file:///Users/Joe/Documents/dev/js-tictactoe-rails-api-v-000/tmpTestSupport/jasmine.js:1485:13
queueRunnerFactory@file:///Users/Joe/Documents/dev/js-tictactoe-rails-api-v-000/tmpTestSupport/jasmine.js:518:42
execute@file:///Users/Joe/Documents/dev/js-tictactoe-rails-api-v-000/tmpTestSupport/jasmine.js:306:28
file:///Users/Joe/Documents/dev/js-tictactoe-rails-api-v-000/tmpTestSupport/jasmine.js:1708:44
attemptAsync@file:///Users/Joe/Documents/dev/js-tictactoe-rails-api-v-000/tmpTestSupport/jasmine.js:1520:16
run@file:///Users/Joe/Documents/dev/js-tictactoe-rails-api-v-000/tmpTestSupport/jasmine.js:1496:28
next@file:///Users/Joe/Documents/dev/js-tictactoe-rails-api-v-000/tmpTestSupport/jasmine.js:1517:40
complete@file:///Users/Joe/Documents/dev/js-tictactoe-rails-api-v-000/tmpTestSupport/jasmine.js:333:19
clearStack@file:///Users/Joe/Documents/dev/js-tictactoe-rails-api-v-000/tmpTestSupport/jasmine.js:506:11
run@file:///Users/Joe/Documents/dev/js-tictactoe-rails-api-v-000/tmpTestSupport/jasmine.js:1505:22
execute@file:///Users/Joe/Documents/dev/js-tictactoe-rails-api-v-000/tmpTestSupport/jasmine.js:1485:13
queueRunnerFactory@file:///Users/Joe/Documents/dev/js-tictactoe-rails-api-v-000/tmpTestSupport/jasmine.js:518:42
execute@file:///Users/Joe/Documents/dev/js-tictactoe-rails-api-v-000/tmpTestSupport/jasmine.js:306:28
file:///Users/Joe/Documents/dev/js-tictactoe-rails-api-v-000/tmpTestSupport/jasmine.js:1708:44
attemptAsync@file:///Users/Joe/Documents/dev/js-tictactoe-rails-api-v-000/tmpTestSupport/jasmine.js:1520:16
run@file:///Users/Joe/Documents/dev/js-tictactoe-rails-api-v-000/tmpTestSupport/jasmine.js:1496:28
next@file:///Users/Joe/Documents/dev/js-tictactoe-rails-api-v-000/tmpTestSupport/jasmine.js:1517:40
complete@file:///Users/Joe/Documents/dev/js-tictactoe-rails-api-v-000/tmpTestSupport/jasmine.js:333:19
clearStack@file:///Users/Joe/Documents/dev/js-tictactoe-rails-api-v-000/tmpTestSupport/jasmine.js:506:11
run@file:///Users/Joe/Documents/dev/js-tictactoe-rails-api-v-000/tmpTestSupport/jasmine.js:1505:22
execute@file:///Users/Joe/Documents/dev/js-tictactoe-rails-api-v-000/tmpTestSupport/jasmine.js:1485:13
queueRunnerFactory@file:///Users/Joe/Documents/dev/js-tictactoe-rails-api-v-000/tmpTestSupport/jasmine.js:518:42
execute@file:///Users/Joe/Documents/dev/js-tictactoe-rails-api-v-000/tmpTestSupport/jasmine.js:306:28
file:///Users/Joe/Documents/dev/js-tictactoe-rails-api-v-000/tmpTestSupport/jasmine.js:1708:44
attemptAsync@file:///Users/Joe/Documents/dev/js-tictactoe-rails-api-v-000/tmpTestSupport/jasmine.js:1520:16
run@file:///Users/Joe/Documents/dev/js-tictactoe-rails-api-v-000/tmpTestSupport/jasmine.js:1496:28
execute@file:///Users/Joe/Documents/dev/js-tictactoe-rails-api-v-000/tmpTestSupport/jasmine.js:1485:13
queueRunnerFactory@file:///Users/Joe/Documents/dev/js-tictactoe-rails-api-v-000/tmpTestSupport/jasmine.js:518:42
execute@file:///Users/Joe/Documents/dev/js-tictactoe-rails-api-v-000/tmpTestSupport/jasmine.js:1694:21
file:///Users/Joe/Documents/dev/js-tictactoe-rails-api-v-000/tmpTestSupport/jasmine.js:1708:44
attemptAsync@file:///Users/Joe/Documents/dev/js-tictactoe-rails-api-v-000/tmpTestSupport/jasmine.js:1520:16
run@file:///Users/Joe/Documents/dev/js-tictactoe-rails-api-v-000/tmpTestSupport/jasmine.js:1496:28
next@file:///Users/Joe/Documents/dev/js-tictactoe-rails-api-v-000/tmpTestSupport/jasmine.js:1517:40
complete@file:///Users/Joe/Documents/dev/js-tictactoe-rails-api-v-000/tmpTestSupport/jasmine.js:1703:19
clearStack@file:///Users/Joe/Documents/dev/js-tictactoe-rails-api-v-000/tmpTestSupport/jasmine.js:506:11
run@file:///Users/Joe/Documents/dev/js-tictactoe-rails-api-v-000/tmpTestSupport/jasmine.js:1505:22
next@file:///Users/Joe/Documents/dev/js-tictactoe-rails-api-v-000/tmpTestSupport/jasmine.js:1517:40
complete@file:///Users/Joe/Documents/dev/js-tictactoe-rails-api-v-000/tmpTestSupport/jasmine.js:1703:19
clearStack@file:///Users/Joe/Documents/dev/js-tictactoe-rails-api-v-000/tmpTestSupport/jasmine.js:506:11
run@file:///Users/Joe/Documents/dev/js-tictactoe-rails-api-v-000/tmpTestSupport/jasmine.js:1505:22
next@file:///Users/Joe/Documents/dev/js-tictactoe-rails-api-v-000/tmpTestSupport/jasmine.js:1517:40
complete@file:///Users/Joe/Documents/dev/js-tictactoe-rails-api-v-000/tmpTestSupport/jasmine.js:333:19
clearStack@file:///Users/Joe/Documents/dev/js-tictactoe-rails-api-v-000/tmpTestSupport/jasmine.js:506:11
run@file:///Users/Joe/Documents/dev/js-tictactoe-rails-api-v-000/tmpTestSupport/jasmine.js:1505:22
execute@file:///Users/Joe/Documents/dev/js-tictactoe-rails-api-v-000/tmpTestSupport/jasmine.js:1485:13
queueRunnerFactory@file:///Users/Joe/Documents/dev/js-tictactoe-rails-api-v-000/tmpTestSupport/jasmine.js:518:42
execute@file:///Users/Joe/Documents/dev/js-tictactoe-rails-api-v-000/tmpTestSupport/jasmine.js:306:28
file:///Users/Joe/Documents/dev/js-tictactoe-rails-api-v-000/tmpTestSupport/jasmine.js:1708:44
attemptAsync@file:///Users/Joe/Documents/dev/js-tictactoe-rails-api-v-000/tmpTestSupport/jasmine.js:1520:16
run@file:///Users/Joe/Documents/dev/js-tictactoe-rails-api-v-000/tmpTestSupport/jasmine.js:1496:28
next@file:///Users/Joe/Documents/dev/js-tictactoe-rails-api-v-000/tmpTestSupport/jasmine.js:1517:40
complete@file:///Users/Joe/Documents/dev/js-tictactoe-rails-api-v-000/tmpTestSupport/jasmine.js:333:19			</failure>
		</testcase>
		<testcase classname="#integration tests of persistence" name="if i play a game it should autosave and start a new game" time="0.001">
			<failure type="" message="TypeError: undefined is not a constructor (evaluating &amp;apos;winning_combos.find&amp;apos;) in file:///Users/Joe/Documents/dev/js-tictactoe-rails-api-v-000/app/assets/javascripts/tictactoe.js (line 41)">
checkWinner@file:///Users/Joe/Documents/dev/js-tictactoe-rails-api-v-000/app/assets/javascripts/tictactoe.js:41:22
doTurn@file:///Users/Joe/Documents/dev/js-tictactoe-rails-api-v-000/app/assets/javascripts/tictactoe.js:31:14
file:///Users/Joe/Documents/dev/js-tictactoe-rails-api-v-000/app/assets/javascripts/tictactoe.js:141:46
dispatch@file:///Users/Joe/Documents/dev/js-tictactoe-rails-api-v-000/spec/lib/jquery.min.js:3:6471
handle@file:///Users/Joe/Documents/dev/js-tictactoe-rails-api-v-000/spec/lib/jquery.min.js:3:3246
trigger@file:///Users/Joe/Documents/dev/js-tictactoe-rails-api-v-000/spec/lib/jquery.min.js:3:5579
file:///Users/Joe/Documents/dev/js-tictactoe-rails-api-v-000/spec/lib/jquery.min.js:3:11549
each@file:///Users/Joe/Documents/dev/js-tictactoe-rails-api-v-000/spec/lib/jquery.min.js:2:3150
each@file:///Users/Joe/Documents/dev/js-tictactoe-rails-api-v-000/spec/lib/jquery.min.js:2:1115
trigger@file:///Users/Joe/Documents/dev/js-tictactoe-rails-api-v-000/spec/lib/jquery.min.js:3:11522
file:///Users/Joe/Documents/dev/js-tictactoe-rails-api-v-000/spec/lib/jquery.min.js:4:5108
file:///Users/Joe/Documents/dev/js-tictactoe-rails-api-v-000/spec/tictactoe.spec.js:394:42
withMock@file:///Users/Joe/Documents/dev/js-tictactoe-rails-api-v-000/spec/lib/mock-ajax.js:499:24
file:///Users/Joe/Documents/dev/js-tictactoe-rails-api-v-000/spec/tictactoe.spec.js:392:26
attemptSync@file:///Users/Joe/Documents/dev/js-tictactoe-rails-api-v-000/tmpTestSupport/jasmine.js:1510:16
run@file:///Users/Joe/Documents/dev/js-tictactoe-rails-api-v-000/tmpTestSupport/jasmine.js:1498:20
execute@file:///Users/Joe/Documents/dev/js-tictactoe-rails-api-v-000/tmpTestSupport/jasmine.js:1485:13
queueRunnerFactory@file:///Users/Joe/Documents/dev/js-tictactoe-rails-api-v-000/tmpTestSupport/jasmine.js:518:42
execute@file:///Users/Joe/Documents/dev/js-tictactoe-rails-api-v-000/tmpTestSupport/jasmine.js:306:28
file:///Users/Joe/Documents/dev/js-tictactoe-rails-api-v-000/tmpTestSupport/jasmine.js:1708:44
attemptAsync@file:///Users/Joe/Documents/dev/js-tictactoe-rails-api-v-000/tmpTestSupport/jasmine.js:1520:16
run@file:///Users/Joe/Documents/dev/js-tictactoe-rails-api-v-000/tmpTestSupport/jasmine.js:1496:28
next@file:///Users/Joe/Documents/dev/js-tictactoe-rails-api-v-000/tmpTestSupport/jasmine.js:1517:40
complete@file:///Users/Joe/Documents/dev/js-tictactoe-rails-api-v-000/tmpTestSupport/jasmine.js:333:19
clearStack@file:///Users/Joe/Documents/dev/js-tictactoe-rails-api-v-000/tmpTestSupport/jasmine.js:506:11
run@file:///Users/Joe/Documents/dev/js-tictactoe-rails-api-v-000/tmpTestSupport/jasmine.js:1505:22
execute@file:///Users/Joe/Documents/dev/js-tictactoe-rails-api-v-000/tmpTestSupport/jasmine.js:1485:13
queueRunnerFactory@file:///Users/Joe/Documents/dev/js-tictactoe-rails-api-v-000/tmpTestSupport/jasmine.js:518:42
execute@file:///Users/Joe/Documents/dev/js-tictactoe-rails-api-v-000/tmpTestSupport/jasmine.js:306:28
file:///Users/Joe/Documents/dev/js-tictactoe-rails-api-v-000/tmpTestSupport/jasmine.js:1708:44
attemptAsync@file:///Users/Joe/Documents/dev/js-tictactoe-rails-api-v-000/tmpTestSupport/jasmine.js:1520:16
run@file:///Users/Joe/Documents/dev/js-tictactoe-rails-api-v-000/tmpTestSupport/jasmine.js:1496:28
next@file:///Users/Joe/Documents/dev/js-tictactoe-rails-api-v-000/tmpTestSupport/jasmine.js:1517:40
complete@file:///Users/Joe/Documents/dev/js-tictactoe-rails-api-v-000/tmpTestSupport/jasmine.js:333:19
clearStack@file:///Users/Joe/Documents/dev/js-tictactoe-rails-api-v-000/tmpTestSupport/jasmine.js:506:11
run@file:///Users/Joe/Documents/dev/js-tictactoe-rails-api-v-000/tmpTestSupport/jasmine.js:1505:22
execute@file:///Users/Joe/Documents/dev/js-tictactoe-rails-api-v-000/tmpTestSupport/jasmine.js:1485:13
queueRunnerFactory@file:///Users/Joe/Documents/dev/js-tictactoe-rails-api-v-000/tmpTestSupport/jasmine.js:518:42
execute@file:///Users/Joe/Documents/dev/js-tictactoe-rails-api-v-000/tmpTestSupport/jasmine.js:306:28
file:///Users/Joe/Documents/dev/js-tictactoe-rails-api-v-000/tmpTestSupport/jasmine.js:1708:44
attemptAsync@file:///Users/Joe/Documents/dev/js-tictactoe-rails-api-v-000/tmpTestSupport/jasmine.js:1520:16
run@file:///Users/Joe/Documents/dev/js-tictactoe-rails-api-v-000/tmpTestSupport/jasmine.js:1496:28
next@file:///Users/Joe/Documents/dev/js-tictactoe-rails-api-v-000/tmpTestSupport/jasmine.js:1517:40
complete@file:///Users/Joe/Documents/dev/js-tictactoe-rails-api-v-000/tmpTestSupport/jasmine.js:333:19
clearStack@file:///Users/Joe/Documents/dev/js-tictactoe-rails-api-v-000/tmpTestSupport/jasmine.js:506:11
run@file:///Users/Joe/Documents/dev/js-tictactoe-rails-api-v-000/tmpTestSupport/jasmine.js:1505:22
execute@file:///Users/Joe/Documents/dev/js-tictactoe-rails-api-v-000/tmpTestSupport/jasmine.js:1485:13
queueRunnerFactory@file:///Users/Joe/Documents/dev/js-tictactoe-rails-api-v-000/tmpTestSupport/jasmine.js:518:42
execute@file:///Users/Joe/Documents/dev/js-tictactoe-rails-api-v-000/tmpTestSupport/jasmine.js:306:28
file:///Users/Joe/Documents/dev/js-tictactoe-rails-api-v-000/tmpTestSupport/jasmine.js:1708:44
attemptAsync@file:///Users/Joe/Documents/dev/js-tictactoe-rails-api-v-000/tmpTestSupport/jasmine.js:1520:16
run@file:///Users/Joe/Documents/dev/js-tictactoe-rails-api-v-000/tmpTestSupport/jasmine.js:1496:28
next@file:///Users/Joe/Documents/dev/js-tictactoe-rails-api-v-000/tmpTestSupport/jasmine.js:1517:40
complete@file:///Users/Joe/Documents/dev/js-tictactoe-rails-api-v-000/tmpTestSupport/jasmine.js:333:19
clearStack@file:///Users/Joe/Documents/dev/js-tictactoe-rails-api-v-000/tmpTestSupport/jasmine.js:506:11
run@file:///Users/Joe/Documents/dev/js-tictactoe-rails-api-v-000/tmpTestSupport/jasmine.js:1505:22
execute@file:///Users/Joe/Documents/dev/js-tictactoe-rails-api-v-000/tmpTestSupport/jasmine.js:1485:13
queueRunnerFactory@file:///Users/Joe/Documents/dev/js-tictactoe-rails-api-v-000/tmpTestSupport/jasmine.js:518:42
execute@file:///Users/Joe/Documents/dev/js-tictactoe-rails-api-v-000/tmpTestSupport/jasmine.js:306:28
file:///Users/Joe/Documents/dev/js-tictactoe-rails-api-v-000/tmpTestSupport/jasmine.js:1708:44
attemptAsync@file:///Users/Joe/Documents/dev/js-tictactoe-rails-api-v-000/tmpTestSupport/jasmine.js:1520:16
run@file:///Users/Joe/Documents/dev/js-tictactoe-rails-api-v-000/tmpTestSupport/jasmine.js:1496:28
next@file:///Users/Joe/Documents/dev/js-tictactoe-rails-api-v-000/tmpTestSupport/jasmine.js:1517:40
complete@file:///Users/Joe/Documents/dev/js-tictactoe-rails-api-v-000/tmpTestSupport/jasmine.js:333:19
clearStack@file:///Users/Joe/Documents/dev/js-tictactoe-rails-api-v-000/tmpTestSupport/jasmine.js:506:11
run@file:///Users/Joe/Documents/dev/js-tictactoe-rails-api-v-000/tmpTestSupport/jasmine.js:1505:22
execute@file:///Users/Joe/Documents/dev/js-tictactoe-rails-api-v-000/tmpTestSupport/jasmine.js:1485:13
queueRunnerFactory@file:///Users/Joe/Documents/dev/js-tictactoe-rails-api-v-000/tmpTestSupport/jasmine.js:518:42
execute@file:///Users/Joe/Documents/dev/js-tictactoe-rails-api-v-000/tmpTestSupport/jasmine.js:306:28
file:///Users/Joe/Documents/dev/js-tictactoe-rails-api-v-000/tmpTestSupport/jasmine.js:1708:44
attemptAsync@file:///Users/Joe/Documents/dev/js-tictactoe-rails-api-v-000/tmpTestSupport/jasmine.js:1520:16
run@file:///Users/Joe/Documents/dev/js-tictactoe-rails-api-v-000/tmpTestSupport/jasmine.js:1496:28
next@file:///Users/Joe/Documents/dev/js-tictactoe-rails-api-v-000/tmpTestSupport/jasmine.js:1517:40
complete@file:///Users/Joe/Documents/dev/js-tictactoe-rails-api-v-000/tmpTestSupport/jasmine.js:333:19
clearStack@file:///Users/Joe/Documents/dev/js-tictactoe-rails-api-v-000/tmpTestSupport/jasmine.js:506:11
run@file:///Users/Joe/Documents/dev/js-tictactoe-rails-api-v-000/tmpTestSupport/jasmine.js:1505:22
execute@file:///Users/Joe/Documents/dev/js-tictactoe-rails-api-v-000/tmpTestSupport/jasmine.js:1485:13
queueRunnerFactory@file:///Users/Joe/Documents/dev/js-tictactoe-rails-api-v-000/tmpTestSupport/jasmine.js:518:42
execute@file:///Users/Joe/Documents/dev/js-tictactoe-rails-api-v-000/tmpTestSupport/jasmine.js:306:28
file:///Users/Joe/Documents/dev/js-tictactoe-rails-api-v-000/tmpTestSupport/jasmine.js:1708:44
attemptAsync@file:///Users/Joe/Documents/dev/js-tictactoe-rails-api-v-000/tmpTestSupport/jasmine.js:1520:16
run@file:///Users/Joe/Documents/dev/js-tictactoe-rails-api-v-000/tmpTestSupport/jasmine.js:1496:28
next@file:///Users/Joe/Documents/dev/js-tictactoe-rails-api-v-000/tmpTestSupport/jasmine.js:1517:40
complete@file:///Users/Joe/Documents/dev/js-tictactoe-rails-api-v-000/tmpTestSupport/jasmine.js:333:19
clearStack@file:///Users/Joe/Documents/dev/js-tictactoe-rails-api-v-000/tmpTestSupport/jasmine.js:506:11
run@file:///Users/Joe/Documents/dev/js-tictactoe-rails-api-v-000/tmpTestSupport/jasmine.js:1505:22
execute@file:///Users/Joe/Documents/dev/js-tictactoe-rails-api-v-000/tmpTestSupport/jasmine.js:1485:13
queueRunnerFactory@file:///Users/Joe/Documents/dev/js-tictactoe-rails-api-v-000/tmpTestSupport/jasmine.js:518:42
execute@file:///Users/Joe/Documents/dev/js-tictactoe-rails-api-v-000/tmpTestSupport/jasmine.js:306:28
file:///Users/Joe/Documents/dev/js-tictactoe-rails-api-v-000/tmpTestSupport/jasmine.js:1708:44
attemptAsync@file:///Users/Joe/Documents/dev/js-tictactoe-rails-api-v-000/tmpTestSupport/jasmine.js:1520:16
run@file:///Users/Joe/Documents/dev/js-tictactoe-rails-api-v-000/tmpTestSupport/jasmine.js:1496:28
execute@file:///Users/Joe/Documents/dev/js-tictactoe-rails-api-v-000/tmpTestSupport/jasmine.js:1485:13
queueRunnerFactory@file:///Users/Joe/Documents/dev/js-tictactoe-rails-api-v-000/tmpTestSupport/jasmine.js:518:42
execute@file:///Users/Joe/Documents/dev/js-tictactoe-rails-api-v-000/tmpTestSupport/jasmine.js:1694:21
file:///Users/Joe/Documents/dev/js-tictactoe-rails-api-v-000/tmpTestSupport/jasmine.js:1708:44
attemptAsync@file:///Users/Joe/Documents/dev/js-tictactoe-rails-api-v-000/tmpTestSupport/jasmine.js:1520:16
run@file:///Users/Joe/Documents/dev/js-tictactoe-rails-api-v-000/tmpTestSupport/jasmine.js:1496:28
next@file:///Users/Joe/Documents/dev/js-tictactoe-rails-api-v-000/tmpTestSupport/jasmine.js:1517:40
complete@file:///Users/Joe/Documents/dev/js-tictactoe-rails-api-v-000/tmpTestSupport/jasmine.js:1703:19
clearStack@file:///Users/Joe/Documents/dev/js-tictactoe-rails-api-v-000/tmpTestSupport/jasmine.js:506:11
run@file:///Users/Joe/Documents/dev/js-tictactoe-rails-api-v-000/tmpTestSupport/jasmine.js:1505:22
next@file:///Users/Joe/Documents/dev/js-tictactoe-rails-api-v-000/tmpTestSupport/jasmine.js:1517:40
complete@file:///Users/Joe/Documents/dev/js-tictactoe-rails-api-v-000/tmpTestSupport/jasmine.js:1703:19
clearStack@file:///Users/Joe/Documents/dev/js-tictactoe-rails-api-v-000/tmpTestSupport/jasmine.js:506:11
run@file:///Users/Joe/Documents/dev/js-tictactoe-rails-api-v-000/tmpTestSupport/jasmine.js:1505:22
next@file:///Users/Joe/Documents/dev/js-tictactoe-rails-api-v-000/tmpTestSupport/jasmine.js:1517:40
complete@file:///Users/Joe/Documents/dev/js-tictactoe-rails-api-v-000/tmpTestSupport/jasmine.js:333:19
clearStack@file:///Users/Joe/Documents/dev/js-tictactoe-rails-api-v-000/tmpTestSupport/jasmine.js:506:11
run@file:///Users/Joe/Documents/dev/js-tictactoe-rails-api-v-000/tmpTestSupport/jasmine.js:1505:22
execute@file:///Users/Joe/Documents/dev/js-tictactoe-rails-api-v-000/tmpTestSupport/jasmine.js:1485:13
queueRunnerFactory@file:///Users/Joe/Documents/dev/js-tictactoe-rails-api-v-000/tmpTestSupport/jasmine.js:518:42
execute@file:///Users/Joe/Documents/dev/js-tictactoe-rails-api-v-000/tmpTestSupport/jasmine.js:306:28
file:///Users/Joe/Documents/dev/js-tictactoe-rails-api-v-000/tmpTestSupport/jasmine.js:1708:44
attemptAsync@file:///Users/Joe/Documents/dev/js-tictactoe-rails-api-v-000/tmpTestSupport/jasmine.js:1520:16
run@file:///Users/Joe/Documents/dev/js-tictactoe-rails-api-v-000/tmpTestSupport/jasmine.js:1496:28
next@file:///Users/Joe/Documents/dev/js-tictactoe-rails-api-v-000/tmpTestSupport/jasmine.js:1517:40
complete@file:///Users/Joe/Documents/dev/js-tictactoe-rails-api-v-000/tmpTestSupport/jasmine.js:333:19			</failure>
		</testcase>
		<testcase classname="#integration tests of persistence" name="if should be able to switch to an old game" time="0.002">
			<failure type="" message="TypeError: undefined is not a constructor (evaluating &amp;apos;winning_combos.find&amp;apos;) in file:///Users/Joe/Documents/dev/js-tictactoe-rails-api-v-000/app/assets/javascripts/tictactoe.js (line 41)">
checkWinner@file:///Users/Joe/Documents/dev/js-tictactoe-rails-api-v-000/app/assets/javascripts/tictactoe.js:41:22
doTurn@file:///Users/Joe/Documents/dev/js-tictactoe-rails-api-v-000/app/assets/javascripts/tictactoe.js:31:14
file:///Users/Joe/Documents/dev/js-tictactoe-rails-api-v-000/app/assets/javascripts/tictactoe.js:141:46
dispatch@file:///Users/Joe/Documents/dev/js-tictactoe-rails-api-v-000/spec/lib/jquery.min.js:3:6471
handle@file:///Users/Joe/Documents/dev/js-tictactoe-rails-api-v-000/spec/lib/jquery.min.js:3:3246
trigger@file:///Users/Joe/Documents/dev/js-tictactoe-rails-api-v-000/spec/lib/jquery.min.js:3:5579
file:///Users/Joe/Documents/dev/js-tictactoe-rails-api-v-000/spec/lib/jquery.min.js:3:11549
each@file:///Users/Joe/Documents/dev/js-tictactoe-rails-api-v-000/spec/lib/jquery.min.js:2:3150
each@file:///Users/Joe/Documents/dev/js-tictactoe-rails-api-v-000/spec/lib/jquery.min.js:2:1115
trigger@file:///Users/Joe/Documents/dev/js-tictactoe-rails-api-v-000/spec/lib/jquery.min.js:3:11522
file:///Users/Joe/Documents/dev/js-tictactoe-rails-api-v-000/spec/lib/jquery.min.js:4:5108
file:///Users/Joe/Documents/dev/js-tictactoe-rails-api-v-000/spec/tictactoe.spec.js:437:42
withMock@file:///Users/Joe/Documents/dev/js-tictactoe-rails-api-v-000/spec/lib/mock-ajax.js:499:24
file:///Users/Joe/Documents/dev/js-tictactoe-rails-api-v-000/spec/tictactoe.spec.js:436:26
attemptSync@file:///Users/Joe/Documents/dev/js-tictactoe-rails-api-v-000/tmpTestSupport/jasmine.js:1510:16
run@file:///Users/Joe/Documents/dev/js-tictactoe-rails-api-v-000/tmpTestSupport/jasmine.js:1498:20
execute@file:///Users/Joe/Documents/dev/js-tictactoe-rails-api-v-000/tmpTestSupport/jasmine.js:1485:13
queueRunnerFactory@file:///Users/Joe/Documents/dev/js-tictactoe-rails-api-v-000/tmpTestSupport/jasmine.js:518:42
execute@file:///Users/Joe/Documents/dev/js-tictactoe-rails-api-v-000/tmpTestSupport/jasmine.js:306:28
file:///Users/Joe/Documents/dev/js-tictactoe-rails-api-v-000/tmpTestSupport/jasmine.js:1708:44
attemptAsync@file:///Users/Joe/Documents/dev/js-tictactoe-rails-api-v-000/tmpTestSupport/jasmine.js:1520:16
run@file:///Users/Joe/Documents/dev/js-tictactoe-rails-api-v-000/tmpTestSupport/jasmine.js:1496:28
next@file:///Users/Joe/Documents/dev/js-tictactoe-rails-api-v-000/tmpTestSupport/jasmine.js:1517:40
complete@file:///Users/Joe/Documents/dev/js-tictactoe-rails-api-v-000/tmpTestSupport/jasmine.js:333:19
clearStack@file:///Users/Joe/Documents/dev/js-tictactoe-rails-api-v-000/tmpTestSupport/jasmine.js:506:11
run@file:///Users/Joe/Documents/dev/js-tictactoe-rails-api-v-000/tmpTestSupport/jasmine.js:1505:22
execute@file:///Users/Joe/Documents/dev/js-tictactoe-rails-api-v-000/tmpTestSupport/jasmine.js:1485:13
queueRunnerFactory@file:///Users/Joe/Documents/dev/js-tictactoe-rails-api-v-000/tmpTestSupport/jasmine.js:518:42
execute@file:///Users/Joe/Documents/dev/js-tictactoe-rails-api-v-000/tmpTestSupport/jasmine.js:306:28
file:///Users/Joe/Documents/dev/js-tictactoe-rails-api-v-000/tmpTestSupport/jasmine.js:1708:44
attemptAsync@file:///Users/Joe/Documents/dev/js-tictactoe-rails-api-v-000/tmpTestSupport/jasmine.js:1520:16
run@file:///Users/Joe/Documents/dev/js-tictactoe-rails-api-v-000/tmpTestSupport/jasmine.js:1496:28
next@file:///Users/Joe/Documents/dev/js-tictactoe-rails-api-v-000/tmpTestSupport/jasmine.js:1517:40
complete@file:///Users/Joe/Documents/dev/js-tictactoe-rails-api-v-000/tmpTestSupport/jasmine.js:333:19
clearStack@file:///Users/Joe/Documents/dev/js-tictactoe-rails-api-v-000/tmpTestSupport/jasmine.js:506:11
run@file:///Users/Joe/Documents/dev/js-tictactoe-rails-api-v-000/tmpTestSupport/jasmine.js:1505:22
execute@file:///Users/Joe/Documents/dev/js-tictactoe-rails-api-v-000/tmpTestSupport/jasmine.js:1485:13
queueRunnerFactory@file:///Users/Joe/Documents/dev/js-tictactoe-rails-api-v-000/tmpTestSupport/jasmine.js:518:42
execute@file:///Users/Joe/Documents/dev/js-tictactoe-rails-api-v-000/tmpTestSupport/jasmine.js:306:28
file:///Users/Joe/Documents/dev/js-tictactoe-rails-api-v-000/tmpTestSupport/jasmine.js:1708:44
attemptAsync@file:///Users/Joe/Documents/dev/js-tictactoe-rails-api-v-000/tmpTestSupport/jasmine.js:1520:16
run@file:///Users/Joe/Documents/dev/js-tictactoe-rails-api-v-000/tmpTestSupport/jasmine.js:1496:28
next@file:///Users/Joe/Documents/dev/js-tictactoe-rails-api-v-000/tmpTestSupport/jasmine.js:1517:40
complete@file:///Users/Joe/Documents/dev/js-tictactoe-rails-api-v-000/tmpTestSupport/jasmine.js:333:19
clearStack@file:///Users/Joe/Documents/dev/js-tictactoe-rails-api-v-000/tmpTestSupport/jasmine.js:506:11
run@file:///Users/Joe/Documents/dev/js-tictactoe-rails-api-v-000/tmpTestSupport/jasmine.js:1505:22
execute@file:///Users/Joe/Documents/dev/js-tictactoe-rails-api-v-000/tmpTestSupport/jasmine.js:1485:13
queueRunnerFactory@file:///Users/Joe/Documents/dev/js-tictactoe-rails-api-v-000/tmpTestSupport/jasmine.js:518:42
execute@file:///Users/Joe/Documents/dev/js-tictactoe-rails-api-v-000/tmpTestSupport/jasmine.js:306:28
file:///Users/Joe/Documents/dev/js-tictactoe-rails-api-v-000/tmpTestSupport/jasmine.js:1708:44
attemptAsync@file:///Users/Joe/Documents/dev/js-tictactoe-rails-api-v-000/tmpTestSupport/jasmine.js:1520:16
run@file:///Users/Joe/Documents/dev/js-tictactoe-rails-api-v-000/tmpTestSupport/jasmine.js:1496:28
next@file:///Users/Joe/Documents/dev/js-tictactoe-rails-api-v-000/tmpTestSupport/jasmine.js:1517:40
complete@file:///Users/Joe/Documents/dev/js-tictactoe-rails-api-v-000/tmpTestSupport/jasmine.js:333:19
clearStack@file:///Users/Joe/Documents/dev/js-tictactoe-rails-api-v-000/tmpTestSupport/jasmine.js:506:11
run@file:///Users/Joe/Documents/dev/js-tictactoe-rails-api-v-000/tmpTestSupport/jasmine.js:1505:22
execute@file:///Users/Joe/Documents/dev/js-tictactoe-rails-api-v-000/tmpTestSupport/jasmine.js:1485:13
queueRunnerFactory@file:///Users/Joe/Documents/dev/js-tictactoe-rails-api-v-000/tmpTestSupport/jasmine.js:518:42
execute@file:///Users/Joe/Documents/dev/js-tictactoe-rails-api-v-000/tmpTestSupport/jasmine.js:306:28
file:///Users/Joe/Documents/dev/js-tictactoe-rails-api-v-000/tmpTestSupport/jasmine.js:1708:44
attemptAsync@file:///Users/Joe/Documents/dev/js-tictactoe-rails-api-v-000/tmpTestSupport/jasmine.js:1520:16
run@file:///Users/Joe/Documents/dev/js-tictactoe-rails-api-v-000/tmpTestSupport/jasmine.js:1496:28
next@file:///Users/Joe/Documents/dev/js-tictactoe-rails-api-v-000/tmpTestSupport/jasmine.js:1517:40
complete@file:///Users/Joe/Documents/dev/js-tictactoe-rails-api-v-000/tmpTestSupport/jasmine.js:333:19
clearStack@file:///Users/Joe/Documents/dev/js-tictactoe-rails-api-v-000/tmpTestSupport/jasmine.js:506:11
run@file:///Users/Joe/Documents/dev/js-tictactoe-rails-api-v-000/tmpTestSupport/jasmine.js:1505:22
execute@file:///Users/Joe/Documents/dev/js-tictactoe-rails-api-v-000/tmpTestSupport/jasmine.js:1485:13
queueRunnerFactory@file:///Users/Joe/Documents/dev/js-tictactoe-rails-api-v-000/tmpTestSupport/jasmine.js:518:42
execute@file:///Users/Joe/Documents/dev/js-tictactoe-rails-api-v-000/tmpTestSupport/jasmine.js:306:28
file:///Users/Joe/Documents/dev/js-tictactoe-rails-api-v-000/tmpTestSupport/jasmine.js:1708:44
attemptAsync@file:///Users/Joe/Documents/dev/js-tictactoe-rails-api-v-000/tmpTestSupport/jasmine.js:1520:16
run@file:///Users/Joe/Documents/dev/js-tictactoe-rails-api-v-000/tmpTestSupport/jasmine.js:1496:28
next@file:///Users/Joe/Documents/dev/js-tictactoe-rails-api-v-000/tmpTestSupport/jasmine.js:1517:40
complete@file:///Users/Joe/Documents/dev/js-tictactoe-rails-api-v-000/tmpTestSupport/jasmine.js:333:19
clearStack@file:///Users/Joe/Documents/dev/js-tictactoe-rails-api-v-000/tmpTestSupport/jasmine.js:506:11
run@file:///Users/Joe/Documents/dev/js-tictactoe-rails-api-v-000/tmpTestSupport/jasmine.js:1505:22
execute@file:///Users/Joe/Documents/dev/js-tictactoe-rails-api-v-000/tmpTestSupport/jasmine.js:1485:13
queueRunnerFactory@file:///Users/Joe/Documents/dev/js-tictactoe-rails-api-v-000/tmpTestSupport/jasmine.js:518:42
execute@file:///Users/Joe/Documents/dev/js-tictactoe-rails-api-v-000/tmpTestSupport/jasmine.js:306:28
file:///Users/Joe/Documents/dev/js-tictactoe-rails-api-v-000/tmpTestSupport/jasmine.js:1708:44
attemptAsync@file:///Users/Joe/Documents/dev/js-tictactoe-rails-api-v-000/tmpTestSupport/jasmine.js:1520:16
run@file:///Users/Joe/Documents/dev/js-tictactoe-rails-api-v-000/tmpTestSupport/jasmine.js:1496:28
next@file:///Users/Joe/Documents/dev/js-tictactoe-rails-api-v-000/tmpTestSupport/jasmine.js:1517:40
complete@file:///Users/Joe/Documents/dev/js-tictactoe-rails-api-v-000/tmpTestSupport/jasmine.js:333:19
clearStack@file:///Users/Joe/Documents/dev/js-tictactoe-rails-api-v-000/tmpTestSupport/jasmine.js:506:11
run@file:///Users/Joe/Documents/dev/js-tictactoe-rails-api-v-000/tmpTestSupport/jasmine.js:1505:22
execute@file:///Users/Joe/Documents/dev/js-tictactoe-rails-api-v-000/tmpTestSupport/jasmine.js:1485:13
queueRunnerFactory@file:///Users/Joe/Documents/dev/js-tictactoe-rails-api-v-000/tmpTestSupport/jasmine.js:518:42
execute@file:///Users/Joe/Documents/dev/js-tictactoe-rails-api-v-000/tmpTestSupport/jasmine.js:306:28
file:///Users/Joe/Documents/dev/js-tictactoe-rails-api-v-000/tmpTestSupport/jasmine.js:1708:44
attemptAsync@file:///Users/Joe/Documents/dev/js-tictactoe-rails-api-v-000/tmpTestSupport/jasmine.js:1520:16
run@file:///Users/Joe/Documents/dev/js-tictactoe-rails-api-v-000/tmpTestSupport/jasmine.js:1496:28
next@file:///Users/Joe/Documents/dev/js-tictactoe-rails-api-v-000/tmpTestSupport/jasmine.js:1517:40
complete@file:///Users/Joe/Documents/dev/js-tictactoe-rails-api-v-000/tmpTestSupport/jasmine.js:333:19
clearStack@file:///Users/Joe/Documents/dev/js-tictactoe-rails-api-v-000/tmpTestSupport/jasmine.js:506:11
run@file:///Users/Joe/Documents/dev/js-tictactoe-rails-api-v-000/tmpTestSupport/jasmine.js:1505:22
execute@file:///Users/Joe/Documents/dev/js-tictactoe-rails-api-v-000/tmpTestSupport/jasmine.js:1485:13
queueRunnerFactory@file:///Users/Joe/Documents/dev/js-tictactoe-rails-api-v-000/tmpTestSupport/jasmine.js:518:42
execute@file:///Users/Joe/Documents/dev/js-tictactoe-rails-api-v-000/tmpTestSupport/jasmine.js:306:28
file:///Users/Joe/Documents/dev/js-tictactoe-rails-api-v-000/tmpTestSupport/jasmine.js:1708:44
attemptAsync@file:///Users/Joe/Documents/dev/js-tictactoe-rails-api-v-000/tmpTestSupport/jasmine.js:1520:16
run@file:///Users/Joe/Documents/dev/js-tictactoe-rails-api-v-000/tmpTestSupport/jasmine.js:1496:28
execute@file:///Users/Joe/Documents/dev/js-tictactoe-rails-api-v-000/tmpTestSupport/jasmine.js:1485:13
queueRunnerFactory@file:///Users/Joe/Documents/dev/js-tictactoe-rails-api-v-000/tmpTestSupport/jasmine.js:518:42
execute@file:///Users/Joe/Documents/dev/js-tictactoe-rails-api-v-000/tmpTestSupport/jasmine.js:1694:21
file:///Users/Joe/Documents/dev/js-tictactoe-rails-api-v-000/tmpTestSupport/jasmine.js:1708:44
attemptAsync@file:///Users/Joe/Documents/dev/js-tictactoe-rails-api-v-000/tmpTestSupport/jasmine.js:1520:16
run@file:///Users/Joe/Documents/dev/js-tictactoe-rails-api-v-000/tmpTestSupport/jasmine.js:1496:28
next@file:///Users/Joe/Documents/dev/js-tictactoe-rails-api-v-000/tmpTestSupport/jasmine.js:1517:40
complete@file:///Users/Joe/Documents/dev/js-tictactoe-rails-api-v-000/tmpTestSupport/jasmine.js:1703:19
clearStack@file:///Users/Joe/Documents/dev/js-tictactoe-rails-api-v-000/tmpTestSupport/jasmine.js:506:11
run@file:///Users/Joe/Documents/dev/js-tictactoe-rails-api-v-000/tmpTestSupport/jasmine.js:1505:22
next@file:///Users/Joe/Documents/dev/js-tictactoe-rails-api-v-000/tmpTestSupport/jasmine.js:1517:40
complete@file:///Users/Joe/Documents/dev/js-tictactoe-rails-api-v-000/tmpTestSupport/jasmine.js:1703:19
clearStack@file:///Users/Joe/Documents/dev/js-tictactoe-rails-api-v-000/tmpTestSupport/jasmine.js:506:11
run@file:///Users/Joe/Documents/dev/js-tictactoe-rails-api-v-000/tmpTestSupport/jasmine.js:1505:22
next@file:///Users/Joe/Documents/dev/js-tictactoe-rails-api-v-000/tmpTestSupport/jasmine.js:1517:40
complete@file:///Users/Joe/Documents/dev/js-tictactoe-rails-api-v-000/tmpTestSupport/jasmine.js:333:19
clearStack@file:///Users/Joe/Documents/dev/js-tictactoe-rails-api-v-000/tmpTestSupport/jasmine.js:506:11
run@file:///Users/Joe/Documents/dev/js-tictactoe-rails-api-v-000/tmpTestSupport/jasmine.js:1505:22
execute@file:///Users/Joe/Documents/dev/js-tictactoe-rails-api-v-000/tmpTestSupport/jasmine.js:1485:13
queueRunnerFactory@file:///Users/Joe/Documents/dev/js-tictactoe-rails-api-v-000/tmpTestSupport/jasmine.js:518:42
execute@file:///Users/Joe/Documents/dev/js-tictactoe-rails-api-v-000/tmpTestSupport/jasmine.js:306:28
file:///Users/Joe/Documents/dev/js-tictactoe-rails-api-v-000/tmpTestSupport/jasmine.js:1708:44
attemptAsync@file:///Users/Joe/Documents/dev/js-tictactoe-rails-api-v-000/tmpTestSupport/jasmine.js:1520:16
run@file:///Users/Joe/Documents/dev/js-tictactoe-rails-api-v-000/tmpTestSupport/jasmine.js:1496:28
next@file:///Users/Joe/Documents/dev/js-tictactoe-rails-api-v-000/tmpTestSupport/jasmine.js:1517:40
complete@file:///Users/Joe/Documents/dev/js-tictactoe-rails-api-v-000/tmpTestSupport/jasmine.js:333:19			</failure>
		</testcase>
	</testsuite>
</testsuites>

