<?xml version="1.0" encoding="UTF-8"?>
<testsuites>
	<testsuite tests="14" errors="0" failures="10" time="0.022" timestamp="2016-11-05T12:53:05">
		<testcase classname="Tic Tac Toe Functionality" name="#attachListeners should attach event listeners which call your turn function when someone clicks on a square" time="0.007">
		</testcase>
		<testcase classname="Tic Tac Toe Functionality" name="#doTurn should increment turn and call on `checkWinner()`, `updateState()`" time="0.001">
			<failure type="" message="TypeError: undefined is not a constructor (evaluating &amp;apos;board.includes(&amp;quot;&amp;quot;)&amp;apos;) in file:///Users/Derejegemechu/.atom/code/labs/js-tictactoe-rails-api-v-000/app/assets/javascripts/tictactoe.js (line 33)">
doTurn@file:///Users/Derejegemechu/.atom/code/labs/js-tictactoe-rails-api-v-000/app/assets/javascripts/tictactoe.js:33:28
file:///Users/Derejegemechu/.atom/code/labs/js-tictactoe-rails-api-v-000/spec/tictactoe.spec.js:30:13
attemptSync@file:///Users/Derejegemechu/.atom/code/labs/js-tictactoe-rails-api-v-000/tmpTestSupport/jasmine.js:1510:16
run@file:///Users/Derejegemechu/.atom/code/labs/js-tictactoe-rails-api-v-000/tmpTestSupport/jasmine.js:1498:20
execute@file:///Users/Derejegemechu/.atom/code/labs/js-tictactoe-rails-api-v-000/tmpTestSupport/jasmine.js:1485:13
queueRunnerFactory@file:///Users/Derejegemechu/.atom/code/labs/js-tictactoe-rails-api-v-000/tmpTestSupport/jasmine.js:518:42
execute@file:///Users/Derejegemechu/.atom/code/labs/js-tictactoe-rails-api-v-000/tmpTestSupport/jasmine.js:306:28
file:///Users/Derejegemechu/.atom/code/labs/js-tictactoe-rails-api-v-000/tmpTestSupport/jasmine.js:1708:44
attemptAsync@file:///Users/Derejegemechu/.atom/code/labs/js-tictactoe-rails-api-v-000/tmpTestSupport/jasmine.js:1520:16
run@file:///Users/Derejegemechu/.atom/code/labs/js-tictactoe-rails-api-v-000/tmpTestSupport/jasmine.js:1496:28
execute@file:///Users/Derejegemechu/.atom/code/labs/js-tictactoe-rails-api-v-000/tmpTestSupport/jasmine.js:1485:13
queueRunnerFactory@file:///Users/Derejegemechu/.atom/code/labs/js-tictactoe-rails-api-v-000/tmpTestSupport/jasmine.js:518:42
execute@file:///Users/Derejegemechu/.atom/code/labs/js-tictactoe-rails-api-v-000/tmpTestSupport/jasmine.js:1694:21
file:///Users/Derejegemechu/.atom/code/labs/js-tictactoe-rails-api-v-000/tmpTestSupport/jasmine.js:1708:44
attemptAsync@file:///Users/Derejegemechu/.atom/code/labs/js-tictactoe-rails-api-v-000/tmpTestSupport/jasmine.js:1520:16
run@file:///Users/Derejegemechu/.atom/code/labs/js-tictactoe-rails-api-v-000/tmpTestSupport/jasmine.js:1496:28
next@file:///Users/Derejegemechu/.atom/code/labs/js-tictactoe-rails-api-v-000/tmpTestSupport/jasmine.js:1517:40
complete@file:///Users/Derejegemechu/.atom/code/labs/js-tictactoe-rails-api-v-000/tmpTestSupport/jasmine.js:1703:19
clearStack@file:///Users/Derejegemechu/.atom/code/labs/js-tictactoe-rails-api-v-000/tmpTestSupport/jasmine.js:506:11
run@file:///Users/Derejegemechu/.atom/code/labs/js-tictactoe-rails-api-v-000/tmpTestSupport/jasmine.js:1505:22
next@file:///Users/Derejegemechu/.atom/code/labs/js-tictactoe-rails-api-v-000/tmpTestSupport/jasmine.js:1517:40
complete@file:///Users/Derejegemechu/.atom/code/labs/js-tictactoe-rails-api-v-000/tmpTestSupport/jasmine.js:333:19
clearStack@file:///Users/Derejegemechu/.atom/code/labs/js-tictactoe-rails-api-v-000/tmpTestSupport/jasmine.js:506:11
run@file:///Users/Derejegemechu/.atom/code/labs/js-tictactoe-rails-api-v-000/tmpTestSupport/jasmine.js:1505:22
execute@file:///Users/Derejegemechu/.atom/code/labs/js-tictactoe-rails-api-v-000/tmpTestSupport/jasmine.js:1485:13
queueRunnerFactory@file:///Users/Derejegemechu/.atom/code/labs/js-tictactoe-rails-api-v-000/tmpTestSupport/jasmine.js:518:42
execute@file:///Users/Derejegemechu/.atom/code/labs/js-tictactoe-rails-api-v-000/tmpTestSupport/jasmine.js:306:28
file:///Users/Derejegemechu/.atom/code/labs/js-tictactoe-rails-api-v-000/tmpTestSupport/jasmine.js:1708:44
attemptAsync@file:///Users/Derejegemechu/.atom/code/labs/js-tictactoe-rails-api-v-000/tmpTestSupport/jasmine.js:1520:16
run@file:///Users/Derejegemechu/.atom/code/labs/js-tictactoe-rails-api-v-000/tmpTestSupport/jasmine.js:1496:28
execute@file:///Users/Derejegemechu/.atom/code/labs/js-tictactoe-rails-api-v-000/tmpTestSupport/jasmine.js:1485:13
queueRunnerFactory@file:///Users/Derejegemechu/.atom/code/labs/js-tictactoe-rails-api-v-000/tmpTestSupport/jasmine.js:518:42
execute@file:///Users/Derejegemechu/.atom/code/labs/js-tictactoe-rails-api-v-000/tmpTestSupport/jasmine.js:1694:21
file:///Users/Derejegemechu/.atom/code/labs/js-tictactoe-rails-api-v-000/tmpTestSupport/jasmine.js:1708:44
attemptAsync@file:///Users/Derejegemechu/.atom/code/labs/js-tictactoe-rails-api-v-000/tmpTestSupport/jasmine.js:1520:16
run@file:///Users/Derejegemechu/.atom/code/labs/js-tictactoe-rails-api-v-000/tmpTestSupport/jasmine.js:1496:28
execute@file:///Users/Derejegemechu/.atom/code/labs/js-tictactoe-rails-api-v-000/tmpTestSupport/jasmine.js:1485:13
queueRunnerFactory@file:///Users/Derejegemechu/.atom/code/labs/js-tictactoe-rails-api-v-000/tmpTestSupport/jasmine.js:518:42
execute@file:///Users/Derejegemechu/.atom/code/labs/js-tictactoe-rails-api-v-000/tmpTestSupport/jasmine.js:1694:21
file:///Users/Derejegemechu/.atom/code/labs/js-tictactoe-rails-api-v-000/tmpTestSupport/jasmine.js:1708:44
attemptAsync@file:///Users/Derejegemechu/.atom/code/labs/js-tictactoe-rails-api-v-000/tmpTestSupport/jasmine.js:1520:16
run@file:///Users/Derejegemechu/.atom/code/labs/js-tictactoe-rails-api-v-000/tmpTestSupport/jasmine.js:1496:28
execute@file:///Users/Derejegemechu/.atom/code/labs/js-tictactoe-rails-api-v-000/tmpTestSupport/jasmine.js:1485:13
queueRunnerFactory@file:///Users/Derejegemechu/.atom/code/labs/js-tictactoe-rails-api-v-000/tmpTestSupport/jasmine.js:518:42
execute@file:///Users/Derejegemechu/.atom/code/labs/js-tictactoe-rails-api-v-000/tmpTestSupport/jasmine.js:1694:21
file:///Users/Derejegemechu/.atom/code/labs/js-tictactoe-rails-api-v-000/tmpTestSupport/jasmine.js:541:83
attemptAsync@file:///Users/Derejegemechu/.atom/code/labs/js-tictactoe-rails-api-v-000/tmpTestSupport/jasmine.js:1520:16
run@file:///Users/Derejegemechu/.atom/code/labs/js-tictactoe-rails-api-v-000/tmpTestSupport/jasmine.js:1496:28
execute@file:///Users/Derejegemechu/.atom/code/labs/js-tictactoe-rails-api-v-000/tmpTestSupport/jasmine.js:1485:13
queueRunnerFactory@file:///Users/Derejegemechu/.atom/code/labs/js-tictactoe-rails-api-v-000/tmpTestSupport/jasmine.js:518:42
execute@file:///Users/Derejegemechu/.atom/code/labs/js-tictactoe-rails-api-v-000/tmpTestSupport/jasmine.js:548:25
onload@file:///Users/Derejegemechu/.atom/code/labs/js-tictactoe-rails-api-v-000/tmpTestSupport/boot.js:172:16			</failure>
		</testcase>
		<testcase classname="Tic Tac Toe Functionality" name="#player should return the mark of the current player when player is X" time="0.001">
		</testcase>
		<testcase classname="Tic Tac Toe Functionality" name="#player should return the mark of the current player when player is O" time="0.001">
		</testcase>
		<testcase classname="Tic Tac Toe Functionality" name="#updateState adds the return value of `player()` to the clicked `td` on the board" time="0.001">
			<failure type="" message="TypeError: undefined is not a constructor (evaluating &amp;apos;board.includes(&amp;quot;&amp;quot;)&amp;apos;) in file:///Users/Derejegemechu/.atom/code/labs/js-tictactoe-rails-api-v-000/app/assets/javascripts/tictactoe.js (line 33)">
doTurn@file:///Users/Derejegemechu/.atom/code/labs/js-tictactoe-rails-api-v-000/app/assets/javascripts/tictactoe.js:33:28
file:///Users/Derejegemechu/.atom/code/labs/js-tictactoe-rails-api-v-000/app/assets/javascripts/tictactoe.js:13:15
dispatch@file:///Users/Derejegemechu/.atom/code/labs/js-tictactoe-rails-api-v-000/spec/lib/jquery.min.js:3:6471
handle@file:///Users/Derejegemechu/.atom/code/labs/js-tictactoe-rails-api-v-000/spec/lib/jquery.min.js:3:3246
trigger@file:///Users/Derejegemechu/.atom/code/labs/js-tictactoe-rails-api-v-000/spec/lib/jquery.min.js:3:5579
file:///Users/Derejegemechu/.atom/code/labs/js-tictactoe-rails-api-v-000/spec/lib/jquery.min.js:3:11549
each@file:///Users/Derejegemechu/.atom/code/labs/js-tictactoe-rails-api-v-000/spec/lib/jquery.min.js:2:3150
each@file:///Users/Derejegemechu/.atom/code/labs/js-tictactoe-rails-api-v-000/spec/lib/jquery.min.js:2:1115
trigger@file:///Users/Derejegemechu/.atom/code/labs/js-tictactoe-rails-api-v-000/spec/lib/jquery.min.js:3:11522
file:///Users/Derejegemechu/.atom/code/labs/js-tictactoe-rails-api-v-000/spec/lib/jquery.min.js:4:5108
file:///Users/Derejegemechu/.atom/code/labs/js-tictactoe-rails-api-v-000/spec/tictactoe.spec.js:52:24
attemptSync@file:///Users/Derejegemechu/.atom/code/labs/js-tictactoe-rails-api-v-000/tmpTestSupport/jasmine.js:1510:16
run@file:///Users/Derejegemechu/.atom/code/labs/js-tictactoe-rails-api-v-000/tmpTestSupport/jasmine.js:1498:20
execute@file:///Users/Derejegemechu/.atom/code/labs/js-tictactoe-rails-api-v-000/tmpTestSupport/jasmine.js:1485:13
queueRunnerFactory@file:///Users/Derejegemechu/.atom/code/labs/js-tictactoe-rails-api-v-000/tmpTestSupport/jasmine.js:518:42
execute@file:///Users/Derejegemechu/.atom/code/labs/js-tictactoe-rails-api-v-000/tmpTestSupport/jasmine.js:306:28
file:///Users/Derejegemechu/.atom/code/labs/js-tictactoe-rails-api-v-000/tmpTestSupport/jasmine.js:1708:44
attemptAsync@file:///Users/Derejegemechu/.atom/code/labs/js-tictactoe-rails-api-v-000/tmpTestSupport/jasmine.js:1520:16
run@file:///Users/Derejegemechu/.atom/code/labs/js-tictactoe-rails-api-v-000/tmpTestSupport/jasmine.js:1496:28
execute@file:///Users/Derejegemechu/.atom/code/labs/js-tictactoe-rails-api-v-000/tmpTestSupport/jasmine.js:1485:13
queueRunnerFactory@file:///Users/Derejegemechu/.atom/code/labs/js-tictactoe-rails-api-v-000/tmpTestSupport/jasmine.js:518:42
execute@file:///Users/Derejegemechu/.atom/code/labs/js-tictactoe-rails-api-v-000/tmpTestSupport/jasmine.js:1694:21
file:///Users/Derejegemechu/.atom/code/labs/js-tictactoe-rails-api-v-000/tmpTestSupport/jasmine.js:1708:44
attemptAsync@file:///Users/Derejegemechu/.atom/code/labs/js-tictactoe-rails-api-v-000/tmpTestSupport/jasmine.js:1520:16
run@file:///Users/Derejegemechu/.atom/code/labs/js-tictactoe-rails-api-v-000/tmpTestSupport/jasmine.js:1496:28
next@file:///Users/Derejegemechu/.atom/code/labs/js-tictactoe-rails-api-v-000/tmpTestSupport/jasmine.js:1517:40
complete@file:///Users/Derejegemechu/.atom/code/labs/js-tictactoe-rails-api-v-000/tmpTestSupport/jasmine.js:1703:19
clearStack@file:///Users/Derejegemechu/.atom/code/labs/js-tictactoe-rails-api-v-000/tmpTestSupport/jasmine.js:506:11
run@file:///Users/Derejegemechu/.atom/code/labs/js-tictactoe-rails-api-v-000/tmpTestSupport/jasmine.js:1505:22
next@file:///Users/Derejegemechu/.atom/code/labs/js-tictactoe-rails-api-v-000/tmpTestSupport/jasmine.js:1517:40
complete@file:///Users/Derejegemechu/.atom/code/labs/js-tictactoe-rails-api-v-000/tmpTestSupport/jasmine.js:333:19
clearStack@file:///Users/Derejegemechu/.atom/code/labs/js-tictactoe-rails-api-v-000/tmpTestSupport/jasmine.js:506:11
run@file:///Users/Derejegemechu/.atom/code/labs/js-tictactoe-rails-api-v-000/tmpTestSupport/jasmine.js:1505:22
execute@file:///Users/Derejegemechu/.atom/code/labs/js-tictactoe-rails-api-v-000/tmpTestSupport/jasmine.js:1485:13
queueRunnerFactory@file:///Users/Derejegemechu/.atom/code/labs/js-tictactoe-rails-api-v-000/tmpTestSupport/jasmine.js:518:42
execute@file:///Users/Derejegemechu/.atom/code/labs/js-tictactoe-rails-api-v-000/tmpTestSupport/jasmine.js:306:28
file:///Users/Derejegemechu/.atom/code/labs/js-tictactoe-rails-api-v-000/tmpTestSupport/jasmine.js:1708:44
attemptAsync@file:///Users/Derejegemechu/.atom/code/labs/js-tictactoe-rails-api-v-000/tmpTestSupport/jasmine.js:1520:16
run@file:///Users/Derejegemechu/.atom/code/labs/js-tictactoe-rails-api-v-000/tmpTestSupport/jasmine.js:1496:28
next@file:///Users/Derejegemechu/.atom/code/labs/js-tictactoe-rails-api-v-000/tmpTestSupport/jasmine.js:1517:40
complete@file:///Users/Derejegemechu/.atom/code/labs/js-tictactoe-rails-api-v-000/tmpTestSupport/jasmine.js:333:19
clearStack@file:///Users/Derejegemechu/.atom/code/labs/js-tictactoe-rails-api-v-000/tmpTestSupport/jasmine.js:506:11
run@file:///Users/Derejegemechu/.atom/code/labs/js-tictactoe-rails-api-v-000/tmpTestSupport/jasmine.js:1505:22
execute@file:///Users/Derejegemechu/.atom/code/labs/js-tictactoe-rails-api-v-000/tmpTestSupport/jasmine.js:1485:13
queueRunnerFactory@file:///Users/Derejegemechu/.atom/code/labs/js-tictactoe-rails-api-v-000/tmpTestSupport/jasmine.js:518:42
execute@file:///Users/Derejegemechu/.atom/code/labs/js-tictactoe-rails-api-v-000/tmpTestSupport/jasmine.js:306:28
file:///Users/Derejegemechu/.atom/code/labs/js-tictactoe-rails-api-v-000/tmpTestSupport/jasmine.js:1708:44
attemptAsync@file:///Users/Derejegemechu/.atom/code/labs/js-tictactoe-rails-api-v-000/tmpTestSupport/jasmine.js:1520:16
run@file:///Users/Derejegemechu/.atom/code/labs/js-tictactoe-rails-api-v-000/tmpTestSupport/jasmine.js:1496:28
execute@file:///Users/Derejegemechu/.atom/code/labs/js-tictactoe-rails-api-v-000/tmpTestSupport/jasmine.js:1485:13
queueRunnerFactory@file:///Users/Derejegemechu/.atom/code/labs/js-tictactoe-rails-api-v-000/tmpTestSupport/jasmine.js:518:42
execute@file:///Users/Derejegemechu/.atom/code/labs/js-tictactoe-rails-api-v-000/tmpTestSupport/jasmine.js:1694:21
file:///Users/Derejegemechu/.atom/code/labs/js-tictactoe-rails-api-v-000/tmpTestSupport/jasmine.js:1708:44
attemptAsync@file:///Users/Derejegemechu/.atom/code/labs/js-tictactoe-rails-api-v-000/tmpTestSupport/jasmine.js:1520:16
run@file:///Users/Derejegemechu/.atom/code/labs/js-tictactoe-rails-api-v-000/tmpTestSupport/jasmine.js:1496:28
next@file:///Users/Derejegemechu/.atom/code/labs/js-tictactoe-rails-api-v-000/tmpTestSupport/jasmine.js:1517:40
complete@file:///Users/Derejegemechu/.atom/code/labs/js-tictactoe-rails-api-v-000/tmpTestSupport/jasmine.js:1703:19
clearStack@file:///Users/Derejegemechu/.atom/code/labs/js-tictactoe-rails-api-v-000/tmpTestSupport/jasmine.js:506:11
run@file:///Users/Derejegemechu/.atom/code/labs/js-tictactoe-rails-api-v-000/tmpTestSupport/jasmine.js:1505:22
next@file:///Users/Derejegemechu/.atom/code/labs/js-tictactoe-rails-api-v-000/tmpTestSupport/jasmine.js:1517:40
complete@file:///Users/Derejegemechu/.atom/code/labs/js-tictactoe-rails-api-v-000/tmpTestSupport/jasmine.js:333:19
clearStack@file:///Users/Derejegemechu/.atom/code/labs/js-tictactoe-rails-api-v-000/tmpTestSupport/jasmine.js:506:11
run@file:///Users/Derejegemechu/.atom/code/labs/js-tictactoe-rails-api-v-000/tmpTestSupport/jasmine.js:1505:22
execute@file:///Users/Derejegemechu/.atom/code/labs/js-tictactoe-rails-api-v-000/tmpTestSupport/jasmine.js:1485:13
queueRunnerFactory@file:///Users/Derejegemechu/.atom/code/labs/js-tictactoe-rails-api-v-000/tmpTestSupport/jasmine.js:518:42
execute@file:///Users/Derejegemechu/.atom/code/labs/js-tictactoe-rails-api-v-000/tmpTestSupport/jasmine.js:306:28
file:///Users/Derejegemechu/.atom/code/labs/js-tictactoe-rails-api-v-000/tmpTestSupport/jasmine.js:1708:44
attemptAsync@file:///Users/Derejegemechu/.atom/code/labs/js-tictactoe-rails-api-v-000/tmpTestSupport/jasmine.js:1520:16
run@file:///Users/Derejegemechu/.atom/code/labs/js-tictactoe-rails-api-v-000/tmpTestSupport/jasmine.js:1496:28
execute@file:///Users/Derejegemechu/.atom/code/labs/js-tictactoe-rails-api-v-000/tmpTestSupport/jasmine.js:1485:13
queueRunnerFactory@file:///Users/Derejegemechu/.atom/code/labs/js-tictactoe-rails-api-v-000/tmpTestSupport/jasmine.js:518:42
execute@file:///Users/Derejegemechu/.atom/code/labs/js-tictactoe-rails-api-v-000/tmpTestSupport/jasmine.js:1694:21
file:///Users/Derejegemechu/.atom/code/labs/js-tictactoe-rails-api-v-000/tmpTestSupport/jasmine.js:1708:44
attemptAsync@file:///Users/Derejegemechu/.atom/code/labs/js-tictactoe-rails-api-v-000/tmpTestSupport/jasmine.js:1520:16
run@file:///Users/Derejegemechu/.atom/code/labs/js-tictactoe-rails-api-v-000/tmpTestSupport/jasmine.js:1496:28
next@file:///Users/Derejegemechu/.atom/code/labs/js-tictactoe-rails-api-v-000/tmpTestSupport/jasmine.js:1517:40
complete@file:///Users/Derejegemechu/.atom/code/labs/js-tictactoe-rails-api-v-000/tmpTestSupport/jasmine.js:1703:19
clearStack@file:///Users/Derejegemechu/.atom/code/labs/js-tictactoe-rails-api-v-000/tmpTestSupport/jasmine.js:506:11
run@file:///Users/Derejegemechu/.atom/code/labs/js-tictactoe-rails-api-v-000/tmpTestSupport/jasmine.js:1505:22
next@file:///Users/Derejegemechu/.atom/code/labs/js-tictactoe-rails-api-v-000/tmpTestSupport/jasmine.js:1517:40
complete@file:///Users/Derejegemechu/.atom/code/labs/js-tictactoe-rails-api-v-000/tmpTestSupport/jasmine.js:333:19
clearStack@file:///Users/Derejegemechu/.atom/code/labs/js-tictactoe-rails-api-v-000/tmpTestSupport/jasmine.js:506:11
run@file:///Users/Derejegemechu/.atom/code/labs/js-tictactoe-rails-api-v-000/tmpTestSupport/jasmine.js:1505:22
execute@file:///Users/Derejegemechu/.atom/code/labs/js-tictactoe-rails-api-v-000/tmpTestSupport/jasmine.js:1485:13
queueRunnerFactory@file:///Users/Derejegemechu/.atom/code/labs/js-tictactoe-rails-api-v-000/tmpTestSupport/jasmine.js:518:42
execute@file:///Users/Derejegemechu/.atom/code/labs/js-tictactoe-rails-api-v-000/tmpTestSupport/jasmine.js:306:28
file:///Users/Derejegemechu/.atom/code/labs/js-tictactoe-rails-api-v-000/tmpTestSupport/jasmine.js:1708:44
attemptAsync@file:///Users/Derejegemechu/.atom/code/labs/js-tictactoe-rails-api-v-000/tmpTestSupport/jasmine.js:1520:16
run@file:///Users/Derejegemechu/.atom/code/labs/js-tictactoe-rails-api-v-000/tmpTestSupport/jasmine.js:1496:28
execute@file:///Users/Derejegemechu/.atom/code/labs/js-tictactoe-rails-api-v-000/tmpTestSupport/jasmine.js:1485:13
queueRunnerFactory@file:///Users/Derejegemechu/.atom/code/labs/js-tictactoe-rails-api-v-000/tmpTestSupport/jasmine.js:518:42
execute@file:///Users/Derejegemechu/.atom/code/labs/js-tictactoe-rails-api-v-000/tmpTestSupport/jasmine.js:1694:21
file:///Users/Derejegemechu/.atom/code/labs/js-tictactoe-rails-api-v-000/tmpTestSupport/jasmine.js:1708:44
attemptAsync@file:///Users/Derejegemechu/.atom/code/labs/js-tictactoe-rails-api-v-000/tmpTestSupport/jasmine.js:1520:16
run@file:///Users/Derejegemechu/.atom/code/labs/js-tictactoe-rails-api-v-000/tmpTestSupport/jasmine.js:1496:28
execute@file:///Users/Derejegemechu/.atom/code/labs/js-tictactoe-rails-api-v-000/tmpTestSupport/jasmine.js:1485:13
queueRunnerFactory@file:///Users/Derejegemechu/.atom/code/labs/js-tictactoe-rails-api-v-000/tmpTestSupport/jasmine.js:518:42
execute@file:///Users/Derejegemechu/.atom/code/labs/js-tictactoe-rails-api-v-000/tmpTestSupport/jasmine.js:1694:21
file:///Users/Derejegemechu/.atom/code/labs/js-tictactoe-rails-api-v-000/tmpTestSupport/jasmine.js:1708:44
attemptAsync@file:///Users/Derejegemechu/.atom/code/labs/js-tictactoe-rails-api-v-000/tmpTestSupport/jasmine.js:1520:16
run@file:///Users/Derejegemechu/.atom/code/labs/js-tictactoe-rails-api-v-000/tmpTestSupport/jasmine.js:1496:28
execute@file:///Users/Derejegemechu/.atom/code/labs/js-tictactoe-rails-api-v-000/tmpTestSupport/jasmine.js:1485:13
queueRunnerFactory@file:///Users/Derejegemechu/.atom/code/labs/js-tictactoe-rails-api-v-000/tmpTestSupport/jasmine.js:518:42
execute@file:///Users/Derejegemechu/.atom/code/labs/js-tictactoe-rails-api-v-000/tmpTestSupport/jasmine.js:1694:21
file:///Users/Derejegemechu/.atom/code/labs/js-tictactoe-rails-api-v-000/tmpTestSupport/jasmine.js:541:83
attemptAsync@file:///Users/Derejegemechu/.atom/code/labs/js-tictactoe-rails-api-v-000/tmpTestSupport/jasmine.js:1520:16
run@file:///Users/Derejegemechu/.atom/code/labs/js-tictactoe-rails-api-v-000/tmpTestSupport/jasmine.js:1496:28
execute@file:///Users/Derejegemechu/.atom/code/labs/js-tictactoe-rails-api-v-000/tmpTestSupport/jasmine.js:1485:13
queueRunnerFactory@file:///Users/Derejegemechu/.atom/code/labs/js-tictactoe-rails-api-v-000/tmpTestSupport/jasmine.js:518:42
execute@file:///Users/Derejegemechu/.atom/code/labs/js-tictactoe-rails-api-v-000/tmpTestSupport/jasmine.js:548:25
onload@file:///Users/Derejegemechu/.atom/code/labs/js-tictactoe-rails-api-v-000/tmpTestSupport/boot.js:172:16			</failure>
		</testcase>
		<testcase classname="Tic Tac Toe Functionality" name="#updateState calls on `player()`" time="0.001">
			<failure type="" message="TypeError: undefined is not a constructor (evaluating &amp;apos;board.includes(&amp;quot;&amp;quot;)&amp;apos;) in file:///Users/Derejegemechu/.atom/code/labs/js-tictactoe-rails-api-v-000/app/assets/javascripts/tictactoe.js (line 33)">
doTurn@file:///Users/Derejegemechu/.atom/code/labs/js-tictactoe-rails-api-v-000/app/assets/javascripts/tictactoe.js:33:28
file:///Users/Derejegemechu/.atom/code/labs/js-tictactoe-rails-api-v-000/app/assets/javascripts/tictactoe.js:13:15
dispatch@file:///Users/Derejegemechu/.atom/code/labs/js-tictactoe-rails-api-v-000/spec/lib/jquery.min.js:3:6471
handle@file:///Users/Derejegemechu/.atom/code/labs/js-tictactoe-rails-api-v-000/spec/lib/jquery.min.js:3:3246
trigger@file:///Users/Derejegemechu/.atom/code/labs/js-tictactoe-rails-api-v-000/spec/lib/jquery.min.js:3:5579
file:///Users/Derejegemechu/.atom/code/labs/js-tictactoe-rails-api-v-000/spec/lib/jquery.min.js:3:11549
each@file:///Users/Derejegemechu/.atom/code/labs/js-tictactoe-rails-api-v-000/spec/lib/jquery.min.js:2:3150
each@file:///Users/Derejegemechu/.atom/code/labs/js-tictactoe-rails-api-v-000/spec/lib/jquery.min.js:2:1115
trigger@file:///Users/Derejegemechu/.atom/code/labs/js-tictactoe-rails-api-v-000/spec/lib/jquery.min.js:3:11522
file:///Users/Derejegemechu/.atom/code/labs/js-tictactoe-rails-api-v-000/spec/lib/jquery.min.js:4:5108
file:///Users/Derejegemechu/.atom/code/labs/js-tictactoe-rails-api-v-000/spec/tictactoe.spec.js:61:24
attemptSync@file:///Users/Derejegemechu/.atom/code/labs/js-tictactoe-rails-api-v-000/tmpTestSupport/jasmine.js:1510:16
run@file:///Users/Derejegemechu/.atom/code/labs/js-tictactoe-rails-api-v-000/tmpTestSupport/jasmine.js:1498:20
execute@file:///Users/Derejegemechu/.atom/code/labs/js-tictactoe-rails-api-v-000/tmpTestSupport/jasmine.js:1485:13
queueRunnerFactory@file:///Users/Derejegemechu/.atom/code/labs/js-tictactoe-rails-api-v-000/tmpTestSupport/jasmine.js:518:42
execute@file:///Users/Derejegemechu/.atom/code/labs/js-tictactoe-rails-api-v-000/tmpTestSupport/jasmine.js:306:28
file:///Users/Derejegemechu/.atom/code/labs/js-tictactoe-rails-api-v-000/tmpTestSupport/jasmine.js:1708:44
attemptAsync@file:///Users/Derejegemechu/.atom/code/labs/js-tictactoe-rails-api-v-000/tmpTestSupport/jasmine.js:1520:16
run@file:///Users/Derejegemechu/.atom/code/labs/js-tictactoe-rails-api-v-000/tmpTestSupport/jasmine.js:1496:28
next@file:///Users/Derejegemechu/.atom/code/labs/js-tictactoe-rails-api-v-000/tmpTestSupport/jasmine.js:1517:40
complete@file:///Users/Derejegemechu/.atom/code/labs/js-tictactoe-rails-api-v-000/tmpTestSupport/jasmine.js:333:19
clearStack@file:///Users/Derejegemechu/.atom/code/labs/js-tictactoe-rails-api-v-000/tmpTestSupport/jasmine.js:506:11
run@file:///Users/Derejegemechu/.atom/code/labs/js-tictactoe-rails-api-v-000/tmpTestSupport/jasmine.js:1505:22
execute@file:///Users/Derejegemechu/.atom/code/labs/js-tictactoe-rails-api-v-000/tmpTestSupport/jasmine.js:1485:13
queueRunnerFactory@file:///Users/Derejegemechu/.atom/code/labs/js-tictactoe-rails-api-v-000/tmpTestSupport/jasmine.js:518:42
execute@file:///Users/Derejegemechu/.atom/code/labs/js-tictactoe-rails-api-v-000/tmpTestSupport/jasmine.js:306:28
file:///Users/Derejegemechu/.atom/code/labs/js-tictactoe-rails-api-v-000/tmpTestSupport/jasmine.js:1708:44
attemptAsync@file:///Users/Derejegemechu/.atom/code/labs/js-tictactoe-rails-api-v-000/tmpTestSupport/jasmine.js:1520:16
run@file:///Users/Derejegemechu/.atom/code/labs/js-tictactoe-rails-api-v-000/tmpTestSupport/jasmine.js:1496:28
execute@file:///Users/Derejegemechu/.atom/code/labs/js-tictactoe-rails-api-v-000/tmpTestSupport/jasmine.js:1485:13
queueRunnerFactory@file:///Users/Derejegemechu/.atom/code/labs/js-tictactoe-rails-api-v-000/tmpTestSupport/jasmine.js:518:42
execute@file:///Users/Derejegemechu/.atom/code/labs/js-tictactoe-rails-api-v-000/tmpTestSupport/jasmine.js:1694:21
file:///Users/Derejegemechu/.atom/code/labs/js-tictactoe-rails-api-v-000/tmpTestSupport/jasmine.js:1708:44
attemptAsync@file:///Users/Derejegemechu/.atom/code/labs/js-tictactoe-rails-api-v-000/tmpTestSupport/jasmine.js:1520:16
run@file:///Users/Derejegemechu/.atom/code/labs/js-tictactoe-rails-api-v-000/tmpTestSupport/jasmine.js:1496:28
next@file:///Users/Derejegemechu/.atom/code/labs/js-tictactoe-rails-api-v-000/tmpTestSupport/jasmine.js:1517:40
complete@file:///Users/Derejegemechu/.atom/code/labs/js-tictactoe-rails-api-v-000/tmpTestSupport/jasmine.js:1703:19
clearStack@file:///Users/Derejegemechu/.atom/code/labs/js-tictactoe-rails-api-v-000/tmpTestSupport/jasmine.js:506:11
run@file:///Users/Derejegemechu/.atom/code/labs/js-tictactoe-rails-api-v-000/tmpTestSupport/jasmine.js:1505:22
next@file:///Users/Derejegemechu/.atom/code/labs/js-tictactoe-rails-api-v-000/tmpTestSupport/jasmine.js:1517:40
complete@file:///Users/Derejegemechu/.atom/code/labs/js-tictactoe-rails-api-v-000/tmpTestSupport/jasmine.js:333:19
clearStack@file:///Users/Derejegemechu/.atom/code/labs/js-tictactoe-rails-api-v-000/tmpTestSupport/jasmine.js:506:11
run@file:///Users/Derejegemechu/.atom/code/labs/js-tictactoe-rails-api-v-000/tmpTestSupport/jasmine.js:1505:22
execute@file:///Users/Derejegemechu/.atom/code/labs/js-tictactoe-rails-api-v-000/tmpTestSupport/jasmine.js:1485:13
queueRunnerFactory@file:///Users/Derejegemechu/.atom/code/labs/js-tictactoe-rails-api-v-000/tmpTestSupport/jasmine.js:518:42
execute@file:///Users/Derejegemechu/.atom/code/labs/js-tictactoe-rails-api-v-000/tmpTestSupport/jasmine.js:306:28
file:///Users/Derejegemechu/.atom/code/labs/js-tictactoe-rails-api-v-000/tmpTestSupport/jasmine.js:1708:44
attemptAsync@file:///Users/Derejegemechu/.atom/code/labs/js-tictactoe-rails-api-v-000/tmpTestSupport/jasmine.js:1520:16
run@file:///Users/Derejegemechu/.atom/code/labs/js-tictactoe-rails-api-v-000/tmpTestSupport/jasmine.js:1496:28
next@file:///Users/Derejegemechu/.atom/code/labs/js-tictactoe-rails-api-v-000/tmpTestSupport/jasmine.js:1517:40
complete@file:///Users/Derejegemechu/.atom/code/labs/js-tictactoe-rails-api-v-000/tmpTestSupport/jasmine.js:333:19
clearStack@file:///Users/Derejegemechu/.atom/code/labs/js-tictactoe-rails-api-v-000/tmpTestSupport/jasmine.js:506:11
run@file:///Users/Derejegemechu/.atom/code/labs/js-tictactoe-rails-api-v-000/tmpTestSupport/jasmine.js:1505:22
execute@file:///Users/Derejegemechu/.atom/code/labs/js-tictactoe-rails-api-v-000/tmpTestSupport/jasmine.js:1485:13
queueRunnerFactory@file:///Users/Derejegemechu/.atom/code/labs/js-tictactoe-rails-api-v-000/tmpTestSupport/jasmine.js:518:42
execute@file:///Users/Derejegemechu/.atom/code/labs/js-tictactoe-rails-api-v-000/tmpTestSupport/jasmine.js:306:28
file:///Users/Derejegemechu/.atom/code/labs/js-tictactoe-rails-api-v-000/tmpTestSupport/jasmine.js:1708:44
attemptAsync@file:///Users/Derejegemechu/.atom/code/labs/js-tictactoe-rails-api-v-000/tmpTestSupport/jasmine.js:1520:16
run@file:///Users/Derejegemechu/.atom/code/labs/js-tictactoe-rails-api-v-000/tmpTestSupport/jasmine.js:1496:28
execute@file:///Users/Derejegemechu/.atom/code/labs/js-tictactoe-rails-api-v-000/tmpTestSupport/jasmine.js:1485:13
queueRunnerFactory@file:///Users/Derejegemechu/.atom/code/labs/js-tictactoe-rails-api-v-000/tmpTestSupport/jasmine.js:518:42
execute@file:///Users/Derejegemechu/.atom/code/labs/js-tictactoe-rails-api-v-000/tmpTestSupport/jasmine.js:1694:21
file:///Users/Derejegemechu/.atom/code/labs/js-tictactoe-rails-api-v-000/tmpTestSupport/jasmine.js:1708:44
attemptAsync@file:///Users/Derejegemechu/.atom/code/labs/js-tictactoe-rails-api-v-000/tmpTestSupport/jasmine.js:1520:16
run@file:///Users/Derejegemechu/.atom/code/labs/js-tictactoe-rails-api-v-000/tmpTestSupport/jasmine.js:1496:28
next@file:///Users/Derejegemechu/.atom/code/labs/js-tictactoe-rails-api-v-000/tmpTestSupport/jasmine.js:1517:40
complete@file:///Users/Derejegemechu/.atom/code/labs/js-tictactoe-rails-api-v-000/tmpTestSupport/jasmine.js:1703:19
clearStack@file:///Users/Derejegemechu/.atom/code/labs/js-tictactoe-rails-api-v-000/tmpTestSupport/jasmine.js:506:11
run@file:///Users/Derejegemechu/.atom/code/labs/js-tictactoe-rails-api-v-000/tmpTestSupport/jasmine.js:1505:22
next@file:///Users/Derejegemechu/.atom/code/labs/js-tictactoe-rails-api-v-000/tmpTestSupport/jasmine.js:1517:40
complete@file:///Users/Derejegemechu/.atom/code/labs/js-tictactoe-rails-api-v-000/tmpTestSupport/jasmine.js:333:19
clearStack@file:///Users/Derejegemechu/.atom/code/labs/js-tictactoe-rails-api-v-000/tmpTestSupport/jasmine.js:506:11
run@file:///Users/Derejegemechu/.atom/code/labs/js-tictactoe-rails-api-v-000/tmpTestSupport/jasmine.js:1505:22
execute@file:///Users/Derejegemechu/.atom/code/labs/js-tictactoe-rails-api-v-000/tmpTestSupport/jasmine.js:1485:13
queueRunnerFactory@file:///Users/Derejegemechu/.atom/code/labs/js-tictactoe-rails-api-v-000/tmpTestSupport/jasmine.js:518:42
execute@file:///Users/Derejegemechu/.atom/code/labs/js-tictactoe-rails-api-v-000/tmpTestSupport/jasmine.js:306:28
file:///Users/Derejegemechu/.atom/code/labs/js-tictactoe-rails-api-v-000/tmpTestSupport/jasmine.js:1708:44
attemptAsync@file:///Users/Derejegemechu/.atom/code/labs/js-tictactoe-rails-api-v-000/tmpTestSupport/jasmine.js:1520:16
run@file:///Users/Derejegemechu/.atom/code/labs/js-tictactoe-rails-api-v-000/tmpTestSupport/jasmine.js:1496:28
execute@file:///Users/Derejegemechu/.atom/code/labs/js-tictactoe-rails-api-v-000/tmpTestSupport/jasmine.js:1485:13
queueRunnerFactory@file:///Users/Derejegemechu/.atom/code/labs/js-tictactoe-rails-api-v-000/tmpTestSupport/jasmine.js:518:42
execute@file:///Users/Derejegemechu/.atom/code/labs/js-tictactoe-rails-api-v-000/tmpTestSupport/jasmine.js:1694:21
file:///Users/Derejegemechu/.atom/code/labs/js-tictactoe-rails-api-v-000/tmpTestSupport/jasmine.js:1708:44
attemptAsync@file:///Users/Derejegemechu/.atom/code/labs/js-tictactoe-rails-api-v-000/tmpTestSupport/jasmine.js:1520:16
run@file:///Users/Derejegemechu/.atom/code/labs/js-tictactoe-rails-api-v-000/tmpTestSupport/jasmine.js:1496:28
next@file:///Users/Derejegemechu/.atom/code/labs/js-tictactoe-rails-api-v-000/tmpTestSupport/jasmine.js:1517:40
complete@file:///Users/Derejegemechu/.atom/code/labs/js-tictactoe-rails-api-v-000/tmpTestSupport/jasmine.js:1703:19
clearStack@file:///Users/Derejegemechu/.atom/code/labs/js-tictactoe-rails-api-v-000/tmpTestSupport/jasmine.js:506:11
run@file:///Users/Derejegemechu/.atom/code/labs/js-tictactoe-rails-api-v-000/tmpTestSupport/jasmine.js:1505:22
next@file:///Users/Derejegemechu/.atom/code/labs/js-tictactoe-rails-api-v-000/tmpTestSupport/jasmine.js:1517:40
complete@file:///Users/Derejegemechu/.atom/code/labs/js-tictactoe-rails-api-v-000/tmpTestSupport/jasmine.js:333:19
clearStack@file:///Users/Derejegemechu/.atom/code/labs/js-tictactoe-rails-api-v-000/tmpTestSupport/jasmine.js:506:11
run@file:///Users/Derejegemechu/.atom/code/labs/js-tictactoe-rails-api-v-000/tmpTestSupport/jasmine.js:1505:22
execute@file:///Users/Derejegemechu/.atom/code/labs/js-tictactoe-rails-api-v-000/tmpTestSupport/jasmine.js:1485:13
queueRunnerFactory@file:///Users/Derejegemechu/.atom/code/labs/js-tictactoe-rails-api-v-000/tmpTestSupport/jasmine.js:518:42
execute@file:///Users/Derejegemechu/.atom/code/labs/js-tictactoe-rails-api-v-000/tmpTestSupport/jasmine.js:306:28
file:///Users/Derejegemechu/.atom/code/labs/js-tictactoe-rails-api-v-000/tmpTestSupport/jasmine.js:1708:44
attemptAsync@file:///Users/Derejegemechu/.atom/code/labs/js-tictactoe-rails-api-v-000/tmpTestSupport/jasmine.js:1520:16
run@file:///Users/Derejegemechu/.atom/code/labs/js-tictactoe-rails-api-v-000/tmpTestSupport/jasmine.js:1496:28
execute@file:///Users/Derejegemechu/.atom/code/labs/js-tictactoe-rails-api-v-000/tmpTestSupport/jasmine.js:1485:13
queueRunnerFactory@file:///Users/Derejegemechu/.atom/code/labs/js-tictactoe-rails-api-v-000/tmpTestSupport/jasmine.js:518:42
execute@file:///Users/Derejegemechu/.atom/code/labs/js-tictactoe-rails-api-v-000/tmpTestSupport/jasmine.js:1694:21
file:///Users/Derejegemechu/.atom/code/labs/js-tictactoe-rails-api-v-000/tmpTestSupport/jasmine.js:1708:44
attemptAsync@file:///Users/Derejegemechu/.atom/code/labs/js-tictactoe-rails-api-v-000/tmpTestSupport/jasmine.js:1520:16
run@file:///Users/Derejegemechu/.atom/code/labs/js-tictactoe-rails-api-v-000/tmpTestSupport/jasmine.js:1496:28
execute@file:///Users/Derejegemechu/.atom/code/labs/js-tictactoe-rails-api-v-000/tmpTestSupport/jasmine.js:1485:13
queueRunnerFactory@file:///Users/Derejegemechu/.atom/code/labs/js-tictactoe-rails-api-v-000/tmpTestSupport/jasmine.js:518:42
execute@file:///Users/Derejegemechu/.atom/code/labs/js-tictactoe-rails-api-v-000/tmpTestSupport/jasmine.js:1694:21
file:///Users/Derejegemechu/.atom/code/labs/js-tictactoe-rails-api-v-000/tmpTestSupport/jasmine.js:1708:44
attemptAsync@file:///Users/Derejegemechu/.atom/code/labs/js-tictactoe-rails-api-v-000/tmpTestSupport/jasmine.js:1520:16
run@file:///Users/Derejegemechu/.atom/code/labs/js-tictactoe-rails-api-v-000/tmpTestSupport/jasmine.js:1496:28
execute@file:///Users/Derejegemechu/.atom/code/labs/js-tictactoe-rails-api-v-000/tmpTestSupport/jasmine.js:1485:13
queueRunnerFactory@file:///Users/Derejegemechu/.atom/code/labs/js-tictactoe-rails-api-v-000/tmpTestSupport/jasmine.js:518:42
execute@file:///Users/Derejegemechu/.atom/code/labs/js-tictactoe-rails-api-v-000/tmpTestSupport/jasmine.js:1694:21
file:///Users/Derejegemechu/.atom/code/labs/js-tictactoe-rails-api-v-000/tmpTestSupport/jasmine.js:541:83
attemptAsync@file:///Users/Derejegemechu/.atom/code/labs/js-tictactoe-rails-api-v-000/tmpTestSupport/jasmine.js:1520:16
run@file:///Users/Derejegemechu/.atom/code/labs/js-tictactoe-rails-api-v-000/tmpTestSupport/jasmine.js:1496:28
execute@file:///Users/Derejegemechu/.atom/code/labs/js-tictactoe-rails-api-v-000/tmpTestSupport/jasmine.js:1485:13
queueRunnerFactory@file:///Users/Derejegemechu/.atom/code/labs/js-tictactoe-rails-api-v-000/tmpTestSupport/jasmine.js:518:42
execute@file:///Users/Derejegemechu/.atom/code/labs/js-tictactoe-rails-api-v-000/tmpTestSupport/jasmine.js:548:25
onload@file:///Users/Derejegemechu/.atom/code/labs/js-tictactoe-rails-api-v-000/tmpTestSupport/boot.js:172:16			</failure>
		</testcase>
		<testcase classname="Tic Tac Toe Functionality" name="#message adds the string it&amp;apos;s passed to the div with an id of message" time="0.001">
		</testcase>
		<testcase classname="Tic Tac Toe Functionality" name="#checkWinner returns false if there is no winning combo on the board" time="0.001">
			<failure type="" message="TypeError: undefined is not a constructor (evaluating &amp;apos;board.includes(&amp;quot;&amp;quot;)&amp;apos;) in file:///Users/Derejegemechu/.atom/code/labs/js-tictactoe-rails-api-v-000/app/assets/javascripts/tictactoe.js (line 33)">
doTurn@file:///Users/Derejegemechu/.atom/code/labs/js-tictactoe-rails-api-v-000/app/assets/javascripts/tictactoe.js:33:28
file:///Users/Derejegemechu/.atom/code/labs/js-tictactoe-rails-api-v-000/app/assets/javascripts/tictactoe.js:13:15
dispatch@file:///Users/Derejegemechu/.atom/code/labs/js-tictactoe-rails-api-v-000/spec/lib/jquery.min.js:3:6471
handle@file:///Users/Derejegemechu/.atom/code/labs/js-tictactoe-rails-api-v-000/spec/lib/jquery.min.js:3:3246
trigger@file:///Users/Derejegemechu/.atom/code/labs/js-tictactoe-rails-api-v-000/spec/lib/jquery.min.js:3:5579
file:///Users/Derejegemechu/.atom/code/labs/js-tictactoe-rails-api-v-000/spec/lib/jquery.min.js:3:11549
each@file:///Users/Derejegemechu/.atom/code/labs/js-tictactoe-rails-api-v-000/spec/lib/jquery.min.js:2:3150
each@file:///Users/Derejegemechu/.atom/code/labs/js-tictactoe-rails-api-v-000/spec/lib/jquery.min.js:2:1115
trigger@file:///Users/Derejegemechu/.atom/code/labs/js-tictactoe-rails-api-v-000/spec/lib/jquery.min.js:3:11522
file:///Users/Derejegemechu/.atom/code/labs/js-tictactoe-rails-api-v-000/spec/lib/jquery.min.js:4:5108
file:///Users/Derejegemechu/.atom/code/labs/js-tictactoe-rails-api-v-000/spec/tictactoe.spec.js:82:24
attemptSync@file:///Users/Derejegemechu/.atom/code/labs/js-tictactoe-rails-api-v-000/tmpTestSupport/jasmine.js:1510:16
run@file:///Users/Derejegemechu/.atom/code/labs/js-tictactoe-rails-api-v-000/tmpTestSupport/jasmine.js:1498:20
execute@file:///Users/Derejegemechu/.atom/code/labs/js-tictactoe-rails-api-v-000/tmpTestSupport/jasmine.js:1485:13
queueRunnerFactory@file:///Users/Derejegemechu/.atom/code/labs/js-tictactoe-rails-api-v-000/tmpTestSupport/jasmine.js:518:42
execute@file:///Users/Derejegemechu/.atom/code/labs/js-tictactoe-rails-api-v-000/tmpTestSupport/jasmine.js:306:28
file:///Users/Derejegemechu/.atom/code/labs/js-tictactoe-rails-api-v-000/tmpTestSupport/jasmine.js:1708:44
attemptAsync@file:///Users/Derejegemechu/.atom/code/labs/js-tictactoe-rails-api-v-000/tmpTestSupport/jasmine.js:1520:16
run@file:///Users/Derejegemechu/.atom/code/labs/js-tictactoe-rails-api-v-000/tmpTestSupport/jasmine.js:1496:28
execute@file:///Users/Derejegemechu/.atom/code/labs/js-tictactoe-rails-api-v-000/tmpTestSupport/jasmine.js:1485:13
queueRunnerFactory@file:///Users/Derejegemechu/.atom/code/labs/js-tictactoe-rails-api-v-000/tmpTestSupport/jasmine.js:518:42
execute@file:///Users/Derejegemechu/.atom/code/labs/js-tictactoe-rails-api-v-000/tmpTestSupport/jasmine.js:1694:21
file:///Users/Derejegemechu/.atom/code/labs/js-tictactoe-rails-api-v-000/tmpTestSupport/jasmine.js:1708:44
attemptAsync@file:///Users/Derejegemechu/.atom/code/labs/js-tictactoe-rails-api-v-000/tmpTestSupport/jasmine.js:1520:16
run@file:///Users/Derejegemechu/.atom/code/labs/js-tictactoe-rails-api-v-000/tmpTestSupport/jasmine.js:1496:28
next@file:///Users/Derejegemechu/.atom/code/labs/js-tictactoe-rails-api-v-000/tmpTestSupport/jasmine.js:1517:40
complete@file:///Users/Derejegemechu/.atom/code/labs/js-tictactoe-rails-api-v-000/tmpTestSupport/jasmine.js:1703:19
clearStack@file:///Users/Derejegemechu/.atom/code/labs/js-tictactoe-rails-api-v-000/tmpTestSupport/jasmine.js:506:11
run@file:///Users/Derejegemechu/.atom/code/labs/js-tictactoe-rails-api-v-000/tmpTestSupport/jasmine.js:1505:22
next@file:///Users/Derejegemechu/.atom/code/labs/js-tictactoe-rails-api-v-000/tmpTestSupport/jasmine.js:1517:40
complete@file:///Users/Derejegemechu/.atom/code/labs/js-tictactoe-rails-api-v-000/tmpTestSupport/jasmine.js:333:19
clearStack@file:///Users/Derejegemechu/.atom/code/labs/js-tictactoe-rails-api-v-000/tmpTestSupport/jasmine.js:506:11
run@file:///Users/Derejegemechu/.atom/code/labs/js-tictactoe-rails-api-v-000/tmpTestSupport/jasmine.js:1505:22
execute@file:///Users/Derejegemechu/.atom/code/labs/js-tictactoe-rails-api-v-000/tmpTestSupport/jasmine.js:1485:13
queueRunnerFactory@file:///Users/Derejegemechu/.atom/code/labs/js-tictactoe-rails-api-v-000/tmpTestSupport/jasmine.js:518:42
execute@file:///Users/Derejegemechu/.atom/code/labs/js-tictactoe-rails-api-v-000/tmpTestSupport/jasmine.js:306:28
file:///Users/Derejegemechu/.atom/code/labs/js-tictactoe-rails-api-v-000/tmpTestSupport/jasmine.js:1708:44
attemptAsync@file:///Users/Derejegemechu/.atom/code/labs/js-tictactoe-rails-api-v-000/tmpTestSupport/jasmine.js:1520:16
run@file:///Users/Derejegemechu/.atom/code/labs/js-tictactoe-rails-api-v-000/tmpTestSupport/jasmine.js:1496:28
execute@file:///Users/Derejegemechu/.atom/code/labs/js-tictactoe-rails-api-v-000/tmpTestSupport/jasmine.js:1485:13
queueRunnerFactory@file:///Users/Derejegemechu/.atom/code/labs/js-tictactoe-rails-api-v-000/tmpTestSupport/jasmine.js:518:42
execute@file:///Users/Derejegemechu/.atom/code/labs/js-tictactoe-rails-api-v-000/tmpTestSupport/jasmine.js:1694:21
file:///Users/Derejegemechu/.atom/code/labs/js-tictactoe-rails-api-v-000/tmpTestSupport/jasmine.js:1708:44
attemptAsync@file:///Users/Derejegemechu/.atom/code/labs/js-tictactoe-rails-api-v-000/tmpTestSupport/jasmine.js:1520:16
run@file:///Users/Derejegemechu/.atom/code/labs/js-tictactoe-rails-api-v-000/tmpTestSupport/jasmine.js:1496:28
next@file:///Users/Derejegemechu/.atom/code/labs/js-tictactoe-rails-api-v-000/tmpTestSupport/jasmine.js:1517:40
complete@file:///Users/Derejegemechu/.atom/code/labs/js-tictactoe-rails-api-v-000/tmpTestSupport/jasmine.js:1703:19
clearStack@file:///Users/Derejegemechu/.atom/code/labs/js-tictactoe-rails-api-v-000/tmpTestSupport/jasmine.js:506:11
run@file:///Users/Derejegemechu/.atom/code/labs/js-tictactoe-rails-api-v-000/tmpTestSupport/jasmine.js:1505:22
next@file:///Users/Derejegemechu/.atom/code/labs/js-tictactoe-rails-api-v-000/tmpTestSupport/jasmine.js:1517:40
complete@file:///Users/Derejegemechu/.atom/code/labs/js-tictactoe-rails-api-v-000/tmpTestSupport/jasmine.js:333:19
clearStack@file:///Users/Derejegemechu/.atom/code/labs/js-tictactoe-rails-api-v-000/tmpTestSupport/jasmine.js:506:11
run@file:///Users/Derejegemechu/.atom/code/labs/js-tictactoe-rails-api-v-000/tmpTestSupport/jasmine.js:1505:22
execute@file:///Users/Derejegemechu/.atom/code/labs/js-tictactoe-rails-api-v-000/tmpTestSupport/jasmine.js:1485:13
queueRunnerFactory@file:///Users/Derejegemechu/.atom/code/labs/js-tictactoe-rails-api-v-000/tmpTestSupport/jasmine.js:518:42
execute@file:///Users/Derejegemechu/.atom/code/labs/js-tictactoe-rails-api-v-000/tmpTestSupport/jasmine.js:306:28
file:///Users/Derejegemechu/.atom/code/labs/js-tictactoe-rails-api-v-000/tmpTestSupport/jasmine.js:1708:44
attemptAsync@file:///Users/Derejegemechu/.atom/code/labs/js-tictactoe-rails-api-v-000/tmpTestSupport/jasmine.js:1520:16
run@file:///Users/Derejegemechu/.atom/code/labs/js-tictactoe-rails-api-v-000/tmpTestSupport/jasmine.js:1496:28
next@file:///Users/Derejegemechu/.atom/code/labs/js-tictactoe-rails-api-v-000/tmpTestSupport/jasmine.js:1517:40
complete@file:///Users/Derejegemechu/.atom/code/labs/js-tictactoe-rails-api-v-000/tmpTestSupport/jasmine.js:333:19
clearStack@file:///Users/Derejegemechu/.atom/code/labs/js-tictactoe-rails-api-v-000/tmpTestSupport/jasmine.js:506:11
run@file:///Users/Derejegemechu/.atom/code/labs/js-tictactoe-rails-api-v-000/tmpTestSupport/jasmine.js:1505:22
execute@file:///Users/Derejegemechu/.atom/code/labs/js-tictactoe-rails-api-v-000/tmpTestSupport/jasmine.js:1485:13
queueRunnerFactory@file:///Users/Derejegemechu/.atom/code/labs/js-tictactoe-rails-api-v-000/tmpTestSupport/jasmine.js:518:42
execute@file:///Users/Derejegemechu/.atom/code/labs/js-tictactoe-rails-api-v-000/tmpTestSupport/jasmine.js:306:28
file:///Users/Derejegemechu/.atom/code/labs/js-tictactoe-rails-api-v-000/tmpTestSupport/jasmine.js:1708:44
attemptAsync@file:///Users/Derejegemechu/.atom/code/labs/js-tictactoe-rails-api-v-000/tmpTestSupport/jasmine.js:1520:16
run@file:///Users/Derejegemechu/.atom/code/labs/js-tictactoe-rails-api-v-000/tmpTestSupport/jasmine.js:1496:28
execute@file:///Users/Derejegemechu/.atom/code/labs/js-tictactoe-rails-api-v-000/tmpTestSupport/jasmine.js:1485:13
queueRunnerFactory@file:///Users/Derejegemechu/.atom/code/labs/js-tictactoe-rails-api-v-000/tmpTestSupport/jasmine.js:518:42
execute@file:///Users/Derejegemechu/.atom/code/labs/js-tictactoe-rails-api-v-000/tmpTestSupport/jasmine.js:1694:21
file:///Users/Derejegemechu/.atom/code/labs/js-tictactoe-rails-api-v-000/tmpTestSupport/jasmine.js:1708:44
attemptAsync@file:///Users/Derejegemechu/.atom/code/labs/js-tictactoe-rails-api-v-000/tmpTestSupport/jasmine.js:1520:16
run@file:///Users/Derejegemechu/.atom/code/labs/js-tictactoe-rails-api-v-000/tmpTestSupport/jasmine.js:1496:28
next@file:///Users/Derejegemechu/.atom/code/labs/js-tictactoe-rails-api-v-000/tmpTestSupport/jasmine.js:1517:40
complete@file:///Users/Derejegemechu/.atom/code/labs/js-tictactoe-rails-api-v-000/tmpTestSupport/jasmine.js:1703:19
clearStack@file:///Users/Derejegemechu/.atom/code/labs/js-tictactoe-rails-api-v-000/tmpTestSupport/jasmine.js:506:11
run@file:///Users/Derejegemechu/.atom/code/labs/js-tictactoe-rails-api-v-000/tmpTestSupport/jasmine.js:1505:22
next@file:///Users/Derejegemechu/.atom/code/labs/js-tictactoe-rails-api-v-000/tmpTestSupport/jasmine.js:1517:40
complete@file:///Users/Derejegemechu/.atom/code/labs/js-tictactoe-rails-api-v-000/tmpTestSupport/jasmine.js:333:19
clearStack@file:///Users/Derejegemechu/.atom/code/labs/js-tictactoe-rails-api-v-000/tmpTestSupport/jasmine.js:506:11
run@file:///Users/Derejegemechu/.atom/code/labs/js-tictactoe-rails-api-v-000/tmpTestSupport/jasmine.js:1505:22
execute@file:///Users/Derejegemechu/.atom/code/labs/js-tictactoe-rails-api-v-000/tmpTestSupport/jasmine.js:1485:13
queueRunnerFactory@file:///Users/Derejegemechu/.atom/code/labs/js-tictactoe-rails-api-v-000/tmpTestSupport/jasmine.js:518:42
execute@file:///Users/Derejegemechu/.atom/code/labs/js-tictactoe-rails-api-v-000/tmpTestSupport/jasmine.js:306:28
file:///Users/Derejegemechu/.atom/code/labs/js-tictactoe-rails-api-v-000/tmpTestSupport/jasmine.js:1708:44
attemptAsync@file:///Users/Derejegemechu/.atom/code/labs/js-tictactoe-rails-api-v-000/tmpTestSupport/jasmine.js:1520:16
run@file:///Users/Derejegemechu/.atom/code/labs/js-tictactoe-rails-api-v-000/tmpTestSupport/jasmine.js:1496:28
next@file:///Users/Derejegemechu/.atom/code/labs/js-tictactoe-rails-api-v-000/tmpTestSupport/jasmine.js:1517:40
complete@file:///Users/Derejegemechu/.atom/code/labs/js-tictactoe-rails-api-v-000/tmpTestSupport/jasmine.js:333:19
clearStack@file:///Users/Derejegemechu/.atom/code/labs/js-tictactoe-rails-api-v-000/tmpTestSupport/jasmine.js:506:11
run@file:///Users/Derejegemechu/.atom/code/labs/js-tictactoe-rails-api-v-000/tmpTestSupport/jasmine.js:1505:22
execute@file:///Users/Derejegemechu/.atom/code/labs/js-tictactoe-rails-api-v-000/tmpTestSupport/jasmine.js:1485:13
queueRunnerFactory@file:///Users/Derejegemechu/.atom/code/labs/js-tictactoe-rails-api-v-000/tmpTestSupport/jasmine.js:518:42
execute@file:///Users/Derejegemechu/.atom/code/labs/js-tictactoe-rails-api-v-000/tmpTestSupport/jasmine.js:306:28
file:///Users/Derejegemechu/.atom/code/labs/js-tictactoe-rails-api-v-000/tmpTestSupport/jasmine.js:1708:44
attemptAsync@file:///Users/Derejegemechu/.atom/code/labs/js-tictactoe-rails-api-v-000/tmpTestSupport/jasmine.js:1520:16
run@file:///Users/Derejegemechu/.atom/code/labs/js-tictactoe-rails-api-v-000/tmpTestSupport/jasmine.js:1496:28
execute@file:///Users/Derejegemechu/.atom/code/labs/js-tictactoe-rails-api-v-000/tmpTestSupport/jasmine.js:1485:13
queueRunnerFactory@file:///Users/Derejegemechu/.atom/code/labs/js-tictactoe-rails-api-v-000/tmpTestSupport/jasmine.js:518:42
execute@file:///Users/Derejegemechu/.atom/code/labs/js-tictactoe-rails-api-v-000/tmpTestSupport/jasmine.js:1694:21
file:///Users/Derejegemechu/.atom/code/labs/js-tictactoe-rails-api-v-000/tmpTestSupport/jasmine.js:1708:44
attemptAsync@file:///Users/Derejegemechu/.atom/code/labs/js-tictactoe-rails-api-v-000/tmpTestSupport/jasmine.js:1520:16
run@file:///Users/Derejegemechu/.atom/code/labs/js-tictactoe-rails-api-v-000/tmpTestSupport/jasmine.js:1496:28
next@file:///Users/Derejegemechu/.atom/code/labs/js-tictactoe-rails-api-v-000/tmpTestSupport/jasmine.js:1517:40
complete@file:///Users/Derejegemechu/.atom/code/labs/js-tictactoe-rails-api-v-000/tmpTestSupport/jasmine.js:1703:19
clearStack@file:///Users/Derejegemechu/.atom/code/labs/js-tictactoe-rails-api-v-000/tmpTestSupport/jasmine.js:506:11
run@file:///Users/Derejegemechu/.atom/code/labs/js-tictactoe-rails-api-v-000/tmpTestSupport/jasmine.js:1505:22
next@file:///Users/Derejegemechu/.atom/code/labs/js-tictactoe-rails-api-v-000/tmpTestSupport/jasmine.js:1517:40
complete@file:///Users/Derejegemechu/.atom/code/labs/js-tictactoe-rails-api-v-000/tmpTestSupport/jasmine.js:333:19
clearStack@file:///Users/Derejegemechu/.atom/code/labs/js-tictactoe-rails-api-v-000/tmpTestSupport/jasmine.js:506:11
run@file:///Users/Derejegemechu/.atom/code/labs/js-tictactoe-rails-api-v-000/tmpTestSupport/jasmine.js:1505:22
execute@file:///Users/Derejegemechu/.atom/code/labs/js-tictactoe-rails-api-v-000/tmpTestSupport/jasmine.js:1485:13
queueRunnerFactory@file:///Users/Derejegemechu/.atom/code/labs/js-tictactoe-rails-api-v-000/tmpTestSupport/jasmine.js:518:42
execute@file:///Users/Derejegemechu/.atom/code/labs/js-tictactoe-rails-api-v-000/tmpTestSupport/jasmine.js:306:28
file:///Users/Derejegemechu/.atom/code/labs/js-tictactoe-rails-api-v-000/tmpTestSupport/jasmine.js:1708:44
attemptAsync@file:///Users/Derejegemechu/.atom/code/labs/js-tictactoe-rails-api-v-000/tmpTestSupport/jasmine.js:1520:16
run@file:///Users/Derejegemechu/.atom/code/labs/js-tictactoe-rails-api-v-000/tmpTestSupport/jasmine.js:1496:28
execute@file:///Users/Derejegemechu/.atom/code/labs/js-tictactoe-rails-api-v-000/tmpTestSupport/jasmine.js:1485:13
queueRunnerFactory@file:///Users/Derejegemechu/.atom/code/labs/js-tictactoe-rails-api-v-000/tmpTestSupport/jasmine.js:518:42
execute@file:///Users/Derejegemechu/.atom/code/labs/js-tictactoe-rails-api-v-000/tmpTestSupport/jasmine.js:1694:21
file:///Users/Derejegemechu/.atom/code/labs/js-tictactoe-rails-api-v-000/tmpTestSupport/jasmine.js:1708:44
attemptAsync@file:///Users/Derejegemechu/.atom/code/labs/js-tictactoe-rails-api-v-000/tmpTestSupport/jasmine.js:1520:16
run@file:///Users/Derejegemechu/.atom/code/labs/js-tictactoe-rails-api-v-000/tmpTestSupport/jasmine.js:1496:28
next@file:///Users/Derejegemechu/.atom/code/labs/js-tictactoe-rails-api-v-000/tmpTestSupport/jasmine.js:1517:40
complete@file:///Users/Derejegemechu/.atom/code/labs/js-tictactoe-rails-api-v-000/tmpTestSupport/jasmine.js:1703:19
clearStack@file:///Users/Derejegemechu/.atom/code/labs/js-tictactoe-rails-api-v-000/tmpTestSupport/jasmine.js:506:11
run@file:///Users/Derejegemechu/.atom/code/labs/js-tictactoe-rails-api-v-000/tmpTestSupport/jasmine.js:1505:22
next@file:///Users/Derejegemechu/.atom/code/labs/js-tictactoe-rails-api-v-000/tmpTestSupport/jasmine.js:1517:40
complete@file:///Users/Derejegemechu/.atom/code/labs/js-tictactoe-rails-api-v-000/tmpTestSupport/jasmine.js:333:19
clearStack@file:///Users/Derejegemechu/.atom/code/labs/js-tictactoe-rails-api-v-000/tmpTestSupport/jasmine.js:506:11
run@file:///Users/Derejegemechu/.atom/code/labs/js-tictactoe-rails-api-v-000/tmpTestSupport/jasmine.js:1505:22
execute@file:///Users/Derejegemechu/.atom/code/labs/js-tictactoe-rails-api-v-000/tmpTestSupport/jasmine.js:1485:13
queueRunnerFactory@file:///Users/Derejegemechu/.atom/code/labs/js-tictactoe-rails-api-v-000/tmpTestSupport/jasmine.js:518:42
execute@file:///Users/Derejegemechu/.atom/code/labs/js-tictactoe-rails-api-v-000/tmpTestSupport/jasmine.js:306:28
file:///Users/Derejegemechu/.atom/code/labs/js-tictactoe-rails-api-v-000/tmpTestSupport/jasmine.js:1708:44
attemptAsync@file:///Users/Derejegemechu/.atom/code/labs/js-tictactoe-rails-api-v-000/tmpTestSupport/jasmine.js:1520:16
run@file:///Users/Derejegemechu/.atom/code/labs/js-tictactoe-rails-api-v-000/tmpTestSupport/jasmine.js:1496:28
execute@file:///Users/Derejegemechu/.atom/code/labs/js-tictactoe-rails-api-v-000/tmpTestSupport/jasmine.js:1485:13
queueRunnerFactory@file:///Users/Derejegemechu/.atom/code/labs/js-tictactoe-rails-api-v-000/tmpTestSupport/jasmine.js:518:42
execute@file:///Users/Derejegemechu/.atom/code/labs/js-tictactoe-rails-api-v-000/tmpTestSupport/jasmine.js:1694:21
file:///Users/Derejegemechu/.atom/code/labs/js-tictactoe-rails-api-v-000/tmpTestSupport/jasmine.js:1708:44
attemptAsync@file:///Users/Derejegemechu/.atom/code/labs/js-tictactoe-rails-api-v-000/tmpTestSupport/jasmine.js:1520:16
run@file:///Users/Derejegemechu/.atom/code/labs/js-tictactoe-rails-api-v-000/tmpTestSupport/jasmine.js:1496:28
execute@file:///Users/Derejegemechu/.atom/code/labs/js-tictactoe-rails-api-v-000/tmpTestSupport/jasmine.js:1485:13
queueRunnerFactory@file:///Users/Derejegemechu/.atom/code/labs/js-tictactoe-rails-api-v-000/tmpTestSupport/jasmine.js:518:42
execute@file:///Users/Derejegemechu/.atom/code/labs/js-tictactoe-rails-api-v-000/tmpTestSupport/jasmine.js:1694:21
file:///Users/Derejegemechu/.atom/code/labs/js-tictactoe-rails-api-v-000/tmpTestSupport/jasmine.js:1708:44
attemptAsync@file:///Users/Derejegemechu/.atom/code/labs/js-tictactoe-rails-api-v-000/tmpTestSupport/jasmine.js:1520:16
run@file:///Users/Derejegemechu/.atom/code/labs/js-tictactoe-rails-api-v-000/tmpTestSupport/jasmine.js:1496:28
execute@file:///Users/Derejegemechu/.atom/code/labs/js-tictactoe-rails-api-v-000/tmpTestSupport/jasmine.js:1485:13
queueRunnerFactory@file:///Users/Derejegemechu/.atom/code/labs/js-tictactoe-rails-api-v-000/tmpTestSupport/jasmine.js:518:42
execute@file:///Users/Derejegemechu/.atom/code/labs/js-tictactoe-rails-api-v-000/tmpTestSupport/jasmine.js:1694:21
file:///Users/Derejegemechu/.atom/code/labs/js-tictactoe-rails-api-v-000/tmpTestSupport/jasmine.js:541:83
attemptAsync@file:///Users/Derejegemechu/.atom/code/labs/js-tictactoe-rails-api-v-000/tmpTestSupport/jasmine.js:1520:16
run@file:///Users/Derejegemechu/.atom/code/labs/js-tictactoe-rails-api-v-000/tmpTestSupport/jasmine.js:1496:28
execute@file:///Users/Derejegemechu/.atom/code/labs/js-tictactoe-rails-api-v-000/tmpTestSupport/jasmine.js:1485:13
queueRunnerFactory@file:///Users/Derejegemechu/.atom/code/labs/js-tictactoe-rails-api-v-000/tmpTestSupport/jasmine.js:518:42
execute@file:///Users/Derejegemechu/.atom/code/labs/js-tictactoe-rails-api-v-000/tmpTestSupport/jasmine.js:548:25
onload@file:///Users/Derejegemechu/.atom/code/labs/js-tictactoe-rails-api-v-000/tmpTestSupport/boot.js:172:16			</failure>
		</testcase>
		<testcase classname="Tic Tac Toe Functionality" name="#checkWinner calls on &amp;apos;message&amp;apos; and passes it the string &amp;apos;Player X Won!&amp;apos; when player X wins vertically" time="0">
			<failure type="" message="TypeError: undefined is not a constructor (evaluating &amp;apos;board.includes(&amp;quot;&amp;quot;)&amp;apos;) in file:///Users/Derejegemechu/.atom/code/labs/js-tictactoe-rails-api-v-000/app/assets/javascripts/tictactoe.js (line 33)">
doTurn@file:///Users/Derejegemechu/.atom/code/labs/js-tictactoe-rails-api-v-000/app/assets/javascripts/tictactoe.js:33:28
file:///Users/Derejegemechu/.atom/code/labs/js-tictactoe-rails-api-v-000/app/assets/javascripts/tictactoe.js:13:15
dispatch@file:///Users/Derejegemechu/.atom/code/labs/js-tictactoe-rails-api-v-000/spec/lib/jquery.min.js:3:6471
handle@file:///Users/Derejegemechu/.atom/code/labs/js-tictactoe-rails-api-v-000/spec/lib/jquery.min.js:3:3246
trigger@file:///Users/Derejegemechu/.atom/code/labs/js-tictactoe-rails-api-v-000/spec/lib/jquery.min.js:3:5579
file:///Users/Derejegemechu/.atom/code/labs/js-tictactoe-rails-api-v-000/spec/lib/jquery.min.js:3:11549
each@file:///Users/Derejegemechu/.atom/code/labs/js-tictactoe-rails-api-v-000/spec/lib/jquery.min.js:2:3150
each@file:///Users/Derejegemechu/.atom/code/labs/js-tictactoe-rails-api-v-000/spec/lib/jquery.min.js:2:1115
trigger@file:///Users/Derejegemechu/.atom/code/labs/js-tictactoe-rails-api-v-000/spec/lib/jquery.min.js:3:11522
file:///Users/Derejegemechu/.atom/code/labs/js-tictactoe-rails-api-v-000/spec/lib/jquery.min.js:4:5108
file:///Users/Derejegemechu/.atom/code/labs/js-tictactoe-rails-api-v-000/spec/tictactoe.spec.js:92:42
attemptSync@file:///Users/Derejegemechu/.atom/code/labs/js-tictactoe-rails-api-v-000/tmpTestSupport/jasmine.js:1510:16
run@file:///Users/Derejegemechu/.atom/code/labs/js-tictactoe-rails-api-v-000/tmpTestSupport/jasmine.js:1498:20
execute@file:///Users/Derejegemechu/.atom/code/labs/js-tictactoe-rails-api-v-000/tmpTestSupport/jasmine.js:1485:13
queueRunnerFactory@file:///Users/Derejegemechu/.atom/code/labs/js-tictactoe-rails-api-v-000/tmpTestSupport/jasmine.js:518:42
execute@file:///Users/Derejegemechu/.atom/code/labs/js-tictactoe-rails-api-v-000/tmpTestSupport/jasmine.js:306:28
file:///Users/Derejegemechu/.atom/code/labs/js-tictactoe-rails-api-v-000/tmpTestSupport/jasmine.js:1708:44
attemptAsync@file:///Users/Derejegemechu/.atom/code/labs/js-tictactoe-rails-api-v-000/tmpTestSupport/jasmine.js:1520:16
run@file:///Users/Derejegemechu/.atom/code/labs/js-tictactoe-rails-api-v-000/tmpTestSupport/jasmine.js:1496:28
next@file:///Users/Derejegemechu/.atom/code/labs/js-tictactoe-rails-api-v-000/tmpTestSupport/jasmine.js:1517:40
complete@file:///Users/Derejegemechu/.atom/code/labs/js-tictactoe-rails-api-v-000/tmpTestSupport/jasmine.js:333:19
clearStack@file:///Users/Derejegemechu/.atom/code/labs/js-tictactoe-rails-api-v-000/tmpTestSupport/jasmine.js:506:11
run@file:///Users/Derejegemechu/.atom/code/labs/js-tictactoe-rails-api-v-000/tmpTestSupport/jasmine.js:1505:22
execute@file:///Users/Derejegemechu/.atom/code/labs/js-tictactoe-rails-api-v-000/tmpTestSupport/jasmine.js:1485:13
queueRunnerFactory@file:///Users/Derejegemechu/.atom/code/labs/js-tictactoe-rails-api-v-000/tmpTestSupport/jasmine.js:518:42
execute@file:///Users/Derejegemechu/.atom/code/labs/js-tictactoe-rails-api-v-000/tmpTestSupport/jasmine.js:306:28
file:///Users/Derejegemechu/.atom/code/labs/js-tictactoe-rails-api-v-000/tmpTestSupport/jasmine.js:1708:44
attemptAsync@file:///Users/Derejegemechu/.atom/code/labs/js-tictactoe-rails-api-v-000/tmpTestSupport/jasmine.js:1520:16
run@file:///Users/Derejegemechu/.atom/code/labs/js-tictactoe-rails-api-v-000/tmpTestSupport/jasmine.js:1496:28
execute@file:///Users/Derejegemechu/.atom/code/labs/js-tictactoe-rails-api-v-000/tmpTestSupport/jasmine.js:1485:13
queueRunnerFactory@file:///Users/Derejegemechu/.atom/code/labs/js-tictactoe-rails-api-v-000/tmpTestSupport/jasmine.js:518:42
execute@file:///Users/Derejegemechu/.atom/code/labs/js-tictactoe-rails-api-v-000/tmpTestSupport/jasmine.js:1694:21
file:///Users/Derejegemechu/.atom/code/labs/js-tictactoe-rails-api-v-000/tmpTestSupport/jasmine.js:1708:44
attemptAsync@file:///Users/Derejegemechu/.atom/code/labs/js-tictactoe-rails-api-v-000/tmpTestSupport/jasmine.js:1520:16
run@file:///Users/Derejegemechu/.atom/code/labs/js-tictactoe-rails-api-v-000/tmpTestSupport/jasmine.js:1496:28
next@file:///Users/Derejegemechu/.atom/code/labs/js-tictactoe-rails-api-v-000/tmpTestSupport/jasmine.js:1517:40
complete@file:///Users/Derejegemechu/.atom/code/labs/js-tictactoe-rails-api-v-000/tmpTestSupport/jasmine.js:1703:19
clearStack@file:///Users/Derejegemechu/.atom/code/labs/js-tictactoe-rails-api-v-000/tmpTestSupport/jasmine.js:506:11
run@file:///Users/Derejegemechu/.atom/code/labs/js-tictactoe-rails-api-v-000/tmpTestSupport/jasmine.js:1505:22
next@file:///Users/Derejegemechu/.atom/code/labs/js-tictactoe-rails-api-v-000/tmpTestSupport/jasmine.js:1517:40
complete@file:///Users/Derejegemechu/.atom/code/labs/js-tictactoe-rails-api-v-000/tmpTestSupport/jasmine.js:333:19
clearStack@file:///Users/Derejegemechu/.atom/code/labs/js-tictactoe-rails-api-v-000/tmpTestSupport/jasmine.js:506:11
run@file:///Users/Derejegemechu/.atom/code/labs/js-tictactoe-rails-api-v-000/tmpTestSupport/jasmine.js:1505:22
execute@file:///Users/Derejegemechu/.atom/code/labs/js-tictactoe-rails-api-v-000/tmpTestSupport/jasmine.js:1485:13
queueRunnerFactory@file:///Users/Derejegemechu/.atom/code/labs/js-tictactoe-rails-api-v-000/tmpTestSupport/jasmine.js:518:42
execute@file:///Users/Derejegemechu/.atom/code/labs/js-tictactoe-rails-api-v-000/tmpTestSupport/jasmine.js:306:28
file:///Users/Derejegemechu/.atom/code/labs/js-tictactoe-rails-api-v-000/tmpTestSupport/jasmine.js:1708:44
attemptAsync@file:///Users/Derejegemechu/.atom/code/labs/js-tictactoe-rails-api-v-000/tmpTestSupport/jasmine.js:1520:16
run@file:///Users/Derejegemechu/.atom/code/labs/js-tictactoe-rails-api-v-000/tmpTestSupport/jasmine.js:1496:28
execute@file:///Users/Derejegemechu/.atom/code/labs/js-tictactoe-rails-api-v-000/tmpTestSupport/jasmine.js:1485:13
queueRunnerFactory@file:///Users/Derejegemechu/.atom/code/labs/js-tictactoe-rails-api-v-000/tmpTestSupport/jasmine.js:518:42
execute@file:///Users/Derejegemechu/.atom/code/labs/js-tictactoe-rails-api-v-000/tmpTestSupport/jasmine.js:1694:21
file:///Users/Derejegemechu/.atom/code/labs/js-tictactoe-rails-api-v-000/tmpTestSupport/jasmine.js:1708:44
attemptAsync@file:///Users/Derejegemechu/.atom/code/labs/js-tictactoe-rails-api-v-000/tmpTestSupport/jasmine.js:1520:16
run@file:///Users/Derejegemechu/.atom/code/labs/js-tictactoe-rails-api-v-000/tmpTestSupport/jasmine.js:1496:28
next@file:///Users/Derejegemechu/.atom/code/labs/js-tictactoe-rails-api-v-000/tmpTestSupport/jasmine.js:1517:40
complete@file:///Users/Derejegemechu/.atom/code/labs/js-tictactoe-rails-api-v-000/tmpTestSupport/jasmine.js:1703:19
clearStack@file:///Users/Derejegemechu/.atom/code/labs/js-tictactoe-rails-api-v-000/tmpTestSupport/jasmine.js:506:11
run@file:///Users/Derejegemechu/.atom/code/labs/js-tictactoe-rails-api-v-000/tmpTestSupport/jasmine.js:1505:22
next@file:///Users/Derejegemechu/.atom/code/labs/js-tictactoe-rails-api-v-000/tmpTestSupport/jasmine.js:1517:40
complete@file:///Users/Derejegemechu/.atom/code/labs/js-tictactoe-rails-api-v-000/tmpTestSupport/jasmine.js:333:19
clearStack@file:///Users/Derejegemechu/.atom/code/labs/js-tictactoe-rails-api-v-000/tmpTestSupport/jasmine.js:506:11
run@file:///Users/Derejegemechu/.atom/code/labs/js-tictactoe-rails-api-v-000/tmpTestSupport/jasmine.js:1505:22
execute@file:///Users/Derejegemechu/.atom/code/labs/js-tictactoe-rails-api-v-000/tmpTestSupport/jasmine.js:1485:13
queueRunnerFactory@file:///Users/Derejegemechu/.atom/code/labs/js-tictactoe-rails-api-v-000/tmpTestSupport/jasmine.js:518:42
execute@file:///Users/Derejegemechu/.atom/code/labs/js-tictactoe-rails-api-v-000/tmpTestSupport/jasmine.js:306:28
file:///Users/Derejegemechu/.atom/code/labs/js-tictactoe-rails-api-v-000/tmpTestSupport/jasmine.js:1708:44
attemptAsync@file:///Users/Derejegemechu/.atom/code/labs/js-tictactoe-rails-api-v-000/tmpTestSupport/jasmine.js:1520:16
run@file:///Users/Derejegemechu/.atom/code/labs/js-tictactoe-rails-api-v-000/tmpTestSupport/jasmine.js:1496:28
next@file:///Users/Derejegemechu/.atom/code/labs/js-tictactoe-rails-api-v-000/tmpTestSupport/jasmine.js:1517:40
complete@file:///Users/Derejegemechu/.atom/code/labs/js-tictactoe-rails-api-v-000/tmpTestSupport/jasmine.js:333:19
clearStack@file:///Users/Derejegemechu/.atom/code/labs/js-tictactoe-rails-api-v-000/tmpTestSupport/jasmine.js:506:11
run@file:///Users/Derejegemechu/.atom/code/labs/js-tictactoe-rails-api-v-000/tmpTestSupport/jasmine.js:1505:22
execute@file:///Users/Derejegemechu/.atom/code/labs/js-tictactoe-rails-api-v-000/tmpTestSupport/jasmine.js:1485:13
queueRunnerFactory@file:///Users/Derejegemechu/.atom/code/labs/js-tictactoe-rails-api-v-000/tmpTestSupport/jasmine.js:518:42
execute@file:///Users/Derejegemechu/.atom/code/labs/js-tictactoe-rails-api-v-000/tmpTestSupport/jasmine.js:306:28
file:///Users/Derejegemechu/.atom/code/labs/js-tictactoe-rails-api-v-000/tmpTestSupport/jasmine.js:1708:44
attemptAsync@file:///Users/Derejegemechu/.atom/code/labs/js-tictactoe-rails-api-v-000/tmpTestSupport/jasmine.js:1520:16
run@file:///Users/Derejegemechu/.atom/code/labs/js-tictactoe-rails-api-v-000/tmpTestSupport/jasmine.js:1496:28
execute@file:///Users/Derejegemechu/.atom/code/labs/js-tictactoe-rails-api-v-000/tmpTestSupport/jasmine.js:1485:13
queueRunnerFactory@file:///Users/Derejegemechu/.atom/code/labs/js-tictactoe-rails-api-v-000/tmpTestSupport/jasmine.js:518:42
execute@file:///Users/Derejegemechu/.atom/code/labs/js-tictactoe-rails-api-v-000/tmpTestSupport/jasmine.js:1694:21
file:///Users/Derejegemechu/.atom/code/labs/js-tictactoe-rails-api-v-000/tmpTestSupport/jasmine.js:1708:44
attemptAsync@file:///Users/Derejegemechu/.atom/code/labs/js-tictactoe-rails-api-v-000/tmpTestSupport/jasmine.js:1520:16
run@file:///Users/Derejegemechu/.atom/code/labs/js-tictactoe-rails-api-v-000/tmpTestSupport/jasmine.js:1496:28
next@file:///Users/Derejegemechu/.atom/code/labs/js-tictactoe-rails-api-v-000/tmpTestSupport/jasmine.js:1517:40
complete@file:///Users/Derejegemechu/.atom/code/labs/js-tictactoe-rails-api-v-000/tmpTestSupport/jasmine.js:1703:19
clearStack@file:///Users/Derejegemechu/.atom/code/labs/js-tictactoe-rails-api-v-000/tmpTestSupport/jasmine.js:506:11
run@file:///Users/Derejegemechu/.atom/code/labs/js-tictactoe-rails-api-v-000/tmpTestSupport/jasmine.js:1505:22
next@file:///Users/Derejegemechu/.atom/code/labs/js-tictactoe-rails-api-v-000/tmpTestSupport/jasmine.js:1517:40
complete@file:///Users/Derejegemechu/.atom/code/labs/js-tictactoe-rails-api-v-000/tmpTestSupport/jasmine.js:333:19
clearStack@file:///Users/Derejegemechu/.atom/code/labs/js-tictactoe-rails-api-v-000/tmpTestSupport/jasmine.js:506:11
run@file:///Users/Derejegemechu/.atom/code/labs/js-tictactoe-rails-api-v-000/tmpTestSupport/jasmine.js:1505:22
execute@file:///Users/Derejegemechu/.atom/code/labs/js-tictactoe-rails-api-v-000/tmpTestSupport/jasmine.js:1485:13
queueRunnerFactory@file:///Users/Derejegemechu/.atom/code/labs/js-tictactoe-rails-api-v-000/tmpTestSupport/jasmine.js:518:42
execute@file:///Users/Derejegemechu/.atom/code/labs/js-tictactoe-rails-api-v-000/tmpTestSupport/jasmine.js:306:28
file:///Users/Derejegemechu/.atom/code/labs/js-tictactoe-rails-api-v-000/tmpTestSupport/jasmine.js:1708:44
attemptAsync@file:///Users/Derejegemechu/.atom/code/labs/js-tictactoe-rails-api-v-000/tmpTestSupport/jasmine.js:1520:16
run@file:///Users/Derejegemechu/.atom/code/labs/js-tictactoe-rails-api-v-000/tmpTestSupport/jasmine.js:1496:28
next@file:///Users/Derejegemechu/.atom/code/labs/js-tictactoe-rails-api-v-000/tmpTestSupport/jasmine.js:1517:40
complete@file:///Users/Derejegemechu/.atom/code/labs/js-tictactoe-rails-api-v-000/tmpTestSupport/jasmine.js:333:19
clearStack@file:///Users/Derejegemechu/.atom/code/labs/js-tictactoe-rails-api-v-000/tmpTestSupport/jasmine.js:506:11
run@file:///Users/Derejegemechu/.atom/code/labs/js-tictactoe-rails-api-v-000/tmpTestSupport/jasmine.js:1505:22
execute@file:///Users/Derejegemechu/.atom/code/labs/js-tictactoe-rails-api-v-000/tmpTestSupport/jasmine.js:1485:13
queueRunnerFactory@file:///Users/Derejegemechu/.atom/code/labs/js-tictactoe-rails-api-v-000/tmpTestSupport/jasmine.js:518:42
execute@file:///Users/Derejegemechu/.atom/code/labs/js-tictactoe-rails-api-v-000/tmpTestSupport/jasmine.js:306:28
file:///Users/Derejegemechu/.atom/code/labs/js-tictactoe-rails-api-v-000/tmpTestSupport/jasmine.js:1708:44
attemptAsync@file:///Users/Derejegemechu/.atom/code/labs/js-tictactoe-rails-api-v-000/tmpTestSupport/jasmine.js:1520:16
run@file:///Users/Derejegemechu/.atom/code/labs/js-tictactoe-rails-api-v-000/tmpTestSupport/jasmine.js:1496:28
execute@file:///Users/Derejegemechu/.atom/code/labs/js-tictactoe-rails-api-v-000/tmpTestSupport/jasmine.js:1485:13
queueRunnerFactory@file:///Users/Derejegemechu/.atom/code/labs/js-tictactoe-rails-api-v-000/tmpTestSupport/jasmine.js:518:42
execute@file:///Users/Derejegemechu/.atom/code/labs/js-tictactoe-rails-api-v-000/tmpTestSupport/jasmine.js:1694:21
file:///Users/Derejegemechu/.atom/code/labs/js-tictactoe-rails-api-v-000/tmpTestSupport/jasmine.js:1708:44
attemptAsync@file:///Users/Derejegemechu/.atom/code/labs/js-tictactoe-rails-api-v-000/tmpTestSupport/jasmine.js:1520:16
run@file:///Users/Derejegemechu/.atom/code/labs/js-tictactoe-rails-api-v-000/tmpTestSupport/jasmine.js:1496:28
next@file:///Users/Derejegemechu/.atom/code/labs/js-tictactoe-rails-api-v-000/tmpTestSupport/jasmine.js:1517:40
complete@file:///Users/Derejegemechu/.atom/code/labs/js-tictactoe-rails-api-v-000/tmpTestSupport/jasmine.js:1703:19
clearStack@file:///Users/Derejegemechu/.atom/code/labs/js-tictactoe-rails-api-v-000/tmpTestSupport/jasmine.js:506:11
run@file:///Users/Derejegemechu/.atom/code/labs/js-tictactoe-rails-api-v-000/tmpTestSupport/jasmine.js:1505:22
next@file:///Users/Derejegemechu/.atom/code/labs/js-tictactoe-rails-api-v-000/tmpTestSupport/jasmine.js:1517:40
complete@file:///Users/Derejegemechu/.atom/code/labs/js-tictactoe-rails-api-v-000/tmpTestSupport/jasmine.js:333:19
clearStack@file:///Users/Derejegemechu/.atom/code/labs/js-tictactoe-rails-api-v-000/tmpTestSupport/jasmine.js:506:11
run@file:///Users/Derejegemechu/.atom/code/labs/js-tictactoe-rails-api-v-000/tmpTestSupport/jasmine.js:1505:22
execute@file:///Users/Derejegemechu/.atom/code/labs/js-tictactoe-rails-api-v-000/tmpTestSupport/jasmine.js:1485:13
queueRunnerFactory@file:///Users/Derejegemechu/.atom/code/labs/js-tictactoe-rails-api-v-000/tmpTestSupport/jasmine.js:518:42
execute@file:///Users/Derejegemechu/.atom/code/labs/js-tictactoe-rails-api-v-000/tmpTestSupport/jasmine.js:306:28
file:///Users/Derejegemechu/.atom/code/labs/js-tictactoe-rails-api-v-000/tmpTestSupport/jasmine.js:1708:44
attemptAsync@file:///Users/Derejegemechu/.atom/code/labs/js-tictactoe-rails-api-v-000/tmpTestSupport/jasmine.js:1520:16
run@file:///Users/Derejegemechu/.atom/code/labs/js-tictactoe-rails-api-v-000/tmpTestSupport/jasmine.js:1496:28
execute@file:///Users/Derejegemechu/.atom/code/labs/js-tictactoe-rails-api-v-000/tmpTestSupport/jasmine.js:1485:13
queueRunnerFactory@file:///Users/Derejegemechu/.atom/code/labs/js-tictactoe-rails-api-v-000/tmpTestSupport/jasmine.js:518:42
execute@file:///Users/Derejegemechu/.atom/code/labs/js-tictactoe-rails-api-v-000/tmpTestSupport/jasmine.js:1694:21
file:///Users/Derejegemechu/.atom/code/labs/js-tictactoe-rails-api-v-000/tmpTestSupport/jasmine.js:1708:44
attemptAsync@file:///Users/Derejegemechu/.atom/code/labs/js-tictactoe-rails-api-v-000/tmpTestSupport/jasmine.js:1520:16
run@file:///Users/Derejegemechu/.atom/code/labs/js-tictactoe-rails-api-v-000/tmpTestSupport/jasmine.js:1496:28
next@file:///Users/Derejegemechu/.atom/code/labs/js-tictactoe-rails-api-v-000/tmpTestSupport/jasmine.js:1517:40
complete@file:///Users/Derejegemechu/.atom/code/labs/js-tictactoe-rails-api-v-000/tmpTestSupport/jasmine.js:1703:19
clearStack@file:///Users/Derejegemechu/.atom/code/labs/js-tictactoe-rails-api-v-000/tmpTestSupport/jasmine.js:506:11
run@file:///Users/Derejegemechu/.atom/code/labs/js-tictactoe-rails-api-v-000/tmpTestSupport/jasmine.js:1505:22
next@file:///Users/Derejegemechu/.atom/code/labs/js-tictactoe-rails-api-v-000/tmpTestSupport/jasmine.js:1517:40
complete@file:///Users/Derejegemechu/.atom/code/labs/js-tictactoe-rails-api-v-000/tmpTestSupport/jasmine.js:333:19
clearStack@file:///Users/Derejegemechu/.atom/code/labs/js-tictactoe-rails-api-v-000/tmpTestSupport/jasmine.js:506:11
run@file:///Users/Derejegemechu/.atom/code/labs/js-tictactoe-rails-api-v-000/tmpTestSupport/jasmine.js:1505:22
execute@file:///Users/Derejegemechu/.atom/code/labs/js-tictactoe-rails-api-v-000/tmpTestSupport/jasmine.js:1485:13
queueRunnerFactory@file:///Users/Derejegemechu/.atom/code/labs/js-tictactoe-rails-api-v-000/tmpTestSupport/jasmine.js:518:42
execute@file:///Users/Derejegemechu/.atom/code/labs/js-tictactoe-rails-api-v-000/tmpTestSupport/jasmine.js:306:28
file:///Users/Derejegemechu/.atom/code/labs/js-tictactoe-rails-api-v-000/tmpTestSupport/jasmine.js:1708:44
attemptAsync@file:///Users/Derejegemechu/.atom/code/labs/js-tictactoe-rails-api-v-000/tmpTestSupport/jasmine.js:1520:16
run@file:///Users/Derejegemechu/.atom/code/labs/js-tictactoe-rails-api-v-000/tmpTestSupport/jasmine.js:1496:28
execute@file:///Users/Derejegemechu/.atom/code/labs/js-tictactoe-rails-api-v-000/tmpTestSupport/jasmine.js:1485:13
queueRunnerFactory@file:///Users/Derejegemechu/.atom/code/labs/js-tictactoe-rails-api-v-000/tmpTestSupport/jasmine.js:518:42
execute@file:///Users/Derejegemechu/.atom/code/labs/js-tictactoe-rails-api-v-000/tmpTestSupport/jasmine.js:1694:21
file:///Users/Derejegemechu/.atom/code/labs/js-tictactoe-rails-api-v-000/tmpTestSupport/jasmine.js:1708:44
attemptAsync@file:///Users/Derejegemechu/.atom/code/labs/js-tictactoe-rails-api-v-000/tmpTestSupport/jasmine.js:1520:16
run@file:///Users/Derejegemechu/.atom/code/labs/js-tictactoe-rails-api-v-000/tmpTestSupport/jasmine.js:1496:28
execute@file:///Users/Derejegemechu/.atom/code/labs/js-tictactoe-rails-api-v-000/tmpTestSupport/jasmine.js:1485:13
queueRunnerFactory@file:///Users/Derejegemechu/.atom/code/labs/js-tictactoe-rails-api-v-000/tmpTestSupport/jasmine.js:518:42
execute@file:///Users/Derejegemechu/.atom/code/labs/js-tictactoe-rails-api-v-000/tmpTestSupport/jasmine.js:1694:21
file:///Users/Derejegemechu/.atom/code/labs/js-tictactoe-rails-api-v-000/tmpTestSupport/jasmine.js:1708:44
attemptAsync@file:///Users/Derejegemechu/.atom/code/labs/js-tictactoe-rails-api-v-000/tmpTestSupport/jasmine.js:1520:16
run@file:///Users/Derejegemechu/.atom/code/labs/js-tictactoe-rails-api-v-000/tmpTestSupport/jasmine.js:1496:28
execute@file:///Users/Derejegemechu/.atom/code/labs/js-tictactoe-rails-api-v-000/tmpTestSupport/jasmine.js:1485:13
queueRunnerFactory@file:///Users/Derejegemechu/.atom/code/labs/js-tictactoe-rails-api-v-000/tmpTestSupport/jasmine.js:518:42
execute@file:///Users/Derejegemechu/.atom/code/labs/js-tictactoe-rails-api-v-000/tmpTestSupport/jasmine.js:1694:21
file:///Users/Derejegemechu/.atom/code/labs/js-tictactoe-rails-api-v-000/tmpTestSupport/jasmine.js:541:83
attemptAsync@file:///Users/Derejegemechu/.atom/code/labs/js-tictactoe-rails-api-v-000/tmpTestSupport/jasmine.js:1520:16
run@file:///Users/Derejegemechu/.atom/code/labs/js-tictactoe-rails-api-v-000/tmpTestSupport/jasmine.js:1496:28
execute@file:///Users/Derejegemechu/.atom/code/labs/js-tictactoe-rails-api-v-000/tmpTestSupport/jasmine.js:1485:13
queueRunnerFactory@file:///Users/Derejegemechu/.atom/code/labs/js-tictactoe-rails-api-v-000/tmpTestSupport/jasmine.js:518:42
execute@file:///Users/Derejegemechu/.atom/code/labs/js-tictactoe-rails-api-v-000/tmpTestSupport/jasmine.js:548:25
onload@file:///Users/Derejegemechu/.atom/code/labs/js-tictactoe-rails-api-v-000/tmpTestSupport/boot.js:172:16			</failure>
		</testcase>
		<testcase classname="Tic Tac Toe Functionality" name="#checkWinner calls on &amp;apos;message&amp;apos; and passes it the string &amp;apos;Player X Won!&amp;apos; when player X wins diagonally" time="0.001">
			<failure type="" message="TypeError: undefined is not a constructor (evaluating &amp;apos;board.includes(&amp;quot;&amp;quot;)&amp;apos;) in file:///Users/Derejegemechu/.atom/code/labs/js-tictactoe-rails-api-v-000/app/assets/javascripts/tictactoe.js (line 33)">
doTurn@file:///Users/Derejegemechu/.atom/code/labs/js-tictactoe-rails-api-v-000/app/assets/javascripts/tictactoe.js:33:28
file:///Users/Derejegemechu/.atom/code/labs/js-tictactoe-rails-api-v-000/app/assets/javascripts/tictactoe.js:13:15
dispatch@file:///Users/Derejegemechu/.atom/code/labs/js-tictactoe-rails-api-v-000/spec/lib/jquery.min.js:3:6471
handle@file:///Users/Derejegemechu/.atom/code/labs/js-tictactoe-rails-api-v-000/spec/lib/jquery.min.js:3:3246
trigger@file:///Users/Derejegemechu/.atom/code/labs/js-tictactoe-rails-api-v-000/spec/lib/jquery.min.js:3:5579
file:///Users/Derejegemechu/.atom/code/labs/js-tictactoe-rails-api-v-000/spec/lib/jquery.min.js:3:11549
each@file:///Users/Derejegemechu/.atom/code/labs/js-tictactoe-rails-api-v-000/spec/lib/jquery.min.js:2:3150
each@file:///Users/Derejegemechu/.atom/code/labs/js-tictactoe-rails-api-v-000/spec/lib/jquery.min.js:2:1115
trigger@file:///Users/Derejegemechu/.atom/code/labs/js-tictactoe-rails-api-v-000/spec/lib/jquery.min.js:3:11522
file:///Users/Derejegemechu/.atom/code/labs/js-tictactoe-rails-api-v-000/spec/lib/jquery.min.js:4:5108
file:///Users/Derejegemechu/.atom/code/labs/js-tictactoe-rails-api-v-000/spec/tictactoe.spec.js:107:42
attemptSync@file:///Users/Derejegemechu/.atom/code/labs/js-tictactoe-rails-api-v-000/tmpTestSupport/jasmine.js:1510:16
run@file:///Users/Derejegemechu/.atom/code/labs/js-tictactoe-rails-api-v-000/tmpTestSupport/jasmine.js:1498:20
execute@file:///Users/Derejegemechu/.atom/code/labs/js-tictactoe-rails-api-v-000/tmpTestSupport/jasmine.js:1485:13
queueRunnerFactory@file:///Users/Derejegemechu/.atom/code/labs/js-tictactoe-rails-api-v-000/tmpTestSupport/jasmine.js:518:42
execute@file:///Users/Derejegemechu/.atom/code/labs/js-tictactoe-rails-api-v-000/tmpTestSupport/jasmine.js:306:28
file:///Users/Derejegemechu/.atom/code/labs/js-tictactoe-rails-api-v-000/tmpTestSupport/jasmine.js:1708:44
attemptAsync@file:///Users/Derejegemechu/.atom/code/labs/js-tictactoe-rails-api-v-000/tmpTestSupport/jasmine.js:1520:16
run@file:///Users/Derejegemechu/.atom/code/labs/js-tictactoe-rails-api-v-000/tmpTestSupport/jasmine.js:1496:28
next@file:///Users/Derejegemechu/.atom/code/labs/js-tictactoe-rails-api-v-000/tmpTestSupport/jasmine.js:1517:40
complete@file:///Users/Derejegemechu/.atom/code/labs/js-tictactoe-rails-api-v-000/tmpTestSupport/jasmine.js:333:19
clearStack@file:///Users/Derejegemechu/.atom/code/labs/js-tictactoe-rails-api-v-000/tmpTestSupport/jasmine.js:506:11
run@file:///Users/Derejegemechu/.atom/code/labs/js-tictactoe-rails-api-v-000/tmpTestSupport/jasmine.js:1505:22
execute@file:///Users/Derejegemechu/.atom/code/labs/js-tictactoe-rails-api-v-000/tmpTestSupport/jasmine.js:1485:13
queueRunnerFactory@file:///Users/Derejegemechu/.atom/code/labs/js-tictactoe-rails-api-v-000/tmpTestSupport/jasmine.js:518:42
execute@file:///Users/Derejegemechu/.atom/code/labs/js-tictactoe-rails-api-v-000/tmpTestSupport/jasmine.js:306:28
file:///Users/Derejegemechu/.atom/code/labs/js-tictactoe-rails-api-v-000/tmpTestSupport/jasmine.js:1708:44
attemptAsync@file:///Users/Derejegemechu/.atom/code/labs/js-tictactoe-rails-api-v-000/tmpTestSupport/jasmine.js:1520:16
run@file:///Users/Derejegemechu/.atom/code/labs/js-tictactoe-rails-api-v-000/tmpTestSupport/jasmine.js:1496:28
next@file:///Users/Derejegemechu/.atom/code/labs/js-tictactoe-rails-api-v-000/tmpTestSupport/jasmine.js:1517:40
complete@file:///Users/Derejegemechu/.atom/code/labs/js-tictactoe-rails-api-v-000/tmpTestSupport/jasmine.js:333:19
clearStack@file:///Users/Derejegemechu/.atom/code/labs/js-tictactoe-rails-api-v-000/tmpTestSupport/jasmine.js:506:11
run@file:///Users/Derejegemechu/.atom/code/labs/js-tictactoe-rails-api-v-000/tmpTestSupport/jasmine.js:1505:22
execute@file:///Users/Derejegemechu/.atom/code/labs/js-tictactoe-rails-api-v-000/tmpTestSupport/jasmine.js:1485:13
queueRunnerFactory@file:///Users/Derejegemechu/.atom/code/labs/js-tictactoe-rails-api-v-000/tmpTestSupport/jasmine.js:518:42
execute@file:///Users/Derejegemechu/.atom/code/labs/js-tictactoe-rails-api-v-000/tmpTestSupport/jasmine.js:306:28
file:///Users/Derejegemechu/.atom/code/labs/js-tictactoe-rails-api-v-000/tmpTestSupport/jasmine.js:1708:44
attemptAsync@file:///Users/Derejegemechu/.atom/code/labs/js-tictactoe-rails-api-v-000/tmpTestSupport/jasmine.js:1520:16
run@file:///Users/Derejegemechu/.atom/code/labs/js-tictactoe-rails-api-v-000/tmpTestSupport/jasmine.js:1496:28
execute@file:///Users/Derejegemechu/.atom/code/labs/js-tictactoe-rails-api-v-000/tmpTestSupport/jasmine.js:1485:13
queueRunnerFactory@file:///Users/Derejegemechu/.atom/code/labs/js-tictactoe-rails-api-v-000/tmpTestSupport/jasmine.js:518:42
execute@file:///Users/Derejegemechu/.atom/code/labs/js-tictactoe-rails-api-v-000/tmpTestSupport/jasmine.js:1694:21
file:///Users/Derejegemechu/.atom/code/labs/js-tictactoe-rails-api-v-000/tmpTestSupport/jasmine.js:1708:44
attemptAsync@file:///Users/Derejegemechu/.atom/code/labs/js-tictactoe-rails-api-v-000/tmpTestSupport/jasmine.js:1520:16
run@file:///Users/Derejegemechu/.atom/code/labs/js-tictactoe-rails-api-v-000/tmpTestSupport/jasmine.js:1496:28
next@file:///Users/Derejegemechu/.atom/code/labs/js-tictactoe-rails-api-v-000/tmpTestSupport/jasmine.js:1517:40
complete@file:///Users/Derejegemechu/.atom/code/labs/js-tictactoe-rails-api-v-000/tmpTestSupport/jasmine.js:1703:19
clearStack@file:///Users/Derejegemechu/.atom/code/labs/js-tictactoe-rails-api-v-000/tmpTestSupport/jasmine.js:506:11
run@file:///Users/Derejegemechu/.atom/code/labs/js-tictactoe-rails-api-v-000/tmpTestSupport/jasmine.js:1505:22
next@file:///Users/Derejegemechu/.atom/code/labs/js-tictactoe-rails-api-v-000/tmpTestSupport/jasmine.js:1517:40
complete@file:///Users/Derejegemechu/.atom/code/labs/js-tictactoe-rails-api-v-000/tmpTestSupport/jasmine.js:333:19
clearStack@file:///Users/Derejegemechu/.atom/code/labs/js-tictactoe-rails-api-v-000/tmpTestSupport/jasmine.js:506:11
[...]
run@file:///Users/Derejegemechu/.atom/code/labs/js-tictactoe-rails-api-v-000/tmpTestSupport/jasmine.js:1505:22
execute@file:///Users/Derejegemechu/.atom/code/labs/js-tictactoe-rails-api-v-000/tmpTestSupport/jasmine.js:1485:13
queueRunnerFactory@file:///Users/Derejegemechu/.atom/code/labs/js-tictactoe-rails-api-v-000/tmpTestSupport/jasmine.js:518:42
execute@file:///Users/Derejegemechu/.atom/code/labs/js-tictactoe-rails-api-v-000/tmpTestSupport/jasmine.js:306:28
file:///Users/Derejegemechu/.atom/code/labs/js-tictactoe-rails-api-v-000/tmpTestSupport/jasmine.js:1708:44
attemptAsync@file:///Users/Derejegemechu/.atom/code/labs/js-tictactoe-rails-api-v-000/tmpTestSupport/jasmine.js:1520:16
run@file:///Users/Derejegemechu/.atom/code/labs/js-tictactoe-rails-api-v-000/tmpTestSupport/jasmine.js:1496:28
execute@file:///Users/Derejegemechu/.atom/code/labs/js-tictactoe-rails-api-v-000/tmpTestSupport/jasmine.js:1485:13
queueRunnerFactory@file:///Users/Derejegemechu/.atom/code/labs/js-tictactoe-rails-api-v-000/tmpTestSupport/jasmine.js:518:42
execute@file:///Users/Derejegemechu/.atom/code/labs/js-tictactoe-rails-api-v-000/tmpTestSupport/jasmine.js:1694:21
file:///Users/Derejegemechu/.atom/code/labs/js-tictactoe-rails-api-v-000/tmpTestSupport/jasmine.js:1708:44
attemptAsync@file:///Users/Derejegemechu/.atom/code/labs/js-tictactoe-rails-api-v-000/tmpTestSupport/jasmine.js:1520:16
run@file:///Users/Derejegemechu/.atom/code/labs/js-tictactoe-rails-api-v-000/tmpTestSupport/jasmine.js:1496:28
next@file:///Users/Derejegemechu/.atom/code/labs/js-tictactoe-rails-api-v-000/tmpTestSupport/jasmine.js:1517:40
complete@file:///Users/Derejegemechu/.atom/code/labs/js-tictactoe-rails-api-v-000/tmpTestSupport/jasmine.js:1703:19
clearStack@file:///Users/Derejegemechu/.atom/code/labs/js-tictactoe-rails-api-v-000/tmpTestSupport/jasmine.js:506:11
run@file:///Users/Derejegemechu/.atom/code/labs/js-tictactoe-rails-api-v-000/tmpTestSupport/jasmine.js:1505:22
next@file:///Users/Derejegemechu/.atom/code/labs/js-tictactoe-rails-api-v-000/tmpTestSupport/jasmine.js:1517:40
complete@file:///Users/Derejegemechu/.atom/code/labs/js-tictactoe-rails-api-v-000/tmpTestSupport/jasmine.js:333:19
clearStack@file:///Users/Derejegemechu/.atom/code/labs/js-tictactoe-rails-api-v-000/tmpTestSupport/jasmine.js:506:11
run@file:///Users/Derejegemechu/.atom/code/labs/js-tictactoe-rails-api-v-000/tmpTestSupport/jasmine.js:1505:22
execute@file:///Users/Derejegemechu/.atom/code/labs/js-tictactoe-rails-api-v-000/tmpTestSupport/jasmine.js:1485:13
queueRunnerFactory@file:///Users/Derejegemechu/.atom/code/labs/js-tictactoe-rails-api-v-000/tmpTestSupport/jasmine.js:518:42
execute@file:///Users/Derejegemechu/.atom/code/labs/js-tictactoe-rails-api-v-000/tmpTestSupport/jasmine.js:306:28
file:///Users/Derejegemechu/.atom/code/labs/js-tictactoe-rails-api-v-000/tmpTestSupport/jasmine.js:1708:44
attemptAsync@file:///Users/Derejegemechu/.atom/code/labs/js-tictactoe-rails-api-v-000/tmpTestSupport/jasmine.js:1520:16
run@file:///Users/Derejegemechu/.atom/code/labs/js-tictactoe-rails-api-v-000/tmpTestSupport/jasmine.js:1496:28
execute@file:///Users/Derejegemechu/.atom/code/labs/js-tictactoe-rails-api-v-000/tmpTestSupport/jasmine.js:1485:13
queueRunnerFactory@file:///Users/Derejegemechu/.atom/code/labs/js-tictactoe-rails-api-v-000/tmpTestSupport/jasmine.js:518:42
execute@file:///Users/Derejegemechu/.atom/code/labs/js-tictactoe-rails-api-v-000/tmpTestSupport/jasmine.js:1694:21
file:///Users/Derejegemechu/.atom/code/labs/js-tictactoe-rails-api-v-000/tmpTestSupport/jasmine.js:1708:44
attemptAsync@file:///Users/Derejegemechu/.atom/code/labs/js-tictactoe-rails-api-v-000/tmpTestSupport/jasmine.js:1520:16
run@file:///Users/Derejegemechu/.atom/code/labs/js-tictactoe-rails-api-v-000/tmpTestSupport/jasmine.js:1496:28
next@file:///Users/Derejegemechu/.atom/code/labs/js-tictactoe-rails-api-v-000/tmpTestSupport/jasmine.js:1517:40
complete@file:///Users/Derejegemechu/.atom/code/labs/js-tictactoe-rails-api-v-000/tmpTestSupport/jasmine.js:1703:19
clearStack@file:///Users/Derejegemechu/.atom/code/labs/js-tictactoe-rails-api-v-000/tmpTestSupport/jasmine.js:506:11
run@file:///Users/Derejegemechu/.atom/code/labs/js-tictactoe-rails-api-v-000/tmpTestSupport/jasmine.js:1505:22
next@file:///Users/Derejegemechu/.atom/code/labs/js-tictactoe-rails-api-v-000/tmpTestSupport/jasmine.js:1517:40
complete@file:///Users/Derejegemechu/.atom/code/labs/js-tictactoe-rails-api-v-000/tmpTestSupport/jasmine.js:333:19
clearStack@file:///Users/Derejegemechu/.atom/code/labs/js-tictactoe-rails-api-v-000/tmpTestSupport/jasmine.js:506:11
run@file:///Users/Derejegemechu/.atom/code/labs/js-tictactoe-rails-api-v-000/tmpTestSupport/jasmine.js:1505:22
execute@file:///Users/Derejegemechu/.atom/code/labs/js-tictactoe-rails-api-v-000/tmpTestSupport/jasmine.js:1485:13
queueRunnerFactory@file:///Users/Derejegemechu/.atom/code/labs/js-tictactoe-rails-api-v-000/tmpTestSupport/jasmine.js:518:42
execute@file:///Users/Derejegemechu/.atom/code/labs/js-tictactoe-rails-api-v-000/tmpTestSupport/jasmine.js:306:28
file:///Users/Derejegemechu/.atom/code/labs/js-tictactoe-rails-api-v-000/tmpTestSupport/jasmine.js:1708:44
attemptAsync@file:///Users/Derejegemechu/.atom/code/labs/js-tictactoe-rails-api-v-000/tmpTestSupport/jasmine.js:1520:16
run@file:///Users/Derejegemechu/.atom/code/labs/js-tictactoe-rails-api-v-000/tmpTestSupport/jasmine.js:1496:28
next@file:///Users/Derejegemechu/.atom/code/labs/js-tictactoe-rails-api-v-000/tmpTestSupport/jasmine.js:1517:40
complete@file:///Users/Derejegemechu/.atom/code/labs/js-tictactoe-rails-api-v-000/tmpTestSupport/jasmine.js:333:19
clearStack@file:///Users/Derejegemechu/.atom/code/labs/js-tictactoe-rails-api-v-000/tmpTestSupport/jasmine.js:506:11
run@file:///Users/Derejegemechu/.atom/code/labs/js-tictactoe-rails-api-v-000/tmpTestSupport/jasmine.js:1505:22
execute@file:///Users/Derejegemechu/.atom/code/labs/js-tictactoe-rails-api-v-000/tmpTestSupport/jasmine.js:1485:13
queueRunnerFactory@file:///Users/Derejegemechu/.atom/code/labs/js-tictactoe-rails-api-v-000/tmpTestSupport/jasmine.js:518:42
execute@file:///Users/Derejegemechu/.atom/code/labs/js-tictactoe-rails-api-v-000/tmpTestSupport/jasmine.js:306:28
file:///Users/Derejegemechu/.atom/code/labs/js-tictactoe-rails-api-v-000/tmpTestSupport/jasmine.js:1708:44
attemptAsync@file:///Users/Derejegemechu/.atom/code/labs/js-tictactoe-rails-api-v-000/tmpTestSupport/jasmine.js:1520:16
run@file:///Users/Derejegemechu/.atom/code/labs/js-tictactoe-rails-api-v-000/tmpTestSupport/jasmine.js:1496:28
execute@file:///Users/Derejegemechu/.atom/code/labs/js-tictactoe-rails-api-v-000/tmpTestSupport/jasmine.js:1485:13
queueRunnerFactory@file:///Users/Derejegemechu/.atom/code/labs/js-tictactoe-rails-api-v-000/tmpTestSupport/jasmine.js:518:42
execute@file:///Users/Derejegemechu/.atom/code/labs/js-tictactoe-rails-api-v-000/tmpTestSupport/jasmine.js:1694:21
file:///Users/Derejegemechu/.atom/code/labs/js-tictactoe-rails-api-v-000/tmpTestSupport/jasmine.js:1708:44
attemptAsync@file:///Users/Derejegemechu/.atom/code/labs/js-tictactoe-rails-api-v-000/tmpTestSupport/jasmine.js:1520:16
run@file:///Users/Derejegemechu/.atom/code/labs/js-tictactoe-rails-api-v-000/tmpTestSupport/jasmine.js:1496:28
next@file:///Users/Derejegemechu/.atom/code/labs/js-tictactoe-rails-api-v-000/tmpTestSupport/jasmine.js:1517:40
complete@file:///Users/Derejegemechu/.atom/code/labs/js-tictactoe-rails-api-v-000/tmpTestSupport/jasmine.js:1703:19
clearStack@file:///Users/Derejegemechu/.atom/code/labs/js-tictactoe-rails-api-v-000/tmpTestSupport/jasmine.js:506:11
run@file:///Users/Derejegemechu/.atom/code/labs/js-tictactoe-rails-api-v-000/tmpTestSupport/jasmine.js:1505:22
next@file:///Users/Derejegemechu/.atom/code/labs/js-tictactoe-rails-api-v-000/tmpTestSupport/jasmine.js:1517:40
complete@file:///Users/Derejegemechu/.atom/code/labs/js-tictactoe-rails-api-v-000/tmpTestSupport/jasmine.js:333:19
clearStack@file:///Users/Derejegemechu/.atom/code/labs/js-tictactoe-rails-api-v-000/tmpTestSupport/jasmine.js:506:11
run@file:///Users/Derejegemechu/.atom/code/labs/js-tictactoe-rails-api-v-000/tmpTestSupport/jasmine.js:1505:22
execute@file:///Users/Derejegemechu/.atom/code/labs/js-tictactoe-rails-api-v-000/tmpTestSupport/jasmine.js:1485:13
queueRunnerFactory@file:///Users/Derejegemechu/.atom/code/labs/js-tictactoe-rails-api-v-000/tmpTestSupport/jasmine.js:518:42
execute@file:///Users/Derejegemechu/.atom/code/labs/js-tictactoe-rails-api-v-000/tmpTestSupport/jasmine.js:306:28
file:///Users/Derejegemechu/.atom/code/labs/js-tictactoe-rails-api-v-000/tmpTestSupport/jasmine.js:1708:44
attemptAsync@file:///Users/Derejegemechu/.atom/code/labs/js-tictactoe-rails-api-v-000/tmpTestSupport/jasmine.js:1520:16
run@file:///Users/Derejegemechu/.atom/code/labs/js-tictactoe-rails-api-v-000/tmpTestSupport/jasmine.js:1496:28
next@file:///Users/Derejegemechu/.atom/code/labs/js-tictactoe-rails-api-v-000/tmpTestSupport/jasmine.js:1517:40
complete@file:///Users/Derejegemechu/.atom/code/labs/js-tictactoe-rails-api-v-000/tmpTestSupport/jasmine.js:333:19
clearStack@file:///Users/Derejegemechu/.atom/code/labs/js-tictactoe-rails-api-v-000/tmpTestSupport/jasmine.js:506:11
run@file:///Users/Derejegemechu/.atom/code/labs/js-tictactoe-rails-api-v-000/tmpTestSupport/jasmine.js:1505:22
execute@file:///Users/Derejegemechu/.atom/code/labs/js-tictactoe-rails-api-v-000/tmpTestSupport/jasmine.js:1485:13
queueRunnerFactory@file:///Users/Derejegemechu/.atom/code/labs/js-tictactoe-rails-api-v-000/tmpTestSupport/jasmine.js:518:42
execute@file:///Users/Derejegemechu/.atom/code/labs/js-tictactoe-rails-api-v-000/tmpTestSupport/jasmine.js:306:28
file:///Users/Derejegemechu/.atom/code/labs/js-tictactoe-rails-api-v-000/tmpTestSupport/jasmine.js:1708:44
attemptAsync@file:///Users/Derejegemechu/.atom/code/labs/js-tictactoe-rails-api-v-000/tmpTestSupport/jasmine.js:1520:16
run@file:///Users/Derejegemechu/.atom/code/labs/js-tictactoe-rails-api-v-000/tmpTestSupport/jasmine.js:1496:28
execute@file:///Users/Derejegemechu/.atom/code/labs/js-tictactoe-rails-api-v-000/tmpTestSupport/jasmine.js:1485:13
queueRunnerFactory@file:///Users/Derejegemechu/.atom/code/labs/js-tictactoe-rails-api-v-000/tmpTestSupport/jasmine.js:518:42
execute@file:///Users/Derejegemechu/.atom/code/labs/js-tictactoe-rails-api-v-000/tmpTestSupport/jasmine.js:1694:21
file:///Users/Derejegemechu/.atom/code/labs/js-tictactoe-rails-api-v-000/tmpTestSupport/jasmine.js:1708:44
attemptAsync@file:///Users/Derejegemechu/.atom/code/labs/js-tictactoe-rails-api-v-000/tmpTestSupport/jasmine.js:1520:16
run@file:///Users/Derejegemechu/.atom/code/labs/js-tictactoe-rails-api-v-000/tmpTestSupport/jasmine.js:1496:28
next@file:///Users/Derejegemechu/.atom/code/labs/js-tictactoe-rails-api-v-000/tmpTestSupport/jasmine.js:1517:40
complete@file:///Users/Derejegemechu/.atom/code/labs/js-tictactoe-rails-api-v-000/tmpTestSupport/jasmine.js:1703:19
clearStack@file:///Users/Derejegemechu/.atom/code/labs/js-tictactoe-rails-api-v-000/tmpTestSupport/jasmine.js:506:11
run@file:///Users/Derejegemechu/.atom/code/labs/js-tictactoe-rails-api-v-000/tmpTestSupport/jasmine.js:1505:22
next@file:///Users/Derejegemechu/.atom/code/labs/js-tictactoe-rails-api-v-000/tmpTestSupport/jasmine.js:1517:40
complete@file:///Users/Derejegemechu/.atom/code/labs/js-tictactoe-rails-api-v-000/tmpTestSupport/jasmine.js:333:19
clearStack@file:///Users/Derejegemechu/.atom/code/labs/js-tictactoe-rails-api-v-000/tmpTestSupport/jasmine.js:506:11
run@file:///Users/Derejegemechu/.atom/code/labs/js-tictactoe-rails-api-v-000/tmpTestSupport/jasmine.js:1505:22
execute@file:///Users/Derejegemechu/.atom/code/labs/js-tictactoe-rails-api-v-000/tmpTestSupport/jasmine.js:1485:13
queueRunnerFactory@file:///Users/Derejegemechu/.atom/code/labs/js-tictactoe-rails-api-v-000/tmpTestSupport/jasmine.js:518:42
execute@file:///Users/Derejegemechu/.atom/code/labs/js-tictactoe-rails-api-v-000/tmpTestSupport/jasmine.js:306:28
file:///Users/Derejegemechu/.atom/code/labs/js-tictactoe-rails-api-v-000/tmpTestSupport/jasmine.js:1708:44
attemptAsync@file:///Users/Derejegemechu/.atom/code/labs/js-tictactoe-rails-api-v-000/tmpTestSupport/jasmine.js:1520:16
run@file:///Users/Derejegemechu/.atom/code/labs/js-tictactoe-rails-api-v-000/tmpTestSupport/jasmine.js:1496:28
execute@file:///Users/Derejegemechu/.atom/code/labs/js-tictactoe-rails-api-v-000/tmpTestSupport/jasmine.js:1485:13
queueRunnerFactory@file:///Users/Derejegemechu/.atom/code/labs/js-tictactoe-rails-api-v-000/tmpTestSupport/jasmine.js:518:42
execute@file:///Users/Derejegemechu/.atom/code/labs/js-tictactoe-rails-api-v-000/tmpTestSupport/jasmine.js:1694:21
file:///Users/Derejegemechu/.atom/code/labs/js-tictactoe-rails-api-v-000/tmpTestSupport/jasmine.js:1708:44
attemptAsync@file:///Users/Derejegemechu/.atom/code/labs/js-tictactoe-rails-api-v-000/tmpTestSupport/jasmine.js:1520:16
run@file:///Users/Derejegemechu/.atom/code/labs/js-tictactoe-rails-api-v-000/tmpTestSupport/jasmine.js:1496:28
next@file:///Users/Derejegemechu/.atom/code/labs/js-tictactoe-rails-api-v-000/tmpTestSupport/jasmine.js:1517:40
complete@file:///Users/Derejegemechu/.atom/code/labs/js-tictactoe-rails-api-v-000/tmpTestSupport/jasmine.js:1703:19
clearStack@file:///Users/Derejegemechu/.atom/code/labs/js-tictactoe-rails-api-v-000/tmpTestSupport/jasmine.js:506:11
run@file:///Users/Derejegemechu/.atom/code/labs/js-tictactoe-rails-api-v-000/tmpTestSupport/jasmine.js:1505:22
next@file:///Users/Derejegemechu/.atom/code/labs/js-tictactoe-rails-api-v-000/tmpTestSupport/jasmine.js:1517:40
complete@file:///Users/Derejegemechu/.atom/code/labs/js-tictactoe-rails-api-v-000/tmpTestSupport/jasmine.js:333:19
clearStack@file:///Users/Derejegemechu/.atom/code/labs/js-tictactoe-rails-api-v-000/tmpTestSupport/jasmine.js:506:11
run@file:///Users/Derejegemechu/.atom/code/labs/js-tictactoe-rails-api-v-000/tmpTestSupport/jasmine.js:1505:22
execute@file:///Users/Derejegemechu/.atom/code/labs/js-tictactoe-rails-api-v-000/tmpTestSupport/jasmine.js:1485:13
queueRunnerFactory@file:///Users/Derejegemechu/.atom/code/labs/js-tictactoe-rails-api-v-000/tmpTestSupport/jasmine.js:518:42
execute@file:///Users/Derejegemechu/.atom/code/labs/js-tictactoe-rails-api-v-000/tmpTestSupport/jasmine.js:306:28
file:///Users/Derejegemechu/.atom/code/labs/js-tictactoe-rails-api-v-000/tmpTestSupport/jasmine.js:1708:44
attemptAsync@file:///Users/Derejegemechu/.atom/code/labs/js-tictactoe-rails-api-v-000/tmpTestSupport/jasmine.js:1520:16
run@file:///Users/Derejegemechu/.atom/code/labs/js-tictactoe-rails-api-v-000/tmpTestSupport/jasmine.js:1496:28
execute@file:///Users/Derejegemechu/.atom/code/labs/js-tictactoe-rails-api-v-000/tmpTestSupport/jasmine.js:1485:13
queueRunnerFactory@file:///Users/Derejegemechu/.atom/code/labs/js-tictactoe-rails-api-v-000/tmpTestSupport/jasmine.js:518:42
execute@file:///Users/Derejegemechu/.atom/code/labs/js-tictactoe-rails-api-v-000/tmpTestSupport/jasmine.js:1694:21
file:///Users/Derejegemechu/.atom/code/labs/js-tictactoe-rails-api-v-000/tmpTestSupport/jasmine.js:1708:44
attemptAsync@file:///Users/Derejegemechu/.atom/code/labs/js-tictactoe-rails-api-v-000/tmpTestSupport/jasmine.js:1520:16
run@file:///Users/Derejegemechu/.atom/code/labs/js-tictactoe-rails-api-v-000/tmpTestSupport/jasmine.js:1496:28
execute@file:///Users/Derejegemechu/.atom/code/labs/js-tictactoe-rails-api-v-000/tmpTestSupport/jasmine.js:1485:13
queueRunnerFactory@file:///Users/Derejegemechu/.atom/code/labs/js-tictactoe-rails-api-v-000/tmpTestSupport/jasmine.js:518:42
execute@file:///Users/Derejegemechu/.atom/code/labs/js-tictactoe-rails-api-v-000/tmpTestSupport/jasmine.js:1694:21
file:///Users/Derejegemechu/.atom/code/labs/js-tictactoe-rails-api-v-000/tmpTestSupport/jasmine.js:1708:44
attemptAsync@file:///Users/Derejegemechu/.atom/code/labs/js-tictactoe-rails-api-v-000/tmpTestSupport/jasmine.js:1520:16
run@file:///Users/Derejegemechu/.atom/code/labs/js-tictactoe-rails-api-v-000/tmpTestSupport/jasmine.js:1496:28
execute@file:///Users/Derejegemechu/.atom/code/labs/js-tictactoe-rails-api-v-000/tmpTestSupport/jasmine.js:1485:13
queueRunnerFactory@file:///Users/Derejegemechu/.atom/code/labs/js-tictactoe-rails-api-v-000/tmpTestSupport/jasmine.js:518:42
execute@file:///Users/Derejegemechu/.atom/code/labs/js-tictactoe-rails-api-v-000/tmpTestSupport/jasmine.js:1694:21
file:///Users/Derejegemechu/.atom/code/labs/js-tictactoe-rails-api-v-000/tmpTestSupport/jasmine.js:541:83
attemptAsync@file:///Users/Derejegemechu/.atom/code/labs/js-tictactoe-rails-api-v-000/tmpTestSupport/jasmine.js:1520:16
run@file:///Users/Derejegemechu/.atom/code/labs/js-tictactoe-rails-api-v-000/tmpTestSupport/jasmine.js:1496:28
execute@file:///Users/Derejegemechu/.atom/code/labs/js-tictactoe-rails-api-v-000/tmpTestSupport/jasmine.js:1485:13
queueRunnerFactory@file:///Users/Derejegemechu/.atom/code/labs/js-tictactoe-rails-api-v-000/tmpTestSupport/jasmine.js:518:42
execute@file:///Users/Derejegemechu/.atom/code/labs/js-tictactoe-rails-api-v-000/tmpTestSupport/jasmine.js:548:25
onload@file:///Users/Derejegemechu/.atom/code/labs/js-tictactoe-rails-api-v-000/tmpTestSupport/boot.js:172:16			</failure>
		</testcase>
		<testcase classname="Tic Tac Toe Functionality" name="resetting the board allows client to play multiple game" time="0.001">
			<failure type="" message="TypeError: undefined is not a constructor (evaluating &amp;apos;board.includes(&amp;quot;&amp;quot;)&amp;apos;) in file:///Users/Derejegemechu/.atom/code/labs/js-tictactoe-rails-api-v-000/app/assets/javascripts/tictactoe.js (line 33)">
doTurn@file:///Users/Derejegemechu/.atom/code/labs/js-tictactoe-rails-api-v-000/app/assets/javascripts/tictactoe.js:33:28
file:///Users/Derejegemechu/.atom/code/labs/js-tictactoe-rails-api-v-000/app/assets/javascripts/tictactoe.js:13:15
dispatch@file:///Users/Derejegemechu/.atom/code/labs/js-tictactoe-rails-api-v-000/spec/lib/jquery.min.js:3:6471
handle@file:///Users/Derejegemechu/.atom/code/labs/js-tictactoe-rails-api-v-000/spec/lib/jquery.min.js:3:3246
trigger@file:///Users/Derejegemechu/.atom/code/labs/js-tictactoe-rails-api-v-000/spec/lib/jquery.min.js:3:5579
file:///Users/Derejegemechu/.atom/code/labs/js-tictactoe-rails-api-v-000/spec/lib/jquery.min.js:3:11549
each@file:///Users/Derejegemechu/.atom/code/labs/js-tictactoe-rails-api-v-000/spec/lib/jquery.min.js:2:3150
each@file:///Users/Derejegemechu/.atom/code/labs/js-tictactoe-rails-api-v-000/spec/lib/jquery.min.js:2:1115
trigger@file:///Users/Derejegemechu/.atom/code/labs/js-tictactoe-rails-api-v-000/spec/lib/jquery.min.js:3:11522
file:///Users/Derejegemechu/.atom/code/labs/js-tictactoe-rails-api-v-000/spec/lib/jquery.min.js:4:5108
file:///Users/Derejegemechu/.atom/code/labs/js-tictactoe-rails-api-v-000/spec/tictactoe.spec.js:192:42
attemptSync@file:///Users/Derejegemechu/.atom/code/labs/js-tictactoe-rails-api-v-000/tmpTestSupport/jasmine.js:1510:16
run@file:///Users/Derejegemechu/.atom/code/labs/js-tictactoe-rails-api-v-000/tmpTestSupport/jasmine.js:1498:20
execute@file:///Users/Derejegemechu/.atom/code/labs/js-tictactoe-rails-api-v-000/tmpTestSupport/jasmine.js:1485:13
queueRunnerFactory@file:///Users/Derejegemechu/.atom/code/labs/js-tictactoe-rails-api-v-000/tmpTestSupport/jasmine.js:518:42
execute@file:///Users/Derejegemechu/.atom/code/labs/js-tictactoe-rails-api-v-000/tmpTestSupport/jasmine.js:306:28
file:///Users/Derejegemechu/.atom/code/labs/js-tictactoe-rails-api-v-000/tmpTestSupport/jasmine.js:1708:44
attemptAsync@file:///Users/Derejegemechu/.atom/code/labs/js-tictactoe-rails-api-v-000/tmpTestSupport/jasmine.js:1520:16
run@file:///Users/Derejegemechu/.atom/code/labs/js-tictactoe-rails-api-v-000/tmpTestSupport/jasmine.js:1496:28
next@file:///Users/Derejegemechu/.atom/code/labs/js-tictactoe-rails-api-v-000/tmpTestSupport/jasmine.js:1517:40
complete@file:///Users/Derejegemechu/.atom/code/labs/js-tictactoe-rails-api-v-000/tmpTestSupport/jasmine.js:333:19			</failure>
		</testcase>
	</testsuite>
</testsuites>

