<?xml version="1.0" encoding="UTF-8"?>
<testsuites>
	<testsuite tests="14" errors="0" failures="7" time="0.077" timestamp="2016-08-25T12:42:57">
		<testcase classname="Tic Tac Toe Functionality" name="#attachListeners should attach event listeners which call your turn function when someone clicks on a square" time="0.007">
			<failure type="toHaveBeenCalled" message="Expected spy doTurn to have been called.">
stack@file:///home/pvasireddy/Desktop/repos/js-tictactoe-rails-api-v-000/tmpTestSupport/jasmine.js:1293:37
buildExpectationResult@file:///home/pvasireddy/Desktop/repos/js-tictactoe-rails-api-v-000/tmpTestSupport/jasmine.js:1270:19
expectationResultFactory@file:///home/pvasireddy/Desktop/repos/js-tictactoe-rails-api-v-000/tmpTestSupport/jasmine.js:484:40
addExpectationResult@file:///home/pvasireddy/Desktop/repos/js-tictactoe-rails-api-v-000/tmpTestSupport/jasmine.js:260:70
addExpectationResult@file:///home/pvasireddy/Desktop/repos/js-tictactoe-rails-api-v-000/tmpTestSupport/jasmine.js:442:41
file:///home/pvasireddy/Desktop/repos/js-tictactoe-rails-api-v-000/tmpTestSupport/jasmine.js:1209:32
file:///home/pvasireddy/Desktop/repos/js-tictactoe-rails-api-v-000/spec/tictactoe.spec.js:15:45
attemptSync@file:///home/pvasireddy/Desktop/repos/js-tictactoe-rails-api-v-000/tmpTestSupport/jasmine.js:1510:16
run@file:///home/pvasireddy/Desktop/repos/js-tictactoe-rails-api-v-000/tmpTestSupport/jasmine.js:1498:20
execute@file:///home/pvasireddy/Desktop/repos/js-tictactoe-rails-api-v-000/tmpTestSupport/jasmine.js:1485:13
queueRunnerFactory@file:///home/pvasireddy/Desktop/repos/js-tictactoe-rails-api-v-000/tmpTestSupport/jasmine.js:518:42
execute@file:///home/pvasireddy/Desktop/repos/js-tictactoe-rails-api-v-000/tmpTestSupport/jasmine.js:306:28
file:///home/pvasireddy/Desktop/repos/js-tictactoe-rails-api-v-000/tmpTestSupport/jasmine.js:1708:44
attemptAsync@file:///home/pvasireddy/Desktop/repos/js-tictactoe-rails-api-v-000/tmpTestSupport/jasmine.js:1520:16
run@file:///home/pvasireddy/Desktop/repos/js-tictactoe-rails-api-v-000/tmpTestSupport/jasmine.js:1496:28
execute@file:///home/pvasireddy/Desktop/repos/js-tictactoe-rails-api-v-000/tmpTestSupport/jasmine.js:1485:13
queueRunnerFactory@file:///home/pvasireddy/Desktop/repos/js-tictactoe-rails-api-v-000/tmpTestSupport/jasmine.js:518:42
execute@file:///home/pvasireddy/Desktop/repos/js-tictactoe-rails-api-v-000/tmpTestSupport/jasmine.js:1694:21
file:///home/pvasireddy/Desktop/repos/js-tictactoe-rails-api-v-000/tmpTestSupport/jasmine.js:1708:44
attemptAsync@file:///home/pvasireddy/Desktop/repos/js-tictactoe-rails-api-v-000/tmpTestSupport/jasmine.js:1520:16
run@file:///home/pvasireddy/Desktop/repos/js-tictactoe-rails-api-v-000/tmpTestSupport/jasmine.js:1496:28
execute@file:///home/pvasireddy/Desktop/repos/js-tictactoe-rails-api-v-000/tmpTestSupport/jasmine.js:1485:13
queueRunnerFactory@file:///home/pvasireddy/Desktop/repos/js-tictactoe-rails-api-v-000/tmpTestSupport/jasmine.js:518:42
execute@file:///home/pvasireddy/Desktop/repos/js-tictactoe-rails-api-v-000/tmpTestSupport/jasmine.js:1694:21
file:///home/pvasireddy/Desktop/repos/js-tictactoe-rails-api-v-000/tmpTestSupport/jasmine.js:1708:44
attemptAsync@file:///home/pvasireddy/Desktop/repos/js-tictactoe-rails-api-v-000/tmpTestSupport/jasmine.js:1520:16
run@file:///home/pvasireddy/Desktop/repos/js-tictactoe-rails-api-v-000/tmpTestSupport/jasmine.js:1496:28
execute@file:///home/pvasireddy/Desktop/repos/js-tictactoe-rails-api-v-000/tmpTestSupport/jasmine.js:1485:13
queueRunnerFactory@file:///home/pvasireddy/Desktop/repos/js-tictactoe-rails-api-v-000/tmpTestSupport/jasmine.js:518:42
execute@file:///home/pvasireddy/Desktop/repos/js-tictactoe-rails-api-v-000/tmpTestSupport/jasmine.js:1694:21
file:///home/pvasireddy/Desktop/repos/js-tictactoe-rails-api-v-000/tmpTestSupport/jasmine.js:541:83
attemptAsync@file:///home/pvasireddy/Desktop/repos/js-tictactoe-rails-api-v-000/tmpTestSupport/jasmine.js:1520:16
run@file:///home/pvasireddy/Desktop/repos/js-tictactoe-rails-api-v-000/tmpTestSupport/jasmine.js:1496:28
execute@file:///home/pvasireddy/Desktop/repos/js-tictactoe-rails-api-v-000/tmpTestSupport/jasmine.js:1485:13
queueRunnerFactory@file:///home/pvasireddy/Desktop/repos/js-tictactoe-rails-api-v-000/tmpTestSupport/jasmine.js:518:42
execute@file:///home/pvasireddy/Desktop/repos/js-tictactoe-rails-api-v-000/tmpTestSupport/jasmine.js:548:25
onload@file:///home/pvasireddy/Desktop/repos/js-tictactoe-rails-api-v-000/tmpTestSupport/boot.js:172:16			</failure>
		</testcase>
		<testcase classname="Tic Tac Toe Functionality" name="#doTurn should increment turn and call on `checkWinner()`, `updateState()`" time="0.001">
		</testcase>
		<testcase classname="Tic Tac Toe Functionality" name="#player should return the mark of the current player when player is X" time="0.001">
			<failure type="toEqual" message="Expected &amp;apos;O&amp;apos; to equal &amp;apos;X&amp;apos;.">
stack@file:///home/pvasireddy/Desktop/repos/js-tictactoe-rails-api-v-000/tmpTestSupport/jasmine.js:1293:37
buildExpectationResult@file:///home/pvasireddy/Desktop/repos/js-tictactoe-rails-api-v-000/tmpTestSupport/jasmine.js:1270:19
expectationResultFactory@file:///home/pvasireddy/Desktop/repos/js-tictactoe-rails-api-v-000/tmpTestSupport/jasmine.js:484:40
addExpectationResult@file:///home/pvasireddy/Desktop/repos/js-tictactoe-rails-api-v-000/tmpTestSupport/jasmine.js:260:70
addExpectationResult@file:///home/pvasireddy/Desktop/repos/js-tictactoe-rails-api-v-000/tmpTestSupport/jasmine.js:442:41
file:///home/pvasireddy/Desktop/repos/js-tictactoe-rails-api-v-000/tmpTestSupport/jasmine.js:1209:32
file:///home/pvasireddy/Desktop/repos/js-tictactoe-rails-api-v-000/spec/tictactoe.spec.js:39:31
attemptSync@file:///home/pvasireddy/Desktop/repos/js-tictactoe-rails-api-v-000/tmpTestSupport/jasmine.js:1510:16
run@file:///home/pvasireddy/Desktop/repos/js-tictactoe-rails-api-v-000/tmpTestSupport/jasmine.js:1498:20
execute@file:///home/pvasireddy/Desktop/repos/js-tictactoe-rails-api-v-000/tmpTestSupport/jasmine.js:1485:13
queueRunnerFactory@file:///home/pvasireddy/Desktop/repos/js-tictactoe-rails-api-v-000/tmpTestSupport/jasmine.js:518:42
execute@file:///home/pvasireddy/Desktop/repos/js-tictactoe-rails-api-v-000/tmpTestSupport/jasmine.js:306:28
file:///home/pvasireddy/Desktop/repos/js-tictactoe-rails-api-v-000/tmpTestSupport/jasmine.js:1708:44
attemptAsync@file:///home/pvasireddy/Desktop/repos/js-tictactoe-rails-api-v-000/tmpTestSupport/jasmine.js:1520:16
run@file:///home/pvasireddy/Desktop/repos/js-tictactoe-rails-api-v-000/tmpTestSupport/jasmine.js:1496:28
execute@file:///home/pvasireddy/Desktop/repos/js-tictactoe-rails-api-v-000/tmpTestSupport/jasmine.js:1485:13
queueRunnerFactory@file:///home/pvasireddy/Desktop/repos/js-tictactoe-rails-api-v-000/tmpTestSupport/jasmine.js:518:42
execute@file:///home/pvasireddy/Desktop/repos/js-tictactoe-rails-api-v-000/tmpTestSupport/jasmine.js:1694:21
file:///home/pvasireddy/Desktop/repos/js-tictactoe-rails-api-v-000/tmpTestSupport/jasmine.js:1708:44
attemptAsync@file:///home/pvasireddy/Desktop/repos/js-tictactoe-rails-api-v-000/tmpTestSupport/jasmine.js:1520:16
run@file:///home/pvasireddy/Desktop/repos/js-tictactoe-rails-api-v-000/tmpTestSupport/jasmine.js:1496:28
next@file:///home/pvasireddy/Desktop/repos/js-tictactoe-rails-api-v-000/tmpTestSupport/jasmine.js:1517:40
complete@file:///home/pvasireddy/Desktop/repos/js-tictactoe-rails-api-v-000/tmpTestSupport/jasmine.js:1703:19
clearStack@file:///home/pvasireddy/Desktop/repos/js-tictactoe-rails-api-v-000/tmpTestSupport/jasmine.js:506:11
run@file:///home/pvasireddy/Desktop/repos/js-tictactoe-rails-api-v-000/tmpTestSupport/jasmine.js:1505:22
next@file:///home/pvasireddy/Desktop/repos/js-tictactoe-rails-api-v-000/tmpTestSupport/jasmine.js:1517:40
complete@file:///home/pvasireddy/Desktop/repos/js-tictactoe-rails-api-v-000/tmpTestSupport/jasmine.js:333:19
clearStack@file:///home/pvasireddy/Desktop/repos/js-tictactoe-rails-api-v-000/tmpTestSupport/jasmine.js:506:11
run@file:///home/pvasireddy/Desktop/repos/js-tictactoe-rails-api-v-000/tmpTestSupport/jasmine.js:1505:22
execute@file:///home/pvasireddy/Desktop/repos/js-tictactoe-rails-api-v-000/tmpTestSupport/jasmine.js:1485:13
queueRunnerFactory@file:///home/pvasireddy/Desktop/repos/js-tictactoe-rails-api-v-000/tmpTestSupport/jasmine.js:518:42
execute@file:///home/pvasireddy/Desktop/repos/js-tictactoe-rails-api-v-000/tmpTestSupport/jasmine.js:306:28
file:///home/pvasireddy/Desktop/repos/js-tictactoe-rails-api-v-000/tmpTestSupport/jasmine.js:1708:44
attemptAsync@file:///home/pvasireddy/Desktop/repos/js-tictactoe-rails-api-v-000/tmpTestSupport/jasmine.js:1520:16
run@file:///home/pvasireddy/Desktop/repos/js-tictactoe-rails-api-v-000/tmpTestSupport/jasmine.js:1496:28
execute@file:///home/pvasireddy/Desktop/repos/js-tictactoe-rails-api-v-000/tmpTestSupport/jasmine.js:1485:13
queueRunnerFactory@file:///home/pvasireddy/Desktop/repos/js-tictactoe-rails-api-v-000/tmpTestSupport/jasmine.js:518:42
execute@file:///home/pvasireddy/Desktop/repos/js-tictactoe-rails-api-v-000/tmpTestSupport/jasmine.js:1694:21
file:///home/pvasireddy/Desktop/repos/js-tictactoe-rails-api-v-000/tmpTestSupport/jasmine.js:1708:44
attemptAsync@file:///home/pvasireddy/Desktop/repos/js-tictactoe-rails-api-v-000/tmpTestSupport/jasmine.js:1520:16
run@file:///home/pvasireddy/Desktop/repos/js-tictactoe-rails-api-v-000/tmpTestSupport/jasmine.js:1496:28
next@file:///home/pvasireddy/Desktop/repos/js-tictactoe-rails-api-v-000/tmpTestSupport/jasmine.js:1517:40
complete@file:///home/pvasireddy/Desktop/repos/js-tictactoe-rails-api-v-000/tmpTestSupport/jasmine.js:1703:19
clearStack@file:///home/pvasireddy/Desktop/repos/js-tictactoe-rails-api-v-000/tmpTestSupport/jasmine.js:506:11
run@file:///home/pvasireddy/Desktop/repos/js-tictactoe-rails-api-v-000/tmpTestSupport/jasmine.js:1505:22
next@file:///home/pvasireddy/Desktop/repos/js-tictactoe-rails-api-v-000/tmpTestSupport/jasmine.js:1517:40
complete@file:///home/pvasireddy/Desktop/repos/js-tictactoe-rails-api-v-000/tmpTestSupport/jasmine.js:333:19
clearStack@file:///home/pvasireddy/Desktop/repos/js-tictactoe-rails-api-v-000/tmpTestSupport/jasmine.js:506:11
run@file:///home/pvasireddy/Desktop/repos/js-tictactoe-rails-api-v-000/tmpTestSupport/jasmine.js:1505:22
execute@file:///home/pvasireddy/Desktop/repos/js-tictactoe-rails-api-v-000/tmpTestSupport/jasmine.js:1485:13
queueRunnerFactory@file:///home/pvasireddy/Desktop/repos/js-tictactoe-rails-api-v-000/tmpTestSupport/jasmine.js:518:42
execute@file:///home/pvasireddy/Desktop/repos/js-tictactoe-rails-api-v-000/tmpTestSupport/jasmine.js:306:28
file:///home/pvasireddy/Desktop/repos/js-tictactoe-rails-api-v-000/tmpTestSupport/jasmine.js:1708:44
attemptAsync@file:///home/pvasireddy/Desktop/repos/js-tictactoe-rails-api-v-000/tmpTestSupport/jasmine.js:1520:16
run@file:///home/pvasireddy/Desktop/repos/js-tictactoe-rails-api-v-000/tmpTestSupport/jasmine.js:1496:28
execute@file:///home/pvasireddy/Desktop/repos/js-tictactoe-rails-api-v-000/tmpTestSupport/jasmine.js:1485:13
queueRunnerFactory@file:///home/pvasireddy/Desktop/repos/js-tictactoe-rails-api-v-000/tmpTestSupport/jasmine.js:518:42
execute@file:///home/pvasireddy/Desktop/repos/js-tictactoe-rails-api-v-000/tmpTestSupport/jasmine.js:1694:21
file:///home/pvasireddy/Desktop/repos/js-tictactoe-rails-api-v-000/tmpTestSupport/jasmine.js:1708:44
attemptAsync@file:///home/pvasireddy/Desktop/repos/js-tictactoe-rails-api-v-000/tmpTestSupport/jasmine.js:1520:16
run@file:///home/pvasireddy/Desktop/repos/js-tictactoe-rails-api-v-000/tmpTestSupport/jasmine.js:1496:28
execute@file:///home/pvasireddy/Desktop/repos/js-tictactoe-rails-api-v-000/tmpTestSupport/jasmine.js:1485:13
queueRunnerFactory@file:///home/pvasireddy/Desktop/repos/js-tictactoe-rails-api-v-000/tmpTestSupport/jasmine.js:518:42
execute@file:///home/pvasireddy/Desktop/repos/js-tictactoe-rails-api-v-000/tmpTestSupport/jasmine.js:1694:21
file:///home/pvasireddy/Desktop/repos/js-tictactoe-rails-api-v-000/tmpTestSupport/jasmine.js:1708:44
attemptAsync@file:///home/pvasireddy/Desktop/repos/js-tictactoe-rails-api-v-000/tmpTestSupport/jasmine.js:1520:16
run@file:///home/pvasireddy/Desktop/repos/js-tictactoe-rails-api-v-000/tmpTestSupport/jasmine.js:1496:28
execute@file:///home/pvasireddy/Desktop/repos/js-tictactoe-rails-api-v-000/tmpTestSupport/jasmine.js:1485:13
queueRunnerFactory@file:///home/pvasireddy/Desktop/repos/js-tictactoe-rails-api-v-000/tmpTestSupport/jasmine.js:518:42
execute@file:///home/pvasireddy/Desktop/repos/js-tictactoe-rails-api-v-000/tmpTestSupport/jasmine.js:1694:21
file:///home/pvasireddy/Desktop/repos/js-tictactoe-rails-api-v-000/tmpTestSupport/jasmine.js:541:83
attemptAsync@file:///home/pvasireddy/Desktop/repos/js-tictactoe-rails-api-v-000/tmpTestSupport/jasmine.js:1520:16
run@file:///home/pvasireddy/Desktop/repos/js-tictactoe-rails-api-v-000/tmpTestSupport/jasmine.js:1496:28
execute@file:///home/pvasireddy/Desktop/repos/js-tictactoe-rails-api-v-000/tmpTestSupport/jasmine.js:1485:13
queueRunnerFactory@file:///home/pvasireddy/Desktop/repos/js-tictactoe-rails-api-v-000/tmpTestSupport/jasmine.js:518:42
execute@file:///home/pvasireddy/Desktop/repos/js-tictactoe-rails-api-v-000/tmpTestSupport/jasmine.js:548:25
onload@file:///home/pvasireddy/Desktop/repos/js-tictactoe-rails-api-v-000/tmpTestSupport/boot.js:172:16			</failure>
		</testcase>
		<testcase classname="Tic Tac Toe Functionality" name="#player should return the mark of the current player when player is O" time="0.001">
			<failure type="toEqual" message="Expected &amp;apos;X&amp;apos; to equal &amp;apos;O&amp;apos;.">
stack@file:///home/pvasireddy/Desktop/repos/js-tictactoe-rails-api-v-000/tmpTestSupport/jasmine.js:1293:37
buildExpectationResult@file:///home/pvasireddy/Desktop/repos/js-tictactoe-rails-api-v-000/tmpTestSupport/jasmine.js:1270:19
expectationResultFactory@file:///home/pvasireddy/Desktop/repos/js-tictactoe-rails-api-v-000/tmpTestSupport/jasmine.js:484:40
addExpectationResult@file:///home/pvasireddy/Desktop/repos/js-tictactoe-rails-api-v-000/tmpTestSupport/jasmine.js:260:70
addExpectationResult@file:///home/pvasireddy/Desktop/repos/js-tictactoe-rails-api-v-000/tmpTestSupport/jasmine.js:442:41
file:///home/pvasireddy/Desktop/repos/js-tictactoe-rails-api-v-000/tmpTestSupport/jasmine.js:1209:32
file:///home/pvasireddy/Desktop/repos/js-tictactoe-rails-api-v-000/spec/tictactoe.spec.js:43:31
attemptSync@file:///home/pvasireddy/Desktop/repos/js-tictactoe-rails-api-v-000/tmpTestSupport/jasmine.js:1510:16
run@file:///home/pvasireddy/Desktop/repos/js-tictactoe-rails-api-v-000/tmpTestSupport/jasmine.js:1498:20
execute@file:///home/pvasireddy/Desktop/repos/js-tictactoe-rails-api-v-000/tmpTestSupport/jasmine.js:1485:13
queueRunnerFactory@file:///home/pvasireddy/Desktop/repos/js-tictactoe-rails-api-v-000/tmpTestSupport/jasmine.js:518:42
execute@file:///home/pvasireddy/Desktop/repos/js-tictactoe-rails-api-v-000/tmpTestSupport/jasmine.js:306:28
file:///home/pvasireddy/Desktop/repos/js-tictactoe-rails-api-v-000/tmpTestSupport/jasmine.js:1708:44
attemptAsync@file:///home/pvasireddy/Desktop/repos/js-tictactoe-rails-api-v-000/tmpTestSupport/jasmine.js:1520:16
run@file:///home/pvasireddy/Desktop/repos/js-tictactoe-rails-api-v-000/tmpTestSupport/jasmine.js:1496:28
next@file:///home/pvasireddy/Desktop/repos/js-tictactoe-rails-api-v-000/tmpTestSupport/jasmine.js:1517:40
complete@file:///home/pvasireddy/Desktop/repos/js-tictactoe-rails-api-v-000/tmpTestSupport/jasmine.js:333:19
clearStack@file:///home/pvasireddy/Desktop/repos/js-tictactoe-rails-api-v-000/tmpTestSupport/jasmine.js:506:11
run@file:///home/pvasireddy/Desktop/repos/js-tictactoe-rails-api-v-000/tmpTestSupport/jasmine.js:1505:22
execute@file:///home/pvasireddy/Desktop/repos/js-tictactoe-rails-api-v-000/tmpTestSupport/jasmine.js:1485:13
queueRunnerFactory@file:///home/pvasireddy/Desktop/repos/js-tictactoe-rails-api-v-000/tmpTestSupport/jasmine.js:518:42
execute@file:///home/pvasireddy/Desktop/repos/js-tictactoe-rails-api-v-000/tmpTestSupport/jasmine.js:306:28
file:///home/pvasireddy/Desktop/repos/js-tictactoe-rails-api-v-000/tmpTestSupport/jasmine.js:1708:44
attemptAsync@file:///home/pvasireddy/Desktop/repos/js-tictactoe-rails-api-v-000/tmpTestSupport/jasmine.js:1520:16
run@file:///home/pvasireddy/Desktop/repos/js-tictactoe-rails-api-v-000/tmpTestSupport/jasmine.js:1496:28
execute@file:///home/pvasireddy/Desktop/repos/js-tictactoe-rails-api-v-000/tmpTestSupport/jasmine.js:1485:13
queueRunnerFactory@file:///home/pvasireddy/Desktop/repos/js-tictactoe-rails-api-v-000/tmpTestSupport/jasmine.js:518:42
execute@file:///home/pvasireddy/Desktop/repos/js-tictactoe-rails-api-v-000/tmpTestSupport/jasmine.js:1694:21
file:///home/pvasireddy/Desktop/repos/js-tictactoe-rails-api-v-000/tmpTestSupport/jasmine.js:1708:44
attemptAsync@file:///home/pvasireddy/Desktop/repos/js-tictactoe-rails-api-v-000/tmpTestSupport/jasmine.js:1520:16
run@file:///home/pvasireddy/Desktop/repos/js-tictactoe-rails-api-v-000/tmpTestSupport/jasmine.js:1496:28
next@file:///home/pvasireddy/Desktop/repos/js-tictactoe-rails-api-v-000/tmpTestSupport/jasmine.js:1517:40
complete@file:///home/pvasireddy/Desktop/repos/js-tictactoe-rails-api-v-000/tmpTestSupport/jasmine.js:1703:19
clearStack@file:///home/pvasireddy/Desktop/repos/js-tictactoe-rails-api-v-000/tmpTestSupport/jasmine.js:506:11
run@file:///home/pvasireddy/Desktop/repos/js-tictactoe-rails-api-v-000/tmpTestSupport/jasmine.js:1505:22
next@file:///home/pvasireddy/Desktop/repos/js-tictactoe-rails-api-v-000/tmpTestSupport/jasmine.js:1517:40
complete@file:///home/pvasireddy/Desktop/repos/js-tictactoe-rails-api-v-000/tmpTestSupport/jasmine.js:333:19
clearStack@file:///home/pvasireddy/Desktop/repos/js-tictactoe-rails-api-v-000/tmpTestSupport/jasmine.js:506:11
run@file:///home/pvasireddy/Desktop/repos/js-tictactoe-rails-api-v-000/tmpTestSupport/jasmine.js:1505:22
execute@file:///home/pvasireddy/Desktop/repos/js-tictactoe-rails-api-v-000/tmpTestSupport/jasmine.js:1485:13
queueRunnerFactory@file:///home/pvasireddy/Desktop/repos/js-tictactoe-rails-api-v-000/tmpTestSupport/jasmine.js:518:42
execute@file:///home/pvasireddy/Desktop/repos/js-tictactoe-rails-api-v-000/tmpTestSupport/jasmine.js:306:28
file:///home/pvasireddy/Desktop/repos/js-tictactoe-rails-api-v-000/tmpTestSupport/jasmine.js:1708:44
attemptAsync@file:///home/pvasireddy/Desktop/repos/js-tictactoe-rails-api-v-000/tmpTestSupport/jasmine.js:1520:16
run@file:///home/pvasireddy/Desktop/repos/js-tictactoe-rails-api-v-000/tmpTestSupport/jasmine.js:1496:28
execute@file:///home/pvasireddy/Desktop/repos/js-tictactoe-rails-api-v-000/tmpTestSupport/jasmine.js:1485:13
queueRunnerFactory@file:///home/pvasireddy/Desktop/repos/js-tictactoe-rails-api-v-000/tmpTestSupport/jasmine.js:518:42
execute@file:///home/pvasireddy/Desktop/repos/js-tictactoe-rails-api-v-000/tmpTestSupport/jasmine.js:1694:21
file:///home/pvasireddy/Desktop/repos/js-tictactoe-rails-api-v-000/tmpTestSupport/jasmine.js:1708:44
attemptAsync@file:///home/pvasireddy/Desktop/repos/js-tictactoe-rails-api-v-000/tmpTestSupport/jasmine.js:1520:16
run@file:///home/pvasireddy/Desktop/repos/js-tictactoe-rails-api-v-000/tmpTestSupport/jasmine.js:1496:28
next@file:///home/pvasireddy/Desktop/repos/js-tictactoe-rails-api-v-000/tmpTestSupport/jasmine.js:1517:40
complete@file:///home/pvasireddy/Desktop/repos/js-tictactoe-rails-api-v-000/tmpTestSupport/jasmine.js:1703:19
clearStack@file:///home/pvasireddy/Desktop/repos/js-tictactoe-rails-api-v-000/tmpTestSupport/jasmine.js:506:11
run@file:///home/pvasireddy/Desktop/repos/js-tictactoe-rails-api-v-000/tmpTestSupport/jasmine.js:1505:22
next@file:///home/pvasireddy/Desktop/repos/js-tictactoe-rails-api-v-000/tmpTestSupport/jasmine.js:1517:40
complete@file:///home/pvasireddy/Desktop/repos/js-tictactoe-rails-api-v-000/tmpTestSupport/jasmine.js:333:19
clearStack@file:///home/pvasireddy/Desktop/repos/js-tictactoe-rails-api-v-000/tmpTestSupport/jasmine.js:506:11
run@file:///home/pvasireddy/Desktop/repos/js-tictactoe-rails-api-v-000/tmpTestSupport/jasmine.js:1505:22
execute@file:///home/pvasireddy/Desktop/repos/js-tictactoe-rails-api-v-000/tmpTestSupport/jasmine.js:1485:13
queueRunnerFactory@file:///home/pvasireddy/Desktop/repos/js-tictactoe-rails-api-v-000/tmpTestSupport/jasmine.js:518:42
execute@file:///home/pvasireddy/Desktop/repos/js-tictactoe-rails-api-v-000/tmpTestSupport/jasmine.js:306:28
file:///home/pvasireddy/Desktop/repos/js-tictactoe-rails-api-v-000/tmpTestSupport/jasmine.js:1708:44
attemptAsync@file:///home/pvasireddy/Desktop/repos/js-tictactoe-rails-api-v-000/tmpTestSupport/jasmine.js:1520:16
run@file:///home/pvasireddy/Desktop/repos/js-tictactoe-rails-api-v-000/tmpTestSupport/jasmine.js:1496:28
execute@file:///home/pvasireddy/Desktop/repos/js-tictactoe-rails-api-v-000/tmpTestSupport/jasmine.js:1485:13
queueRunnerFactory@file:///home/pvasireddy/Desktop/repos/js-tictactoe-rails-api-v-000/tmpTestSupport/jasmine.js:518:42
execute@file:///home/pvasireddy/Desktop/repos/js-tictactoe-rails-api-v-000/tmpTestSupport/jasmine.js:1694:21
file:///home/pvasireddy/Desktop/repos/js-tictactoe-rails-api-v-000/tmpTestSupport/jasmine.js:1708:44
attemptAsync@file:///home/pvasireddy/Desktop/repos/js-tictactoe-rails-api-v-000/tmpTestSupport/jasmine.js:1520:16
run@file:///home/pvasireddy/Desktop/repos/js-tictactoe-rails-api-v-000/tmpTestSupport/jasmine.js:1496:28
execute@file:///home/pvasireddy/Desktop/repos/js-tictactoe-rails-api-v-000/tmpTestSupport/jasmine.js:1485:13
queueRunnerFactory@file:///home/pvasireddy/Desktop/repos/js-tictactoe-rails-api-v-000/tmpTestSupport/jasmine.js:518:42
execute@file:///home/pvasireddy/Desktop/repos/js-tictactoe-rails-api-v-000/tmpTestSupport/jasmine.js:1694:21
file:///home/pvasireddy/Desktop/repos/js-tictactoe-rails-api-v-000/tmpTestSupport/jasmine.js:1708:44
attemptAsync@file:///home/pvasireddy/Desktop/repos/js-tictactoe-rails-api-v-000/tmpTestSupport/jasmine.js:1520:16
run@file:///home/pvasireddy/Desktop/repos/js-tictactoe-rails-api-v-000/tmpTestSupport/jasmine.js:1496:28
execute@file:///home/pvasireddy/Desktop/repos/js-tictactoe-rails-api-v-000/tmpTestSupport/jasmine.js:1485:13
queueRunnerFactory@file:///home/pvasireddy/Desktop/repos/js-tictactoe-rails-api-v-000/tmpTestSupport/jasmine.js:518:42
execute@file:///home/pvasireddy/Desktop/repos/js-tictactoe-rails-api-v-000/tmpTestSupport/jasmine.js:1694:21
file:///home/pvasireddy/Desktop/repos/js-tictactoe-rails-api-v-000/tmpTestSupport/jasmine.js:541:83
attemptAsync@file:///home/pvasireddy/Desktop/repos/js-tictactoe-rails-api-v-000/tmpTestSupport/jasmine.js:1520:16
run@file:///home/pvasireddy/Desktop/repos/js-tictactoe-rails-api-v-000/tmpTestSupport/jasmine.js:1496:28
execute@file:///home/pvasireddy/Desktop/repos/js-tictactoe-rails-api-v-000/tmpTestSupport/jasmine.js:1485:13
queueRunnerFactory@file:///home/pvasireddy/Desktop/repos/js-tictactoe-rails-api-v-000/tmpTestSupport/jasmine.js:518:42
execute@file:///home/pvasireddy/Desktop/repos/js-tictactoe-rails-api-v-000/tmpTestSupport/jasmine.js:548:25
onload@file:///home/pvasireddy/Desktop/repos/js-tictactoe-rails-api-v-000/tmpTestSupport/boot.js:172:16			</failure>
		</testcase>
		<testcase classname="Tic Tac Toe Functionality" name="#updateState adds the return value of `player()` to the clicked `td` on the board" time="0.003">
		</testcase>
		<testcase classname="Tic Tac Toe Functionality" name="#updateState calls on `player()`" time="0.003">
		</testcase>
		<testcase classname="Tic Tac Toe Functionality" name="#message adds the string it&amp;apos;s passed to the div with an id of message" time="0.002">
		</testcase>
		<testcase classname="Tic Tac Toe Functionality" name="#checkWinner returns false if there is no winning combo on the board" time="0.002">
			<failure type="toEqual" message="Expected undefined to equal false.">
stack@file:///home/pvasireddy/Desktop/repos/js-tictactoe-rails-api-v-000/tmpTestSupport/jasmine.js:1293:37
buildExpectationResult@file:///home/pvasireddy/Desktop/repos/js-tictactoe-rails-api-v-000/tmpTestSupport/jasmine.js:1270:19
expectationResultFactory@file:///home/pvasireddy/Desktop/repos/js-tictactoe-rails-api-v-000/tmpTestSupport/jasmine.js:484:40
addExpectationResult@file:///home/pvasireddy/Desktop/repos/js-tictactoe-rails-api-v-000/tmpTestSupport/jasmine.js:260:70
addExpectationResult@file:///home/pvasireddy/Desktop/repos/js-tictactoe-rails-api-v-000/tmpTestSupport/jasmine.js:442:41
file:///home/pvasireddy/Desktop/repos/js-tictactoe-rails-api-v-000/tmpTestSupport/jasmine.js:1209:32
file:///home/pvasireddy/Desktop/repos/js-tictactoe-rails-api-v-000/spec/tictactoe.spec.js:85:36
attemptSync@file:///home/pvasireddy/Desktop/repos/js-tictactoe-rails-api-v-000/tmpTestSupport/jasmine.js:1510:16
run@file:///home/pvasireddy/Desktop/repos/js-tictactoe-rails-api-v-000/tmpTestSupport/jasmine.js:1498:20
execute@file:///home/pvasireddy/Desktop/repos/js-tictactoe-rails-api-v-000/tmpTestSupport/jasmine.js:1485:13
queueRunnerFactory@file:///home/pvasireddy/Desktop/repos/js-tictactoe-rails-api-v-000/tmpTestSupport/jasmine.js:518:42
execute@file:///home/pvasireddy/Desktop/repos/js-tictactoe-rails-api-v-000/tmpTestSupport/jasmine.js:306:28
file:///home/pvasireddy/Desktop/repos/js-tictactoe-rails-api-v-000/tmpTestSupport/jasmine.js:1708:44
attemptAsync@file:///home/pvasireddy/Desktop/repos/js-tictactoe-rails-api-v-000/tmpTestSupport/jasmine.js:1520:16
run@file:///home/pvasireddy/Desktop/repos/js-tictactoe-rails-api-v-000/tmpTestSupport/jasmine.js:1496:28
execute@file:///home/pvasireddy/Desktop/repos/js-tictactoe-rails-api-v-000/tmpTestSupport/jasmine.js:1485:13
queueRunnerFactory@file:///home/pvasireddy/Desktop/repos/js-tictactoe-rails-api-v-000/tmpTestSupport/jasmine.js:518:42
execute@file:///home/pvasireddy/Desktop/repos/js-tictactoe-rails-api-v-000/tmpTestSupport/jasmine.js:1694:21
file:///home/pvasireddy/Desktop/repos/js-tictactoe-rails-api-v-000/tmpTestSupport/jasmine.js:1708:44
attemptAsync@file:///home/pvasireddy/Desktop/repos/js-tictactoe-rails-api-v-000/tmpTestSupport/jasmine.js:1520:16
run@file:///home/pvasireddy/Desktop/repos/js-tictactoe-rails-api-v-000/tmpTestSupport/jasmine.js:1496:28
next@file:///home/pvasireddy/Desktop/repos/js-tictactoe-rails-api-v-000/tmpTestSupport/jasmine.js:1517:40
complete@file:///home/pvasireddy/Desktop/repos/js-tictactoe-rails-api-v-000/tmpTestSupport/jasmine.js:1703:19
clearStack@file:///home/pvasireddy/Desktop/repos/js-tictactoe-rails-api-v-000/tmpTestSupport/jasmine.js:506:11
run@file:///home/pvasireddy/Desktop/repos/js-tictactoe-rails-api-v-000/tmpTestSupport/jasmine.js:1505:22
next@file:///home/pvasireddy/Desktop/repos/js-tictactoe-rails-api-v-000/tmpTestSupport/jasmine.js:1517:40
complete@file:///home/pvasireddy/Desktop/repos/js-tictactoe-rails-api-v-000/tmpTestSupport/jasmine.js:333:19
clearStack@file:///home/pvasireddy/Desktop/repos/js-tictactoe-rails-api-v-000/tmpTestSupport/jasmine.js:506:11
run@file:///home/pvasireddy/Desktop/repos/js-tictactoe-rails-api-v-000/tmpTestSupport/jasmine.js:1505:22
execute@file:///home/pvasireddy/Desktop/repos/js-tictactoe-rails-api-v-000/tmpTestSupport/jasmine.js:1485:13
queueRunnerFactory@file:///home/pvasireddy/Desktop/repos/js-tictactoe-rails-api-v-000/tmpTestSupport/jasmine.js:518:42
execute@file:///home/pvasireddy/Desktop/repos/js-tictactoe-rails-api-v-000/tmpTestSupport/jasmine.js:306:28
file:///home/pvasireddy/Desktop/repos/js-tictactoe-rails-api-v-000/tmpTestSupport/jasmine.js:1708:44
attemptAsync@file:///home/pvasireddy/Desktop/repos/js-tictactoe-rails-api-v-000/tmpTestSupport/jasmine.js:1520:16
run@file:///home/pvasireddy/Desktop/repos/js-tictactoe-rails-api-v-000/tmpTestSupport/jasmine.js:1496:28
execute@file:///home/pvasireddy/Desktop/repos/js-tictactoe-rails-api-v-000/tmpTestSupport/jasmine.js:1485:13
queueRunnerFactory@file:///home/pvasireddy/Desktop/repos/js-tictactoe-rails-api-v-000/tmpTestSupport/jasmine.js:518:42
execute@file:///home/pvasireddy/Desktop/repos/js-tictactoe-rails-api-v-000/tmpTestSupport/jasmine.js:1694:21
file:///home/pvasireddy/Desktop/repos/js-tictactoe-rails-api-v-000/tmpTestSupport/jasmine.js:1708:44
attemptAsync@file:///home/pvasireddy/Desktop/repos/js-tictactoe-rails-api-v-000/tmpTestSupport/jasmine.js:1520:16
run@file:///home/pvasireddy/Desktop/repos/js-tictactoe-rails-api-v-000/tmpTestSupport/jasmine.js:1496:28
next@file:///home/pvasireddy/Desktop/repos/js-tictactoe-rails-api-v-000/tmpTestSupport/jasmine.js:1517:40
complete@file:///home/pvasireddy/Desktop/repos/js-tictactoe-rails-api-v-000/tmpTestSupport/jasmine.js:1703:19
clearStack@file:///home/pvasireddy/Desktop/repos/js-tictactoe-rails-api-v-000/tmpTestSupport/jasmine.js:506:11
run@file:///home/pvasireddy/Desktop/repos/js-tictactoe-rails-api-v-000/tmpTestSupport/jasmine.js:1505:22
next@file:///home/pvasireddy/Desktop/repos/js-tictactoe-rails-api-v-000/tmpTestSupport/jasmine.js:1517:40
complete@file:///home/pvasireddy/Desktop/repos/js-tictactoe-rails-api-v-000/tmpTestSupport/jasmine.js:333:19
clearStack@file:///home/pvasireddy/Desktop/repos/js-tictactoe-rails-api-v-000/tmpTestSupport/jasmine.js:506:11
run@file:///home/pvasireddy/Desktop/repos/js-tictactoe-rails-api-v-000/tmpTestSupport/jasmine.js:1505:22
execute@file:///home/pvasireddy/Desktop/repos/js-tictactoe-rails-api-v-000/tmpTestSupport/jasmine.js:1485:13
queueRunnerFactory@file:///home/pvasireddy/Desktop/repos/js-tictactoe-rails-api-v-000/tmpTestSupport/jasmine.js:518:42
execute@file:///home/pvasireddy/Desktop/repos/js-tictactoe-rails-api-v-000/tmpTestSupport/jasmine.js:306:28
file:///home/pvasireddy/Desktop/repos/js-tictactoe-rails-api-v-000/tmpTestSupport/jasmine.js:1708:44
attemptAsync@file:///home/pvasireddy/Desktop/repos/js-tictactoe-rails-api-v-000/tmpTestSupport/jasmine.js:1520:16
run@file:///home/pvasireddy/Desktop/repos/js-tictactoe-rails-api-v-000/tmpTestSupport/jasmine.js:1496:28
next@file:///home/pvasireddy/Desktop/repos/js-tictactoe-rails-api-v-000/tmpTestSupport/jasmine.js:1517:40
complete@file:///home/pvasireddy/Desktop/repos/js-tictactoe-rails-api-v-000/tmpTestSupport/jasmine.js:333:19
clearStack@file:///home/pvasireddy/Desktop/repos/js-tictactoe-rails-api-v-000/tmpTestSupport/jasmine.js:506:11
run@file:///home/pvasireddy/Desktop/repos/js-tictactoe-rails-api-v-000/tmpTestSupport/jasmine.js:1505:22
execute@file:///home/pvasireddy/Desktop/repos/js-tictactoe-rails-api-v-000/tmpTestSupport/jasmine.js:1485:13
queueRunnerFactory@file:///home/pvasireddy/Desktop/repos/js-tictactoe-rails-api-v-000/tmpTestSupport/jasmine.js:518:42
execute@file:///home/pvasireddy/Desktop/repos/js-tictactoe-rails-api-v-000/tmpTestSupport/jasmine.js:306:28
file:///home/pvasireddy/Desktop/repos/js-tictactoe-rails-api-v-000/tmpTestSupport/jasmine.js:1708:44
attemptAsync@file:///home/pvasireddy/Desktop/repos/js-tictactoe-rails-api-v-000/tmpTestSupport/jasmine.js:1520:16
run@file:///home/pvasireddy/Desktop/repos/js-tictactoe-rails-api-v-000/tmpTestSupport/jasmine.js:1496:28
execute@file:///home/pvasireddy/Desktop/repos/js-tictactoe-rails-api-v-000/tmpTestSupport/jasmine.js:1485:13
queueRunnerFactory@file:///home/pvasireddy/Desktop/repos/js-tictactoe-rails-api-v-000/tmpTestSupport/jasmine.js:518:42
execute@file:///home/pvasireddy/Desktop/repos/js-tictactoe-rails-api-v-000/tmpTestSupport/jasmine.js:1694:21
file:///home/pvasireddy/Desktop/repos/js-tictactoe-rails-api-v-000/tmpTestSupport/jasmine.js:1708:44
attemptAsync@file:///home/pvasireddy/Desktop/repos/js-tictactoe-rails-api-v-000/tmpTestSupport/jasmine.js:1520:16
run@file:///home/pvasireddy/Desktop/repos/js-tictactoe-rails-api-v-000/tmpTestSupport/jasmine.js:1496:28
next@file:///home/pvasireddy/Desktop/repos/js-tictactoe-rails-api-v-000/tmpTestSupport/jasmine.js:1517:40
complete@file:///home/pvasireddy/Desktop/repos/js-tictactoe-rails-api-v-000/tmpTestSupport/jasmine.js:1703:19
clearStack@file:///home/pvasireddy/Desktop/repos/js-tictactoe-rails-api-v-000/tmpTestSupport/jasmine.js:506:11
run@file:///home/pvasireddy/Desktop/repos/js-tictactoe-rails-api-v-000/tmpTestSupport/jasmine.js:1505:22
next@file:///home/pvasireddy/Desktop/repos/js-tictactoe-rails-api-v-000/tmpTestSupport/jasmine.js:1517:40
complete@file:///home/pvasireddy/Desktop/repos/js-tictactoe-rails-api-v-000/tmpTestSupport/jasmine.js:333:19
clearStack@file:///home/pvasireddy/Desktop/repos/js-tictactoe-rails-api-v-000/tmpTestSupport/jasmine.js:506:11
run@file:///home/pvasireddy/Desktop/repos/js-tictactoe-rails-api-v-000/tmpTestSupport/jasmine.js:1505:22
execute@file:///home/pvasireddy/Desktop/repos/js-tictactoe-rails-api-v-000/tmpTestSupport/jasmine.js:1485:13
queueRunnerFactory@file:///home/pvasireddy/Desktop/repos/js-tictactoe-rails-api-v-000/tmpTestSupport/jasmine.js:518:42
execute@file:///home/pvasireddy/Desktop/repos/js-tictactoe-rails-api-v-000/tmpTestSupport/jasmine.js:306:28
file:///home/pvasireddy/Desktop/repos/js-tictactoe-rails-api-v-000/tmpTestSupport/jasmine.js:1708:44
attemptAsync@file:///home/pvasireddy/Desktop/repos/js-tictactoe-rails-api-v-000/tmpTestSupport/jasmine.js:1520:16
run@file:///home/pvasireddy/Desktop/repos/js-tictactoe-rails-api-v-000/tmpTestSupport/jasmine.js:1496:28
next@file:///home/pvasireddy/Desktop/repos/js-tictactoe-rails-api-v-000/tmpTestSupport/jasmine.js:1517:40
complete@file:///home/pvasireddy/Desktop/repos/js-tictactoe-rails-api-v-000/tmpTestSupport/jasmine.js:333:19
clearStack@file:///home/pvasireddy/Desktop/repos/js-tictactoe-rails-api-v-000/tmpTestSupport/jasmine.js:506:11
run@file:///home/pvasireddy/Desktop/repos/js-tictactoe-rails-api-v-000/tmpTestSupport/jasmine.js:1505:22
execute@file:///home/pvasireddy/Desktop/repos/js-tictactoe-rails-api-v-000/tmpTestSupport/jasmine.js:1485:13
queueRunnerFactory@file:///home/pvasireddy/Desktop/repos/js-tictactoe-rails-api-v-000/tmpTestSupport/jasmine.js:518:42
execute@file:///home/pvasireddy/Desktop/repos/js-tictactoe-rails-api-v-000/tmpTestSupport/jasmine.js:306:28
file:///home/pvasireddy/Desktop/repos/js-tictactoe-rails-api-v-000/tmpTestSupport/jasmine.js:1708:44
attemptAsync@file:///home/pvasireddy/Desktop/repos/js-tictactoe-rails-api-v-000/tmpTestSupport/jasmine.js:1520:16
run@file:///home/pvasireddy/Desktop/repos/js-tictactoe-rails-api-v-000/tmpTestSupport/jasmine.js:1496:28
execute@file:///home/pvasireddy/Desktop/repos/js-tictactoe-rails-api-v-000/tmpTestSupport/jasmine.js:1485:13
queueRunnerFactory@file:///home/pvasireddy/Desktop/repos/js-tictactoe-rails-api-v-000/tmpTestSupport/jasmine.js:518:42
execute@file:///home/pvasireddy/Desktop/repos/js-tictactoe-rails-api-v-000/tmpTestSupport/jasmine.js:1694:21
file:///home/pvasireddy/Desktop/repos/js-tictactoe-rails-api-v-000/tmpTestSupport/jasmine.js:1708:44
attemptAsync@file:///home/pvasireddy/Desktop/repos/js-tictactoe-rails-api-v-000/tmpTestSupport/jasmine.js:1520:16
run@file:///home/pvasireddy/Desktop/repos/js-tictactoe-rails-api-v-000/tmpTestSupport/jasmine.js:1496:28
next@file:///home/pvasireddy/Desktop/repos/js-tictactoe-rails-api-v-000/tmpTestSupport/jasmine.js:1517:40
complete@file:///home/pvasireddy/Desktop/repos/js-tictactoe-rails-api-v-000/tmpTestSupport/jasmine.js:1703:19
clearStack@file:///home/pvasireddy/Desktop/repos/js-tictactoe-rails-api-v-000/tmpTestSupport/jasmine.js:506:11
run@file:///home/pvasireddy/Desktop/repos/js-tictactoe-rails-api-v-000/tmpTestSupport/jasmine.js:1505:22
next@file:///home/pvasireddy/Desktop/repos/js-tictactoe-rails-api-v-000/tmpTestSupport/jasmine.js:1517:40
complete@file:///home/pvasireddy/Desktop/repos/js-tictactoe-rails-api-v-000/tmpTestSupport/jasmine.js:333:19
clearStack@file:///home/pvasireddy/Desktop/repos/js-tictactoe-rails-api-v-000/tmpTestSupport/jasmine.js:506:11
run@file:///home/pvasireddy/Desktop/repos/js-tictactoe-rails-api-v-000/tmpTestSupport/jasmine.js:1505:22
execute@file:///home/pvasireddy/Desktop/repos/js-tictactoe-rails-api-v-000/tmpTestSupport/jasmine.js:1485:13
queueRunnerFactory@file:///home/pvasireddy/Desktop/repos/js-tictactoe-rails-api-v-000/tmpTestSupport/jasmine.js:518:42
execute@file:///home/pvasireddy/Desktop/repos/js-tictactoe-rails-api-v-000/tmpTestSupport/jasmine.js:306:28
file:///home/pvasireddy/Desktop/repos/js-tictactoe-rails-api-v-000/tmpTestSupport/jasmine.js:1708:44
attemptAsync@file:///home/pvasireddy/Desktop/repos/js-tictactoe-rails-api-v-000/tmpTestSupport/jasmine.js:1520:16
run@file:///home/pvasireddy/Desktop/repos/js-tictactoe-rails-api-v-000/tmpTestSupport/jasmine.js:1496:28
execute@file:///home/pvasireddy/Desktop/repos/js-tictactoe-rails-api-v-000/tmpTestSupport/jasmine.js:1485:13
queueRunnerFactory@file:///home/pvasireddy/Desktop/repos/js-tictactoe-rails-api-v-000/tmpTestSupport/jasmine.js:518:42
execute@file:///home/pvasireddy/Desktop/repos/js-tictactoe-rails-api-v-000/tmpTestSupport/jasmine.js:1694:21
file:///home/pvasireddy/Desktop/repos/js-tictactoe-rails-api-v-000/tmpTestSupport/jasmine.js:1708:44
attemptAsync@file:///home/pvasireddy/Desktop/repos/js-tictactoe-rails-api-v-000/tmpTestSupport/jasmine.js:1520:16
run@file:///home/pvasireddy/Desktop/repos/js-tictactoe-rails-api-v-000/tmpTestSupport/jasmine.js:1496:28
next@file:///home/pvasireddy/Desktop/repos/js-tictactoe-rails-api-v-000/tmpTestSupport/jasmine.js:1517:40
complete@file:///home/pvasireddy/Desktop/repos/js-tictactoe-rails-api-v-000/tmpTestSupport/jasmine.js:1703:19
clearStack@file:///home/pvasireddy/Desktop/repos/js-tictactoe-rails-api-v-000/tmpTestSupport/jasmine.js:506:11
run@file:///home/pvasireddy/Desktop/repos/js-tictactoe-rails-api-v-000/tmpTestSupport/jasmine.js:1505:22
next@file:///home/pvasireddy/Desktop/repos/js-tictactoe-rails-api-v-000/tmpTestSupport/jasmine.js:1517:40
complete@file:///home/pvasireddy/Desktop/repos/js-tictactoe-rails-api-v-000/tmpTestSupport/jasmine.js:333:19
clearStack@file:///home/pvasireddy/Desktop/repos/js-tictactoe-rails-api-v-000/tmpTestSupport/jasmine.js:506:11
run@file:///home/pvasireddy/Desktop/repos/js-tictactoe-rails-api-v-000/tmpTestSupport/jasmine.js:1505:22
execute@file:///home/pvasireddy/Desktop/repos/js-tictactoe-rails-api-v-000/tmpTestSupport/jasmine.js:1485:13
queueRunnerFactory@file:///home/pvasireddy/Desktop/repos/js-tictactoe-rails-api-v-000/tmpTestSupport/jasmine.js:518:42
execute@file:///home/pvasireddy/Desktop/repos/js-tictactoe-rails-api-v-000/tmpTestSupport/jasmine.js:306:28
file:///home/pvasireddy/Desktop/repos/js-tictactoe-rails-api-v-000/tmpTestSupport/jasmine.js:1708:44
attemptAsync@file:///home/pvasireddy/Desktop/repos/js-tictactoe-rails-api-v-000/tmpTestSupport/jasmine.js:1520:16
run@file:///home/pvasireddy/Desktop/repos/js-tictactoe-rails-api-v-000/tmpTestSupport/jasmine.js:1496:28
execute@file:///home/pvasireddy/Desktop/repos/js-tictactoe-rails-api-v-000/tmpTestSupport/jasmine.js:1485:13
queueRunnerFactory@file:///home/pvasireddy/Desktop/repos/js-tictactoe-rails-api-v-000/tmpTestSupport/jasmine.js:518:42
execute@file:///home/pvasireddy/Desktop/repos/js-tictactoe-rails-api-v-000/tmpTestSupport/jasmine.js:1694:21
file:///home/pvasireddy/Desktop/repos/js-tictactoe-rails-api-v-000/tmpTestSupport/jasmine.js:1708:44
attemptAsync@file:///home/pvasireddy/Desktop/repos/js-tictactoe-rails-api-v-000/tmpTestSupport/jasmine.js:1520:16
run@file:///home/pvasireddy/Desktop/repos/js-tictactoe-rails-api-v-000/tmpTestSupport/jasmine.js:1496:28
execute@file:///home/pvasireddy/Desktop/repos/js-tictactoe-rails-api-v-000/tmpTestSupport/jasmine.js:1485:13
queueRunnerFactory@file:///home/pvasireddy/Desktop/repos/js-tictactoe-rails-api-v-000/tmpTestSupport/jasmine.js:518:42
execute@file:///home/pvasireddy/Desktop/repos/js-tictactoe-rails-api-v-000/tmpTestSupport/jasmine.js:1694:21
file:///home/pvasireddy/Desktop/repos/js-tictactoe-rails-api-v-000/tmpTestSupport/jasmine.js:1708:44
attemptAsync@file:///home/pvasireddy/Desktop/repos/js-tictactoe-rails-api-v-000/tmpTestSupport/jasmine.js:1520:16
run@file:///home/pvasireddy/Desktop/repos/js-tictactoe-rails-api-v-000/tmpTestSupport/jasmine.js:1496:28
execute@file:///home/pvasireddy/Desktop/repos/js-tictactoe-rails-api-v-000/tmpTestSupport/jasmine.js:1485:13
queueRunnerFactory@file:///home/pvasireddy/Desktop/repos/js-tictactoe-rails-api-v-000/tmpTestSupport/jasmine.js:518:42
execute@file:///home/pvasireddy/Desktop/repos/js-tictactoe-rails-api-v-000/tmpTestSupport/jasmine.js:1694:21
file:///home/pvasireddy/Desktop/repos/js-tictactoe-rails-api-v-000/tmpTestSupport/jasmine.js:541:83
attemptAsync@file:///home/pvasireddy/Desktop/repos/js-tictactoe-rails-api-v-000/tmpTestSupport/jasmine.js:1520:16
run@file:///home/pvasireddy/Desktop/repos/js-tictactoe-rails-api-v-000/tmpTestSupport/jasmine.js:1496:28
execute@file:///home/pvasireddy/Desktop/repos/js-tictactoe-rails-api-v-000/tmpTestSupport/jasmine.js:1485:13
queueRunnerFactory@file:///home/pvasireddy/Desktop/repos/js-tictactoe-rails-api-v-000/tmpTestSupport/jasmine.js:518:42
execute@file:///home/pvasireddy/Desktop/repos/js-tictactoe-rails-api-v-000/tmpTestSupport/jasmine.js:548:25
onload@file:///home/pvasireddy/Desktop/repos/js-tictactoe-rails-api-v-000/tmpTestSupport/boot.js:172:16			</failure>
		</testcase>
		<testcase classname="Tic Tac Toe Functionality" name="#checkWinner calls on &amp;apos;message&amp;apos; and passes it the string &amp;apos;Player X Won!&amp;apos; when player X wins vertically" time="0.006">
		</testcase>
		<testcase classname="Tic Tac Toe Functionality" name="#checkWinner calls on &amp;apos;message&amp;apos; and passes it the string &amp;apos;Player X Won!&amp;apos; when player X wins diagonally" time="0.006">
		</testcase>
		<testcase classname="Tic Tac Toe Functionality" name="when there is a tie calls on &amp;apos;message&amp;apos; and passes it the string &amp;apos;Tie game&amp;apos; when there is a tie" time="0.007">
		</testcase>
		<testcase classname="Tic Tac Toe Functionality" name="resetting the board resets the board and sets turn to zero when there is a winner" time="0.006">
			<failure type="toEqual" message="Expected &amp;apos; &amp;apos; to equal &amp;apos;&amp;apos;.">
stack@file:///home/pvasireddy/Desktop/repos/js-tictactoe-rails-api-v-000/tmpTestSupport/jasmine.js:1293:37
buildExpectationResult@file:///home/pvasireddy/Desktop/repos/js-tictactoe-rails-api-v-000/tmpTestSupport/jasmine.js:1270:19
expectationResultFactory@file:///home/pvasireddy/Desktop/repos/js-tictactoe-rails-api-v-000/tmpTestSupport/jasmine.js:484:40
addExpectationResult@file:///home/pvasireddy/Desktop/repos/js-tictactoe-rails-api-v-000/tmpTestSupport/jasmine.js:260:70
addExpectationResult@file:///home/pvasireddy/Desktop/repos/js-tictactoe-rails-api-v-000/tmpTestSupport/jasmine.js:442:41
file:///home/pvasireddy/Desktop/repos/js-tictactoe-rails-api-v-000/tmpTestSupport/jasmine.js:1209:32
file:///home/pvasireddy/Desktop/repos/js-tictactoe-rails-api-v-000/spec/tictactoe.spec.js:160:39
each@file:///home/pvasireddy/Desktop/repos/js-tictactoe-rails-api-v-000/spec/lib/jquery.min.js:2:3150
each@file:///home/pvasireddy/Desktop/repos/js-tictactoe-rails-api-v-000/spec/lib/jquery.min.js:2:1115
file:///home/pvasireddy/Desktop/repos/js-tictactoe-rails-api-v-000/spec/tictactoe.spec.js:159:19
attemptSync@file:///home/pvasireddy/Desktop/repos/js-tictactoe-rails-api-v-000/tmpTestSupport/jasmine.js:1510:16
run@file:///home/pvasireddy/Desktop/repos/js-tictactoe-rails-api-v-000/tmpTestSupport/jasmine.js:1498:20
execute@file:///home/pvasireddy/Desktop/repos/js-tictactoe-rails-api-v-000/tmpTestSupport/jasmine.js:1485:13
queueRunnerFactory@file:///home/pvasireddy/Desktop/repos/js-tictactoe-rails-api-v-000/tmpTestSupport/jasmine.js:518:42
execute@file:///home/pvasireddy/Desktop/repos/js-tictactoe-rails-api-v-000/tmpTestSupport/jasmine.js:306:28
file:///home/pvasireddy/Desktop/repos/js-tictactoe-rails-api-v-000/tmpTestSupport/jasmine.js:1708:44
attemptAsync@file:///home/pvasireddy/Desktop/repos/js-tictactoe-rails-api-v-000/tmpTestSupport/jasmine.js:1520:16
run@file:///home/pvasireddy/Desktop/repos/js-tictactoe-rails-api-v-000/tmpTestSupport/jasmine.js:1496:28
execute@file:///home/pvasireddy/Desktop/repos/js-tictactoe-rails-api-v-000/tmpTestSupport/jasmine.js:1485:13
queueRunnerFactory@file:///home/pvasireddy/Desktop/repos/js-tictactoe-rails-api-v-000/tmpTestSupport/jasmine.js:518:42
execute@file:///home/pvasireddy/Desktop/repos/js-tictactoe-rails-api-v-000/tmpTestSupport/jasmine.js:1694:21
file:///home/pvasireddy/Desktop/repos/js-tictactoe-rails-api-v-000/tmpTestSupport/jasmine.js:1708:44
attemptAsync@file:///home/pvasireddy/Desktop/repos/js-tictactoe-rails-api-v-000/tmpTestSupport/jasmine.js:1520:16
run@file:///home/pvasireddy/Desktop/repos/js-tictactoe-rails-api-v-000/tmpTestSupport/jasmine.js:1496:28
next@file:///home/pvasireddy/Desktop/repos/js-tictactoe-rails-api-v-000/tmpTestSupport/jasmine.js:1517:40
complete@file:///home/pvasireddy/Desktop/repos/js-tictactoe-rails-api-v-000/tmpTestSupport/jasmine.js:1703:19
clearStack@file:///home/pvasireddy/Desktop/repos/js-tictactoe-rails-api-v-000/tmpTestSupport/jasmine.js:506:11
run@file:///home/pvasireddy/Desktop/repos/js-tictactoe-rails-api-v-000/tmpTestSupport/jasmine.js:1505:22
next@file:///home/pvasireddy/Desktop/repos/js-tictactoe-rails-api-v-000/tmpTestSupport/jasmine.js:1517:40
complete@file:///home/pvasireddy/Desktop/repos/js-tictactoe-rails-api-v-000/tmpTestSupport/jasmine.js:333:19
clearStack@file:///home/pvasireddy/Desktop/repos/js-tictactoe-rails-api-v-000/tmpTestSupport/jasmine.js:506:11
run@file:///home/pvasireddy/Desktop/repos/js-tictactoe-rails-api-v-000/tmpTestSupport/jasmine.js:1505:22
execute@file:///home/pvasireddy/Desktop/repos/js-tictactoe-rails-api-v-000/tmpTestSupport/jasmine.js:1485:13
queueRunnerFactory@file:///home/pvasireddy/Desktop/repos/js-tictactoe-rails-api-v-000/tmpTestSupport/jasmine.js:518:42
execute@file:///home/pvasireddy/Desktop/repos/js-tictactoe-rails-api-v-000/tmpTestSupport/jasmine.js:306:28
file:///home/pvasireddy/Desktop/repos/js-tictactoe-rails-api-v-000/tmpTestSupport/jasmine.js:1708:44
attemptAsync@file:///home/pvasireddy/Desktop/repos/js-tictactoe-rails-api-v-000/tmpTestSupport/jasmine.js:1520:16
run@file:///home/pvasireddy/Desktop/repos/js-tictactoe-rails-api-v-000/tmpTestSupport/jasmine.js:1496:28
execute@file:///home/pvasireddy/Desktop/repos/js-tictactoe-rails-api-v-000/tmpTestSupport/jasmine.js:1485:13
queueRunnerFactory@file:///home/pvasireddy/Desktop/repos/js-tictactoe-rails-api-v-000/tmpTestSupport/jasmine.js:518:42
execute@file:///home/pvasireddy/Desktop/repos/js-tictactoe-rails-api-v-000/tmpTestSupport/jasmine.js:1694:21
file:///home/pvasireddy/Desktop/repos/js-tictactoe-rails-api-v-000/tmpTestSupport/jasmine.js:1708:44
attemptAsync@file:///home/pvasireddy/Desktop/repos/js-tictactoe-rails-api-v-000/tmpTestSupport/jasmine.js:1520:16
run@file:///home/pvasireddy/Desktop/repos/js-tictactoe-rails-api-v-000/tmpTestSupport/jasmine.js:1496:28
next@file:///home/pvasireddy/Desktop/repos/js-tictactoe-rails-api-v-000/tmpTestSupport/jasmine.js:1517:40
complete@file:///home/pvasireddy/Desktop/repos/js-tictactoe-rails-api-v-000/tmpTestSupport/jasmine.js:1703:19
clearStack@file:///home/pvasireddy/Desktop/repos/js-tictactoe-rails-api-v-000/tmpTestSupport/jasmine.js:506:11
run@file:///home/pvasireddy/Desktop/repos/js-tictactoe-rails-api-v-000/tmpTestSupport/jasmine.js:1505:22
next@file:///home/pvasireddy/Desktop/repos/js-tictactoe-rails-api-v-000/tmpTestSupport/jasmine.js:1517:40
complete@file:///home/pvasireddy/Desktop/repos/js-tictactoe-rails-api-v-000/tmpTestSupport/jasmine.js:333:19
clearStack@file:///home/pvasireddy/Desktop/repos/js-tictactoe-rails-api-v-000/tmpTestSupport/jasmine.js:506:11
run@file:///home/pvasireddy/Desktop/repos/js-tictactoe-rails-api-v-000/tmpTestSupport/jasmine.js:1505:22
execute@file:///home/pvasireddy/Desktop/repos/js-tictactoe-rails-api-v-000/tmpTestSupport/jasmine.js:1485:13
queueRunnerFactory@file:///home/pvasireddy/Desktop/repos/js-tictactoe-rails-api-v-000/tmpTestSupport/jasmine.js:518:42
execute@file:///home/pvasireddy/Desktop/repos/js-tictactoe-rails-api-v-000/tmpTestSupport/jasmine.js:306:28
file:///home/pvasireddy/Desktop/repos/js-tictactoe-rails-api-v-000/tmpTestSupport/jasmine.js:1708:44
attemptAsync@file:///home/pvasireddy/Desktop/repos/js-tictactoe-rails-api-v-000/tmpTestSupport/jasmine.js:1520:16
run@file:///home/pvasireddy/Desktop/repos/js-tictactoe-rails-api-v-000/tmpTestSupport/jasmine.js:1496:28
next@file:///home/pvasireddy/Desktop/repos/js-tictactoe-rails-api-v-000/tmpTestSupport/jasmine.js:1517:40
complete@file:///home/pvasireddy/Desktop/repos/js-tictactoe-rails-api-v-000/tmpTestSupport/jasmine.js:333:19
clearStack@file:///home/pvasireddy/Desktop/repos/js-tictactoe-rails-api-v-000/tmpTestSupport/jasmine.js:506:11
run@file:///home/pvasireddy/Desktop/repos/js-tictactoe-rails-api-v-000/tmpTestSupport/jasmine.js:1505:22
execute@file:///home/pvasireddy/Desktop/repos/js-tictactoe-rails-api-v-000/tmpTestSupport/jasmine.js:1485:13
queueRunnerFactory@file:///home/pvasireddy/Desktop/repos/js-tictactoe-rails-api-v-000/tmpTestSupport/jasmine.js:518:42
execute@file:///home/pvasireddy/Desktop/repos/js-tictactoe-rails-api-v-000/tmpTestSupport/jasmine.js:306:28
file:///home/pvasireddy/Desktop/repos/js-tictactoe-rails-api-v-000/tmpTestSupport/jasmine.js:1708:44
attemptAsync@file:///home/pvasireddy/Desktop/repos/js-tictactoe-rails-api-v-000/tmpTestSupport/jasmine.js:1520:16
run@file:///home/pvasireddy/Desktop/repos/js-tictactoe-rails-api-v-000/tmpTestSupport/jasmine.js:1496:28
next@file:///home/pvasireddy/Desktop/repos/js-tictactoe-rails-api-v-000/tmpTestSupport/jasmine.js:1517:40
complete@file:///home/pvasireddy/Desktop/repos/js-tictactoe-rails-api-v-000/tmpTestSupport/jasmine.js:333:19
clearStack@file:///home/pvasireddy/Desktop/repos/js-tictactoe-rails-api-v-000/tmpTestSupport/jasmine.js:506:11
run@file:///home/pvasireddy/Desktop/repos/js-tictactoe-rails-api-v-000/tmpTestSupport/jasmine.js:1505:22
execute@file:///home/pvasireddy/Desktop/repos/js-tictactoe-rails-api-v-000/tmpTestSupport/jasmine.js:1485:13
queueRunnerFactory@file:///home/pvasireddy/Desktop/repos/js-tictactoe-rails-api-v-000/tmpTestSupport/jasmine.js:518:42
execute@file:///home/pvasireddy/Desktop/repos/js-tictactoe-rails-api-v-000/tmpTestSupport/jasmine.js:306:28
file:///home/pvasireddy/Desktop/repos/js-tictactoe-rails-api-v-000/tmpTestSupport/jasmine.js:1708:44
attemptAsync@file:///home/pvasireddy/Desktop/repos/js-tictactoe-rails-api-v-000/tmpTestSupport/jasmine.js:1520:16
run@file:///home/pvasireddy/Desktop/repos/js-tictactoe-rails-api-v-000/tmpTestSupport/jasmine.js:1496:28
execute@file:///home/pvasireddy/Desktop/repos/js-tictactoe-rails-api-v-000/tmpTestSupport/jasmine.js:1485:13
queueRunnerFactory@file:///home/pvasireddy/Desktop/repos/js-tictactoe-rails-api-v-000/tmpTestSupport/jasmine.js:518:42
execute@file:///home/pvasireddy/Desktop/repos/js-tictactoe-rails-api-v-000/tmpTestSupport/jasmine.js:1694:21
file:///home/pvasireddy/Desktop/repos/js-tictactoe-rails-api-v-000/tmpTestSupport/jasmine.js:1708:44
attemptAsync@file:///home/pvasireddy/Desktop/repos/js-tictactoe-rails-api-v-000/tmpTestSupport/jasmine.js:1520:16
run@file:///home/pvasireddy/Desktop/repos/js-tictactoe-rails-api-v-000/tmpTestSupport/jasmine.js:1496:28
next@file:///home/pvasireddy/Desktop/repos/js-tictactoe-rails-api-v-000/tmpTestSupport/jasmine.js:1517:40
complete@file:///home/pvasireddy/Desktop/repos/js-tictactoe-rails-api-v-000/tmpTestSupport/jasmine.js:1703:19
clearStack@file:///home/pvasireddy/Desktop/repos/js-tictactoe-rails-api-v-000/tmpTestSupport/jasmine.js:506:11
run@file:///home/pvasireddy/Desktop/repos/js-tictactoe-rails-api-v-000/tmpTestSupport/jasmine.js:1505:22
next@file:///home/pvasireddy/Desktop/repos/js-tictactoe-rails-api-v-000/tmpTestSupport/jasmine.js:1517:40
complete@file:///home/pvasireddy/Desktop/repos/js-tictactoe-rails-api-v-000/tmpTestSupport/jasmine.js:333:19
clearStack@file:///home/pvasireddy/Desktop/repos/js-tictactoe-rails-api-v-000/tmpTestSupport/jasmine.js:506:11
run@file:///home/pvasireddy/Desktop/repos/js-tictactoe-rails-api-v-000/tmpTestSupport/jasmine.js:1505:22
execute@file:///home/pvasireddy/Desktop/repos/js-tictactoe-rails-api-v-000/tmpTestSupport/jasmine.js:1485:13
queueRunnerFactory@file:///home/pvasireddy/Desktop/repos/js-tictactoe-rails-api-v-000/tmpTestSupport/jasmine.js:518:42
execute@file:///home/pvasireddy/Desktop/repos/js-tictactoe-rails-api-v-000/tmpTestSupport/jasmine.js:306:28
file:///home/pvasireddy/Desktop/repos/js-tictactoe-rails-api-v-000/tmpTestSupport/jasmine.js:1708:44
attemptAsync@file:///home/pvasireddy/Desktop/repos/js-tictactoe-rails-api-v-000/tmpTestSupport/jasmine.js:1520:16
run@file:///home/pvasireddy/Desktop/repos/js-tictactoe-rails-api-v-000/tmpTestSupport/jasmine.js:1496:28
execute@file:///home/pvasireddy/Desktop/repos/js-tictactoe-rails-api-v-000/tmpTestSupport/jasmine.js:1485:13
queueRunnerFactory@file:///home/pvasireddy/Desktop/repos/js-tictactoe-rails-api-v-000/tmpTestSupport/jasmine.js:518:42
execute@file:///home/pvasireddy/Desktop/repos/js-tictactoe-rails-api-v-000/tmpTestSupport/jasmine.js:1694:21
file:///home/pvasireddy/Desktop/repos/js-tictactoe-rails-api-v-000/tmpTestSupport/jasmine.js:1708:44
attemptAsync@file:///home/pvasireddy/Desktop/repos/js-tictactoe-rails-api-v-000/tmpTestSupport/jasmine.js:1520:16
run@file:///home/pvasireddy/Desktop/repos/js-tictactoe-rails-api-v-000/tmpTestSupport/jasmine.js:1496:28
next@file:///home/pvasireddy/Desktop/repos/js-tictactoe-rails-api-v-000/tmpTestSupport/jasmine.js:1517:40
complete@file:///home/pvasireddy/Desktop/repos/js-tictactoe-rails-api-v-000/tmpTestSupport/jasmine.js:1703:19
clearStack@file:///home/pvasireddy/Desktop/repos/js-tictactoe-rails-api-v-000/tmpTestSupport/jasmine.js:506:11
run@file:///home/pvasireddy/Desktop/repos/js-tictactoe-rails-api-v-000/tmpTestSupport/jasmine.js:1505:22
next@file:///home/pvasireddy/Desktop/repos/js-tictactoe-rails-api-v-000/tmpTestSupport/jasmine.js:1517:40
complete@file:///home/pvasireddy/Desktop/repos/js-tictactoe-rails-api-v-000/tmpTestSupport/jasmine.js:333:19
clearStack@file:///home/pvasireddy/Desktop/repos/js-tictactoe-rails-api-v-000/tmpTestSupport/jasmine.js:506:11
run@file:///home/pvasireddy/Desktop/repos/js-tictactoe-rails-api-v-000/tmpTestSupport/jasmine.js:1505:22
execute@file:///home/pvasireddy/Desktop/repos/js-tictactoe-rails-api-v-000/tmpTestSupport/jasmine.js:1485:13
queueRunnerFactory@file:///home/pvasireddy/Desktop/repos/js-tictactoe-rails-api-v-000/tmpTestSupport/jasmine.js:518:42
execute@file:///home/pvasireddy/Desktop/repos/js-tictactoe-rails-api-v-000/tmpTestSupport/jasmine.js:306:28
file:///home/pvasireddy/Desktop/repos/js-tictactoe-rails-api-v-000/tmpTestSupport/jasmine.js:1708:44
attemptAsync@file:///home/pvasireddy/Desktop/repos/js-tictactoe-rails-api-v-000/tmpTestSupport/jasmine.js:1520:16
run@file:///home/pvasireddy/Desktop/repos/js-tictactoe-rails-api-v-000/tmpTestSupport/jasmine.js:1496:28
next@file:///home/pvasireddy/Desktop/repos/js-tictactoe-rails-api-v-000/tmpTestSupport/jasmine.js:1517:40
complete@file:///home/pvasireddy/Desktop/repos/js-tictactoe-rails-api-v-000/tmpTestSupport/jasmine.js:333:19
clearStack@file:///home/pvasireddy/Desktop/repos/js-tictactoe-rails-api-v-000/tmpTestSupport/jasmine.js:506:11
run@file:///home/pvasireddy/Desktop/repos/js-tictactoe-rails-api-v-000/tmpTestSupport/jasmine.js:1505:22
execute@file:///home/pvasireddy/Desktop/repos/js-tictactoe-rails-api-v-000/tmpTestSupport/jasmine.js:1485:13
queueRunnerFactory@file:///home/pvasireddy/Desktop/repos/js-tictactoe-rails-api-v-000/tmpTestSupport/jasmine.js:518:42
execute@file:///home/pvasireddy/Desktop/repos/js-tictactoe-rails-api-v-000/tmpTestSupport/jasmine.js:306:28
file:///home/pvasireddy/Desktop/repos/js-tictactoe-rails-api-v-000/tmpTestSupport/jasmine.js:1708:44
attemptAsync@file:///home/pvasireddy/Desktop/repos/js-tictactoe-rails-api-v-000/tmpTestSupport/jasmine.js:1520:16
run@file:///home/pvasireddy/Desktop/repos/js-tictactoe-rails-api-v-000/tmpTestSupport/jasmine.js:1496:28
execute@file:///home/pvasireddy/Desktop/repos/js-tictactoe-rails-api-v-000/tmpTestSupport/jasmine.js:1485:13
queueRunnerFactory@file:///home/pvasireddy/Desktop/repos/js-tictactoe-rails-api-v-000/tmpTestSupport/jasmine.js:518:42
execute@file:///home/pvasireddy/Desktop/repos/js-tictactoe-rails-api-v-000/tmpTestSupport/jasmine.js:1694:21
file:///home/pvasireddy/Desktop/repos/js-tictactoe-rails-api-v-000/tmpTestSupport/jasmine.js:1708:44
attemptAsync@file:///home/pvasireddy/Desktop/repos/js-tictactoe-rails-api-v-000/tmpTestSupport/jasmine.js:1520:16
run@file:///home/pvasireddy/Desktop/repos/js-tictactoe-rails-api-v-000/tmpTestSupport/jasmine.js:1496:28
next@file:///home/pvasireddy/Desktop/repos/js-tictactoe-rails-api-v-000/tmpTestSupport/jasmine.js:1517:40
complete@file:///home/pvasireddy/Desktop/repos/js-tictactoe-rails-api-v-000/tmpTestSupport/jasmine.js:1703:19
clearStack@file:///home/pvasireddy/Desktop/repos/js-tictactoe-rails-api-v-000/tmpTestSupport/jasmine.js:506:11
run@file:///home/pvasireddy/Desktop/repos/js-tictactoe-rails-api-v-000/tmpTestSupport/jasmine.js:1505:22
next@file:///home/pvasireddy/Desktop/repos/js-tictactoe-rails-api-v-000/tmpTestSupport/jasmine.js:1517:40
complete@file:///home/pvasireddy/Desktop/repos/js-tictactoe-rails-api-v-000/tmpTestSupport/jasmine.js:333:19
clearStack@file:///home/pvasireddy/Desktop/repos/js-tictactoe-rails-api-v-000/tmpTestSupport/jasmine.js:506:11
run@file:///home/pvasireddy/Desktop/repos/js-tictactoe-rails-api-v-000/tmpTestSupport/jasmine.js:1505:22
execute@file:///home/pvasireddy/Desktop/repos/js-tictactoe-rails-api-v-000/tmpTestSupport/jasmine.js:1485:13
queueRunnerFactory@file:///home/pvasireddy/Desktop/repos/js-tictactoe-rails-api-v-000/tmpTestSupport/jasmine.js:518:42
execute@file:///home/pvasireddy/Desktop/repos/js-tictactoe-rails-api-v-000/tmpTestSupport/jasmine.js:306:28
file:///home/pvasireddy/Desktop/repos/js-tictactoe-rails-api-v-000/tmpTestSupport/jasmine.js:1708:44
attemptAsync@file:///home/pvasireddy/Desktop/repos/js-tictactoe-rails-api-v-000/tmpTestSupport/jasmine.js:1520:16
run@file:///home/pvasireddy/Desktop/repos/js-tictactoe-rails-api-v-000/tmpTestSupport/jasmine.js:1496:28
next@file:///home/pvasireddy/Desktop/repos/js-tictactoe-rails-api-v-000/tmpTestSupport/jasmine.js:1517:40
complete@file:///home/pvasireddy/Desktop/repos/js-tictactoe-rails-api-v-000/tmpTestSupport/jasmine.js:333:19
clearStack@file:///home/pvasireddy/Desktop/repos/js-tictactoe-rails-api-v-000/tmpTestSupport/jasmine.js:506:11
run@file:///home/pvasireddy/Desktop/repos/js-tictactoe-rails-api-v-000/tmpTestSupport/jasmine.js:1505:22
execute@file:///home/pvasireddy/Desktop/repos/js-tictactoe-rails-api-v-000/tmpTestSupport/jasmine.js:1485:13
queueRunnerFactory@file:///home/pvasireddy/Desktop/repos/js-tictactoe-rails-api-v-000/tmpTestSupport/jasmine.js:518:42
execute@file:///home/pvasireddy/Desktop/repos/js-tictactoe-rails-api-v-000/tmpTestSupport/jasmine.js:306:28
file:///home/pvasireddy/Desktop/repos/js-tictactoe-rails-api-v-000/tmpTestSupport/jasmine.js:1708:44
attemptAsync@file:///home/pvasireddy/Desktop/repos/js-tictactoe-rails-api-v-000/tmpTestSupport/jasmine.js:1520:16
run@file:///home/pvasireddy/Desktop/repos/js-tictactoe-rails-api-v-000/tmpTestSupport/jasmine.js:1496:28
execute@file:///home/pvasireddy/Desktop/repos/js-tictactoe-rails-api-v-000/tmpTestSupport/jasmine.js:1485:13
queueRunnerFactory@file:///home/pvasireddy/Desktop/repos/js-tictactoe-rails-api-v-000/tmpTestSupport/jasmine.js:518:42
execute@file:///home/pvasireddy/Desktop/repos/js-tictactoe-rails-api-v-000/tmpTestSupport/jasmine.js:1694:21
file:///home/pvasireddy/Desktop/repos/js-tictactoe-rails-api-v-000/tmpTestSupport/jasmine.js:1708:44
attemptAsync@file:///home/pvasireddy/Desktop/repos/js-tictactoe-rails-api-v-000/tmpTestSupport/jasmine.js:1520:16
run@file:///home/pvasireddy/Desktop/repos/js-tictactoe-rails-api-v-000/tmpTestSupport/jasmine.js:1496:28
next@file:///home/pvasireddy/Desktop/repos/js-tictactoe-rails-api-v-000/tmpTestSupport/jasmine.js:1517:40
complete@file:///home/pvasireddy/Desktop/repos/js-tictactoe-rails-api-v-000/tmpTestSupport/jasmine.js:1703:19
clearStack@file:///home/pvasireddy/Desktop/repos/js-tictactoe-rails-api-v-000/tmpTestSupport/jasmine.js:506:11
run@file:///home/pvasireddy/Desktop/repos/js-tictactoe-rails-api-v-000/tmpTestSupport/jasmine.js:1505:22
next@file:///home/pvasireddy/Desktop/repos/js-tictactoe-rails-api-v-000/tmpTestSupport/jasmine.js:1517:40
complete@file:///home/pvasireddy/Desktop/repos/js-tictactoe-rails-api-v-000/tmpTestSupport/jasmine.js:333:19
clearStack@file:///home/pvasireddy/Desktop/repos/js-tictactoe-rails-api-v-000/tmpTestSupport/jasmine.js:506:11
run@file:///home/pvasireddy/Desktop/repos/js-tictactoe-rails-api-v-000/tmpTestSupport/jasmine.js:1505:22
execute@file:///home/pvasireddy/Desktop/repos/js-tictactoe-rails-api-v-000/tmpTestSupport/jasmine.js:1485:13
queueRunnerFactory@file:///home/pvasireddy/Desktop/repos/js-tictactoe-rails-api-v-000/tmpTestSupport/jasmine.js:518:42
execute@file:///home/pvasireddy/Desktop/repos/js-tictactoe-rails-api-v-000/tmpTestSupport/jasmine.js:306:28
file:///home/pvasireddy/Desktop/repos/js-tictactoe-rails-api-v-000/tmpTestSupport/jasmine.js:1708:44
attemptAsync@file:///home/pvasireddy/Desktop/repos/js-tictactoe-rails-api-v-000/tmpTestSupport/jasmine.js:1520:16
run@file:///home/pvasireddy/Desktop/repos/js-tictactoe-rails-api-v-000/tmpTestSupport/jasmine.js:1496:28
execute@file:///home/pvasireddy/Desktop/repos/js-tictactoe-rails-api-v-000/tmpTestSupport/jasmine.js:1485:13
queueRunnerFactory@file:///home/pvasireddy/Desktop/repos/js-tictactoe-rails-api-v-000/tmpTestSupport/jasmine.js:518:42
execute@file:///home/pvasireddy/Desktop/repos/js-tictactoe-rails-api-v-000/tmpTestSupport/jasmine.js:1694:21
file:///home/pvasireddy/Desktop/repos/js-tictactoe-rails-api-v-000/tmpTestSupport/jasmine.js:1708:44
attemptAsync@file:///home/pvasireddy/Desktop/repos/js-tictactoe-rails-api-v-000/tmpTestSupport/jasmine.js:1520:16
run@file:///home/pvasireddy/Desktop/repos/js-tictactoe-rails-api-v-000/tmpTestSupport/jasmine.js:1496:28
next@file:///home/pvasireddy/Desktop/repos/js-tictactoe-rails-api-v-000/tmpTestSupport/jasmine.js:1517:40
complete@file:///home/pvasireddy/Desktop/repos/js-tictactoe-rails-api-v-000/tmpTestSupport/jasmine.js:1703:19
clearStack@file:///home/pvasireddy/Desktop/repos/js-tictactoe-rails-api-v-000/tmpTestSupport/jasmine.js:506:11
run@file:///home/pvasireddy/Desktop/repos/js-tictactoe-rails-api-v-000/tmpTestSupport/jasmine.js:1505:22
next@file:///home/pvasireddy/Desktop/repos/js-tictactoe-rails-api-v-000/tmpTestSupport/jasmine.js:1517:40
complete@file:///home/pvasireddy/Desktop/repos/js-tictactoe-rails-api-v-000/tmpTestSupport/jasmine.js:333:19
clearStack@file:///home/pvasireddy/Desktop/repos/js-tictactoe-rails-api-v-000/tmpTestSupport/jasmine.js:506:11
run@file:///home/pvasireddy/Desktop/repos/js-tictactoe-rails-api-v-000/tmpTestSupport/jasmine.js:1505:22
execute@file:///home/pvasireddy/Desktop/repos/js-tictactoe-rails-api-v-000/tmpTestSupport/jasmine.js:1485:13
queueRunnerFactory@file:///home/pvasireddy/Desktop/repos/js-tictactoe-rails-api-v-000/tmpTestSupport/jasmine.js:518:42
execute@file:///home/pvasireddy/Desktop/repos/js-tictactoe-rails-api-v-000/tmpTestSupport/jasmine.js:306:28
file:///home/pvasireddy/Desktop/repos/js-tictactoe-rails-api-v-000/tmpTestSupport/jasmine.js:1708:44
attemptAsync@file:///home/pvasireddy/Desktop/repos/js-tictactoe-rails-api-v-000/tmpTestSupport/jasmine.js:1520:16
run@file:///home/pvasireddy/Desktop/repos/js-tictactoe-rails-api-v-000/tmpTestSupport/jasmine.js:1496:28
execute@file:///home/pvasireddy/Desktop/repos/js-tictactoe-rails-api-v-000/tmpTestSupport/jasmine.js:1485:13
queueRunnerFactory@file:///home/pvasireddy/Desktop/repos/js-tictactoe-rails-api-v-000/tmpTestSupport/jasmine.js:518:42
execute@file:///home/pvasireddy/Desktop/repos/js-tictactoe-rails-api-v-000/tmpTestSupport/jasmine.js:1694:21
file:///home/pvasireddy/Desktop/repos/js-tictactoe-rails-api-v-000/tmpTestSupport/jasmine.js:1708:44
attemptAsync@file:///home/pvasireddy/Desktop/repos/js-tictactoe-rails-api-v-000/tmpTestSupport/jasmine.js:1520:16
run@file:///home/pvasireddy/Desktop/repos/js-tictactoe-rails-api-v-000/tmpTestSupport/jasmine.js:1496:28
execute@file:///home/pvasireddy/Desktop/repos/js-tictactoe-rails-api-v-000/tmpTestSupport/jasmine.js:1485:13
queueRunnerFactory@file:///home/pvasireddy/Desktop/repos/js-tictactoe-rails-api-v-000/tmpTestSupport/jasmine.js:518:42
execute@file:///home/pvasireddy/Desktop/repos/js-tictactoe-rails-api-v-000/tmpTestSupport/jasmine.js:1694:21
file:///home/pvasireddy/Desktop/repos/js-tictactoe-rails-api-v-000/tmpTestSupport/jasmine.js:1708:44
attemptAsync@file:///home/pvasireddy/Desktop/repos/js-tictactoe-rails-api-v-000/tmpTestSupport/jasmine.js:1520:16
run@file:///home/pvasireddy/Desktop/repos/js-tictactoe-rails-api-v-000/tmpTestSupport/jasmine.js:1496:28
execute@file:///home/pvasireddy/Desktop/repos/js-tictactoe-rails-api-v-000/tmpTestSupport/jasmine.js:1485:13
queueRunnerFactory@file:///home/pvasireddy/Desktop/repos/js-tictactoe-rails-api-v-000/tmpTestSupport/jasmine.js:518:42
execute@file:///home/pvasireddy/Desktop/repos/js-tictactoe-rails-api-v-000/tmpTestSupport/jasmine.js:1694:21
file:///home/pvasireddy/Desktop/repos/js-tictactoe-rails-api-v-000/tmpTestSupport/jasmine.js:541:83
attemptAsync@file:///home/pvasireddy/Desktop/repos/js-tictactoe-rails-api-v-000/tmpTestSupport/jasmine.js:1520:16
run@file:///home/pvasireddy/Desktop/repos/js-tictactoe-rails-api-v-000/tmpTestSupport/jasmine.js:1496:28
execute@file:///home/pvasireddy/Desktop/repos/js-tictactoe-rails-api-v-000/tmpTestSupport/jasmine.js:1485:13
queueRunnerFactory@file:///home/pvasireddy/Desktop/repos/js-tictactoe-rails-api-v-000/tmpTestSupport/jasmine.js:518:42
execute@file:///home/pvasireddy/Desktop/repos/js-tictactoe-rails-api-v-000/tmpTestSupport/jasmine.js:548:25
onload@file:///home/pvasireddy/Desktop/repos/js-tictactoe-rails-api-v-000/tmpTestSupport/boot.js:172:16			</failure>
			<failure type="toEqual" message="Expected &amp;apos; &amp;apos; to equal &amp;apos;&amp;apos;.">
stack@file:///home/pvasireddy/Desktop/repos/js-tictactoe-rails-api-v-000/tmpTestSupport/jasmine.js:1293:37
buildExpectationResult@file:///home/pvasireddy/Desktop/repos/js-tictactoe-rails-api-v-000/tmpTestSupport/jasmine.js:1270:19
expectationResultFactory@file:///home/pvasireddy/Desktop/repos/js-tictactoe-rails-api-v-000/tmpTestSupport/jasmine.js:484:40
addExpectationResult@file:///home/pvasireddy/Desktop/repos/js-tictactoe-rails-api-v-000/tmpTestSupport/jasmine.js:260:70
addExpectationResult@file:///home/pvasireddy/Desktop/repos/js-tictactoe-rails-api-v-000/tmpTestSupport/jasmine.js:442:41
file:///home/pvasireddy/Desktop/repos/js-tictactoe-rails-api-v-000/tmpTestSupport/jasmine.js:1209:32
file:///home/pvasireddy/Desktop/repos/js-tictactoe-rails-api-v-000/spec/tictactoe.spec.js:160:39
each@file:///home/pvasireddy/Desktop/repos/js-tictactoe-rails-api-v-000/spec/lib/jquery.min.js:2:3150
each@file:///home/pvasireddy/Desktop/repos/js-tictactoe-rails-api-v-000/spec/lib/jquery.min.js:2:1115
file:///home/pvasireddy/Desktop/repos/js-tictactoe-rails-api-v-000/spec/tictactoe.spec.js:159:19
attemptSync@file:///home/pvasireddy/Desktop/repos/js-tictactoe-rails-api-v-000/tmpTestSupport/jasmine.js:1510:16
run@file:///home/pvasireddy/Desktop/repos/js-tictactoe-rails-api-v-000/tmpTestSupport/jasmine.js:1498:20
execute@file:///home/pvasireddy/Desktop/repos/js-tictactoe-rails-api-v-000/tmpTestSupport/jasmine.js:1485:13
queueRunnerFactory@file:///home/pvasireddy/Desktop/repos/js-tictactoe-rails-api-v-000/tmpTestSupport/jasmine.js:518:42
execute@file:///home/pvasireddy/Desktop/repos/js-tictactoe-rails-api-v-000/tmpTestSupport/jasmine.js:306:28
file:///home/pvasireddy/Desktop/repos/js-tictactoe-rails-api-v-000/tmpTestSupport/jasmine.js:1708:44
attemptAsync@file:///home/pvasireddy/Desktop/repos/js-tictactoe-rails-api-v-000/tmpTestSupport/jasmine.js:1520:16
run@file:///home/pvasireddy/Desktop/repos/js-tictactoe-rails-api-v-000/tmpTestSupport/jasmine.js:1496:28
execute@file:///home/pvasireddy/Desktop/repos/js-tictactoe-rails-api-v-000/tmpTestSupport/jasmine.js:1485:13
queueRunnerFactory@file:///home/pvasireddy/Desktop/repos/js-tictactoe-rails-api-v-000/tmpTestSupport/jasmine.js:518:42
execute@file:///home/pvasireddy/Desktop/repos/js-tictactoe-rails-api-v-000/tmpTestSupport/jasmine.js:1694:21
file:///home/pvasireddy/Desktop/repos/js-tictactoe-rails-api-v-000/tmpTestSupport/jasmine.js:1708:44
attemptAsync@file:///home/pvasireddy/Desktop/repos/js-tictactoe-rails-api-v-000/tmpTestSupport/jasmine.js:1520:16
run@file:///home/pvasireddy/Desktop/repos/js-tictactoe-rails-api-v-000/tmpTestSupport/jasmine.js:1496:28
next@file:///home/pvasireddy/Desktop/repos/js-tictactoe-rails-api-v-000/tmpTestSupport/jasmine.js:1517:40
complete@file:///home/pvasireddy/Desktop/repos/js-tictactoe-rails-api-v-000/tmpTestSupport/jasmine.js:1703:19
clearStack@file:///home/pvasireddy/Desktop/repos/js-tictactoe-rails-api-v-000/tmpTestSupport/jasmine.js:506:11
run@file:///home/pvasireddy/Desktop/repos/js-tictactoe-rails-api-v-000/tmpTestSupport/jasmine.js:1505:22
next@file:///home/pvasireddy/Desktop/repos/js-tictactoe-rails-api-v-000/tmpTestSupport/jasmine.js:1517:40
complete@file:///home/pvasireddy/Desktop/repos/js-tictactoe-rails-api-v-000/tmpTestSupport/jasmine.js:333:19
clearStack@file:///home/pvasireddy/Desktop/repos/js-tictactoe-rails-api-v-000/tmpTestSupport/jasmine.js:506:11
run@file:///home/pvasireddy/Desktop/repos/js-tictactoe-rails-api-v-000/tmpTestSupport/jasmine.js:1505:22
execute@file:///home/pvasireddy/Desktop/repos/js-tictactoe-rails-api-v-000/tmpTestSupport/jasmine.js:1485:13
queueRunnerFactory@file:///home/pvasireddy/Desktop/repos/js-tictactoe-rails-api-v-000/tmpTestSupport/jasmine.js:518:42
execute@file:///home/pvasireddy/Desktop/repos/js-tictactoe-rails-api-v-000/tmpTestSupport/jasmine.js:306:28
file:///home/pvasireddy/Desktop/repos/js-tictactoe-rails-api-v-000/tmpTestSupport/jasmine.js:1708:44
attemptAsync@file:///home/pvasireddy/Desktop/repos/js-tictactoe-rails-api-v-000/tmpTestSupport/jasmine.js:1520:16
run@file:///home/pvasireddy/Desktop/repos/js-tictactoe-rails-api-v-000/tmpTestSupport/jasmine.js:1496:28
execute@file:///home/pvasireddy/Desktop/repos/js-tictactoe-rails-api-v-000/tmpTestSupport/jasmine.js:1485:13
queueRunnerFactory@file:///home/pvasireddy/Desktop/repos/js-tictactoe-rails-api-v-000/tmpTestSupport/jasmine.js:518:42
execute@file:///home/pvasireddy/Desktop/repos/js-tictactoe-rails-api-v-000/tmpTestSupport/jasmine.js:1694:21
file:///home/pvasireddy/Desktop/repos/js-tictactoe-rails-api-v-000/tmpTestSupport/jasmine.js:1708:44
attemptAsync@file:///home/pvasireddy/Desktop/repos/js-tictactoe-rails-api-v-000/tmpTestSupport/jasmine.js:1520:16
run@file:///home/pvasireddy/Desktop/repos/js-tictactoe-rails-api-v-000/tmpTestSupport/jasmine.js:1496:28
next@file:///home/pvasireddy/Desktop/repos/js-tictactoe-rails-api-v-000/tmpTestSupport/jasmine.js:1517:40
complete@file:///home/pvasireddy/Desktop/repos/js-tictactoe-rails-api-v-000/tmpTestSupport/jasmine.js:1703:19
clearStack@file:///home/pvasireddy/Desktop/repos/js-tictactoe-rails-api-v-000/tmpTestSupport/jasmine.js:506:11
run@file:///home/pvasireddy/Desktop/repos/js-tictactoe-rails-api-v-000/tmpTestSupport/jasmine.js:1505:22
next@file:///home/pvasireddy/Desktop/repos/js-tictactoe-rails-api-v-000/tmpTestSupport/jasmine.js:1517:40
complete@file:///home/pvasireddy/Desktop/repos/js-tictactoe-rails-api-v-000/tmpTestSupport/jasmine.js:333:19
clearStack@file:///home/pvasireddy/Desktop/repos/js-tictactoe-rails-api-v-000/tmpTestSupport/jasmine.js:506:11
run@file:///home/pvasireddy/Desktop/repos/js-tictactoe-rails-api-v-000/tmpTestSupport/jasmine.js:1505:22
execute@file:///home/pvasireddy/Desktop/repos/js-tictactoe-rails-api-v-000/tmpTestSupport/jasmine.js:1485:13
queueRunnerFactory@file:///home/pvasireddy/Desktop/repos/js-tictactoe-rails-api-v-000/tmpTestSupport/jasmine.js:518:42
execute@file:///home/pvasireddy/Desktop/repos/js-tictactoe-rails-api-v-000/tmpTestSupport/jasmine.js:306:28
file:///home/pvasireddy/Desktop/repos/js-tictactoe-rails-api-v-000/tmpTestSupport/jasmine.js:1708:44
attemptAsync@file:///home/pvasireddy/Desktop/repos/js-tictactoe-rails-api-v-000/tmpTestSupport/jasmine.js:1520:16
run@file:///home/pvasireddy/Desktop/repos/js-tictactoe-rails-api-v-000/tmpTestSupport/jasmine.js:1496:28
next@file:///home/pvasireddy/Desktop/repos/js-tictactoe-rails-api-v-000/tmpTestSupport/jasmine.js:1517:40
complete@file:///home/pvasireddy/Desktop/repos/js-tictactoe-rails-api-v-000/tmpTestSupport/jasmine.js:333:19
clearStack@file:///home/pvasireddy/Desktop/repos/js-tictactoe-rails-api-v-000/tmpTestSupport/jasmine.js:506:11
run@file:///home/pvasireddy/Desktop/repos/js-tictactoe-rails-api-v-000/tmpTestSupport/jasmine.js:1505:22
execute@file:///home/pvasireddy/Desktop/repos/js-tictactoe-rails-api-v-000/tmpTestSupport/jasmine.js:1485:13
queueRunnerFactory@file:///home/pvasireddy/Desktop/repos/js-tictactoe-rails-api-v-000/tmpTestSupport/jasmine.js:518:42
execute@file:///home/pvasireddy/Desktop/repos/js-tictactoe-rails-api-v-000/tmpTestSupport/jasmine.js:306:28
file:///home/pvasireddy/Desktop/repos/js-tictactoe-rails-api-v-000/tmpTestSupport/jasmine.js:1708:44
attemptAsync@file:///home/pvasireddy/Desktop/repos/js-tictactoe-rails-api-v-000/tmpTestSupport/jasmine.js:1520:16
run@file:///home/pvasireddy/Desktop/repos/js-tictactoe-rails-api-v-000/tmpTestSupport/jasmine.js:1496:28
next@file:///home/pvasireddy/Desktop/repos/js-tictactoe-rails-api-v-000/tmpTestSupport/jasmine.js:1517:40
complete@file:///home/pvasireddy/Desktop/repos/js-tictactoe-rails-api-v-000/tmpTestSupport/jasmine.js:333:19
clearStack@file:///home/pvasireddy/Desktop/repos/js-tictactoe-rails-api-v-000/tmpTestSupport/jasmine.js:506:11
run@file:///home/pvasireddy/Desktop/repos/js-tictactoe-rails-api-v-000/tmpTestSupport/jasmine.js:1505:22
execute@file:///home/pvasireddy/Desktop/repos/js-tictactoe-rails-api-v-000/tmpTestSupport/jasmine.js:1485:13
queueRunnerFactory@file:///home/pvasireddy/Desktop/repos/js-tictactoe-rails-api-v-000/tmpTestSupport/jasmine.js:518:42
execute@file:///home/pvasireddy/Desktop/repos/js-tictactoe-rails-api-v-000/tmpTestSupport/jasmine.js:306:28
file:///home/pvasireddy/Desktop/repos/js-tictactoe-rails-api-v-000/tmpTestSupport/jasmine.js:1708:44
attemptAsync@file:///home/pvasireddy/Desktop/repos/js-tictactoe-rails-api-v-000/tmpTestSupport/jasmine.js:1520:16
run@file:///home/pvasireddy/Desktop/repos/js-tictactoe-rails-api-v-000/tmpTestSupport/jasmine.js:1496:28
execute@file:///home/pvasireddy/Desktop/repos/js-tictactoe-rails-api-v-000/tmpTestSupport/jasmine.js:1485:13
queueRunnerFactory@file:///home/pvasireddy/Desktop/repos/js-tictactoe-rails-api-v-000/tmpTestSupport/jasmine.js:518:42
execute@file:///home/pvasireddy/Desktop/repos/js-tictactoe-rails-api-v-000/tmpTestSupport/jasmine.js:1694:21
file:///home/pvasireddy/Desktop/repos/js-tictactoe-rails-api-v-000/tmpTestSupport/jasmine.js:1708:44
attemptAsync@file:///home/pvasireddy/Desktop/repos/js-tictactoe-rails-api-v-000/tmpTestSupport/jasmine.js:1520:16
run@file:///home/pvasireddy/Desktop/repos/js-tictactoe-rails-api-v-000/tmpTestSupport/jasmine.js:1496:28
next@file:///home/pvasireddy/Desktop/repos/js-tictactoe-rails-api-v-000/tmpTestSupport/jasmine.js:1517:40
complete@file:///home/pvasireddy/Desktop/repos/js-tictactoe-rails-api-v-000/tmpTestSupport/jasmine.js:1703:19
clearStack@file:///home/pvasireddy/Desktop/repos/js-tictactoe-rails-api-v-000/tmpTestSupport/jasmine.js:506:11
run@file:///home/pvasireddy/Desktop/repos/js-tictactoe-rails-api-v-000/tmpTestSupport/jasmine.js:1505:22
next@file:///home/pvasireddy/Desktop/repos/js-tictactoe-rails-api-v-000/tmpTestSupport/jasmine.js:1517:40
complete@file:///home/pvasireddy/Desktop/repos/js-tictactoe-rails-api-v-000/tmpTestSupport/jasmine.js:333:19
clearStack@file:///home/pvasireddy/Desktop/repos/js-tictactoe-rails-api-v-000/tmpTestSupport/jasmine.js:506:11
run@file:///home/pvasireddy/Desktop/repos/js-tictactoe-rails-api-v-000/tmpTestSupport/jasmine.js:1505:22
execute@file:///home/pvasireddy/Desktop/repos/js-tictactoe-rails-api-v-000/tmpTestSupport/jasmine.js:1485:13
queueRunnerFactory@file:///home/pvasireddy/Desktop/repos/js-tictactoe-rails-api-v-000/tmpTestSupport/jasmine.js:518:42
execute@file:///home/pvasireddy/Desktop/repos/js-tictactoe-rails-api-v-000/tmpTestSupport/jasmine.js:306:28
file:///home/pvasireddy/Desktop/repos/js-tictactoe-rails-api-v-000/tmpTestSupport/jasmine.js:1708:44
attemptAsync@file:///home/pvasireddy/Desktop/repos/js-tictactoe-rails-api-v-000/tmpTestSupport/jasmine.js:1520:16
run@file:///home/pvasireddy/Desktop/repos/js-tictactoe-rails-api-v-000/tmpTestSupport/jasmine.js:1496:28
execute@file:///home/pvasireddy/Desktop/repos/js-tictactoe-rails-api-v-000/tmpTestSupport/jasmine.js:1485:13
queueRunnerFactory@file:///home/pvasireddy/Desktop/repos/js-tictactoe-rails-api-v-000/tmpTestSupport/jasmine.js:518:42
execute@file:///home/pvasireddy/Desktop/repos/js-tictactoe-rails-api-v-000/tmpTestSupport/jasmine.js:1694:21
file:///home/pvasireddy/Desktop/repos/js-tictactoe-rails-api-v-000/tmpTestSupport/jasmine.js:1708:44
attemptAsync@file:///home/pvasireddy/Desktop/repos/js-tictactoe-rails-api-v-000/tmpTestSupport/jasmine.js:1520:16
run@file:///home/pvasireddy/Desktop/repos/js-tictactoe-rails-api-v-000/tmpTestSupport/jasmine.js:1496:28
next@file:///home/pvasireddy/Desktop/repos/js-tictactoe-rails-api-v-000/tmpTestSupport/jasmine.js:1517:40
complete@file:///home/pvasireddy/Desktop/repos/js-tictactoe-rails-api-v-000/tmpTestSupport/jasmine.js:1703:19
clearStack@file:///home/pvasireddy/Desktop/repos/js-tictactoe-rails-api-v-000/tmpTestSupport/jasmine.js:506:11
run@file:///home/pvasireddy/Desktop/repos/js-tictactoe-rails-api-v-000/tmpTestSupport/jasmine.js:1505:22
next@file:///home/pvasireddy/Desktop/repos/js-tictactoe-rails-api-v-000/tmpTestSupport/jasmine.js:1517:40
complete@file:///home/pvasireddy/Desktop/repos/js-tictactoe-rails-api-v-000/tmpTestSupport/jasmine.js:333:19
clearStack@file:///home/pvasireddy/Desktop/repos/js-tictactoe-rails-api-v-000/tmpTestSupport/jasmine.js:506:11
run@file:///home/pvasireddy/Desktop/repos/js-tictactoe-rails-api-v-000/tmpTestSupport/jasmine.js:1505:22
execute@file:///home/pvasireddy/Desktop/repos/js-tictactoe-rails-api-v-000/tmpTestSupport/jasmine.js:1485:13
queueRunnerFactory@file:///home/pvasireddy/Desktop/repos/js-tictactoe-rails-api-v-000/tmpTestSupport/jasmine.js:518:42
execute@file:///home/pvasireddy/Desktop/repos/js-tictactoe-rails-api-v-000/tmpTestSupport/jasmine.js:306:28
file:///home/pvasireddy/Desktop/repos/js-tictactoe-rails-api-v-000/tmpTestSupport/jasmine.js:1708:44
attemptAsync@file:///home/pvasireddy/Desktop/repos/js-tictactoe-rails-api-v-000/tmpTestSupport/jasmine.js:1520:16
run@file:///home/pvasireddy/Desktop/repos/js-tictactoe-rails-api-v-000/tmpTestSupport/jasmine.js:1496:28
next@file:///home/pvasireddy/Desktop/repos/js-tictactoe-rails-api-v-000/tmpTestSupport/jasmine.js:1517:40
complete@file:///home/pvasireddy/Desktop/repos/js-tictactoe-rails-api-v-000/tmpTestSupport/jasmine.js:333:19
clearStack@file:///home/pvasireddy/Desktop/repos/js-tictactoe-rails-api-v-000/tmpTestSupport/jasmine.js:506:11
run@file:///home/pvasireddy/Desktop/repos/js-tictactoe-rails-api-v-000/tmpTestSupport/jasmine.js:1505:22
execute@file:///home/pvasireddy/Desktop/repos/js-tictactoe-rails-api-v-000/tmpTestSupport/jasmine.js:1485:13
queueRunnerFactory@file:///home/pvasireddy/Desktop/repos/js-tictactoe-rails-api-v-000/tmpTestSupport/jasmine.js:518:42
execute@file:///home/pvasireddy/Desktop/repos/js-tictactoe-rails-api-v-000/tmpTestSupport/jasmine.js:306:28
file:///home/pvasireddy/Desktop/repos/js-tictactoe-rails-api-v-000/tmpTestSupport/jasmine.js:1708:44
attemptAsync@file:///home/pvasireddy/Desktop/repos/js-tictactoe-rails-api-v-000/tmpTestSupport/jasmine.js:1520:16
run@file:///home/pvasireddy/Desktop/repos/js-tictactoe-rails-api-v-000/tmpTestSupport/jasmine.js:1496:28
[...]
file:///home/pvasireddy/Desktop/repos/js-tictactoe-rails-api-v-000/spec/tictactoe.spec.js:227:39
each@file:///home/pvasireddy/Desktop/repos/js-tictactoe-rails-api-v-000/spec/lib/jquery.min.js:2:3150
each@file:///home/pvasireddy/Desktop/repos/js-tictactoe-rails-api-v-000/spec/lib/jquery.min.js:2:1115
file:///home/pvasireddy/Desktop/repos/js-tictactoe-rails-api-v-000/spec/tictactoe.spec.js:226:19
attemptSync@file:///home/pvasireddy/Desktop/repos/js-tictactoe-rails-api-v-000/tmpTestSupport/jasmine.js:1510:16
run@file:///home/pvasireddy/Desktop/repos/js-tictactoe-rails-api-v-000/tmpTestSupport/jasmine.js:1498:20
execute@file:///home/pvasireddy/Desktop/repos/js-tictactoe-rails-api-v-000/tmpTestSupport/jasmine.js:1485:13
queueRunnerFactory@file:///home/pvasireddy/Desktop/repos/js-tictactoe-rails-api-v-000/tmpTestSupport/jasmine.js:518:42
execute@file:///home/pvasireddy/Desktop/repos/js-tictactoe-rails-api-v-000/tmpTestSupport/jasmine.js:306:28
file:///home/pvasireddy/Desktop/repos/js-tictactoe-rails-api-v-000/tmpTestSupport/jasmine.js:1708:44
attemptAsync@file:///home/pvasireddy/Desktop/repos/js-tictactoe-rails-api-v-000/tmpTestSupport/jasmine.js:1520:16
run@file:///home/pvasireddy/Desktop/repos/js-tictactoe-rails-api-v-000/tmpTestSupport/jasmine.js:1496:28
next@file:///home/pvasireddy/Desktop/repos/js-tictactoe-rails-api-v-000/tmpTestSupport/jasmine.js:1517:40
complete@file:///home/pvasireddy/Desktop/repos/js-tictactoe-rails-api-v-000/tmpTestSupport/jasmine.js:333:19			</failure>
			<failure type="toEqual" message="Expected &amp;apos; &amp;apos; to equal &amp;apos;&amp;apos;.">
stack@file:///home/pvasireddy/Desktop/repos/js-tictactoe-rails-api-v-000/tmpTestSupport/jasmine.js:1293:37
buildExpectationResult@file:///home/pvasireddy/Desktop/repos/js-tictactoe-rails-api-v-000/tmpTestSupport/jasmine.js:1270:19
expectationResultFactory@file:///home/pvasireddy/Desktop/repos/js-tictactoe-rails-api-v-000/tmpTestSupport/jasmine.js:484:40
addExpectationResult@file:///home/pvasireddy/Desktop/repos/js-tictactoe-rails-api-v-000/tmpTestSupport/jasmine.js:260:70
addExpectationResult@file:///home/pvasireddy/Desktop/repos/js-tictactoe-rails-api-v-000/tmpTestSupport/jasmine.js:442:41
file:///home/pvasireddy/Desktop/repos/js-tictactoe-rails-api-v-000/tmpTestSupport/jasmine.js:1209:32
file:///home/pvasireddy/Desktop/repos/js-tictactoe-rails-api-v-000/spec/tictactoe.spec.js:227:39
each@file:///home/pvasireddy/Desktop/repos/js-tictactoe-rails-api-v-000/spec/lib/jquery.min.js:2:3150
each@file:///home/pvasireddy/Desktop/repos/js-tictactoe-rails-api-v-000/spec/lib/jquery.min.js:2:1115
file:///home/pvasireddy/Desktop/repos/js-tictactoe-rails-api-v-000/spec/tictactoe.spec.js:226:19
attemptSync@file:///home/pvasireddy/Desktop/repos/js-tictactoe-rails-api-v-000/tmpTestSupport/jasmine.js:1510:16
run@file:///home/pvasireddy/Desktop/repos/js-tictactoe-rails-api-v-000/tmpTestSupport/jasmine.js:1498:20
execute@file:///home/pvasireddy/Desktop/repos/js-tictactoe-rails-api-v-000/tmpTestSupport/jasmine.js:1485:13
queueRunnerFactory@file:///home/pvasireddy/Desktop/repos/js-tictactoe-rails-api-v-000/tmpTestSupport/jasmine.js:518:42
execute@file:///home/pvasireddy/Desktop/repos/js-tictactoe-rails-api-v-000/tmpTestSupport/jasmine.js:306:28
file:///home/pvasireddy/Desktop/repos/js-tictactoe-rails-api-v-000/tmpTestSupport/jasmine.js:1708:44
attemptAsync@file:///home/pvasireddy/Desktop/repos/js-tictactoe-rails-api-v-000/tmpTestSupport/jasmine.js:1520:16
run@file:///home/pvasireddy/Desktop/repos/js-tictactoe-rails-api-v-000/tmpTestSupport/jasmine.js:1496:28
next@file:///home/pvasireddy/Desktop/repos/js-tictactoe-rails-api-v-000/tmpTestSupport/jasmine.js:1517:40
complete@file:///home/pvasireddy/Desktop/repos/js-tictactoe-rails-api-v-000/tmpTestSupport/jasmine.js:333:19			</failure>
			<failure type="toEqual" message="Expected &amp;apos; &amp;apos; to equal &amp;apos;&amp;apos;.">
stack@file:///home/pvasireddy/Desktop/repos/js-tictactoe-rails-api-v-000/tmpTestSupport/jasmine.js:1293:37
buildExpectationResult@file:///home/pvasireddy/Desktop/repos/js-tictactoe-rails-api-v-000/tmpTestSupport/jasmine.js:1270:19
expectationResultFactory@file:///home/pvasireddy/Desktop/repos/js-tictactoe-rails-api-v-000/tmpTestSupport/jasmine.js:484:40
addExpectationResult@file:///home/pvasireddy/Desktop/repos/js-tictactoe-rails-api-v-000/tmpTestSupport/jasmine.js:260:70
addExpectationResult@file:///home/pvasireddy/Desktop/repos/js-tictactoe-rails-api-v-000/tmpTestSupport/jasmine.js:442:41
file:///home/pvasireddy/Desktop/repos/js-tictactoe-rails-api-v-000/tmpTestSupport/jasmine.js:1209:32
file:///home/pvasireddy/Desktop/repos/js-tictactoe-rails-api-v-000/spec/tictactoe.spec.js:227:39
each@file:///home/pvasireddy/Desktop/repos/js-tictactoe-rails-api-v-000/spec/lib/jquery.min.js:2:3150
each@file:///home/pvasireddy/Desktop/repos/js-tictactoe-rails-api-v-000/spec/lib/jquery.min.js:2:1115
file:///home/pvasireddy/Desktop/repos/js-tictactoe-rails-api-v-000/spec/tictactoe.spec.js:226:19
attemptSync@file:///home/pvasireddy/Desktop/repos/js-tictactoe-rails-api-v-000/tmpTestSupport/jasmine.js:1510:16
run@file:///home/pvasireddy/Desktop/repos/js-tictactoe-rails-api-v-000/tmpTestSupport/jasmine.js:1498:20
execute@file:///home/pvasireddy/Desktop/repos/js-tictactoe-rails-api-v-000/tmpTestSupport/jasmine.js:1485:13
queueRunnerFactory@file:///home/pvasireddy/Desktop/repos/js-tictactoe-rails-api-v-000/tmpTestSupport/jasmine.js:518:42
execute@file:///home/pvasireddy/Desktop/repos/js-tictactoe-rails-api-v-000/tmpTestSupport/jasmine.js:306:28
file:///home/pvasireddy/Desktop/repos/js-tictactoe-rails-api-v-000/tmpTestSupport/jasmine.js:1708:44
attemptAsync@file:///home/pvasireddy/Desktop/repos/js-tictactoe-rails-api-v-000/tmpTestSupport/jasmine.js:1520:16
run@file:///home/pvasireddy/Desktop/repos/js-tictactoe-rails-api-v-000/tmpTestSupport/jasmine.js:1496:28
next@file:///home/pvasireddy/Desktop/repos/js-tictactoe-rails-api-v-000/tmpTestSupport/jasmine.js:1517:40
complete@file:///home/pvasireddy/Desktop/repos/js-tictactoe-rails-api-v-000/tmpTestSupport/jasmine.js:333:19			</failure>
			<failure type="toEqual" message="Expected &amp;apos; &amp;apos; to equal &amp;apos;&amp;apos;.">
stack@file:///home/pvasireddy/Desktop/repos/js-tictactoe-rails-api-v-000/tmpTestSupport/jasmine.js:1293:37
buildExpectationResult@file:///home/pvasireddy/Desktop/repos/js-tictactoe-rails-api-v-000/tmpTestSupport/jasmine.js:1270:19
expectationResultFactory@file:///home/pvasireddy/Desktop/repos/js-tictactoe-rails-api-v-000/tmpTestSupport/jasmine.js:484:40
addExpectationResult@file:///home/pvasireddy/Desktop/repos/js-tictactoe-rails-api-v-000/tmpTestSupport/jasmine.js:260:70
addExpectationResult@file:///home/pvasireddy/Desktop/repos/js-tictactoe-rails-api-v-000/tmpTestSupport/jasmine.js:442:41
file:///home/pvasireddy/Desktop/repos/js-tictactoe-rails-api-v-000/tmpTestSupport/jasmine.js:1209:32
file:///home/pvasireddy/Desktop/repos/js-tictactoe-rails-api-v-000/spec/tictactoe.spec.js:227:39
each@file:///home/pvasireddy/Desktop/repos/js-tictactoe-rails-api-v-000/spec/lib/jquery.min.js:2:3150
each@file:///home/pvasireddy/Desktop/repos/js-tictactoe-rails-api-v-000/spec/lib/jquery.min.js:2:1115
file:///home/pvasireddy/Desktop/repos/js-tictactoe-rails-api-v-000/spec/tictactoe.spec.js:226:19
attemptSync@file:///home/pvasireddy/Desktop/repos/js-tictactoe-rails-api-v-000/tmpTestSupport/jasmine.js:1510:16
run@file:///home/pvasireddy/Desktop/repos/js-tictactoe-rails-api-v-000/tmpTestSupport/jasmine.js:1498:20
execute@file:///home/pvasireddy/Desktop/repos/js-tictactoe-rails-api-v-000/tmpTestSupport/jasmine.js:1485:13
queueRunnerFactory@file:///home/pvasireddy/Desktop/repos/js-tictactoe-rails-api-v-000/tmpTestSupport/jasmine.js:518:42
execute@file:///home/pvasireddy/Desktop/repos/js-tictactoe-rails-api-v-000/tmpTestSupport/jasmine.js:306:28
file:///home/pvasireddy/Desktop/repos/js-tictactoe-rails-api-v-000/tmpTestSupport/jasmine.js:1708:44
attemptAsync@file:///home/pvasireddy/Desktop/repos/js-tictactoe-rails-api-v-000/tmpTestSupport/jasmine.js:1520:16
run@file:///home/pvasireddy/Desktop/repos/js-tictactoe-rails-api-v-000/tmpTestSupport/jasmine.js:1496:28
next@file:///home/pvasireddy/Desktop/repos/js-tictactoe-rails-api-v-000/tmpTestSupport/jasmine.js:1517:40
complete@file:///home/pvasireddy/Desktop/repos/js-tictactoe-rails-api-v-000/tmpTestSupport/jasmine.js:333:19			</failure>
			<failure type="toEqual" message="Expected &amp;apos; &amp;apos; to equal &amp;apos;&amp;apos;.">
stack@file:///home/pvasireddy/Desktop/repos/js-tictactoe-rails-api-v-000/tmpTestSupport/jasmine.js:1293:37
buildExpectationResult@file:///home/pvasireddy/Desktop/repos/js-tictactoe-rails-api-v-000/tmpTestSupport/jasmine.js:1270:19
expectationResultFactory@file:///home/pvasireddy/Desktop/repos/js-tictactoe-rails-api-v-000/tmpTestSupport/jasmine.js:484:40
addExpectationResult@file:///home/pvasireddy/Desktop/repos/js-tictactoe-rails-api-v-000/tmpTestSupport/jasmine.js:260:70
addExpectationResult@file:///home/pvasireddy/Desktop/repos/js-tictactoe-rails-api-v-000/tmpTestSupport/jasmine.js:442:41
file:///home/pvasireddy/Desktop/repos/js-tictactoe-rails-api-v-000/tmpTestSupport/jasmine.js:1209:32
file:///home/pvasireddy/Desktop/repos/js-tictactoe-rails-api-v-000/spec/tictactoe.spec.js:227:39
each@file:///home/pvasireddy/Desktop/repos/js-tictactoe-rails-api-v-000/spec/lib/jquery.min.js:2:3150
each@file:///home/pvasireddy/Desktop/repos/js-tictactoe-rails-api-v-000/spec/lib/jquery.min.js:2:1115
file:///home/pvasireddy/Desktop/repos/js-tictactoe-rails-api-v-000/spec/tictactoe.spec.js:226:19
attemptSync@file:///home/pvasireddy/Desktop/repos/js-tictactoe-rails-api-v-000/tmpTestSupport/jasmine.js:1510:16
run@file:///home/pvasireddy/Desktop/repos/js-tictactoe-rails-api-v-000/tmpTestSupport/jasmine.js:1498:20
execute@file:///home/pvasireddy/Desktop/repos/js-tictactoe-rails-api-v-000/tmpTestSupport/jasmine.js:1485:13
queueRunnerFactory@file:///home/pvasireddy/Desktop/repos/js-tictactoe-rails-api-v-000/tmpTestSupport/jasmine.js:518:42
execute@file:///home/pvasireddy/Desktop/repos/js-tictactoe-rails-api-v-000/tmpTestSupport/jasmine.js:306:28
file:///home/pvasireddy/Desktop/repos/js-tictactoe-rails-api-v-000/tmpTestSupport/jasmine.js:1708:44
attemptAsync@file:///home/pvasireddy/Desktop/repos/js-tictactoe-rails-api-v-000/tmpTestSupport/jasmine.js:1520:16
run@file:///home/pvasireddy/Desktop/repos/js-tictactoe-rails-api-v-000/tmpTestSupport/jasmine.js:1496:28
next@file:///home/pvasireddy/Desktop/repos/js-tictactoe-rails-api-v-000/tmpTestSupport/jasmine.js:1517:40
complete@file:///home/pvasireddy/Desktop/repos/js-tictactoe-rails-api-v-000/tmpTestSupport/jasmine.js:333:19			</failure>
			<failure type="toEqual" message="Expected &amp;apos; &amp;apos; to equal &amp;apos;&amp;apos;.">
stack@file:///home/pvasireddy/Desktop/repos/js-tictactoe-rails-api-v-000/tmpTestSupport/jasmine.js:1293:37
buildExpectationResult@file:///home/pvasireddy/Desktop/repos/js-tictactoe-rails-api-v-000/tmpTestSupport/jasmine.js:1270:19
expectationResultFactory@file:///home/pvasireddy/Desktop/repos/js-tictactoe-rails-api-v-000/tmpTestSupport/jasmine.js:484:40
addExpectationResult@file:///home/pvasireddy/Desktop/repos/js-tictactoe-rails-api-v-000/tmpTestSupport/jasmine.js:260:70
addExpectationResult@file:///home/pvasireddy/Desktop/repos/js-tictactoe-rails-api-v-000/tmpTestSupport/jasmine.js:442:41
file:///home/pvasireddy/Desktop/repos/js-tictactoe-rails-api-v-000/tmpTestSupport/jasmine.js:1209:32
file:///home/pvasireddy/Desktop/repos/js-tictactoe-rails-api-v-000/spec/tictactoe.spec.js:227:39
each@file:///home/pvasireddy/Desktop/repos/js-tictactoe-rails-api-v-000/spec/lib/jquery.min.js:2:3150
each@file:///home/pvasireddy/Desktop/repos/js-tictactoe-rails-api-v-000/spec/lib/jquery.min.js:2:1115
file:///home/pvasireddy/Desktop/repos/js-tictactoe-rails-api-v-000/spec/tictactoe.spec.js:226:19
attemptSync@file:///home/pvasireddy/Desktop/repos/js-tictactoe-rails-api-v-000/tmpTestSupport/jasmine.js:1510:16
run@file:///home/pvasireddy/Desktop/repos/js-tictactoe-rails-api-v-000/tmpTestSupport/jasmine.js:1498:20
execute@file:///home/pvasireddy/Desktop/repos/js-tictactoe-rails-api-v-000/tmpTestSupport/jasmine.js:1485:13
queueRunnerFactory@file:///home/pvasireddy/Desktop/repos/js-tictactoe-rails-api-v-000/tmpTestSupport/jasmine.js:518:42
execute@file:///home/pvasireddy/Desktop/repos/js-tictactoe-rails-api-v-000/tmpTestSupport/jasmine.js:306:28
file:///home/pvasireddy/Desktop/repos/js-tictactoe-rails-api-v-000/tmpTestSupport/jasmine.js:1708:44
attemptAsync@file:///home/pvasireddy/Desktop/repos/js-tictactoe-rails-api-v-000/tmpTestSupport/jasmine.js:1520:16
run@file:///home/pvasireddy/Desktop/repos/js-tictactoe-rails-api-v-000/tmpTestSupport/jasmine.js:1496:28
next@file:///home/pvasireddy/Desktop/repos/js-tictactoe-rails-api-v-000/tmpTestSupport/jasmine.js:1517:40
complete@file:///home/pvasireddy/Desktop/repos/js-tictactoe-rails-api-v-000/tmpTestSupport/jasmine.js:333:19			</failure>
			<failure type="toEqual" message="Expected &amp;apos; &amp;apos; to equal &amp;apos;&amp;apos;.">
stack@file:///home/pvasireddy/Desktop/repos/js-tictactoe-rails-api-v-000/tmpTestSupport/jasmine.js:1293:37
buildExpectationResult@file:///home/pvasireddy/Desktop/repos/js-tictactoe-rails-api-v-000/tmpTestSupport/jasmine.js:1270:19
expectationResultFactory@file:///home/pvasireddy/Desktop/repos/js-tictactoe-rails-api-v-000/tmpTestSupport/jasmine.js:484:40
addExpectationResult@file:///home/pvasireddy/Desktop/repos/js-tictactoe-rails-api-v-000/tmpTestSupport/jasmine.js:260:70
addExpectationResult@file:///home/pvasireddy/Desktop/repos/js-tictactoe-rails-api-v-000/tmpTestSupport/jasmine.js:442:41
file:///home/pvasireddy/Desktop/repos/js-tictactoe-rails-api-v-000/tmpTestSupport/jasmine.js:1209:32
file:///home/pvasireddy/Desktop/repos/js-tictactoe-rails-api-v-000/spec/tictactoe.spec.js:227:39
each@file:///home/pvasireddy/Desktop/repos/js-tictactoe-rails-api-v-000/spec/lib/jquery.min.js:2:3150
each@file:///home/pvasireddy/Desktop/repos/js-tictactoe-rails-api-v-000/spec/lib/jquery.min.js:2:1115
file:///home/pvasireddy/Desktop/repos/js-tictactoe-rails-api-v-000/spec/tictactoe.spec.js:226:19
attemptSync@file:///home/pvasireddy/Desktop/repos/js-tictactoe-rails-api-v-000/tmpTestSupport/jasmine.js:1510:16
run@file:///home/pvasireddy/Desktop/repos/js-tictactoe-rails-api-v-000/tmpTestSupport/jasmine.js:1498:20
execute@file:///home/pvasireddy/Desktop/repos/js-tictactoe-rails-api-v-000/tmpTestSupport/jasmine.js:1485:13
queueRunnerFactory@file:///home/pvasireddy/Desktop/repos/js-tictactoe-rails-api-v-000/tmpTestSupport/jasmine.js:518:42
execute@file:///home/pvasireddy/Desktop/repos/js-tictactoe-rails-api-v-000/tmpTestSupport/jasmine.js:306:28
file:///home/pvasireddy/Desktop/repos/js-tictactoe-rails-api-v-000/tmpTestSupport/jasmine.js:1708:44
attemptAsync@file:///home/pvasireddy/Desktop/repos/js-tictactoe-rails-api-v-000/tmpTestSupport/jasmine.js:1520:16
run@file:///home/pvasireddy/Desktop/repos/js-tictactoe-rails-api-v-000/tmpTestSupport/jasmine.js:1496:28
next@file:///home/pvasireddy/Desktop/repos/js-tictactoe-rails-api-v-000/tmpTestSupport/jasmine.js:1517:40
complete@file:///home/pvasireddy/Desktop/repos/js-tictactoe-rails-api-v-000/tmpTestSupport/jasmine.js:333:19			</failure>
			<failure type="toEqual" message="Expected &amp;apos; &amp;apos; to equal &amp;apos;&amp;apos;.">
stack@file:///home/pvasireddy/Desktop/repos/js-tictactoe-rails-api-v-000/tmpTestSupport/jasmine.js:1293:37
buildExpectationResult@file:///home/pvasireddy/Desktop/repos/js-tictactoe-rails-api-v-000/tmpTestSupport/jasmine.js:1270:19
expectationResultFactory@file:///home/pvasireddy/Desktop/repos/js-tictactoe-rails-api-v-000/tmpTestSupport/jasmine.js:484:40
addExpectationResult@file:///home/pvasireddy/Desktop/repos/js-tictactoe-rails-api-v-000/tmpTestSupport/jasmine.js:260:70
addExpectationResult@file:///home/pvasireddy/Desktop/repos/js-tictactoe-rails-api-v-000/tmpTestSupport/jasmine.js:442:41
file:///home/pvasireddy/Desktop/repos/js-tictactoe-rails-api-v-000/tmpTestSupport/jasmine.js:1209:32
file:///home/pvasireddy/Desktop/repos/js-tictactoe-rails-api-v-000/spec/tictactoe.spec.js:227:39
each@file:///home/pvasireddy/Desktop/repos/js-tictactoe-rails-api-v-000/spec/lib/jquery.min.js:2:3150
each@file:///home/pvasireddy/Desktop/repos/js-tictactoe-rails-api-v-000/spec/lib/jquery.min.js:2:1115
file:///home/pvasireddy/Desktop/repos/js-tictactoe-rails-api-v-000/spec/tictactoe.spec.js:226:19
attemptSync@file:///home/pvasireddy/Desktop/repos/js-tictactoe-rails-api-v-000/tmpTestSupport/jasmine.js:1510:16
run@file:///home/pvasireddy/Desktop/repos/js-tictactoe-rails-api-v-000/tmpTestSupport/jasmine.js:1498:20
execute@file:///home/pvasireddy/Desktop/repos/js-tictactoe-rails-api-v-000/tmpTestSupport/jasmine.js:1485:13
queueRunnerFactory@file:///home/pvasireddy/Desktop/repos/js-tictactoe-rails-api-v-000/tmpTestSupport/jasmine.js:518:42
execute@file:///home/pvasireddy/Desktop/repos/js-tictactoe-rails-api-v-000/tmpTestSupport/jasmine.js:306:28
file:///home/pvasireddy/Desktop/repos/js-tictactoe-rails-api-v-000/tmpTestSupport/jasmine.js:1708:44
attemptAsync@file:///home/pvasireddy/Desktop/repos/js-tictactoe-rails-api-v-000/tmpTestSupport/jasmine.js:1520:16
run@file:///home/pvasireddy/Desktop/repos/js-tictactoe-rails-api-v-000/tmpTestSupport/jasmine.js:1496:28
next@file:///home/pvasireddy/Desktop/repos/js-tictactoe-rails-api-v-000/tmpTestSupport/jasmine.js:1517:40
complete@file:///home/pvasireddy/Desktop/repos/js-tictactoe-rails-api-v-000/tmpTestSupport/jasmine.js:333:19			</failure>
			<failure type="toEqual" message="Expected &amp;apos; &amp;apos; to equal &amp;apos;&amp;apos;.">
stack@file:///home/pvasireddy/Desktop/repos/js-tictactoe-rails-api-v-000/tmpTestSupport/jasmine.js:1293:37
buildExpectationResult@file:///home/pvasireddy/Desktop/repos/js-tictactoe-rails-api-v-000/tmpTestSupport/jasmine.js:1270:19
expectationResultFactory@file:///home/pvasireddy/Desktop/repos/js-tictactoe-rails-api-v-000/tmpTestSupport/jasmine.js:484:40
addExpectationResult@file:///home/pvasireddy/Desktop/repos/js-tictactoe-rails-api-v-000/tmpTestSupport/jasmine.js:260:70
addExpectationResult@file:///home/pvasireddy/Desktop/repos/js-tictactoe-rails-api-v-000/tmpTestSupport/jasmine.js:442:41
file:///home/pvasireddy/Desktop/repos/js-tictactoe-rails-api-v-000/tmpTestSupport/jasmine.js:1209:32
file:///home/pvasireddy/Desktop/repos/js-tictactoe-rails-api-v-000/spec/tictactoe.spec.js:227:39
each@file:///home/pvasireddy/Desktop/repos/js-tictactoe-rails-api-v-000/spec/lib/jquery.min.js:2:3150
each@file:///home/pvasireddy/Desktop/repos/js-tictactoe-rails-api-v-000/spec/lib/jquery.min.js:2:1115
file:///home/pvasireddy/Desktop/repos/js-tictactoe-rails-api-v-000/spec/tictactoe.spec.js:226:19
attemptSync@file:///home/pvasireddy/Desktop/repos/js-tictactoe-rails-api-v-000/tmpTestSupport/jasmine.js:1510:16
run@file:///home/pvasireddy/Desktop/repos/js-tictactoe-rails-api-v-000/tmpTestSupport/jasmine.js:1498:20
execute@file:///home/pvasireddy/Desktop/repos/js-tictactoe-rails-api-v-000/tmpTestSupport/jasmine.js:1485:13
queueRunnerFactory@file:///home/pvasireddy/Desktop/repos/js-tictactoe-rails-api-v-000/tmpTestSupport/jasmine.js:518:42
execute@file:///home/pvasireddy/Desktop/repos/js-tictactoe-rails-api-v-000/tmpTestSupport/jasmine.js:306:28
file:///home/pvasireddy/Desktop/repos/js-tictactoe-rails-api-v-000/tmpTestSupport/jasmine.js:1708:44
attemptAsync@file:///home/pvasireddy/Desktop/repos/js-tictactoe-rails-api-v-000/tmpTestSupport/jasmine.js:1520:16
run@file:///home/pvasireddy/Desktop/repos/js-tictactoe-rails-api-v-000/tmpTestSupport/jasmine.js:1496:28
next@file:///home/pvasireddy/Desktop/repos/js-tictactoe-rails-api-v-000/tmpTestSupport/jasmine.js:1517:40
complete@file:///home/pvasireddy/Desktop/repos/js-tictactoe-rails-api-v-000/tmpTestSupport/jasmine.js:333:19			</failure>
		</testcase>
	</testsuite>
</testsuites>

